{"C:\\Users\\luca_\\Desktop\\polito\\softeng2\\SolidarityPurchasingGroup\\server\\credentials.js": {"path":"C:\\Users\\luca_\\Desktop\\polito\\softeng2\\SolidarityPurchasingGroup\\server\\credentials.js","statementMap":{"0":{"start":{"line":1,"column":0},"end":{"line":4,"column":2}}},"fnMap":{},"branchMap":{},"s":{"0":1},"f":{},"b":{},"_coverageSchema":"1a1c01bbd47fc00a2c39e90264f33305004495a9","hash":"df136782f55a273ae5a424d798ed70514cf15993"}
,"C:\\Users\\luca_\\Desktop\\polito\\softeng2\\SolidarityPurchasingGroup\\server\\dao.js": {"path":"C:\\Users\\luca_\\Desktop\\polito\\softeng2\\SolidarityPurchasingGroup\\server\\dao.js","statementMap":{"0":{"start":{"line":3,"column":11},"end":{"line":3,"column":26}},"1":{"start":{"line":4,"column":15},"end":{"line":4,"column":32}},"2":{"start":{"line":9,"column":0},"end":{"line":35,"column":4}},"3":{"start":{"line":10,"column":4},"end":{"line":34,"column":7}},"4":{"start":{"line":11,"column":15},"end":{"line":11,"column":17}},"5":{"start":{"line":12,"column":21},"end":{"line":12,"column":57}},"6":{"start":{"line":13,"column":6},"end":{"line":33,"column":9}},"7":{"start":{"line":14,"column":8},"end":{"line":17,"column":9}},"8":{"start":{"line":15,"column":10},"end":{"line":15,"column":22}},"9":{"start":{"line":16,"column":10},"end":{"line":16,"column":17}},"10":{"start":{"line":18,"column":8},"end":{"line":22,"column":9}},"11":{"start":{"line":19,"column":10},"end":{"line":19,"column":17}},"12":{"start":{"line":21,"column":10},"end":{"line":21,"column":27}},"13":{"start":{"line":23,"column":18},"end":{"line":23,"column":53}},"14":{"start":{"line":24,"column":20},"end":{"line":24,"column":152}},"15":{"start":{"line":25,"column":8},"end":{"line":31,"column":11}},"16":{"start":{"line":26,"column":10},"end":{"line":29,"column":11}},"17":{"start":{"line":27,"column":12},"end":{"line":27,"column":25}},"18":{"start":{"line":28,"column":12},"end":{"line":28,"column":19}},"19":{"start":{"line":30,"column":10},"end":{"line":30,"column":22}},"20":{"start":{"line":38,"column":0},"end":{"line":49,"column":2}},"21":{"start":{"line":39,"column":2},"end":{"line":48,"column":5}},"22":{"start":{"line":40,"column":18},"end":{"line":40,"column":82}},"23":{"start":{"line":41,"column":6},"end":{"line":47,"column":9}},"24":{"start":{"line":42,"column":10},"end":{"line":45,"column":11}},"25":{"start":{"line":43,"column":14},"end":{"line":43,"column":26}},"26":{"start":{"line":44,"column":14},"end":{"line":44,"column":21}},"27":{"start":{"line":46,"column":10},"end":{"line":46,"column":20}}},"fnMap":{"0":{"name":"(anonymous_0)","decl":{"start":{"line":9,"column":23},"end":{"line":9,"column":24}},"loc":{"start":{"line":9,"column":35},"end":{"line":35,"column":3}},"line":9},"1":{"name":"(anonymous_1)","decl":{"start":{"line":10,"column":23},"end":{"line":10,"column":24}},"loc":{"start":{"line":10,"column":44},"end":{"line":34,"column":5}},"line":10},"2":{"name":"(anonymous_2)","decl":{"start":{"line":13,"column":21},"end":{"line":13,"column":22}},"loc":{"start":{"line":13,"column":35},"end":{"line":33,"column":7}},"line":13},"3":{"name":"(anonymous_3)","decl":{"start":{"line":25,"column":135},"end":{"line":25,"column":136}},"loc":{"start":{"line":25,"column":151},"end":{"line":31,"column":9}},"line":25},"4":{"name":"(anonymous_4)","decl":{"start":{"line":38,"column":39},"end":{"line":38,"column":40}},"loc":{"start":{"line":38,"column":59},"end":{"line":49,"column":1}},"line":38},"5":{"name":"(anonymous_5)","decl":{"start":{"line":39,"column":21},"end":{"line":39,"column":22}},"loc":{"start":{"line":39,"column":42},"end":{"line":48,"column":3}},"line":39},"6":{"name":"(anonymous_6)","decl":{"start":{"line":41,"column":36},"end":{"line":41,"column":37}},"loc":{"start":{"line":41,"column":51},"end":{"line":47,"column":7}},"line":41}},"branchMap":{"0":{"loc":{"start":{"line":14,"column":8},"end":{"line":17,"column":9}},"type":"if","locations":[{"start":{"line":14,"column":8},"end":{"line":17,"column":9}},{"start":{},"end":{}}],"line":14},"1":{"loc":{"start":{"line":18,"column":8},"end":{"line":22,"column":9}},"type":"if","locations":[{"start":{"line":18,"column":8},"end":{"line":22,"column":9}},{"start":{"line":20,"column":15},"end":{"line":22,"column":9}}],"line":18},"2":{"loc":{"start":{"line":26,"column":10},"end":{"line":29,"column":11}},"type":"if","locations":[{"start":{"line":26,"column":10},"end":{"line":29,"column":11}},{"start":{},"end":{}}],"line":26},"3":{"loc":{"start":{"line":42,"column":10},"end":{"line":45,"column":11}},"type":"if","locations":[{"start":{"line":42,"column":10},"end":{"line":45,"column":11}},{"start":{},"end":{}}],"line":42}},"s":{"0":1,"1":1,"2":1,"3":1,"4":1,"5":1,"6":1,"7":1,"8":0,"9":0,"10":1,"11":0,"12":1,"13":1,"14":1,"15":1,"16":1,"17":0,"18":0,"19":1,"20":1,"21":2,"22":2,"23":2,"24":2,"25":0,"26":0,"27":2},"f":{"0":1,"1":1,"2":1,"3":1,"4":2,"5":2,"6":2},"b":{"0":[0,1],"1":[0,1],"2":[0,1],"3":[0,2]},"_coverageSchema":"1a1c01bbd47fc00a2c39e90264f33305004495a9","hash":"5a41c8de240d31048b4fa9b1a8c4236927b272a7"}
,"C:\\Users\\luca_\\Desktop\\polito\\softeng2\\SolidarityPurchasingGroup\\server\\db.js": {"path":"C:\\Users\\luca_\\Desktop\\polito\\softeng2\\SolidarityPurchasingGroup\\server\\db.js","statementMap":{"0":{"start":{"line":3,"column":15},"end":{"line":3,"column":33}},"1":{"start":{"line":6,"column":11},"end":{"line":8,"column":2}},"2":{"start":{"line":7,"column":4},"end":{"line":7,"column":23}},"3":{"start":{"line":7,"column":13},"end":{"line":7,"column":23}},"4":{"start":{"line":10,"column":0},"end":{"line":10,"column":20}}},"fnMap":{"0":{"name":"(anonymous_0)","decl":{"start":{"line":6,"column":49},"end":{"line":6,"column":50}},"loc":{"start":{"line":6,"column":58},"end":{"line":8,"column":1}},"line":6}},"branchMap":{"0":{"loc":{"start":{"line":7,"column":4},"end":{"line":7,"column":23}},"type":"if","locations":[{"start":{"line":7,"column":4},"end":{"line":7,"column":23}},{"start":{},"end":{}}],"line":7}},"s":{"0":1,"1":1,"2":1,"3":0,"4":1},"f":{"0":1},"b":{"0":[0,1]},"_coverageSchema":"1a1c01bbd47fc00a2c39e90264f33305004495a9","hash":"3e1f5e10477a349c65a9be638b98314e6420ca83"}
,"C:\\Users\\luca_\\Desktop\\polito\\softeng2\\SolidarityPurchasingGroup\\server\\notification-dao.js": {"path":"C:\\Users\\luca_\\Desktop\\polito\\softeng2\\SolidarityPurchasingGroup\\server\\notification-dao.js","statementMap":{"0":{"start":{"line":2,"column":10},"end":{"line":2,"column":28}},"1":{"start":{"line":3,"column":11},"end":{"line":3,"column":26}},"2":{"start":{"line":5,"column":0},"end":{"line":22,"column":1}},"3":{"start":{"line":6,"column":2},"end":{"line":21,"column":5}},"4":{"start":{"line":7,"column":17},"end":{"line":7,"column":149}},"5":{"start":{"line":8,"column":4},"end":{"line":19,"column":9}},"6":{"start":{"line":15,"column":8},"end":{"line":18,"column":9}},"7":{"start":{"line":16,"column":10},"end":{"line":16,"column":27}},"8":{"start":{"line":17,"column":10},"end":{"line":17,"column":22}},"9":{"start":{"line":20,"column":4},"end":{"line":20,"column":25}},"10":{"start":{"line":25,"column":0},"end":{"line":48,"column":1}},"11":{"start":{"line":26,"column":2},"end":{"line":47,"column":5}},"12":{"start":{"line":27,"column":29},"end":{"line":27,"column":169}},"13":{"start":{"line":28,"column":4},"end":{"line":46,"column":7}},"14":{"start":{"line":29,"column":6},"end":{"line":32,"column":7}},"15":{"start":{"line":30,"column":8},"end":{"line":30,"column":20}},"16":{"start":{"line":31,"column":8},"end":{"line":31,"column":15}},"17":{"start":{"line":33,"column":28},"end":{"line":43,"column":9}},"18":{"start":{"line":33,"column":45},"end":{"line":43,"column":7}},"19":{"start":{"line":45,"column":6},"end":{"line":45,"column":29}},"20":{"start":{"line":50,"column":0},"end":{"line":62,"column":1}},"21":{"start":{"line":51,"column":2},"end":{"line":61,"column":4}},"22":{"start":{"line":52,"column":36},"end":{"line":52,"column":98}},"23":{"start":{"line":53,"column":4},"end":{"line":60,"column":7}},"24":{"start":{"line":54,"column":6},"end":{"line":58,"column":7}},"25":{"start":{"line":55,"column":8},"end":{"line":55,"column":24}},"26":{"start":{"line":56,"column":8},"end":{"line":56,"column":20}},"27":{"start":{"line":57,"column":8},"end":{"line":57,"column":15}},"28":{"start":{"line":59,"column":6},"end":{"line":59,"column":27}},"29":{"start":{"line":64,"column":0},"end":{"line":83,"column":1}},"30":{"start":{"line":65,"column":2},"end":{"line":82,"column":4}},"31":{"start":{"line":66,"column":16},"end":{"line":69,"column":45}},"32":{"start":{"line":70,"column":4},"end":{"line":81,"column":6}},"33":{"start":{"line":71,"column":6},"end":{"line":73,"column":7}},"34":{"start":{"line":72,"column":8},"end":{"line":72,"column":20}},"35":{"start":{"line":74,"column":28},"end":{"line":79,"column":11}},"36":{"start":{"line":75,"column":8},"end":{"line":79,"column":9}},"37":{"start":{"line":80,"column":6},"end":{"line":80,"column":29}}},"fnMap":{"0":{"name":"(anonymous_0)","decl":{"start":{"line":5,"column":29},"end":{"line":5,"column":30}},"loc":{"start":{"line":5,"column":73},"end":{"line":22,"column":1}},"line":5},"1":{"name":"(anonymous_1)","decl":{"start":{"line":6,"column":21},"end":{"line":6,"column":22}},"loc":{"start":{"line":6,"column":42},"end":{"line":21,"column":3}},"line":6},"2":{"name":"(anonymous_2)","decl":{"start":{"line":14,"column":25},"end":{"line":14,"column":26}},"loc":{"start":{"line":14,"column":40},"end":{"line":19,"column":7}},"line":14},"3":{"name":"(anonymous_3)","decl":{"start":{"line":25,"column":43},"end":{"line":25,"column":44}},"loc":{"start":{"line":25,"column":49},"end":{"line":48,"column":1}},"line":25},"4":{"name":"(anonymous_4)","decl":{"start":{"line":26,"column":21},"end":{"line":26,"column":22}},"loc":{"start":{"line":26,"column":42},"end":{"line":47,"column":3}},"line":26},"5":{"name":"(anonymous_5)","decl":{"start":{"line":28,"column":29},"end":{"line":28,"column":30}},"loc":{"start":{"line":28,"column":50},"end":{"line":46,"column":5}},"line":28},"6":{"name":"(anonymous_6)","decl":{"start":{"line":33,"column":37},"end":{"line":33,"column":38}},"loc":{"start":{"line":33,"column":45},"end":{"line":43,"column":7}},"line":33},"7":{"name":"(anonymous_7)","decl":{"start":{"line":50,"column":28},"end":{"line":50,"column":29}},"loc":{"start":{"line":50,"column":48},"end":{"line":62,"column":1}},"line":50},"8":{"name":"(anonymous_8)","decl":{"start":{"line":51,"column":21},"end":{"line":51,"column":22}},"loc":{"start":{"line":51,"column":42},"end":{"line":61,"column":3}},"line":51},"9":{"name":"(anonymous_9)","decl":{"start":{"line":53,"column":54},"end":{"line":53,"column":55}},"loc":{"start":{"line":53,"column":69},"end":{"line":60,"column":5}},"line":53},"10":{"name":"(anonymous_10)","decl":{"start":{"line":64,"column":33},"end":{"line":64,"column":34}},"loc":{"start":{"line":64,"column":45},"end":{"line":83,"column":1}},"line":64},"11":{"name":"(anonymous_11)","decl":{"start":{"line":65,"column":21},"end":{"line":65,"column":22}},"loc":{"start":{"line":65,"column":42},"end":{"line":82,"column":3}},"line":65},"12":{"name":"(anonymous_12)","decl":{"start":{"line":70,"column":26},"end":{"line":70,"column":27}},"loc":{"start":{"line":70,"column":41},"end":{"line":81,"column":5}},"line":70},"13":{"name":"(anonymous_13)","decl":{"start":{"line":74,"column":37},"end":{"line":74,"column":38}},"loc":{"start":{"line":75,"column":8},"end":{"line":79,"column":9}},"line":75}},"branchMap":{"0":{"loc":{"start":{"line":15,"column":8},"end":{"line":18,"column":9}},"type":"if","locations":[{"start":{"line":15,"column":8},"end":{"line":18,"column":9}},{"start":{},"end":{}}],"line":15},"1":{"loc":{"start":{"line":29,"column":6},"end":{"line":32,"column":7}},"type":"if","locations":[{"start":{"line":29,"column":6},"end":{"line":32,"column":7}},{"start":{},"end":{}}],"line":29},"2":{"loc":{"start":{"line":54,"column":6},"end":{"line":58,"column":7}},"type":"if","locations":[{"start":{"line":54,"column":6},"end":{"line":58,"column":7}},{"start":{},"end":{}}],"line":54},"3":{"loc":{"start":{"line":71,"column":6},"end":{"line":73,"column":7}},"type":"if","locations":[{"start":{"line":71,"column":6},"end":{"line":73,"column":7}},{"start":{},"end":{}}],"line":71}},"s":{"0":1,"1":1,"2":1,"3":40,"4":40,"5":40,"6":40,"7":0,"8":0,"9":40,"10":1,"11":1,"12":1,"13":1,"14":1,"15":0,"16":0,"17":1,"18":40,"19":1,"20":1,"21":40,"22":40,"23":40,"24":40,"25":0,"26":0,"27":0,"28":40,"29":1,"30":0,"31":0,"32":0,"33":0,"34":0,"35":0,"36":0,"37":0},"f":{"0":40,"1":40,"2":40,"3":1,"4":1,"5":1,"6":40,"7":40,"8":40,"9":40,"10":0,"11":0,"12":0,"13":0},"b":{"0":[0,40],"1":[0,1],"2":[0,40],"3":[0,0]},"_coverageSchema":"1a1c01bbd47fc00a2c39e90264f33305004495a9","hash":"9b69a8d4050d30765453a463f4acf0c5f7a54321"}
,"C:\\Users\\luca_\\Desktop\\polito\\softeng2\\SolidarityPurchasingGroup\\server\\order-dao.js": {"path":"C:\\Users\\luca_\\Desktop\\polito\\softeng2\\SolidarityPurchasingGroup\\server\\order-dao.js","statementMap":{"0":{"start":{"line":2,"column":10},"end":{"line":2,"column":28}},"1":{"start":{"line":3,"column":11},"end":{"line":3,"column":26}},"2":{"start":{"line":5,"column":0},"end":{"line":22,"column":2}},"3":{"start":{"line":6,"column":2},"end":{"line":21,"column":5}},"4":{"start":{"line":7,"column":16},"end":{"line":7,"column":130}},"5":{"start":{"line":8,"column":4},"end":{"line":20,"column":9}},"6":{"start":{"line":15,"column":8},"end":{"line":18,"column":9}},"7":{"start":{"line":16,"column":10},"end":{"line":16,"column":22}},"8":{"start":{"line":19,"column":8},"end":{"line":19,"column":29}},"9":{"start":{"line":24,"column":0},"end":{"line":39,"column":2}},"10":{"start":{"line":25,"column":2},"end":{"line":38,"column":5}},"11":{"start":{"line":26,"column":16},"end":{"line":26,"column":104}},"12":{"start":{"line":27,"column":4},"end":{"line":37,"column":9}},"13":{"start":{"line":32,"column":8},"end":{"line":35,"column":9}},"14":{"start":{"line":33,"column":10},"end":{"line":33,"column":22}},"15":{"start":{"line":36,"column":8},"end":{"line":36,"column":29}},"16":{"start":{"line":41,"column":0},"end":{"line":52,"column":2}},"17":{"start":{"line":42,"column":2},"end":{"line":51,"column":5}},"18":{"start":{"line":43,"column":16},"end":{"line":43,"column":73}},"19":{"start":{"line":44,"column":4},"end":{"line":50,"column":7}},"20":{"start":{"line":45,"column":6},"end":{"line":48,"column":7}},"21":{"start":{"line":46,"column":8},"end":{"line":46,"column":20}},"22":{"start":{"line":49,"column":6},"end":{"line":49,"column":27}},"23":{"start":{"line":54,"column":0},"end":{"line":64,"column":2}},"24":{"start":{"line":55,"column":2},"end":{"line":63,"column":5}},"25":{"start":{"line":56,"column":16},"end":{"line":56,"column":59}},"26":{"start":{"line":57,"column":4},"end":{"line":62,"column":7}},"27":{"start":{"line":58,"column":6},"end":{"line":60,"column":7}},"28":{"start":{"line":59,"column":8},"end":{"line":59,"column":20}},"29":{"start":{"line":61,"column":6},"end":{"line":61,"column":27}},"30":{"start":{"line":67,"column":0},"end":{"line":79,"column":1}},"31":{"start":{"line":68,"column":2},"end":{"line":78,"column":5}},"32":{"start":{"line":69,"column":16},"end":{"line":69,"column":122}},"33":{"start":{"line":70,"column":4},"end":{"line":77,"column":7}},"34":{"start":{"line":71,"column":6},"end":{"line":74,"column":7}},"35":{"start":{"line":72,"column":8},"end":{"line":72,"column":20}},"36":{"start":{"line":75,"column":21},"end":{"line":75,"column":324}},"37":{"start":{"line":75,"column":38},"end":{"line":75,"column":322}},"38":{"start":{"line":76,"column":6},"end":{"line":76,"column":22}},"39":{"start":{"line":81,"column":0},"end":{"line":93,"column":1}},"40":{"start":{"line":82,"column":2},"end":{"line":92,"column":5}},"41":{"start":{"line":83,"column":16},"end":{"line":83,"column":142}},"42":{"start":{"line":84,"column":4},"end":{"line":91,"column":7}},"43":{"start":{"line":85,"column":6},"end":{"line":88,"column":7}},"44":{"start":{"line":86,"column":8},"end":{"line":86,"column":20}},"45":{"start":{"line":89,"column":21},"end":{"line":89,"column":324}},"46":{"start":{"line":89,"column":38},"end":{"line":89,"column":322}},"47":{"start":{"line":90,"column":6},"end":{"line":90,"column":22}},"48":{"start":{"line":95,"column":0},"end":{"line":107,"column":1}},"49":{"start":{"line":96,"column":2},"end":{"line":106,"column":5}},"50":{"start":{"line":97,"column":16},"end":{"line":97,"column":142}},"51":{"start":{"line":98,"column":4},"end":{"line":105,"column":7}},"52":{"start":{"line":99,"column":6},"end":{"line":102,"column":7}},"53":{"start":{"line":100,"column":8},"end":{"line":100,"column":20}},"54":{"start":{"line":103,"column":21},"end":{"line":103,"column":324}},"55":{"start":{"line":103,"column":38},"end":{"line":103,"column":322}},"56":{"start":{"line":104,"column":6},"end":{"line":104,"column":22}},"57":{"start":{"line":109,"column":0},"end":{"line":121,"column":1}},"58":{"start":{"line":110,"column":2},"end":{"line":120,"column":5}},"59":{"start":{"line":111,"column":16},"end":{"line":111,"column":126}},"60":{"start":{"line":112,"column":4},"end":{"line":119,"column":7}},"61":{"start":{"line":113,"column":6},"end":{"line":116,"column":7}},"62":{"start":{"line":114,"column":8},"end":{"line":114,"column":20}},"63":{"start":{"line":117,"column":21},"end":{"line":117,"column":255}},"64":{"start":{"line":117,"column":38},"end":{"line":117,"column":253}},"65":{"start":{"line":118,"column":6},"end":{"line":118,"column":22}},"66":{"start":{"line":123,"column":0},"end":{"line":164,"column":1}},"67":{"start":{"line":124,"column":2},"end":{"line":163,"column":5}},"68":{"start":{"line":126,"column":16},"end":{"line":126,"column":88}},"69":{"start":{"line":127,"column":4},"end":{"line":162,"column":7}},"70":{"start":{"line":128,"column":6},"end":{"line":131,"column":7}},"71":{"start":{"line":129,"column":8},"end":{"line":129,"column":20}},"72":{"start":{"line":132,"column":33},"end":{"line":134,"column":8}},"73":{"start":{"line":133,"column":8},"end":{"line":133,"column":63}},"74":{"start":{"line":135,"column":6},"end":{"line":144,"column":9}},"75":{"start":{"line":136,"column":23},"end":{"line":136,"column":80}},"76":{"start":{"line":137,"column":8},"end":{"line":143,"column":10}},"77":{"start":{"line":138,"column":10},"end":{"line":142,"column":26}},"78":{"start":{"line":139,"column":12},"end":{"line":139,"column":24}},"79":{"start":{"line":142,"column":12},"end":{"line":142,"column":26}},"80":{"start":{"line":146,"column":24},"end":{"line":146,"column":59}},"81":{"start":{"line":147,"column":6},"end":{"line":153,"column":9}},"82":{"start":{"line":148,"column":8},"end":{"line":152,"column":24}},"83":{"start":{"line":149,"column":10},"end":{"line":149,"column":22}},"84":{"start":{"line":152,"column":10},"end":{"line":152,"column":24}},"85":{"start":{"line":154,"column":25},"end":{"line":154,"column":77}},"86":{"start":{"line":155,"column":6},"end":{"line":161,"column":9}},"87":{"start":{"line":156,"column":8},"end":{"line":160,"column":24}},"88":{"start":{"line":157,"column":10},"end":{"line":157,"column":22}},"89":{"start":{"line":160,"column":10},"end":{"line":160,"column":24}},"90":{"start":{"line":169,"column":0},"end":{"line":181,"column":1}},"91":{"start":{"line":170,"column":2},"end":{"line":180,"column":5}},"92":{"start":{"line":171,"column":23},"end":{"line":171,"column":95}},"93":{"start":{"line":172,"column":4},"end":{"line":179,"column":7}},"94":{"start":{"line":173,"column":6},"end":{"line":176,"column":7}},"95":{"start":{"line":174,"column":8},"end":{"line":174,"column":20}},"96":{"start":{"line":177,"column":21},"end":{"line":177,"column":142}},"97":{"start":{"line":178,"column":6},"end":{"line":178,"column":23}},"98":{"start":{"line":183,"column":0},"end":{"line":196,"column":1}},"99":{"start":{"line":184,"column":2},"end":{"line":195,"column":5}},"100":{"start":{"line":185,"column":33},"end":{"line":185,"column":258}},"101":{"start":{"line":186,"column":4},"end":{"line":194,"column":7}},"102":{"start":{"line":187,"column":6},"end":{"line":190,"column":7}},"103":{"start":{"line":188,"column":8},"end":{"line":188,"column":20}},"104":{"start":{"line":191,"column":6},"end":{"line":191,"column":34}},"105":{"start":{"line":192,"column":23},"end":{"line":192,"column":175}},"106":{"start":{"line":192,"column":51},"end":{"line":192,"column":173}},"107":{"start":{"line":193,"column":6},"end":{"line":193,"column":24}},"108":{"start":{"line":198,"column":0},"end":{"line":211,"column":1}},"109":{"start":{"line":199,"column":2},"end":{"line":210,"column":5}},"110":{"start":{"line":200,"column":35},"end":{"line":200,"column":266}},"111":{"start":{"line":201,"column":4},"end":{"line":209,"column":7}},"112":{"start":{"line":202,"column":6},"end":{"line":205,"column":7}},"113":{"start":{"line":203,"column":8},"end":{"line":203,"column":20}},"114":{"start":{"line":207,"column":23},"end":{"line":207,"column":238}},"115":{"start":{"line":207,"column":55},"end":{"line":207,"column":236}},"116":{"start":{"line":208,"column":6},"end":{"line":208,"column":24}},"117":{"start":{"line":213,"column":0},"end":{"line":223,"column":2}},"118":{"start":{"line":214,"column":2},"end":{"line":222,"column":5}},"119":{"start":{"line":215,"column":16},"end":{"line":215,"column":51}},"120":{"start":{"line":216,"column":4},"end":{"line":221,"column":7}},"121":{"start":{"line":217,"column":6},"end":{"line":219,"column":7}},"122":{"start":{"line":218,"column":8},"end":{"line":218,"column":20}},"123":{"start":{"line":220,"column":6},"end":{"line":220,"column":27}},"124":{"start":{"line":225,"column":0},"end":{"line":236,"column":1}},"125":{"start":{"line":226,"column":2},"end":{"line":235,"column":4}},"126":{"start":{"line":227,"column":36},"end":{"line":227,"column":132}},"127":{"start":{"line":228,"column":4},"end":{"line":234,"column":7}},"128":{"start":{"line":229,"column":6},"end":{"line":232,"column":7}},"129":{"start":{"line":230,"column":8},"end":{"line":230,"column":24}},"130":{"start":{"line":231,"column":8},"end":{"line":231,"column":20}},"131":{"start":{"line":233,"column":6},"end":{"line":233,"column":27}},"132":{"start":{"line":238,"column":0},"end":{"line":252,"column":1}},"133":{"start":{"line":239,"column":2},"end":{"line":239,"column":28}},"134":{"start":{"line":240,"column":2},"end":{"line":240,"column":38}},"135":{"start":{"line":241,"column":2},"end":{"line":251,"column":5}},"136":{"start":{"line":242,"column":29},"end":{"line":242,"column":76}},"137":{"start":{"line":243,"column":4},"end":{"line":249,"column":7}},"138":{"start":{"line":244,"column":6},"end":{"line":247,"column":7}},"139":{"start":{"line":245,"column":8},"end":{"line":245,"column":24}},"140":{"start":{"line":246,"column":8},"end":{"line":246,"column":20}},"141":{"start":{"line":250,"column":4},"end":{"line":250,"column":25}},"142":{"start":{"line":254,"column":0},"end":{"line":268,"column":1}},"143":{"start":{"line":255,"column":2},"end":{"line":255,"column":48}},"144":{"start":{"line":256,"column":2},"end":{"line":256,"column":38}},"145":{"start":{"line":257,"column":2},"end":{"line":267,"column":5}},"146":{"start":{"line":258,"column":29},"end":{"line":258,"column":88}},"147":{"start":{"line":259,"column":4},"end":{"line":265,"column":7}},"148":{"start":{"line":260,"column":6},"end":{"line":263,"column":7}},"149":{"start":{"line":261,"column":8},"end":{"line":261,"column":24}},"150":{"start":{"line":262,"column":8},"end":{"line":262,"column":20}},"151":{"start":{"line":266,"column":4},"end":{"line":266,"column":25}},"152":{"start":{"line":270,"column":0},"end":{"line":281,"column":1}},"153":{"start":{"line":271,"column":2},"end":{"line":280,"column":4}},"154":{"start":{"line":272,"column":29},"end":{"line":272,"column":108}},"155":{"start":{"line":273,"column":4},"end":{"line":279,"column":7}},"156":{"start":{"line":274,"column":6},"end":{"line":277,"column":7}},"157":{"start":{"line":275,"column":8},"end":{"line":275,"column":24}},"158":{"start":{"line":276,"column":8},"end":{"line":276,"column":20}},"159":{"start":{"line":278,"column":6},"end":{"line":278,"column":27}},"160":{"start":{"line":283,"column":0},"end":{"line":295,"column":1}},"161":{"start":{"line":284,"column":2},"end":{"line":294,"column":5}},"162":{"start":{"line":285,"column":16},"end":{"line":285,"column":57}},"163":{"start":{"line":286,"column":4},"end":{"line":293,"column":7}},"164":{"start":{"line":287,"column":6},"end":{"line":290,"column":7}},"165":{"start":{"line":288,"column":8},"end":{"line":288,"column":20}},"166":{"start":{"line":291,"column":21},"end":{"line":291,"column":35}},"167":{"start":{"line":292,"column":6},"end":{"line":292,"column":22}},"168":{"start":{"line":297,"column":0},"end":{"line":309,"column":1}},"169":{"start":{"line":298,"column":2},"end":{"line":308,"column":5}},"170":{"start":{"line":299,"column":20},"end":{"line":299,"column":53}},"171":{"start":{"line":300,"column":4},"end":{"line":307,"column":7}},"172":{"start":{"line":301,"column":6},"end":{"line":304,"column":7}},"173":{"start":{"line":302,"column":8},"end":{"line":302,"column":20}},"174":{"start":{"line":305,"column":18},"end":{"line":305,"column":219}},"175":{"start":{"line":306,"column":6},"end":{"line":306,"column":20}},"176":{"start":{"line":311,"column":0},"end":{"line":323,"column":1}},"177":{"start":{"line":312,"column":2},"end":{"line":322,"column":5}},"178":{"start":{"line":313,"column":23},"end":{"line":313,"column":59}},"179":{"start":{"line":314,"column":4},"end":{"line":321,"column":7}},"180":{"start":{"line":315,"column":6},"end":{"line":318,"column":7}},"181":{"start":{"line":316,"column":8},"end":{"line":316,"column":20}},"182":{"start":{"line":319,"column":21},"end":{"line":319,"column":249}},"183":{"start":{"line":320,"column":6},"end":{"line":320,"column":23}}},"fnMap":{"0":{"name":"(anonymous_0)","decl":{"start":{"line":5,"column":24},"end":{"line":5,"column":25}},"loc":{"start":{"line":5,"column":45},"end":{"line":22,"column":1}},"line":5},"1":{"name":"(anonymous_1)","decl":{"start":{"line":6,"column":21},"end":{"line":6,"column":22}},"loc":{"start":{"line":6,"column":42},"end":{"line":21,"column":3}},"line":6},"2":{"name":"(anonymous_2)","decl":{"start":{"line":14,"column":29},"end":{"line":14,"column":30}},"loc":{"start":{"line":14,"column":44},"end":{"line":20,"column":7}},"line":14},"3":{"name":"(anonymous_3)","decl":{"start":{"line":24,"column":34},"end":{"line":24,"column":35}},"loc":{"start":{"line":24,"column":62},"end":{"line":39,"column":1}},"line":24},"4":{"name":"(anonymous_4)","decl":{"start":{"line":25,"column":21},"end":{"line":25,"column":22}},"loc":{"start":{"line":25,"column":42},"end":{"line":38,"column":3}},"line":25},"5":{"name":"(anonymous_5)","decl":{"start":{"line":31,"column":29},"end":{"line":31,"column":30}},"loc":{"start":{"line":31,"column":44},"end":{"line":37,"column":7}},"line":31},"6":{"name":"(anonymous_6)","decl":{"start":{"line":41,"column":32},"end":{"line":41,"column":33}},"loc":{"start":{"line":41,"column":50},"end":{"line":52,"column":1}},"line":41},"7":{"name":"(anonymous_7)","decl":{"start":{"line":42,"column":21},"end":{"line":42,"column":22}},"loc":{"start":{"line":42,"column":42},"end":{"line":51,"column":3}},"line":42},"8":{"name":"(anonymous_8)","decl":{"start":{"line":44,"column":32},"end":{"line":44,"column":33}},"loc":{"start":{"line":44,"column":47},"end":{"line":50,"column":5}},"line":44},"9":{"name":"(anonymous_9)","decl":{"start":{"line":54,"column":29},"end":{"line":54,"column":30}},"loc":{"start":{"line":54,"column":44},"end":{"line":64,"column":1}},"line":54},"10":{"name":"(anonymous_10)","decl":{"start":{"line":55,"column":21},"end":{"line":55,"column":22}},"loc":{"start":{"line":55,"column":42},"end":{"line":63,"column":3}},"line":55},"11":{"name":"(anonymous_11)","decl":{"start":{"line":57,"column":29},"end":{"line":57,"column":30}},"loc":{"start":{"line":57,"column":44},"end":{"line":62,"column":5}},"line":57},"12":{"name":"(anonymous_12)","decl":{"start":{"line":67,"column":20},"end":{"line":67,"column":21}},"loc":{"start":{"line":67,"column":26},"end":{"line":79,"column":1}},"line":67},"13":{"name":"(anonymous_13)","decl":{"start":{"line":68,"column":21},"end":{"line":68,"column":22}},"loc":{"start":{"line":68,"column":42},"end":{"line":78,"column":3}},"line":68},"14":{"name":"(anonymous_14)","decl":{"start":{"line":70,"column":20},"end":{"line":70,"column":21}},"loc":{"start":{"line":70,"column":35},"end":{"line":77,"column":5}},"line":70},"15":{"name":"(anonymous_15)","decl":{"start":{"line":75,"column":30},"end":{"line":75,"column":31}},"loc":{"start":{"line":75,"column":38},"end":{"line":75,"column":322}},"line":75},"16":{"name":"(anonymous_16)","decl":{"start":{"line":81,"column":36},"end":{"line":81,"column":37}},"loc":{"start":{"line":81,"column":42},"end":{"line":93,"column":1}},"line":81},"17":{"name":"(anonymous_17)","decl":{"start":{"line":82,"column":21},"end":{"line":82,"column":22}},"loc":{"start":{"line":82,"column":42},"end":{"line":92,"column":3}},"line":82},"18":{"name":"(anonymous_18)","decl":{"start":{"line":84,"column":20},"end":{"line":84,"column":21}},"loc":{"start":{"line":84,"column":35},"end":{"line":91,"column":5}},"line":84},"19":{"name":"(anonymous_19)","decl":{"start":{"line":89,"column":30},"end":{"line":89,"column":31}},"loc":{"start":{"line":89,"column":38},"end":{"line":89,"column":322}},"line":89},"20":{"name":"(anonymous_20)","decl":{"start":{"line":95,"column":48},"end":{"line":95,"column":49}},"loc":{"start":{"line":95,"column":54},"end":{"line":107,"column":1}},"line":95},"21":{"name":"(anonymous_21)","decl":{"start":{"line":96,"column":21},"end":{"line":96,"column":22}},"loc":{"start":{"line":96,"column":42},"end":{"line":106,"column":3}},"line":96},"22":{"name":"(anonymous_22)","decl":{"start":{"line":98,"column":20},"end":{"line":98,"column":21}},"loc":{"start":{"line":98,"column":35},"end":{"line":105,"column":5}},"line":98},"23":{"name":"(anonymous_23)","decl":{"start":{"line":103,"column":30},"end":{"line":103,"column":31}},"loc":{"start":{"line":103,"column":38},"end":{"line":103,"column":322}},"line":103},"24":{"name":"(anonymous_24)","decl":{"start":{"line":109,"column":28},"end":{"line":109,"column":29}},"loc":{"start":{"line":109,"column":40},"end":{"line":121,"column":1}},"line":109},"25":{"name":"(anonymous_25)","decl":{"start":{"line":110,"column":21},"end":{"line":110,"column":22}},"loc":{"start":{"line":110,"column":42},"end":{"line":120,"column":3}},"line":110},"26":{"name":"(anonymous_26)","decl":{"start":{"line":112,"column":26},"end":{"line":112,"column":27}},"loc":{"start":{"line":112,"column":41},"end":{"line":119,"column":5}},"line":112},"27":{"name":"(anonymous_27)","decl":{"start":{"line":117,"column":30},"end":{"line":117,"column":31}},"loc":{"start":{"line":117,"column":38},"end":{"line":117,"column":253}},"line":117},"28":{"name":"(anonymous_28)","decl":{"start":{"line":123,"column":22},"end":{"line":123,"column":23}},"loc":{"start":{"line":123,"column":30},"end":{"line":164,"column":1}},"line":123},"29":{"name":"(anonymous_29)","decl":{"start":{"line":124,"column":21},"end":{"line":124,"column":22}},"loc":{"start":{"line":124,"column":42},"end":{"line":163,"column":3}},"line":124},"30":{"name":"(anonymous_30)","decl":{"start":{"line":127,"column":22},"end":{"line":127,"column":23}},"loc":{"start":{"line":127,"column":37},"end":{"line":162,"column":5}},"line":127},"31":{"name":"(anonymous_31)","decl":{"start":{"line":132,"column":42},"end":{"line":132,"column":43}},"loc":{"start":{"line":133,"column":8},"end":{"line":133,"column":63}},"line":133},"32":{"name":"(anonymous_32)","decl":{"start":{"line":135,"column":29},"end":{"line":135,"column":30}},"loc":{"start":{"line":135,"column":53},"end":{"line":144,"column":7}},"line":135},"33":{"name":"(anonymous_33)","decl":{"start":{"line":137,"column":91},"end":{"line":137,"column":92}},"loc":{"start":{"line":137,"column":106},"end":{"line":143,"column":9}},"line":137},"34":{"name":"(anonymous_34)","decl":{"start":{"line":147,"column":30},"end":{"line":147,"column":31}},"loc":{"start":{"line":147,"column":39},"end":{"line":153,"column":7}},"line":147},"35":{"name":"(anonymous_35)","decl":{"start":{"line":155,"column":31},"end":{"line":155,"column":32}},"loc":{"start":{"line":155,"column":40},"end":{"line":161,"column":7}},"line":155},"36":{"name":"(anonymous_36)","decl":{"start":{"line":169,"column":40},"end":{"line":169,"column":41}},"loc":{"start":{"line":169,"column":55},"end":{"line":181,"column":1}},"line":169},"37":{"name":"(anonymous_37)","decl":{"start":{"line":170,"column":21},"end":{"line":170,"column":22}},"loc":{"start":{"line":170,"column":42},"end":{"line":180,"column":3}},"line":170},"38":{"name":"(anonymous_38)","decl":{"start":{"line":172,"column":36},"end":{"line":172,"column":37}},"loc":{"start":{"line":172,"column":51},"end":{"line":179,"column":5}},"line":172},"39":{"name":"(anonymous_39)","decl":{"start":{"line":183,"column":38},"end":{"line":183,"column":39}},"loc":{"start":{"line":183,"column":53},"end":{"line":196,"column":1}},"line":183},"40":{"name":"(anonymous_40)","decl":{"start":{"line":184,"column":21},"end":{"line":184,"column":22}},"loc":{"start":{"line":184,"column":42},"end":{"line":195,"column":3}},"line":184},"41":{"name":"(anonymous_41)","decl":{"start":{"line":186,"column":46},"end":{"line":186,"column":47}},"loc":{"start":{"line":186,"column":72},"end":{"line":194,"column":5}},"line":186},"42":{"name":"(anonymous_42)","decl":{"start":{"line":192,"column":43},"end":{"line":192,"column":44}},"loc":{"start":{"line":192,"column":51},"end":{"line":192,"column":173}},"line":192},"43":{"name":"(anonymous_43)","decl":{"start":{"line":198,"column":35},"end":{"line":198,"column":36}},"loc":{"start":{"line":198,"column":50},"end":{"line":211,"column":1}},"line":198},"44":{"name":"(anonymous_44)","decl":{"start":{"line":199,"column":21},"end":{"line":199,"column":22}},"loc":{"start":{"line":199,"column":42},"end":{"line":210,"column":3}},"line":199},"45":{"name":"(anonymous_45)","decl":{"start":{"line":201,"column":48},"end":{"line":201,"column":49}},"loc":{"start":{"line":201,"column":78},"end":{"line":209,"column":5}},"line":201},"46":{"name":"(anonymous_46)","decl":{"start":{"line":207,"column":47},"end":{"line":207,"column":48}},"loc":{"start":{"line":207,"column":55},"end":{"line":207,"column":236}},"line":207},"47":{"name":"(anonymous_47)","decl":{"start":{"line":213,"column":24},"end":{"line":213,"column":25}},"loc":{"start":{"line":213,"column":32},"end":{"line":223,"column":1}},"line":213},"48":{"name":"(anonymous_48)","decl":{"start":{"line":214,"column":21},"end":{"line":214,"column":22}},"loc":{"start":{"line":214,"column":42},"end":{"line":222,"column":3}},"line":214},"49":{"name":"(anonymous_49)","decl":{"start":{"line":216,"column":22},"end":{"line":216,"column":23}},"loc":{"start":{"line":216,"column":37},"end":{"line":221,"column":5}},"line":216},"50":{"name":"(anonymous_50)","decl":{"start":{"line":225,"column":31},"end":{"line":225,"column":32}},"loc":{"start":{"line":225,"column":81},"end":{"line":236,"column":1}},"line":225},"51":{"name":"(anonymous_51)","decl":{"start":{"line":226,"column":21},"end":{"line":226,"column":22}},"loc":{"start":{"line":226,"column":42},"end":{"line":235,"column":3}},"line":226},"52":{"name":"(anonymous_52)","decl":{"start":{"line":228,"column":98},"end":{"line":228,"column":99}},"loc":{"start":{"line":228,"column":113},"end":{"line":234,"column":5}},"line":228},"53":{"name":"(anonymous_53)","decl":{"start":{"line":238,"column":28},"end":{"line":238,"column":29}},"loc":{"start":{"line":238,"column":49},"end":{"line":252,"column":1}},"line":238},"54":{"name":"(anonymous_54)","decl":{"start":{"line":241,"column":21},"end":{"line":241,"column":22}},"loc":{"start":{"line":241,"column":42},"end":{"line":251,"column":3}},"line":241},"55":{"name":"(anonymous_55)","decl":{"start":{"line":243,"column":48},"end":{"line":243,"column":49}},"loc":{"start":{"line":243,"column":63},"end":{"line":249,"column":5}},"line":243},"56":{"name":"(anonymous_56)","decl":{"start":{"line":254,"column":34},"end":{"line":254,"column":35}},"loc":{"start":{"line":254,"column":55},"end":{"line":268,"column":1}},"line":254},"57":{"name":"(anonymous_57)","decl":{"start":{"line":257,"column":21},"end":{"line":257,"column":22}},"loc":{"start":{"line":257,"column":42},"end":{"line":267,"column":3}},"line":257},"58":{"name":"(anonymous_58)","decl":{"start":{"line":259,"column":48},"end":{"line":259,"column":49}},"loc":{"start":{"line":259,"column":63},"end":{"line":265,"column":5}},"line":259},"59":{"name":"(anonymous_59)","decl":{"start":{"line":270,"column":32},"end":{"line":270,"column":33}},"loc":{"start":{"line":270,"column":77},"end":{"line":281,"column":1}},"line":270},"60":{"name":"(anonymous_60)","decl":{"start":{"line":271,"column":21},"end":{"line":271,"column":22}},"loc":{"start":{"line":271,"column":42},"end":{"line":280,"column":3}},"line":271},"61":{"name":"(anonymous_61)","decl":{"start":{"line":273,"column":73},"end":{"line":273,"column":74}},"loc":{"start":{"line":273,"column":88},"end":{"line":279,"column":5}},"line":273},"62":{"name":"(anonymous_62)","decl":{"start":{"line":283,"column":25},"end":{"line":283,"column":26}},"loc":{"start":{"line":283,"column":40},"end":{"line":295,"column":1}},"line":283},"63":{"name":"(anonymous_63)","decl":{"start":{"line":284,"column":21},"end":{"line":284,"column":22}},"loc":{"start":{"line":284,"column":42},"end":{"line":294,"column":3}},"line":284},"64":{"name":"(anonymous_64)","decl":{"start":{"line":286,"column":29},"end":{"line":286,"column":30}},"loc":{"start":{"line":286,"column":44},"end":{"line":293,"column":5}},"line":286},"65":{"name":"(anonymous_65)","decl":{"start":{"line":297,"column":22},"end":{"line":297,"column":23}},"loc":{"start":{"line":297,"column":34},"end":{"line":309,"column":1}},"line":297},"66":{"name":"(anonymous_66)","decl":{"start":{"line":298,"column":21},"end":{"line":298,"column":22}},"loc":{"start":{"line":298,"column":42},"end":{"line":308,"column":3}},"line":298},"67":{"name":"(anonymous_67)","decl":{"start":{"line":300,"column":30},"end":{"line":300,"column":31}},"loc":{"start":{"line":300,"column":45},"end":{"line":307,"column":5}},"line":300},"68":{"name":"(anonymous_68)","decl":{"start":{"line":311,"column":25},"end":{"line":311,"column":26}},"loc":{"start":{"line":311,"column":40},"end":{"line":323,"column":1}},"line":311},"69":{"name":"(anonymous_69)","decl":{"start":{"line":312,"column":21},"end":{"line":312,"column":22}},"loc":{"start":{"line":312,"column":42},"end":{"line":322,"column":3}},"line":312},"70":{"name":"(anonymous_70)","decl":{"start":{"line":314,"column":36},"end":{"line":314,"column":37}},"loc":{"start":{"line":314,"column":51},"end":{"line":321,"column":5}},"line":314}},"branchMap":{"0":{"loc":{"start":{"line":15,"column":8},"end":{"line":18,"column":9}},"type":"if","locations":[{"start":{"line":15,"column":8},"end":{"line":18,"column":9}},{"start":{},"end":{}}],"line":15},"1":{"loc":{"start":{"line":32,"column":8},"end":{"line":35,"column":9}},"type":"if","locations":[{"start":{"line":32,"column":8},"end":{"line":35,"column":9}},{"start":{},"end":{}}],"line":32},"2":{"loc":{"start":{"line":45,"column":6},"end":{"line":48,"column":7}},"type":"if","locations":[{"start":{"line":45,"column":6},"end":{"line":48,"column":7}},{"start":{},"end":{}}],"line":45},"3":{"loc":{"start":{"line":58,"column":6},"end":{"line":60,"column":7}},"type":"if","locations":[{"start":{"line":58,"column":6},"end":{"line":60,"column":7}},{"start":{},"end":{}}],"line":58},"4":{"loc":{"start":{"line":71,"column":6},"end":{"line":74,"column":7}},"type":"if","locations":[{"start":{"line":71,"column":6},"end":{"line":74,"column":7}},{"start":{},"end":{}}],"line":71},"5":{"loc":{"start":{"line":85,"column":6},"end":{"line":88,"column":7}},"type":"if","locations":[{"start":{"line":85,"column":6},"end":{"line":88,"column":7}},{"start":{},"end":{}}],"line":85},"6":{"loc":{"start":{"line":99,"column":6},"end":{"line":102,"column":7}},"type":"if","locations":[{"start":{"line":99,"column":6},"end":{"line":102,"column":7}},{"start":{},"end":{}}],"line":99},"7":{"loc":{"start":{"line":113,"column":6},"end":{"line":116,"column":7}},"type":"if","locations":[{"start":{"line":113,"column":6},"end":{"line":116,"column":7}},{"start":{},"end":{}}],"line":113},"8":{"loc":{"start":{"line":128,"column":6},"end":{"line":131,"column":7}},"type":"if","locations":[{"start":{"line":128,"column":6},"end":{"line":131,"column":7}},{"start":{},"end":{}}],"line":128},"9":{"loc":{"start":{"line":138,"column":10},"end":{"line":142,"column":26}},"type":"if","locations":[{"start":{"line":138,"column":10},"end":{"line":142,"column":26}},{"start":{"line":142,"column":12},"end":{"line":142,"column":26}}],"line":138},"10":{"loc":{"start":{"line":148,"column":8},"end":{"line":152,"column":24}},"type":"if","locations":[{"start":{"line":148,"column":8},"end":{"line":152,"column":24}},{"start":{"line":152,"column":10},"end":{"line":152,"column":24}}],"line":148},"11":{"loc":{"start":{"line":156,"column":8},"end":{"line":160,"column":24}},"type":"if","locations":[{"start":{"line":156,"column":8},"end":{"line":160,"column":24}},{"start":{"line":160,"column":10},"end":{"line":160,"column":24}}],"line":156},"12":{"loc":{"start":{"line":173,"column":6},"end":{"line":176,"column":7}},"type":"if","locations":[{"start":{"line":173,"column":6},"end":{"line":176,"column":7}},{"start":{},"end":{}}],"line":173},"13":{"loc":{"start":{"line":187,"column":6},"end":{"line":190,"column":7}},"type":"if","locations":[{"start":{"line":187,"column":6},"end":{"line":190,"column":7}},{"start":{},"end":{}}],"line":187},"14":{"loc":{"start":{"line":202,"column":6},"end":{"line":205,"column":7}},"type":"if","locations":[{"start":{"line":202,"column":6},"end":{"line":205,"column":7}},{"start":{},"end":{}}],"line":202},"15":{"loc":{"start":{"line":217,"column":6},"end":{"line":219,"column":7}},"type":"if","locations":[{"start":{"line":217,"column":6},"end":{"line":219,"column":7}},{"start":{},"end":{}}],"line":217},"16":{"loc":{"start":{"line":229,"column":6},"end":{"line":232,"column":7}},"type":"if","locations":[{"start":{"line":229,"column":6},"end":{"line":232,"column":7}},{"start":{},"end":{}}],"line":229},"17":{"loc":{"start":{"line":244,"column":6},"end":{"line":247,"column":7}},"type":"if","locations":[{"start":{"line":244,"column":6},"end":{"line":247,"column":7}},{"start":{},"end":{}}],"line":244},"18":{"loc":{"start":{"line":260,"column":6},"end":{"line":263,"column":7}},"type":"if","locations":[{"start":{"line":260,"column":6},"end":{"line":263,"column":7}},{"start":{},"end":{}}],"line":260},"19":{"loc":{"start":{"line":274,"column":6},"end":{"line":277,"column":7}},"type":"if","locations":[{"start":{"line":274,"column":6},"end":{"line":277,"column":7}},{"start":{},"end":{}}],"line":274},"20":{"loc":{"start":{"line":287,"column":6},"end":{"line":290,"column":7}},"type":"if","locations":[{"start":{"line":287,"column":6},"end":{"line":290,"column":7}},{"start":{},"end":{}}],"line":287},"21":{"loc":{"start":{"line":301,"column":6},"end":{"line":304,"column":7}},"type":"if","locations":[{"start":{"line":301,"column":6},"end":{"line":304,"column":7}},{"start":{},"end":{}}],"line":301},"22":{"loc":{"start":{"line":315,"column":6},"end":{"line":318,"column":7}},"type":"if","locations":[{"start":{"line":315,"column":6},"end":{"line":318,"column":7}},{"start":{},"end":{}}],"line":315}},"s":{"0":1,"1":1,"2":1,"3":0,"4":0,"5":0,"6":0,"7":0,"8":0,"9":1,"10":0,"11":0,"12":0,"13":0,"14":0,"15":0,"16":1,"17":0,"18":0,"19":0,"20":0,"21":0,"22":0,"23":1,"24":58,"25":58,"26":58,"27":58,"28":0,"29":58,"30":1,"31":4,"32":4,"33":4,"34":4,"35":0,"36":4,"37":208,"38":4,"39":1,"40":1,"41":1,"42":1,"43":1,"44":0,"45":1,"46":22,"47":1,"48":1,"49":1,"50":1,"51":1,"52":1,"53":0,"54":1,"55":33,"56":1,"57":1,"58":0,"59":0,"60":0,"61":0,"62":0,"63":0,"64":0,"65":0,"66":1,"67":0,"68":0,"69":0,"70":0,"71":0,"72":0,"73":0,"74":0,"75":0,"76":0,"77":0,"78":0,"79":0,"80":0,"81":0,"82":0,"83":0,"84":0,"85":0,"86":0,"87":0,"88":0,"89":0,"90":1,"91":1,"92":1,"93":1,"94":1,"95":0,"96":1,"97":1,"98":1,"99":1,"100":1,"101":1,"102":1,"103":0,"104":1,"105":1,"106":5,"107":1,"108":1,"109":0,"110":0,"111":0,"112":0,"113":0,"114":0,"115":0,"116":0,"117":1,"118":0,"119":0,"120":0,"121":0,"122":0,"123":0,"124":1,"125":5,"126":5,"127":5,"128":5,"129":0,"130":0,"131":5,"132":1,"133":0,"134":0,"135":0,"136":0,"137":0,"138":0,"139":0,"140":0,"141":0,"142":1,"143":5,"144":5,"145":5,"146":5,"147":5,"148":5,"149":0,"150":0,"151":5,"152":1,"153":0,"154":0,"155":0,"156":0,"157":0,"158":0,"159":0,"160":1,"161":0,"162":0,"163":0,"164":0,"165":0,"166":0,"167":0,"168":1,"169":0,"170":0,"171":0,"172":0,"173":0,"174":0,"175":0,"176":1,"177":0,"178":0,"179":0,"180":0,"181":0,"182":0,"183":0},"f":{"0":0,"1":0,"2":0,"3":0,"4":0,"5":0,"6":0,"7":0,"8":0,"9":58,"10":58,"11":58,"12":4,"13":4,"14":4,"15":208,"16":1,"17":1,"18":1,"19":22,"20":1,"21":1,"22":1,"23":33,"24":0,"25":0,"26":0,"27":0,"28":0,"29":0,"30":0,"31":0,"32":0,"33":0,"34":0,"35":0,"36":1,"37":1,"38":1,"39":1,"40":1,"41":1,"42":5,"43":0,"44":0,"45":0,"46":0,"47":0,"48":0,"49":0,"50":5,"51":5,"52":5,"53":0,"54":0,"55":0,"56":5,"57":5,"58":5,"59":0,"60":0,"61":0,"62":0,"63":0,"64":0,"65":0,"66":0,"67":0,"68":0,"69":0,"70":0},"b":{"0":[0,0],"1":[0,0],"2":[0,0],"3":[0,58],"4":[0,4],"5":[0,1],"6":[0,1],"7":[0,0],"8":[0,0],"9":[0,0],"10":[0,0],"11":[0,0],"12":[0,1],"13":[0,1],"14":[0,0],"15":[0,0],"16":[0,5],"17":[0,0],"18":[0,5],"19":[0,0],"20":[0,0],"21":[0,0],"22":[0,0]},"_coverageSchema":"1a1c01bbd47fc00a2c39e90264f33305004495a9","hash":"cf6d72ea560dd18583b5850b9ae5db4e1b8450e9"}
,"C:\\Users\\luca_\\Desktop\\polito\\softeng2\\SolidarityPurchasingGroup\\server\\product-dao.js": {"path":"C:\\Users\\luca_\\Desktop\\polito\\softeng2\\SolidarityPurchasingGroup\\server\\product-dao.js","statementMap":{"0":{"start":{"line":2,"column":11},"end":{"line":2,"column":26}},"1":{"start":{"line":3,"column":15},"end":{"line":3,"column":32}},"2":{"start":{"line":10,"column":4},"end":{"line":26,"column":6}},"3":{"start":{"line":10,"column":30},"end":{"line":25,"column":5}},"4":{"start":{"line":29,"column":0},"end":{"line":44,"column":2}},"5":{"start":{"line":30,"column":4},"end":{"line":43,"column":7}},"6":{"start":{"line":31,"column":23},"end":{"line":31,"column":263}},"7":{"start":{"line":33,"column":8},"end":{"line":41,"column":11}},"8":{"start":{"line":35,"column":12},"end":{"line":38,"column":13}},"9":{"start":{"line":36,"column":16},"end":{"line":36,"column":28}},"10":{"start":{"line":37,"column":16},"end":{"line":37,"column":23}},"11":{"start":{"line":39,"column":29},"end":{"line":39,"column":51}},"12":{"start":{"line":40,"column":12},"end":{"line":40,"column":30}},"13":{"start":{"line":46,"column":0},"end":{"line":62,"column":2}},"14":{"start":{"line":47,"column":4},"end":{"line":61,"column":7}},"15":{"start":{"line":48,"column":23},"end":{"line":50,"column":93}},"16":{"start":{"line":52,"column":8},"end":{"line":59,"column":11}},"17":{"start":{"line":53,"column":12},"end":{"line":56,"column":13}},"18":{"start":{"line":54,"column":16},"end":{"line":54,"column":28}},"19":{"start":{"line":55,"column":16},"end":{"line":55,"column":23}},"20":{"start":{"line":57,"column":30},"end":{"line":57,"column":52}},"21":{"start":{"line":58,"column":12},"end":{"line":58,"column":30}},"22":{"start":{"line":64,"column":0},"end":{"line":76,"column":2}},"23":{"start":{"line":65,"column":4},"end":{"line":75,"column":7}},"24":{"start":{"line":66,"column":20},"end":{"line":66,"column":44}},"25":{"start":{"line":67,"column":8},"end":{"line":74,"column":11}},"26":{"start":{"line":68,"column":12},"end":{"line":71,"column":13}},"27":{"start":{"line":69,"column":16},"end":{"line":69,"column":28}},"28":{"start":{"line":70,"column":16},"end":{"line":70,"column":23}},"29":{"start":{"line":72,"column":29},"end":{"line":72,"column":210}},"30":{"start":{"line":72,"column":46},"end":{"line":72,"column":208}},"31":{"start":{"line":73,"column":12},"end":{"line":73,"column":30}},"32":{"start":{"line":78,"column":0},"end":{"line":119,"column":2}},"33":{"start":{"line":79,"column":17},"end":{"line":79,"column":19}},"34":{"start":{"line":80,"column":4},"end":{"line":118,"column":7}},"35":{"start":{"line":81,"column":25},"end":{"line":81,"column":74}},"36":{"start":{"line":82,"column":8},"end":{"line":94,"column":11}},"37":{"start":{"line":83,"column":12},"end":{"line":86,"column":13}},"38":{"start":{"line":84,"column":16},"end":{"line":84,"column":28}},"39":{"start":{"line":85,"column":16},"end":{"line":85,"column":23}},"40":{"start":{"line":87,"column":12},"end":{"line":92,"column":16}},"41":{"start":{"line":87,"column":40},"end":{"line":92,"column":13}},"42":{"start":{"line":95,"column":27},"end":{"line":95,"column":64}},"43":{"start":{"line":96,"column":8},"end":{"line":117,"column":11}},"44":{"start":{"line":97,"column":12},"end":{"line":116,"column":13}},"45":{"start":{"line":98,"column":16},"end":{"line":98,"column":28}},"46":{"start":{"line":99,"column":17},"end":{"line":116,"column":13}},"47":{"start":{"line":100,"column":16},"end":{"line":100,"column":31}},"48":{"start":{"line":103,"column":32},"end":{"line":113,"column":17}},"49":{"start":{"line":115,"column":16},"end":{"line":115,"column":33}},"50":{"start":{"line":121,"column":0},"end":{"line":137,"column":1}},"51":{"start":{"line":122,"column":4},"end":{"line":136,"column":7}},"52":{"start":{"line":123,"column":20},"end":{"line":123,"column":59}},"53":{"start":{"line":124,"column":8},"end":{"line":135,"column":11}},"54":{"start":{"line":125,"column":12},"end":{"line":128,"column":13}},"55":{"start":{"line":126,"column":16},"end":{"line":126,"column":28}},"56":{"start":{"line":127,"column":16},"end":{"line":127,"column":23}},"57":{"start":{"line":129,"column":26},"end":{"line":133,"column":13}},"58":{"start":{"line":129,"column":45},"end":{"line":132,"column":13}},"59":{"start":{"line":134,"column":12},"end":{"line":134,"column":27}},"60":{"start":{"line":139,"column":0},"end":{"line":152,"column":1}},"61":{"start":{"line":140,"column":4},"end":{"line":151,"column":7}},"62":{"start":{"line":141,"column":20},"end":{"line":142,"column":170}},"63":{"start":{"line":143,"column":8},"end":{"line":150,"column":11}},"64":{"start":{"line":144,"column":12},"end":{"line":147,"column":13}},"65":{"start":{"line":145,"column":16},"end":{"line":145,"column":28}},"66":{"start":{"line":146,"column":16},"end":{"line":146,"column":23}},"67":{"start":{"line":148,"column":30},"end":{"line":148,"column":52}},"68":{"start":{"line":149,"column":12},"end":{"line":149,"column":30}},"69":{"start":{"line":155,"column":0},"end":{"line":169,"column":2}},"70":{"start":{"line":156,"column":4},"end":{"line":168,"column":7}},"71":{"start":{"line":157,"column":20},"end":{"line":157,"column":77}},"72":{"start":{"line":158,"column":8},"end":{"line":167,"column":11}},"73":{"start":{"line":159,"column":12},"end":{"line":162,"column":13}},"74":{"start":{"line":160,"column":16},"end":{"line":160,"column":28}},"75":{"start":{"line":161,"column":16},"end":{"line":161,"column":23}},"76":{"start":{"line":164,"column":29},"end":{"line":164,"column":200}},"77":{"start":{"line":164,"column":46},"end":{"line":164,"column":198}},"78":{"start":{"line":166,"column":12},"end":{"line":166,"column":30}},"79":{"start":{"line":171,"column":0},"end":{"line":182,"column":2}},"80":{"start":{"line":172,"column":4},"end":{"line":181,"column":7}},"81":{"start":{"line":173,"column":20},"end":{"line":173,"column":143}},"82":{"start":{"line":174,"column":8},"end":{"line":180,"column":11}},"83":{"start":{"line":175,"column":12},"end":{"line":178,"column":13}},"84":{"start":{"line":176,"column":16},"end":{"line":176,"column":28}},"85":{"start":{"line":177,"column":16},"end":{"line":177,"column":23}},"86":{"start":{"line":179,"column":12},"end":{"line":179,"column":22}},"87":{"start":{"line":185,"column":0},"end":{"line":196,"column":2}},"88":{"start":{"line":186,"column":4},"end":{"line":195,"column":7}},"89":{"start":{"line":187,"column":20},"end":{"line":187,"column":62}},"90":{"start":{"line":188,"column":8},"end":{"line":194,"column":11}},"91":{"start":{"line":189,"column":12},"end":{"line":192,"column":13}},"92":{"start":{"line":190,"column":16},"end":{"line":190,"column":28}},"93":{"start":{"line":191,"column":16},"end":{"line":191,"column":23}},"94":{"start":{"line":193,"column":12},"end":{"line":193,"column":22}},"95":{"start":{"line":199,"column":0},"end":{"line":210,"column":2}},"96":{"start":{"line":200,"column":4},"end":{"line":209,"column":7}},"97":{"start":{"line":201,"column":20},"end":{"line":201,"column":98}},"98":{"start":{"line":202,"column":8},"end":{"line":208,"column":11}},"99":{"start":{"line":203,"column":12},"end":{"line":206,"column":13}},"100":{"start":{"line":204,"column":16},"end":{"line":204,"column":28}},"101":{"start":{"line":205,"column":16},"end":{"line":205,"column":23}},"102":{"start":{"line":207,"column":12},"end":{"line":207,"column":22}},"103":{"start":{"line":211,"column":0},"end":{"line":222,"column":2}},"104":{"start":{"line":212,"column":4},"end":{"line":221,"column":7}},"105":{"start":{"line":213,"column":20},"end":{"line":213,"column":114}},"106":{"start":{"line":214,"column":8},"end":{"line":220,"column":11}},"107":{"start":{"line":215,"column":12},"end":{"line":218,"column":13}},"108":{"start":{"line":216,"column":16},"end":{"line":216,"column":28}},"109":{"start":{"line":217,"column":16},"end":{"line":217,"column":23}},"110":{"start":{"line":219,"column":12},"end":{"line":219,"column":22}},"111":{"start":{"line":223,"column":0},"end":{"line":233,"column":2}},"112":{"start":{"line":224,"column":4},"end":{"line":232,"column":7}},"113":{"start":{"line":225,"column":25},"end":{"line":225,"column":73}},"114":{"start":{"line":226,"column":8},"end":{"line":231,"column":11}},"115":{"start":{"line":229,"column":12},"end":{"line":229,"column":46}},"116":{"start":{"line":230,"column":12},"end":{"line":230,"column":43}},"117":{"start":{"line":236,"column":0},"end":{"line":248,"column":2}},"118":{"start":{"line":237,"column":4},"end":{"line":247,"column":7}},"119":{"start":{"line":238,"column":20},"end":{"line":238,"column":65}},"120":{"start":{"line":239,"column":8},"end":{"line":246,"column":11}},"121":{"start":{"line":240,"column":12},"end":{"line":243,"column":13}},"122":{"start":{"line":241,"column":16},"end":{"line":241,"column":28}},"123":{"start":{"line":242,"column":16},"end":{"line":242,"column":23}},"124":{"start":{"line":245,"column":12},"end":{"line":245,"column":22}}},"fnMap":{"0":{"name":"productsReturned","decl":{"start":{"line":9,"column":9},"end":{"line":9,"column":25}},"loc":{"start":{"line":9,"column":31},"end":{"line":27,"column":1}},"line":9},"1":{"name":"(anonymous_1)","decl":{"start":{"line":10,"column":20},"end":{"line":10,"column":21}},"loc":{"start":{"line":10,"column":30},"end":{"line":25,"column":5}},"line":10},"2":{"name":"(anonymous_2)","decl":{"start":{"line":29,"column":22},"end":{"line":29,"column":23}},"loc":{"start":{"line":29,"column":32},"end":{"line":44,"column":1}},"line":29},"3":{"name":"(anonymous_3)","decl":{"start":{"line":30,"column":23},"end":{"line":30,"column":24}},"loc":{"start":{"line":30,"column":50},"end":{"line":43,"column":5}},"line":30},"4":{"name":"(anonymous_4)","decl":{"start":{"line":33,"column":32},"end":{"line":33,"column":33}},"loc":{"start":{"line":33,"column":47},"end":{"line":41,"column":9}},"line":33},"5":{"name":"(anonymous_5)","decl":{"start":{"line":46,"column":28},"end":{"line":46,"column":29}},"loc":{"start":{"line":46,"column":38},"end":{"line":62,"column":1}},"line":46},"6":{"name":"(anonymous_6)","decl":{"start":{"line":47,"column":23},"end":{"line":47,"column":24}},"loc":{"start":{"line":47,"column":50},"end":{"line":61,"column":5}},"line":47},"7":{"name":"(anonymous_7)","decl":{"start":{"line":52,"column":33},"end":{"line":52,"column":34}},"loc":{"start":{"line":52,"column":48},"end":{"line":59,"column":9}},"line":52},"8":{"name":"(anonymous_8)","decl":{"start":{"line":64,"column":23},"end":{"line":64,"column":24}},"loc":{"start":{"line":64,"column":29},"end":{"line":76,"column":1}},"line":64},"9":{"name":"(anonymous_9)","decl":{"start":{"line":65,"column":23},"end":{"line":65,"column":24}},"loc":{"start":{"line":65,"column":44},"end":{"line":75,"column":5}},"line":65},"10":{"name":"(anonymous_10)","decl":{"start":{"line":67,"column":24},"end":{"line":67,"column":25}},"loc":{"start":{"line":67,"column":39},"end":{"line":74,"column":9}},"line":67},"11":{"name":"(anonymous_11)","decl":{"start":{"line":72,"column":38},"end":{"line":72,"column":39}},"loc":{"start":{"line":72,"column":46},"end":{"line":72,"column":208}},"line":72},"12":{"name":"(anonymous_12)","decl":{"start":{"line":78,"column":21},"end":{"line":78,"column":22}},"loc":{"start":{"line":78,"column":29},"end":{"line":119,"column":1}},"line":78},"13":{"name":"(anonymous_13)","decl":{"start":{"line":80,"column":23},"end":{"line":80,"column":24}},"loc":{"start":{"line":80,"column":44},"end":{"line":118,"column":5}},"line":80},"14":{"name":"(anonymous_14)","decl":{"start":{"line":82,"column":31},"end":{"line":82,"column":32}},"loc":{"start":{"line":82,"column":46},"end":{"line":94,"column":9}},"line":82},"15":{"name":"(anonymous_15)","decl":{"start":{"line":87,"column":30},"end":{"line":87,"column":31}},"loc":{"start":{"line":87,"column":40},"end":{"line":92,"column":13}},"line":87},"16":{"name":"(anonymous_16)","decl":{"start":{"line":96,"column":33},"end":{"line":96,"column":34}},"loc":{"start":{"line":96,"column":47},"end":{"line":117,"column":9}},"line":96},"17":{"name":"(anonymous_17)","decl":{"start":{"line":121,"column":19},"end":{"line":121,"column":20}},"loc":{"start":{"line":121,"column":25},"end":{"line":137,"column":1}},"line":121},"18":{"name":"(anonymous_18)","decl":{"start":{"line":122,"column":23},"end":{"line":122,"column":24}},"loc":{"start":{"line":122,"column":44},"end":{"line":136,"column":5}},"line":122},"19":{"name":"(anonymous_19)","decl":{"start":{"line":124,"column":20},"end":{"line":124,"column":21}},"loc":{"start":{"line":124,"column":35},"end":{"line":135,"column":9}},"line":124},"20":{"name":"(anonymous_20)","decl":{"start":{"line":129,"column":35},"end":{"line":129,"column":36}},"loc":{"start":{"line":129,"column":45},"end":{"line":132,"column":13}},"line":129},"21":{"name":"(anonymous_21)","decl":{"start":{"line":139,"column":28},"end":{"line":139,"column":29}},"loc":{"start":{"line":139,"column":46},"end":{"line":152,"column":1}},"line":139},"22":{"name":"(anonymous_22)","decl":{"start":{"line":140,"column":23},"end":{"line":140,"column":24}},"loc":{"start":{"line":140,"column":44},"end":{"line":151,"column":5}},"line":140},"23":{"name":"(anonymous_23)","decl":{"start":{"line":143,"column":36},"end":{"line":143,"column":37}},"loc":{"start":{"line":143,"column":51},"end":{"line":150,"column":9}},"line":143},"24":{"name":"(anonymous_24)","decl":{"start":{"line":155,"column":25},"end":{"line":155,"column":26}},"loc":{"start":{"line":155,"column":46},"end":{"line":169,"column":1}},"line":155},"25":{"name":"(anonymous_25)","decl":{"start":{"line":156,"column":23},"end":{"line":156,"column":24}},"loc":{"start":{"line":156,"column":44},"end":{"line":168,"column":5}},"line":156},"26":{"name":"(anonymous_26)","decl":{"start":{"line":158,"column":39},"end":{"line":158,"column":40}},"loc":{"start":{"line":158,"column":54},"end":{"line":167,"column":9}},"line":158},"27":{"name":"(anonymous_27)","decl":{"start":{"line":164,"column":38},"end":{"line":164,"column":39}},"loc":{"start":{"line":164,"column":46},"end":{"line":164,"column":198}},"line":164},"28":{"name":"(anonymous_28)","decl":{"start":{"line":171,"column":24},"end":{"line":171,"column":25}},"loc":{"start":{"line":171,"column":37},"end":{"line":182,"column":1}},"line":171},"29":{"name":"(anonymous_29)","decl":{"start":{"line":172,"column":23},"end":{"line":172,"column":24}},"loc":{"start":{"line":172,"column":44},"end":{"line":181,"column":5}},"line":172},"30":{"name":"(anonymous_30)","decl":{"start":{"line":174,"column":163},"end":{"line":174,"column":164}},"loc":{"start":{"line":174,"column":178},"end":{"line":180,"column":9}},"line":174},"31":{"name":"(anonymous_31)","decl":{"start":{"line":185,"column":29},"end":{"line":185,"column":30}},"loc":{"start":{"line":185,"column":44},"end":{"line":196,"column":1}},"line":185},"32":{"name":"(anonymous_32)","decl":{"start":{"line":186,"column":23},"end":{"line":186,"column":24}},"loc":{"start":{"line":186,"column":44},"end":{"line":195,"column":5}},"line":186},"33":{"name":"(anonymous_33)","decl":{"start":{"line":188,"column":33},"end":{"line":188,"column":34}},"loc":{"start":{"line":188,"column":48},"end":{"line":194,"column":9}},"line":188},"34":{"name":"(anonymous_34)","decl":{"start":{"line":199,"column":22},"end":{"line":199,"column":23}},"loc":{"start":{"line":199,"column":33},"end":{"line":210,"column":1}},"line":199},"35":{"name":"(anonymous_35)","decl":{"start":{"line":200,"column":23},"end":{"line":200,"column":24}},"loc":{"start":{"line":200,"column":44},"end":{"line":209,"column":5}},"line":200},"36":{"name":"(anonymous_36)","decl":{"start":{"line":202,"column":58},"end":{"line":202,"column":59}},"loc":{"start":{"line":202,"column":73},"end":{"line":208,"column":9}},"line":202},"37":{"name":"(anonymous_37)","decl":{"start":{"line":211,"column":24},"end":{"line":211,"column":25}},"loc":{"start":{"line":211,"column":83},"end":{"line":222,"column":1}},"line":211},"38":{"name":"(anonymous_38)","decl":{"start":{"line":212,"column":23},"end":{"line":212,"column":24}},"loc":{"start":{"line":212,"column":44},"end":{"line":221,"column":5}},"line":212},"39":{"name":"(anonymous_39)","decl":{"start":{"line":214,"column":77},"end":{"line":214,"column":78}},"loc":{"start":{"line":214,"column":92},"end":{"line":220,"column":9}},"line":214},"40":{"name":"(anonymous_40)","decl":{"start":{"line":223,"column":30},"end":{"line":223,"column":31}},"loc":{"start":{"line":223,"column":38},"end":{"line":233,"column":1}},"line":223},"41":{"name":"(anonymous_41)","decl":{"start":{"line":224,"column":23},"end":{"line":224,"column":24}},"loc":{"start":{"line":224,"column":44},"end":{"line":232,"column":5}},"line":224},"42":{"name":"(anonymous_42)","decl":{"start":{"line":226,"column":31},"end":{"line":226,"column":32}},"loc":{"start":{"line":226,"column":46},"end":{"line":231,"column":9}},"line":226},"43":{"name":"(anonymous_43)","decl":{"start":{"line":236,"column":32},"end":{"line":236,"column":33}},"loc":{"start":{"line":236,"column":50},"end":{"line":248,"column":1}},"line":236},"44":{"name":"(anonymous_44)","decl":{"start":{"line":237,"column":23},"end":{"line":237,"column":24}},"loc":{"start":{"line":237,"column":44},"end":{"line":247,"column":5}},"line":237},"45":{"name":"(anonymous_45)","decl":{"start":{"line":239,"column":36},"end":{"line":239,"column":37}},"loc":{"start":{"line":239,"column":51},"end":{"line":246,"column":9}},"line":239}},"branchMap":{"0":{"loc":{"start":{"line":35,"column":12},"end":{"line":38,"column":13}},"type":"if","locations":[{"start":{"line":35,"column":12},"end":{"line":38,"column":13}},{"start":{},"end":{}}],"line":35},"1":{"loc":{"start":{"line":53,"column":12},"end":{"line":56,"column":13}},"type":"if","locations":[{"start":{"line":53,"column":12},"end":{"line":56,"column":13}},{"start":{},"end":{}}],"line":53},"2":{"loc":{"start":{"line":68,"column":12},"end":{"line":71,"column":13}},"type":"if","locations":[{"start":{"line":68,"column":12},"end":{"line":71,"column":13}},{"start":{},"end":{}}],"line":68},"3":{"loc":{"start":{"line":83,"column":12},"end":{"line":86,"column":13}},"type":"if","locations":[{"start":{"line":83,"column":12},"end":{"line":86,"column":13}},{"start":{},"end":{}}],"line":83},"4":{"loc":{"start":{"line":97,"column":12},"end":{"line":116,"column":13}},"type":"if","locations":[{"start":{"line":97,"column":12},"end":{"line":116,"column":13}},{"start":{"line":99,"column":17},"end":{"line":116,"column":13}}],"line":97},"5":{"loc":{"start":{"line":99,"column":17},"end":{"line":116,"column":13}},"type":"if","locations":[{"start":{"line":99,"column":17},"end":{"line":116,"column":13}},{"start":{"line":102,"column":17},"end":{"line":116,"column":13}}],"line":99},"6":{"loc":{"start":{"line":125,"column":12},"end":{"line":128,"column":13}},"type":"if","locations":[{"start":{"line":125,"column":12},"end":{"line":128,"column":13}},{"start":{},"end":{}}],"line":125},"7":{"loc":{"start":{"line":144,"column":12},"end":{"line":147,"column":13}},"type":"if","locations":[{"start":{"line":144,"column":12},"end":{"line":147,"column":13}},{"start":{},"end":{}}],"line":144},"8":{"loc":{"start":{"line":159,"column":12},"end":{"line":162,"column":13}},"type":"if","locations":[{"start":{"line":159,"column":12},"end":{"line":162,"column":13}},{"start":{},"end":{}}],"line":159},"9":{"loc":{"start":{"line":175,"column":12},"end":{"line":178,"column":13}},"type":"if","locations":[{"start":{"line":175,"column":12},"end":{"line":178,"column":13}},{"start":{},"end":{}}],"line":175},"10":{"loc":{"start":{"line":189,"column":12},"end":{"line":192,"column":13}},"type":"if","locations":[{"start":{"line":189,"column":12},"end":{"line":192,"column":13}},{"start":{},"end":{}}],"line":189},"11":{"loc":{"start":{"line":203,"column":12},"end":{"line":206,"column":13}},"type":"if","locations":[{"start":{"line":203,"column":12},"end":{"line":206,"column":13}},{"start":{},"end":{}}],"line":203},"12":{"loc":{"start":{"line":215,"column":12},"end":{"line":218,"column":13}},"type":"if","locations":[{"start":{"line":215,"column":12},"end":{"line":218,"column":13}},{"start":{},"end":{}}],"line":215},"13":{"loc":{"start":{"line":240,"column":12},"end":{"line":243,"column":13}},"type":"if","locations":[{"start":{"line":240,"column":12},"end":{"line":243,"column":13}},{"start":{},"end":{}}],"line":240}},"s":{"0":1,"1":1,"2":10,"3":121,"4":1,"5":3,"6":3,"7":3,"8":3,"9":0,"10":0,"11":3,"12":3,"13":1,"14":0,"15":0,"16":0,"17":0,"18":0,"19":0,"20":0,"21":0,"22":1,"23":0,"24":0,"25":0,"26":0,"27":0,"28":0,"29":0,"30":0,"31":0,"32":1,"33":0,"34":0,"35":0,"36":0,"37":0,"38":0,"39":0,"40":0,"41":0,"42":0,"43":0,"44":0,"45":0,"46":0,"47":0,"48":0,"49":0,"50":1,"51":1,"52":1,"53":1,"54":1,"55":0,"56":0,"57":1,"58":6,"59":1,"60":1,"61":7,"62":7,"63":7,"64":7,"65":0,"66":0,"67":7,"68":7,"69":1,"70":2,"71":2,"72":2,"73":2,"74":0,"75":0,"76":2,"77":9,"78":2,"79":1,"80":2,"81":2,"82":2,"83":2,"84":0,"85":0,"86":2,"87":1,"88":2,"89":2,"90":2,"91":2,"92":0,"93":0,"94":2,"95":1,"96":4,"97":4,"98":4,"99":4,"100":2,"101":2,"102":2,"103":1,"104":0,"105":0,"106":0,"107":0,"108":0,"109":0,"110":0,"111":1,"112":0,"113":0,"114":0,"115":0,"116":0,"117":1,"118":0,"119":0,"120":0,"121":0,"122":0,"123":0,"124":0},"f":{"0":10,"1":121,"2":3,"3":3,"4":3,"5":0,"6":0,"7":0,"8":0,"9":0,"10":0,"11":0,"12":0,"13":0,"14":0,"15":0,"16":0,"17":1,"18":1,"19":1,"20":6,"21":7,"22":7,"23":7,"24":2,"25":2,"26":2,"27":9,"28":2,"29":2,"30":2,"31":2,"32":2,"33":2,"34":4,"35":4,"36":4,"37":0,"38":0,"39":0,"40":0,"41":0,"42":0,"43":0,"44":0,"45":0},"b":{"0":[0,3],"1":[0,0],"2":[0,0],"3":[0,0],"4":[0,0],"5":[0,0],"6":[0,1],"7":[0,7],"8":[0,2],"9":[0,2],"10":[0,2],"11":[2,2],"12":[0,0],"13":[0,0]},"_coverageSchema":"1a1c01bbd47fc00a2c39e90264f33305004495a9","hash":"a1e639ec0e941a961d6a59065b31a1fa7dc1c95e"}
,"C:\\Users\\luca_\\Desktop\\polito\\softeng2\\SolidarityPurchasingGroup\\server\\server.js": {"path":"C:\\Users\\luca_\\Desktop\\polito\\softeng2\\SolidarityPurchasingGroup\\server\\server.js","statementMap":{"0":{"start":{"line":3,"column":16},"end":{"line":3,"column":34}},"1":{"start":{"line":4,"column":15},"end":{"line":4,"column":32}},"2":{"start":{"line":5,"column":36},"end":{"line":5,"column":64}},"3":{"start":{"line":6,"column":19},"end":{"line":6,"column":43}},"4":{"start":{"line":7,"column":17},"end":{"line":7,"column":39}},"5":{"start":{"line":8,"column":12},"end":{"line":8,"column":31}},"6":{"start":{"line":9,"column":16},"end":{"line":9,"column":40}},"7":{"start":{"line":10,"column":17},"end":{"line":10,"column":36}},"8":{"start":{"line":11,"column":22},"end":{"line":11,"column":56}},"9":{"start":{"line":12,"column":16},"end":{"line":12,"column":42}},"10":{"start":{"line":13,"column":19},"end":{"line":13,"column":48}},"11":{"start":{"line":14,"column":19},"end":{"line":14,"column":40}},"12":{"start":{"line":15,"column":20},"end":{"line":15,"column":44}},"13":{"start":{"line":17,"column":24},"end":{"line":17,"column":56}},"14":{"start":{"line":18,"column":19},"end":{"line":18,"column":212}},"15":{"start":{"line":24,"column":0},"end":{"line":33,"column":3}},"16":{"start":{"line":26,"column":8},"end":{"line":31,"column":10}},"17":{"start":{"line":27,"column":12},"end":{"line":28,"column":93}},"18":{"start":{"line":28,"column":16},"end":{"line":28,"column":93}},"19":{"start":{"line":30,"column":12},"end":{"line":30,"column":36}},"20":{"start":{"line":37,"column":0},"end":{"line":39,"column":3}},"21":{"start":{"line":38,"column":4},"end":{"line":38,"column":24}},"22":{"start":{"line":42,"column":0},"end":{"line":49,"column":3}},"23":{"start":{"line":43,"column":4},"end":{"line":48,"column":11}},"24":{"start":{"line":45,"column":12},"end":{"line":45,"column":29}},"25":{"start":{"line":47,"column":12},"end":{"line":47,"column":28}},"26":{"start":{"line":52,"column":12},"end":{"line":52,"column":21}},"27":{"start":{"line":53,"column":0},"end":{"line":53,"column":28}},"28":{"start":{"line":54,"column":13},"end":{"line":54,"column":17}},"29":{"start":{"line":57,"column":0},"end":{"line":57,"column":23}},"30":{"start":{"line":58,"column":0},"end":{"line":58,"column":24}},"31":{"start":{"line":59,"column":0},"end":{"line":59,"column":22}},"32":{"start":{"line":62,"column":19},"end":{"line":67,"column":1}},"33":{"start":{"line":63,"column":4},"end":{"line":64,"column":22}},"34":{"start":{"line":64,"column":8},"end":{"line":64,"column":22}},"35":{"start":{"line":66,"column":4},"end":{"line":66,"column":64}},"36":{"start":{"line":70,"column":0},"end":{"line":75,"column":4}},"37":{"start":{"line":78,"column":0},"end":{"line":78,"column":31}},"38":{"start":{"line":79,"column":0},"end":{"line":79,"column":28}},"39":{"start":{"line":81,"column":22},"end":{"line":87,"column":2}},"40":{"start":{"line":90,"column":16},"end":{"line":90,"column":37}},"41":{"start":{"line":91,"column":4},"end":{"line":91,"column":47}},"42":{"start":{"line":91,"column":34},"end":{"line":91,"column":47}},"43":{"start":{"line":92,"column":12},"end":{"line":92,"column":32}},"44":{"start":{"line":93,"column":15},"end":{"line":93,"column":26}},"45":{"start":{"line":94,"column":4},"end":{"line":94,"column":42}},"46":{"start":{"line":94,"column":29},"end":{"line":94,"column":42}},"47":{"start":{"line":95,"column":4},"end":{"line":95,"column":55}},"48":{"start":{"line":101,"column":0},"end":{"line":104,"column":3}},"49":{"start":{"line":102,"column":4},"end":{"line":102,"column":17}},"50":{"start":{"line":103,"column":4},"end":{"line":103,"column":14}},"51":{"start":{"line":107,"column":0},"end":{"line":113,"column":3}},"52":{"start":{"line":108,"column":4},"end":{"line":112,"column":65}},"53":{"start":{"line":109,"column":8},"end":{"line":109,"column":39}},"54":{"start":{"line":112,"column":8},"end":{"line":112,"column":65}},"55":{"start":{"line":116,"column":0},"end":{"line":134,"column":3}},"56":{"start":{"line":117,"column":4},"end":{"line":133,"column":23}},"57":{"start":{"line":118,"column":8},"end":{"line":119,"column":29}},"58":{"start":{"line":119,"column":12},"end":{"line":119,"column":29}},"59":{"start":{"line":120,"column":8},"end":{"line":123,"column":9}},"60":{"start":{"line":122,"column":12},"end":{"line":122,"column":46}},"61":{"start":{"line":125,"column":8},"end":{"line":132,"column":11}},"62":{"start":{"line":126,"column":12},"end":{"line":127,"column":33}},"63":{"start":{"line":127,"column":16},"end":{"line":127,"column":33}},"64":{"start":{"line":131,"column":12},"end":{"line":131,"column":38}},"65":{"start":{"line":141,"column":0},"end":{"line":172,"column":3}},"66":{"start":{"line":150,"column":19},"end":{"line":150,"column":40}},"67":{"start":{"line":151,"column":4},"end":{"line":153,"column":5}},"68":{"start":{"line":152,"column":8},"end":{"line":152,"column":64}},"69":{"start":{"line":155,"column":19},"end":{"line":164,"column":5}},"70":{"start":{"line":166,"column":4},"end":{"line":171,"column":5}},"71":{"start":{"line":167,"column":8},"end":{"line":167,"column":39}},"72":{"start":{"line":168,"column":8},"end":{"line":168,"column":30}},"73":{"start":{"line":170,"column":8},"end":{"line":170,"column":89}},"74":{"start":{"line":176,"column":0},"end":{"line":191,"column":3}},"75":{"start":{"line":177,"column":4},"end":{"line":190,"column":5}},"76":{"start":{"line":179,"column":8},"end":{"line":181,"column":9}},"77":{"start":{"line":180,"column":12},"end":{"line":180,"column":125}},"78":{"start":{"line":183,"column":23},"end":{"line":183,"column":60}},"79":{"start":{"line":184,"column":8},"end":{"line":187,"column":29}},"80":{"start":{"line":185,"column":12},"end":{"line":185,"column":41}},"81":{"start":{"line":187,"column":12},"end":{"line":187,"column":29}},"82":{"start":{"line":189,"column":8},"end":{"line":189,"column":30}},"83":{"start":{"line":194,"column":0},"end":{"line":209,"column":3}},"84":{"start":{"line":195,"column":4},"end":{"line":208,"column":5}},"85":{"start":{"line":197,"column":8},"end":{"line":199,"column":9}},"86":{"start":{"line":198,"column":12},"end":{"line":198,"column":125}},"87":{"start":{"line":201,"column":23},"end":{"line":201,"column":67}},"88":{"start":{"line":202,"column":8},"end":{"line":205,"column":29}},"89":{"start":{"line":203,"column":12},"end":{"line":203,"column":41}},"90":{"start":{"line":205,"column":12},"end":{"line":205,"column":29}},"91":{"start":{"line":207,"column":8},"end":{"line":207,"column":30}},"92":{"start":{"line":215,"column":0},"end":{"line":225,"column":3}},"93":{"start":{"line":216,"column":4},"end":{"line":224,"column":5}},"94":{"start":{"line":217,"column":23},"end":{"line":217,"column":68}},"95":{"start":{"line":218,"column":8},"end":{"line":221,"column":29}},"96":{"start":{"line":219,"column":12},"end":{"line":219,"column":41}},"97":{"start":{"line":221,"column":12},"end":{"line":221,"column":29}},"98":{"start":{"line":223,"column":8},"end":{"line":223,"column":30}},"99":{"start":{"line":227,"column":0},"end":{"line":237,"column":3}},"100":{"start":{"line":228,"column":4},"end":{"line":236,"column":5}},"101":{"start":{"line":229,"column":23},"end":{"line":229,"column":67}},"102":{"start":{"line":230,"column":8},"end":{"line":233,"column":29}},"103":{"start":{"line":231,"column":12},"end":{"line":231,"column":41}},"104":{"start":{"line":233,"column":12},"end":{"line":233,"column":29}},"105":{"start":{"line":235,"column":8},"end":{"line":235,"column":30}},"106":{"start":{"line":240,"column":0},"end":{"line":250,"column":3}},"107":{"start":{"line":241,"column":4},"end":{"line":249,"column":5}},"108":{"start":{"line":242,"column":23},"end":{"line":242,"column":99}},"109":{"start":{"line":243,"column":8},"end":{"line":246,"column":29}},"110":{"start":{"line":244,"column":12},"end":{"line":244,"column":41}},"111":{"start":{"line":246,"column":12},"end":{"line":246,"column":29}},"112":{"start":{"line":248,"column":8},"end":{"line":248,"column":30}},"113":{"start":{"line":253,"column":0},"end":{"line":268,"column":3}},"114":{"start":{"line":256,"column":4},"end":{"line":266,"column":5}},"115":{"start":{"line":258,"column":8},"end":{"line":260,"column":9}},"116":{"start":{"line":259,"column":12},"end":{"line":259,"column":125}},"117":{"start":{"line":262,"column":8},"end":{"line":262,"column":72}},"118":{"start":{"line":263,"column":8},"end":{"line":263,"column":30}},"119":{"start":{"line":265,"column":8},"end":{"line":265,"column":87}},"120":{"start":{"line":276,"column":0},"end":{"line":287,"column":3}},"121":{"start":{"line":277,"column":4},"end":{"line":286,"column":5}},"122":{"start":{"line":278,"column":23},"end":{"line":278,"column":88}},"123":{"start":{"line":279,"column":8},"end":{"line":283,"column":9}},"124":{"start":{"line":280,"column":12},"end":{"line":280,"column":41}},"125":{"start":{"line":282,"column":12},"end":{"line":282,"column":29}},"126":{"start":{"line":285,"column":8},"end":{"line":285,"column":30}},"127":{"start":{"line":290,"column":0},"end":{"line":307,"column":2}},"128":{"start":{"line":291,"column":4},"end":{"line":306,"column":5}},"129":{"start":{"line":293,"column":19},"end":{"line":293,"column":34}},"130":{"start":{"line":294,"column":8},"end":{"line":295,"column":34}},"131":{"start":{"line":295,"column":12},"end":{"line":295,"column":34}},"132":{"start":{"line":296,"column":23},"end":{"line":296,"column":57}},"133":{"start":{"line":297,"column":8},"end":{"line":303,"column":9}},"134":{"start":{"line":298,"column":12},"end":{"line":298,"column":41}},"135":{"start":{"line":302,"column":12},"end":{"line":302,"column":29}},"136":{"start":{"line":305,"column":8},"end":{"line":305,"column":30}},"137":{"start":{"line":310,"column":0},"end":{"line":320,"column":3}},"138":{"start":{"line":311,"column":4},"end":{"line":319,"column":5}},"139":{"start":{"line":312,"column":23},"end":{"line":312,"column":65}},"140":{"start":{"line":313,"column":8},"end":{"line":316,"column":29}},"141":{"start":{"line":314,"column":12},"end":{"line":314,"column":41}},"142":{"start":{"line":316,"column":12},"end":{"line":316,"column":29}},"143":{"start":{"line":318,"column":8},"end":{"line":318,"column":30}},"144":{"start":{"line":322,"column":0},"end":{"line":334,"column":3}},"145":{"start":{"line":323,"column":4},"end":{"line":333,"column":5}},"146":{"start":{"line":324,"column":23},"end":{"line":324,"column":50}},"147":{"start":{"line":325,"column":8},"end":{"line":330,"column":9}},"148":{"start":{"line":326,"column":12},"end":{"line":326,"column":41}},"149":{"start":{"line":329,"column":12},"end":{"line":329,"column":29}},"150":{"start":{"line":332,"column":8},"end":{"line":332,"column":30}},"151":{"start":{"line":336,"column":0},"end":{"line":351,"column":2}},"152":{"start":{"line":337,"column":4},"end":{"line":350,"column":5}},"153":{"start":{"line":338,"column":8},"end":{"line":339,"column":34}},"154":{"start":{"line":339,"column":12},"end":{"line":339,"column":34}},"155":{"start":{"line":340,"column":23},"end":{"line":340,"column":93}},"156":{"start":{"line":341,"column":8},"end":{"line":346,"column":9}},"157":{"start":{"line":342,"column":12},"end":{"line":342,"column":41}},"158":{"start":{"line":345,"column":12},"end":{"line":345,"column":29}},"159":{"start":{"line":348,"column":8},"end":{"line":348,"column":25}},"160":{"start":{"line":349,"column":8},"end":{"line":349,"column":30}},"161":{"start":{"line":355,"column":0},"end":{"line":364,"column":3}},"162":{"start":{"line":357,"column":4},"end":{"line":359,"column":5}},"163":{"start":{"line":358,"column":8},"end":{"line":358,"column":121}},"164":{"start":{"line":361,"column":4},"end":{"line":363,"column":44}},"165":{"start":{"line":362,"column":26},"end":{"line":362,"column":44}},"166":{"start":{"line":363,"column":21},"end":{"line":363,"column":42}},"167":{"start":{"line":367,"column":0},"end":{"line":405,"column":3}},"168":{"start":{"line":378,"column":4},"end":{"line":380,"column":5}},"169":{"start":{"line":379,"column":8},"end":{"line":379,"column":121}},"170":{"start":{"line":382,"column":19},"end":{"line":382,"column":40}},"171":{"start":{"line":383,"column":4},"end":{"line":385,"column":5}},"172":{"start":{"line":384,"column":8},"end":{"line":384,"colu
[...]
,"C:\\Users\\luca_\\Desktop\\polito\\softeng2\\SolidarityPurchasingGroup\\server\\user-dao.js": {"path":"C:\\Users\\luca_\\Desktop\\polito\\softeng2\\SolidarityPurchasingGroup\\server\\user-dao.js","statementMap":{"0":{"start":{"line":2,"column":11},"end":{"line":2,"column":26}},"1":{"start":{"line":3,"column":15},"end":{"line":3,"column":32}},"2":{"start":{"line":4,"column":16},"end":{"line":4,"column":33}},"3":{"start":{"line":9,"column":2},"end":{"line":19,"column":2}},"4":{"start":{"line":9,"column":28},"end":{"line":18,"column":1}},"5":{"start":{"line":22,"column":0},"end":{"line":35,"column":2}},"6":{"start":{"line":23,"column":4},"end":{"line":34,"column":7}},"7":{"start":{"line":24,"column":23},"end":{"line":24,"column":81}},"8":{"start":{"line":25,"column":8},"end":{"line":32,"column":11}},"9":{"start":{"line":26,"column":12},"end":{"line":29,"column":13}},"10":{"start":{"line":27,"column":16},"end":{"line":27,"column":28}},"11":{"start":{"line":28,"column":16},"end":{"line":28,"column":23}},"12":{"start":{"line":30,"column":25},"end":{"line":30,"column":43}},"13":{"start":{"line":31,"column":12},"end":{"line":31,"column":27}},"14":{"start":{"line":38,"column":0},"end":{"line":51,"column":2}},"15":{"start":{"line":39,"column":4},"end":{"line":50,"column":7}},"16":{"start":{"line":40,"column":23},"end":{"line":40,"column":65}},"17":{"start":{"line":41,"column":8},"end":{"line":48,"column":11}},"18":{"start":{"line":42,"column":12},"end":{"line":45,"column":13}},"19":{"start":{"line":43,"column":16},"end":{"line":43,"column":28}},"20":{"start":{"line":44,"column":16},"end":{"line":44,"column":23}},"21":{"start":{"line":46,"column":26},"end":{"line":46,"column":44}},"22":{"start":{"line":47,"column":12},"end":{"line":47,"column":27}},"23":{"start":{"line":54,"column":0},"end":{"line":84,"column":3}},"24":{"start":{"line":55,"column":4},"end":{"line":83,"column":7}},"25":{"start":{"line":56,"column":20},"end":{"line":56,"column":57}},"26":{"start":{"line":57,"column":8},"end":{"line":82,"column":11}},"27":{"start":{"line":58,"column":12},"end":{"line":81,"column":13}},"28":{"start":{"line":59,"column":16},"end":{"line":59,"column":28}},"29":{"start":{"line":60,"column":17},"end":{"line":81,"column":13}},"30":{"start":{"line":61,"column":16},"end":{"line":61,"column":31}},"31":{"start":{"line":64,"column":29},"end":{"line":73,"column":17}},"32":{"start":{"line":75,"column":16},"end":{"line":80,"column":19}},"33":{"start":{"line":76,"column":20},"end":{"line":79,"column":39}},"34":{"start":{"line":77,"column":24},"end":{"line":77,"column":38}},"35":{"start":{"line":79,"column":24},"end":{"line":79,"column":39}},"36":{"start":{"line":87,"column":0},"end":{"line":102,"column":2}},"37":{"start":{"line":88,"column":2},"end":{"line":101,"column":5}},"38":{"start":{"line":89,"column":16},"end":{"line":89,"column":50}},"39":{"start":{"line":90,"column":6},"end":{"line":100,"column":7}},"40":{"start":{"line":91,"column":8},"end":{"line":99,"column":9}},"41":{"start":{"line":92,"column":10},"end":{"line":92,"column":22}},"42":{"start":{"line":93,"column":13},"end":{"line":99,"column":9}},"43":{"start":{"line":94,"column":10},"end":{"line":94,"column":46}},"44":{"start":{"line":97,"column":23},"end":{"line":97,"column":174}},"45":{"start":{"line":98,"column":10},"end":{"line":98,"column":24}},"46":{"start":{"line":104,"column":0},"end":{"line":126,"column":2}},"47":{"start":{"line":105,"column":2},"end":{"line":125,"column":5}},"48":{"start":{"line":106,"column":16},"end":{"line":106,"column":53}},"49":{"start":{"line":107,"column":6},"end":{"line":124,"column":7}},"50":{"start":{"line":108,"column":8},"end":{"line":123,"column":9}},"51":{"start":{"line":109,"column":10},"end":{"line":109,"column":22}},"52":{"start":{"line":110,"column":13},"end":{"line":123,"column":9}},"53":{"start":{"line":111,"column":10},"end":{"line":111,"column":25}},"54":{"start":{"line":114,"column":23},"end":{"line":114,"column":100}},"55":{"start":{"line":117,"column":10},"end":{"line":122,"column":13}},"56":{"start":{"line":118,"column":12},"end":{"line":121,"column":29}},"57":{"start":{"line":119,"column":14},"end":{"line":119,"column":28}},"58":{"start":{"line":121,"column":14},"end":{"line":121,"column":29}},"59":{"start":{"line":127,"column":0},"end":{"line":141,"column":2}},"60":{"start":{"line":128,"column":2},"end":{"line":128,"column":34}},"61":{"start":{"line":129,"column":2},"end":{"line":140,"column":5}},"62":{"start":{"line":130,"column":21},"end":{"line":130,"column":58}},"63":{"start":{"line":131,"column":6},"end":{"line":138,"column":9}},"64":{"start":{"line":132,"column":10},"end":{"line":135,"column":11}},"65":{"start":{"line":133,"column":14},"end":{"line":133,"column":26}},"66":{"start":{"line":134,"column":14},"end":{"line":134,"column":21}},"67":{"start":{"line":136,"column":10},"end":{"line":136,"column":31}},"68":{"start":{"line":137,"column":10},"end":{"line":137,"column":37}},"69":{"start":{"line":144,"column":0},"end":{"line":160,"column":2}},"70":{"start":{"line":145,"column":2},"end":{"line":159,"column":5}},"71":{"start":{"line":147,"column":21},"end":{"line":147,"column":117}},"72":{"start":{"line":148,"column":6},"end":{"line":157,"column":9}},"73":{"start":{"line":149,"column":10},"end":{"line":153,"column":11}},"74":{"start":{"line":150,"column":12},"end":{"line":150,"column":28}},"75":{"start":{"line":151,"column":14},"end":{"line":151,"column":26}},"76":{"start":{"line":152,"column":14},"end":{"line":152,"column":21}},"77":{"start":{"line":154,"column":10},"end":{"line":155,"column":35}},"78":{"start":{"line":155,"column":12},"end":{"line":155,"column":35}},"79":{"start":{"line":156,"column":10},"end":{"line":156,"column":27}},"80":{"start":{"line":162,"column":0},"end":{"line":174,"column":2}},"81":{"start":{"line":163,"column":2},"end":{"line":173,"column":5}},"82":{"start":{"line":164,"column":21},"end":{"line":164,"column":156}},"83":{"start":{"line":165,"column":6},"end":{"line":171,"column":9}},"84":{"start":{"line":166,"column":10},"end":{"line":169,"column":11}},"85":{"start":{"line":167,"column":14},"end":{"line":167,"column":26}},"86":{"start":{"line":168,"column":14},"end":{"line":168,"column":21}},"87":{"start":{"line":170,"column":10},"end":{"line":170,"column":27}},"88":{"start":{"line":177,"column":0},"end":{"line":188,"column":2}},"89":{"start":{"line":178,"column":2},"end":{"line":187,"column":5}},"90":{"start":{"line":179,"column":16},"end":{"line":179,"column":57}},"91":{"start":{"line":180,"column":4},"end":{"line":186,"column":7}},"92":{"start":{"line":181,"column":6},"end":{"line":184,"column":7}},"93":{"start":{"line":182,"column":8},"end":{"line":182,"column":20}},"94":{"start":{"line":183,"column":8},"end":{"line":183,"column":15}},"95":{"start":{"line":185,"column":6},"end":{"line":185,"column":27}},"96":{"start":{"line":190,"column":0},"end":{"line":201,"column":2}},"97":{"start":{"line":191,"column":2},"end":{"line":200,"column":5}},"98":{"start":{"line":192,"column":16},"end":{"line":192,"column":64}},"99":{"start":{"line":193,"column":4},"end":{"line":199,"column":7}},"100":{"start":{"line":194,"column":6},"end":{"line":197,"column":7}},"101":{"start":{"line":195,"column":8},"end":{"line":195,"column":20}},"102":{"start":{"line":196,"column":8},"end":{"line":196,"column":15}},"103":{"start":{"line":198,"column":6},"end":{"line":198,"column":27}}},"fnMap":{"0":{"name":"userReturned","decl":{"start":{"line":8,"column":9},"end":{"line":8,"column":21}},"loc":{"start":{"line":8,"column":27},"end":{"line":20,"column":1}},"line":8},"1":{"name":"(anonymous_1)","decl":{"start":{"line":9,"column":18},"end":{"line":9,"column":19}},"loc":{"start":{"line":9,"column":28},"end":{"line":18,"column":1}},"line":9},"2":{"name":"(anonymous_2)","decl":{"start":{"line":22,"column":19},"end":{"line":22,"column":20}},"loc":{"start":{"line":22,"column":35},"end":{"line":35,"column":1}},"line":22},"3":{"name":"(anonymous_3)","decl":{"start":{"line":23,"column":23},"end":{"line":23,"column":24}},"loc":{"start":{"line":23,"column":50},"end":{"line":34,"column":5}},"line":23},"4":{"name":"(anonymous_4)","decl":{"start":{"line":25,"column":25},"end":{"line":25,"column":26}},"loc":{"start":{"line":25,"column":40},"end":{"line":32,"column":9}},"line":25},"5":{"name":"(anonymous_5)","decl":{"start":{"line":38,"column":31},"end":{"line":38,"column":32}},"loc":{"start":{"line":38,"column":47},"end":{"line":51,"column":1}},"line":38},"6":{"name":"(anonymous_6)","decl":{"start":{"line":39,"column":23},"end":{"line":39,"column":24}},"loc":{"start":{"line":39,"column":50},"end":{"line":50,"column":5}},"line":39},"7":{"name":"(anonymous_7)","decl":{"start":{"line":41,"column":39},"end":{"line":41,"column":40}},"loc":{"start":{"line":41,"column":54},"end":{"line":48,"column":9}},"line":41},"8":{"name":"(anonymous_8)","decl":{"start":{"line":54,"column":18},"end":{"line":54,"column":19}},"loc":{"start":{"line":54,"column":39},"end":{"line":84,"column":3}},"line":54},"9":{"name":"(anonymous_9)","decl":{"start":{"line":55,"column":23},"end":{"line":55,"column":24}},"loc":{"start":{"line":55,"column":44},"end":{"line":83,"column":5}},"line":55},"10":{"name":"(anonymous_10)","decl":{"start":{"line":57,"column":29},"end":{"line":57,"column":30}},"loc":{"start":{"line":57,"column":43},"end":{"line":82,"column":9}},"line":57},"11":{"name":"(anonymous_11)","decl":{"start":{"line":75,"column":56},"end":{"line":75,"column":57}},"loc":{"start":{"line":75,"column":68},"end":{"line":80,"column":17}},"line":75},"12":{"name":"(anonymous_12)","decl":{"start":{"line":87,"column":22},"end":{"line":87,"column":23}},"loc":{"start":{"line":87,"column":30},"end":{"line":102,"column":1}},"line":87},"13":{"name":"(anonymous_13)","decl":{"start":{"line":88,"column":21},"end":{"line":88,"column":22}},"loc":{"start":{"line":88,"column":42},"end":{"line":101,"column":3}},"line":88},"14":{"name":"(anonymous_14)","decl":{"start":{"line":90,"column":24},"end":{"line":90,"column":25}},"loc":{"start":{"line":90,"column":38},"end":{"line":100,"column":5}},"line":90},"15":{"name":"(anonymous_15)","decl":{"start":{"line":104,"column":18},"end":{"line":104,"column":19}},"loc":{"start":{"line":104,"column":39},"end":{"line":126,"column":1}},"line":104},"16":{"name":"(anonymous_16)","decl":{"start":{"line":105,"column":21},"end":{"line":105,"column":22}},"loc":{"start":{"line":105,"column":42},"end":{"line":125,"column":3}},"line":105},"17":{"name":"(anonymous_17)","decl":{"start":{"line":107,"column":27},"end":{"line":107,"column":28}},"loc":{"start":{"line":107,"column":41},"end":{"line":124,"column":5}},"line":107},"18":{"name":"(anonymous_18)","decl":{"start":{"line":117,"column":54},"end":{"line":117,"column":55}},"loc":{"start":{"line":117,"column":64},"end":{"line":122,"column":11}},"line":117},"19":{"name":"(anonymous_19)","decl":{"start":{"line":127,"column":27},"end":{"line":127,"column":28}},"loc":{"start":{"line":127,"column":35},"end":{"line":141,"column":1}},"line":127},"20":{"name":"(anonymous_20)","decl":{"start":{"line":129,"column":21},"end":{"line":129,"column":22}},"loc":{"start":{"line":129,"column":48},"end":{"line":140,"column":3}},"line":129},"21":{"name":"(anonymous_21)","decl":{"start":{"line":131,"column":29},"end":{"line":131,"column":30}},"loc":{"start":{"line":131,"column":44},"end":{"line":138,"column":7}},"line":131},"22":{"name":"(anonymous_22)","decl":{"start":{"line":144,"column":28},"end":{"line":144,"column":29}},"loc":{"start":{"line":144,"column":36},"end":{"line":160,"column":1}},"line":144},"23":{"name":"(anonymous_23)","decl":{"start":{"line":145,"column":21},"end":{"line":145,"column":22}},"loc":{"start":{"line":145,"column":48},"end":{"line":159,"column":3}},"line":145},"24":{"name":"(anonymous_24)","decl":{"start":{"line":148,"column":28},"end":{"line":148,"column":29}},"loc":{"start":{"line":148,"column":43},"end":{"line":157,"column":7}},"line":148},"25":{"name":"(anonymous_25)","decl":{"start":{"line":162,"column":39},"end":{"line":162,"column":40}},"loc":{"start":{"line":162,"column":54},"end":{"line":174,"column":1}},"line":162},"26":{"name":"(anonymous_26)","decl":{"start":{"line":163,"column":21},"end":{"line":163,"column":22}},"loc":{"start":{"line":163,"column":48},"end":{"line":173,"column":3}},"line":163},"27":{"name":"(anonymous_27)","decl":{"start":{"line":165,"column":43},"end":{"line":165,"column":44}},"loc":{"start":{"line":165,"column":58},"end":{"line":171,"column":7}},"line":165},"28":{"name":"(anonymous_28)","decl":{"start":{"line":177,"column":22},"end":{"line":177,"column":23}},"loc":{"start":{"line":177,"column":42},"end":{"line":188,"column":1}},"line":177},"29":{"name":"(anonymous_29)","decl":{"start":{"line":178,"column":21},"end":{"line":178,"column":22}},"loc":{"start":{"line":178,"column":42},"end":{"line":187,"column":3}},"line":178},"30":{"name":"(anonymous_30)","decl":{"start":{"line":180,"column":34},"end":{"line":180,"column":35}},"loc":{"start":{"line":180,"column":49},"end":{"line":186,"column":5}},"line":180},"31":{"name":"(anonymous_31)","decl":{"start":{"line":190,"column":25},"end":{"line":190,"column":26}},"loc":{"start":{"line":190,"column":45},"end":{"line":201,"column":1}},"line":190},"32":{"name":"(anonymous_32)","decl":{"start":{"line":191,"column":21},"end":{"line":191,"column":22}},"loc":{"start":{"line":191,"column":42},"end":{"line":200,"column":3}},"line":191},"33":{"name":"(anonymous_33)","decl":{"start":{"line":193,"column":34},"end":{"line":193,"column":35}},"loc":{"start":{"line":193,"column":49},"end":{"line":199,"column":5}},"line":193}},"branchMap":{"0":{"loc":{"start":{"line":26,"column":12},"end":{"line":29,"column":13}},"type":"if","locations":[{"start":{"line":26,"column":12},"end":{"line":29,"column":13}},{"start":{},"end":{}}],"line":26},"1":{"loc":{"start":{"line":42,"column":12},"end":{"line":45,"column":13}},"type":"if","locations":[{"start":{"line":42,"column":12},"end":{"line":45,"column":13}},{"start":{},"end":{}}],"line":42},"2":{"loc":{"start":{"line":58,"column":12},"end":{"line":81,"column":13}},"type":"if","locations":[{"start":{"line":58,"column":12},"end":{"line":81,"column":13}},{"start":{"line":60,"column":17},"end":{"line":81,"column":13}}],"line":58},"3":{"loc":{"start":{"line":60,"column":17},"end":{"line":81,"column":13}},"type":"if","locations":[{"start":{"line":60,"column":17},"end":{"line":81,"column":13}},{"start":{"line":63,"column":17},"end":{"line":81,"column":13}}],"line":60},"4":{"loc":{"start":{"line":76,"column":20},"end":{"line":79,"column":39}},"type":"if","locations":[{"start":{"line":76,"column":20},"end":{"line":79,"column":39}},{"start":{"line":79,"column":24},"end":{"line":79,"column":39}}],"line":76},"5":{"loc":{"start":{"line":91,"column":8},"end":{"line":99,"column":9}},"type":"if","locations":[{"start":{"line":91,"column":8},"end":{"line":99,"column":9}},{"start":{"line":93,"column":13},"end":{"line":99,"column":9}}],"line":91},"6":{"loc":{"start":{"line":93,"column":13},"end":{"line":99,"column":9}},"type":"if","locations":[{"start":{"line":93,"column":13},"end":{"line":99,"column":9}},{"start":{"line":95,"column":13},"end":{"line":99,"column":9}}],"line":93},"7":{"loc":{"start":{"line":108,"column":8},"end":{"line":123,"column":9}},"type":"if","locations":[{"start":{"line":108,"column":8},"end":{"line":123,"column":9}},{"start":{"line":110,"column":13},"end":{"line":123,"column":9}}],"line":108},"8":{"loc":{"start":{"line":110,"column":13},"end":{"line":123,"column":9}},"type":"if","locations":[{"start":{"line":110,"column":13},"end":{"line":123,"column":9}},{"start":{"line":113,"column":13},"end":{"line":123,"column":9}}],"line":110},"9":{"loc":{"start":{"line":118,"column":12},"end":{"line":121,"column":29}},"type":"if","locations":[{"start":{"line":118,"column":12},"end":{"line":121,"column":29}},{"start":{"line":121,"column":14},"end":{"line":121,"column":29}}],"line":118},"10":{"loc":{"start":{"line":132,"column":10},"end":{"line":135,"column":11}},"type":"if","locations":[{"start":{"line":132,"column":10},"end":{"line":135,"column":11}},{"start":{},"end":{}}],"line":132},"11":{"loc":{"start":{"line":149,"column":10},"end":{"line":153,"column":11}},"type":"if","locations":[{"start":{"line":149,"column":10},"end":{"line":153,"column":11}},{"start":{},"end":{}}],"line":149},"12":{"loc":{"start":{"line":154,"column":10},"end":{"line":155,"column":35}},"type":"if","locations":[{"start":{"line":154,"column":10},"end":{"line":155,"column":35}},{"start":{},"end":{}}],"line":154},"13":{"loc":{"start":{"line":166,"column":10},"end":{"line":169,"column":11}},"type":"if","locations":[{"start":{"line":166,"column":10},"end":{"line":169,"column":11}},{"start":{},"end":{}}],"line":166},"14":{"loc":{"start":{"line":181,"column":6},"end":{"line":184,"column":7}},"type":"if","locations":[{"start":{"line":181,"column":6},"end":{"line":184,"column":7}},{"start":{},"end":{}}],"line":181},"15":{"loc":{"start":{"line":194,"column":6},"end":{"line":197,"column":7}},"type":"if","locations":[{"start":{"line":194,"column":6},"end":{"line":197,"column":7}},{"start":{},"end":{}}],"line":194}},"s":{"0":1,"1":1,"2":1,"3":2,"4":14,"5":1,"6":0,"7":0,"8":0,"9":0,"10":0,"11":0,"12":0,"13":0,"14":1,"15":2,"16":2,"17":2,"18":2,"19":0,"20":0,"21":2,"22":2,"23":1,"24":0,"25":0,"26":0,"27":0,"28":0,"29":0,"30":0,"31":0,"32":0,"33":0,"34":0,"35":0,"36":1,"37":103,"38":103,"39":103,"40":103,"41":0,"42":103,"43":0,"44":103,"45":103,"46":1,"47":50,"48":50,"49":50,"50":50,"51":0,"52":50,"53":2,"54":48,"55":48,"56":48,"57":47,"58":1,"59":1,"60":55,"61":55,"62":55,"63":55,"64":55,"65":0,"66":0,"67":55,"68":55,"69":1,"70":0,"71":0,"72":0,"73":0,"74":0,"75":0,"76":0,"77":0,"78":0,"79":0,"80":1,"81":0,"82":0,"83":0,"84":0,"85":0,"86":0,"87":0,"88":1,"89":2,"90":2,"91":2,"92":2,"93":0,"94":0,"95":2,"96":1,"97":20,"98":20,"99":20,"100":20,"101":0,"102":0,"103":20},"f":{"0":2,"1":14,"2":0,"3":0,"4":0,"5":2,"6":2,"7":2,"8":0,"9":0,"10":0,"11":0,"12":103,"13":103,"14":103,"15":50,"16":50,"17":50,"18":48,"19":55,"20":55,"21":55,"22":0,"23":0,"24":0,"25":0,"26":0,"27":0,"28":2,"29":2,"30":2,"31":20,"32":20,"33":20},"b":{"0":[0,0],"1":[0,2],"2":[0,0],"3":[0,0],"4":[0,0],"5":[0,103],"6":[0,103],"7":[0,50],"8":[2,48],"9":[47,1],"10":[0,55],"11":[0,0],"12":[0,0],"13":[0,0],"14":[0,2],"15":[0,20]},"_coverageSchema":"1a1c01bbd47fc00a2c39e90264f33305004495a9","hash":"c9f0455fd6686b019d074df556420bd6a9d282df"}
}
