TN:
SF:credentials.js
FNF:0
FNH:0
DA:1,1
DA:6,1
DA:11,1
DA:16,1
DA:21,1
DA:26,1
LF:6
LH:6
BRF:0
BRH:0
end_of_record
TN:
SF:dao.js
FN:9,(anonymous_0)
FN:10,(anonymous_1)
FN:13,(anonymous_2)
FN:25,(anonymous_3)
FN:38,(anonymous_4)
FN:39,(anonymous_5)
FN:41,(anonymous_6)
FNF:7
FNH:7
FNDA:1,(anonymous_0)
FNDA:1,(anonymous_1)
FNDA:1,(anonymous_2)
FNDA:1,(anonymous_3)
FNDA:2,(anonymous_4)
FNDA:2,(anonymous_5)
FNDA:2,(anonymous_6)
DA:3,1
DA:4,1
DA:9,1
DA:10,1
DA:11,1
DA:12,1
DA:13,1
DA:14,1
DA:15,0
DA:16,0
DA:18,1
DA:19,0
DA:21,1
DA:23,1
DA:24,1
DA:25,1
DA:26,1
DA:27,0
DA:28,0
DA:30,1
DA:38,1
DA:39,2
DA:40,2
DA:41,2
DA:42,2
DA:43,0
DA:44,0
DA:46,2
LF:28
LH:21
BRDA:14,0,0,0
BRDA:14,0,1,1
BRDA:18,1,0,0
BRDA:18,1,1,1
BRDA:26,2,0,0
BRDA:26,2,1,1
BRDA:42,3,0,0
BRDA:42,3,1,2
BRF:8
BRH:4
end_of_record
TN:
SF:db.js
FN:6,(anonymous_0)
FNF:1
FNH:1
FNDA:1,(anonymous_0)
DA:3,1
DA:6,1
DA:7,1
DA:10,1
LF:4
LH:4
BRDA:7,0,0,0
BRDA:7,0,1,1
BRF:2
BRH:1
end_of_record
TN:
SF:notification-dao.js
FN:5,(anonymous_0)
FN:6,(anonymous_1)
FN:14,(anonymous_2)
FN:25,(anonymous_3)
FN:26,(anonymous_4)
FN:28,(anonymous_5)
FN:33,(anonymous_6)
FN:50,(anonymous_7)
FN:51,(anonymous_8)
FN:53,(anonymous_9)
FN:64,(anonymous_10)
FN:65,(anonymous_11)
FN:70,(anonymous_12)
FN:74,(anonymous_13)
FNF:14
FNH:10
FNDA:1,(anonymous_0)
FNDA:1,(anonymous_1)
FNDA:1,(anonymous_2)
FNDA:1,(anonymous_3)
FNDA:1,(anonymous_4)
FNDA:1,(anonymous_5)
FNDA:1,(anonymous_6)
FNDA:1,(anonymous_7)
FNDA:1,(anonymous_8)
FNDA:1,(anonymous_9)
FNDA:0,(anonymous_10)
FNDA:0,(anonymous_11)
FNDA:0,(anonymous_12)
FNDA:0,(anonymous_13)
DA:2,1
DA:3,1
DA:5,1
DA:6,1
DA:7,1
DA:8,1
DA:15,1
DA:16,0
DA:17,0
DA:20,1
DA:25,1
DA:26,1
DA:27,1
DA:28,1
DA:29,1
DA:30,0
DA:31,0
DA:33,1
DA:45,1
DA:50,1
DA:51,1
DA:52,1
DA:53,1
DA:54,1
DA:55,0
DA:56,0
DA:57,0
DA:59,1
DA:64,1
DA:65,0
DA:66,0
DA:70,0
DA:71,0
DA:72,0
DA:74,0
DA:75,0
DA:80,0
LF:37
LH:22
BRDA:15,0,0,0
BRDA:15,0,1,1
BRDA:29,1,0,0
BRDA:29,1,1,1
BRDA:54,2,0,0
BRDA:54,2,1,1
BRDA:71,3,0,0
BRDA:71,3,1,0
BRF:8
BRH:3
end_of_record
TN:
SF:order-dao.js
FN:5,(anonymous_0)
FN:6,(anonymous_1)
FN:14,(anonymous_2)
FN:24,(anonymous_3)
FN:25,(anonymous_4)
FN:31,(anonymous_5)
FN:41,(anonymous_6)
FN:42,(anonymous_7)
FN:44,(anonymous_8)
FN:54,(anonymous_9)
FN:55,(anonymous_10)
FN:57,(anonymous_11)
FN:67,(anonymous_12)
FN:68,(anonymous_13)
FN:70,(anonymous_14)
FN:75,(anonymous_15)
FN:81,(anonymous_16)
FN:82,(anonymous_17)
FN:84,(anonymous_18)
FN:89,(anonymous_19)
FN:98,(anonymous_20)
FN:99,(anonymous_21)
FN:101,(anonymous_22)
FN:106,(anonymous_23)
FN:112,(anonymous_24)
FN:113,(anonymous_25)
FN:115,(anonymous_26)
FN:120,(anonymous_27)
FN:126,(anonymous_28)
FN:127,(anonymous_29)
FN:130,(anonymous_30)
FN:135,(anonymous_31)
FN:138,(anonymous_32)
FN:140,(anonymous_33)
FN:150,(anonymous_34)
FN:158,(anonymous_35)
FN:172,(anonymous_36)
FN:173,(anonymous_37)
FN:175,(anonymous_38)
FN:186,(anonymous_39)
FN:187,(anonymous_40)
FN:189,(anonymous_41)
FN:195,(anonymous_42)
FN:201,(anonymous_43)
FN:202,(anonymous_44)
FN:204,(anonymous_45)
FN:210,(anonymous_46)
FN:216,(anonymous_47)
FN:217,(anonymous_48)
FN:222,(anonymous_49)
FN:228,(anonymous_50)
FN:234,(anonymous_51)
FN:235,(anonymous_52)
FN:237,(anonymous_53)
FN:242,(anonymous_54)
FN:248,(anonymous_55)
FN:249,(anonymous_56)
FN:251,(anonymous_57)
FN:265,(anonymous_58)
FN:266,(anonymous_59)
FN:268,(anonymous_60)
FN:274,(anonymous_61)
FN:286,(anonymous_62)
FN:287,(anonymous_63)
FN:296,(anonymous_64)
FN:302,(anonymous_65)
FN:313,(anonymous_66)
FN:314,(anonymous_67)
FN:316,(anonymous_68)
FN:322,(anonymous_69)
FN:333,(anonymous_70)
FN:334,(anonymous_71)
FN:336,(anonymous_72)
FN:342,(anonymous_73)
FN:348,(anonymous_74)
FN:349,(anonymous_75)
FN:351,(anonymous_76)
FN:360,(anonymous_77)
FN:361,(anonymous_78)
FN:363,(anonymous_79)
FN:373,(anonymous_80)
FN:374,(anonymous_81)
FN:376,(anonymous_82)
FN:386,(anonymous_83)
FN:389,(anonymous_84)
FN:391,(anonymous_85)
FN:402,(anonymous_86)
FN:405,(anonymous_87)
FN:407,(anonymous_88)
FN:418,(anonymous_89)
FN:419,(anonymous_90)
FN:421,(anonymous_91)
FN:431,(anonymous_92)
FN:432,(anonymous_93)
FN:434,(anonymous_94)
FN:445,(anonymous_95)
FN:446,(anonymous_96)
FN:448,(anonymous_97)
FN:459,(anonymous_98)
FN:460,(anonymous_99)
FN:462,(anonymous_100)
FN:477,(anonymous_101)
FN:478,(anonymous_102)
FN:485,(anonymous_103)
FN:495,datePadding
FN:500,formatDate
FNF:106
FNH:26
FNDA:0,(anonymous_0)
FNDA:0,(anonymous_1)
FNDA:0,(anonymous_2)
FNDA:0,(anonymous_3)
FNDA:0,(anonymous_4)
FNDA:0,(anonymous_5)
FNDA:0,(anonymous_6)
FNDA:0,(anonymous_7)
FNDA:0,(anonymous_8)
FNDA:5,(anonymous_9)
FNDA:5,(anonymous_10)
FNDA:5,(anonymous_11)
FNDA:4,(anonymous_12)
FNDA:4,(anonymous_13)
FNDA:4,(anonymous_14)
FNDA:12,(anonymous_15)
FNDA:1,(anonymous_16)
FNDA:1,(anonymous_17)
FNDA:1,(anonymous_18)
FNDA:1,(anonymous_19)
FNDA:1,(anonymous_20)
FNDA:1,(anonymous_21)
FNDA:1,(anonymous_22)
FNDA:1,(anonymous_23)
FNDA:0,(anonymous_24)
FNDA:0,(anonymous_25)
FNDA:0,(anonymous_26)
FNDA:0,(anonymous_27)
FNDA:2,(anonymous_28)
FNDA:2,(anonymous_29)
FNDA:2,(anonymous_30)
FNDA:0,(anonymous_31)
FNDA:0,(anonymous_32)
FNDA:0,(anonymous_33)
FNDA:2,(anonymous_34)
FNDA:2,(anonymous_35)
FNDA:1,(anonymous_36)
FNDA:1,(anonymous_37)
FNDA:1,(anonymous_38)
FNDA:1,(anonymous_39)
FNDA:1,(anonymous_40)
FNDA:1,(anonymous_41)
FNDA:0,(anonymous_42)
FNDA:0,(anonymous_43)
FNDA:0,(anonymous_44)
FNDA:0,(anonymous_45)
FNDA:0,(anonymous_46)
FNDA:0,(anonymous_47)
FNDA:0,(anonymous_48)
FNDA:0,(anonymous_49)
FNDA:0,(anonymous_50)
FNDA:0,(anonymous_51)
FNDA:0,(anonymous_52)
FNDA:0,(anonymous_53)
FNDA:0,(anonymous_54)
FNDA:0,(anonymous_55)
FNDA:0,(anonymous_56)
FNDA:0,(anonymous_57)
FNDA:0,(anonymous_58)
FNDA:0,(anonymous_59)
FNDA:0,(anonymous_60)
FNDA:0,(anonymous_61)
FNDA:0,(anonymous_62)
FNDA:0,(anonymous_63)
FNDA:0,(anonymous_64)
FNDA:0,(anonymous_65)
FNDA:0,(anonymous_66)
FNDA:0,(anonymous_67)
FNDA:0,(anonymous_68)
FNDA:0,(anonymous_69)
FNDA:0,(anonymous_70)
FNDA:0,(anonymous_71)
FNDA:0,(anonymous_72)
FNDA:0,(anonymous_73)
FNDA:0,(anonymous_74)
FNDA:0,(anonymous_75)
FNDA:0,(anonymous_76)
FNDA:0,(anonymous_77)
FNDA:0,(anonymous_78)
FNDA:0,(anonymous_79)
FNDA:0,(anonymous_80)
FNDA:0,(anonymous_81)
FNDA:0,(anonymous_82)
FNDA:0,(anonymous_83)
FNDA:0,(anonymous_84)
FNDA:0,(anonymous_85)
FNDA:0,(anonymous_86)
FNDA:0,(anonymous_87)
FNDA:0,(anonymous_88)
FNDA:0,(anonymous_89)
FNDA:0,(anonymous_90)
FNDA:0,(anonymous_91)
FNDA:0,(anonymous_92)
FNDA:0,(anonymous_93)
FNDA:0,(anonymous_94)
FNDA:0,(anonymous_95)
FNDA:0,(anonymous_96)
FNDA:0,(anonymous_97)
FNDA:0,(anonymous_98)
FNDA:0,(anonymous_99)
FNDA:0,(anonymous_100)
FNDA:0,(anonymous_101)
FNDA:0,(anonymous_102)
FNDA:0,(anonymous_103)
FNDA:0,datePadding
FNDA:0,formatDate
DA:2,1
DA:3,1
DA:5,1
DA:6,0
DA:7,0
DA:8,0
DA:15,0
DA:16,0
DA:19,0
DA:24,1
DA:25,0
DA:26,0
DA:27,0
DA:32,0
DA:33,0
DA:36,0
DA:41,1
DA:42,0
DA:43,0
DA:44,0
DA:45,0
DA:46,0
DA:49,0
DA:54,1
DA:55,5
DA:56,5
DA:57,5
DA:58,5
DA:59,0
DA:61,5
DA:67,1
DA:68,4
DA:69,4
DA:70,4
DA:71,4
DA:72,0
DA:75,12
DA:76,4
DA:81,1
DA:82,1
DA:83,1
DA:84,1
DA:85,1
DA:86,0
DA:89,1
DA:90,1
DA:98,1
DA:99,1
DA:100,1
DA:101,1
DA:102,1
DA:103,0
DA:106,1
DA:107,1
DA:112,1
DA:113,0
DA:114,0
DA:115,0
DA:116,0
DA:117,0
DA:120,0
DA:121,0
DA:126,1
DA:127,2
DA:129,2
DA:130,2
DA:131,2
DA:132,0
DA:135,2
DA:136,0
DA:138,2
DA:139,0
DA:140,0
DA:141,0
DA:142,0
DA:145,0
DA:149,2
DA:150,2
DA:151,2
DA:152,0
DA:155,2
DA:157,2
DA:158,2
DA:159,2
DA:160,0
DA:163,2
DA:172,1
DA:173,1
DA:174,1
DA:175,1
DA:176,1
DA:177,0
DA:180,1
DA:181,1
DA:186,1
DA:187,1
DA:188,1
DA:189,1
DA:190,1
DA:191,0
DA:194,1
DA:195,1
DA:196,1
DA:201,1
DA:202,0
DA:203,0
DA:204,0
DA:205,0
DA:206,0
DA:210,0
DA:211,0
DA:216,1
DA:217,0
DA:218,0
DA:219,0
DA:220,0
DA:221,0
DA:222,0
DA:223,0
DA:224,0
DA:228,0
DA:229,0
DA:234,1
DA:235,0
DA:236,0
DA:237,0
DA:238,0
DA:239,0
DA:242,0
DA:243,0
DA:248,1
DA:249,0
DA:250,0
DA:251,0
DA:252,0
DA:253,0
DA:256,0
DA:265,1
DA:266,0
DA:267,0
DA:268,0
DA:269,0
DA:270,0
DA:274,0
DA:275,0
DA:286,1
DA:287,0
DA:290,0
DA:291,0
DA:293,0
DA:296,0
DA:297,0
DA:298,0
DA:302,0
DA:303,0
DA:313,1
DA:314,0
DA:315,0
DA:316,0
DA:317,0
DA:318,0
DA:322,0
DA:323,0
DA:333,1
DA:334,0
DA:335,0
DA:336,0
DA:337,0
DA:338,0
DA:342,0
DA:343,0
DA:348,1
DA:349,0
DA:350,0
DA:351,0
DA:352,0
DA:353,0
DA:355,0
DA:360,1
DA:361,0
DA:362,0
DA:363,0
DA:364,0
DA:365,0
DA:366,0
DA:368,0
DA:373,1
DA:374,0
DA:375,0
DA:376,0
DA:377,0
DA:378,0
DA:379,0
DA:381,0
DA:386,1
DA:387,0
DA:388,0
DA:389,0
DA:390,0
DA:391,0
DA:392,0
DA:393,0
DA:394,0
DA:398,0
DA:402,1
DA:403,0
DA:404,0
DA:405,0
DA:406,0
DA:407,0
DA:408,0
DA:409,0
DA:410,0
DA:414,0
DA:418,1
DA:419,0
DA:420,0
DA:421,0
DA:422,0
DA:423,0
DA:424,0
DA:426,0
DA:431,1
DA:432,0
DA:433,0
DA:434,0
DA:435,0
DA:436,0
DA:439,0
DA:440,0
DA:445,1
DA:446,0
DA:447,0
DA:448,0
DA:449,0
DA:450,0
DA:453,0
DA:454,0
DA:459,1
DA:460,0
DA:461,0
DA:462,0
DA:463,0
DA:464,0
DA:467,0
DA:468,0
DA:477,1
DA:478,0
DA:479,0
DA:480,0
DA:481,0
DA:482,0
DA:485,0
DA:486,0
DA:487,0
DA:488,0
DA:490,0
DA:496,0
DA:497,0
DA:501,0
DA:503,0
LF:261
LH:81
BRDA:15,0,0,0
BRDA:15,0,1,0
BRDA:32,1,0,0
BRDA:32,1,1,0
BRDA:45,2,0,0
BRDA:45,2,1,0
BRDA:58,3,0,0
BRDA:58,3,1,5
BRDA:71,4,0,0
BRDA:71,4,1,4
BRDA:85,5,0,0
BRDA:85,5,1,1
BRDA:102,6,0,0
BRDA:102,6,1,1
BRDA:116,7,0,0
BRDA:116,7,1,0
BRDA:131,8,0,0
BRDA:131,8,1,2
BRDA:141,9,0,0
BRDA:141,9,1,0
BRDA:151,10,0,0
BRDA:151,10,1,2
BRDA:159,11,0,0
BRDA:159,11,1,2
BRDA:176,12,0,0
BRDA:176,12,1,1
BRDA:190,13,0,0
BRDA:190,13,1,1
BRDA:205,14,0,0
BRDA:205,14,1,0
BRDA:223,15,0,0
BRDA:223,15,1,0
BRDA:238,16,0,0
BRDA:238,16,1,0
BRDA:252,17,0,0
BRDA:252,17,1,0
BRDA:269,18,0,0
BRDA:269,18,1,0
BRDA:297,19,0,0
BRDA:297,19,1,0
BRDA:317,20,0,0
BRDA:317,20,1,0
BRDA:337,21,0,0
BRDA:337,21,1,0
BRDA:352,22,0,0
BRDA:352,22,1,0
BRDA:364,23,0,0
BRDA:364,23,1,0
BRDA:377,24,0,0
BRDA:377,24,1,0
BRDA:392,25,0,0
BRDA:392,25,1,0
BRDA:408,26,0,0
BRDA:408,26,1,0
BRDA:422,27,0,0
BRDA:422,27,1,0
BRDA:435,28,0,0
BRDA:435,28,1,0
BRDA:449,29,0,0
BRDA:449,29,1,0
BRDA:463,30,0,0
BRDA:463,30,1,0
BRDA:486,31,0,0
BRDA:486,31,1,0
BRDA:497,32,0,0
BRDA:497,32,1,0
BRF:66
BRH:9
end_of_record
TN:
SF:product-dao.js
FN:9,productsReturned
FN:10,(anonymous_1)
FN:31,(anonymous_2)
FN:32,(anonymous_3)
FN:35,(anonymous_4)
FN:48,(anonymous_5)
FN:49,(anonymous_6)
FN:54,(anonymous_7)
FN:66,(anonymous_8)
FN:67,(anonymous_9)
FN:69,(anonymous_10)
FN:74,(anonymous_11)
FN:80,(anonymous_12)
FN:82,(anonymous_13)
FN:84,(anonymous_14)
FN:89,(anonymous_15)
FN:98,(anonymous_16)
FN:124,(anonymous_17)
FN:125,(anonymous_18)
FN:127,(anonymous_19)
FN:132,(anonymous_20)
FN:142,(anonymous_21)
FN:143,(anonymous_22)
FN:146,(anonymous_23)
FN:158,(anonymous_24)
FN:159,(anonymous_25)
FN:161,(anonymous_26)
FN:167,(anonymous_27)
FN:174,(anonymous_28)
FN:175,(anonymous_29)
FN:177,(anonymous_30)
FN:188,(anonymous_31)
FN:189,(anonymous_32)
FN:191,(anonymous_33)
FN:202,(anonymous_34)
FN:203,(anonymous_35)
FN:205,(anonymous_36)
FN:214,(anonymous_37)
FN:215,(anonymous_38)
FN:217,(anonymous_39)
FN:226,(anonymous_40)
FN:227,(anonymous_41)
FN:229,(anonymous_42)
FN:239,(anonymous_43)
FN:240,(anonymous_44)
FN:242,(anonymous_45)
FN:253,(anonymous_46)
FN:254,(anonymous_47)
FN:256,(anonymous_48)
FNF:49
FNH:25
FNDA:10,productsReturned
FNDA:121,(anonymous_1)
FNDA:3,(anonymous_2)
FNDA:3,(anonymous_3)
FNDA:3,(anonymous_4)
FNDA:0,(anonymous_5)
FNDA:0,(anonymous_6)
FNDA:0,(anonymous_7)
FNDA:0,(anonymous_8)
FNDA:0,(anonymous_9)
FNDA:0,(anonymous_10)
FNDA:0,(anonymous_11)
FNDA:0,(anonymous_12)
FNDA:0,(anonymous_13)
FNDA:0,(anonymous_14)
FNDA:0,(anonymous_15)
FNDA:0,(anonymous_16)
FNDA:1,(anonymous_17)
FNDA:1,(anonymous_18)
FNDA:1,(anonymous_19)
FNDA:6,(anonymous_20)
FNDA:7,(anonymous_21)
FNDA:7,(anonymous_22)
FNDA:7,(anonymous_23)
FNDA:2,(anonymous_24)
FNDA:2,(anonymous_25)
FNDA:2,(anonymous_26)
FNDA:9,(anonymous_27)
FNDA:2,(anonymous_28)
FNDA:2,(anonymous_29)
FNDA:2,(anonymous_30)
FNDA:2,(anonymous_31)
FNDA:2,(anonymous_32)
FNDA:2,(anonymous_33)
FNDA:2,(anonymous_34)
FNDA:2,(anonymous_35)
FNDA:2,(anonymous_36)
FNDA:0,(anonymous_37)
FNDA:0,(anonymous_38)
FNDA:0,(anonymous_39)
FNDA:0,(anonymous_40)
FNDA:0,(anonymous_41)
FNDA:0,(anonymous_42)
FNDA:0,(anonymous_43)
FNDA:0,(anonymous_44)
FNDA:0,(anonymous_45)
FNDA:0,(anonymous_46)
FNDA:0,(anonymous_47)
FNDA:0,(anonymous_48)
DA:2,1
DA:3,1
DA:10,121
DA:31,1
DA:32,3
DA:33,3
DA:35,3
DA:37,3
DA:38,0
DA:39,0
DA:41,3
DA:42,3
DA:48,1
DA:49,0
DA:50,0
DA:54,0
DA:55,0
DA:56,0
DA:57,0
DA:59,0
DA:60,0
DA:66,1
DA:67,0
DA:68,0
DA:69,0
DA:70,0
DA:71,0
DA:72,0
DA:74,0
DA:75,0
DA:80,1
DA:81,0
DA:82,0
DA:83,0
DA:84,0
DA:85,0
DA:86,0
DA:87,0
DA:89,0
DA:97,0
DA:98,0
DA:99,0
DA:100,0
DA:101,0
DA:102,0
DA:105,0
DA:118,0
DA:124,1
DA:125,1
DA:126,1
DA:127,1
DA:128,1
DA:129,0
DA:130,0
DA:132,6
DA:137,1
DA:142,1
DA:143,7
DA:144,7
DA:146,7
DA:147,7
DA:148,0
DA:149,0
DA:151,7
DA:152,7
DA:158,1
DA:159,2
DA:160,2
DA:161,2
DA:162,2
DA:163,0
DA:164,0
DA:167,9
DA:169,2
DA:174,1
DA:175,2
DA:176,2
DA:177,2
DA:178,2
DA:179,0
DA:180,0
DA:182,2
DA:188,1
DA:189,2
DA:190,2
DA:191,2
DA:192,2
DA:193,0
DA:194,0
DA:196,2
DA:202,1
DA:203,2
DA:204,2
DA:205,2
DA:206,2
DA:207,0
DA:208,0
DA:210,2
DA:214,1
DA:215,0
DA:216,0
DA:217,0
DA:218,0
DA:219,0
DA:220,0
DA:222,0
DA:226,1
DA:227,0
DA:228,0
DA:229,0
DA:232,0
DA:233,0
DA:239,1
DA:240,0
DA:241,0
DA:242,0
DA:243,0
DA:244,0
DA:245,0
DA:248,0
DA:253,1
DA:254,0
DA:255,0
DA:256,0
DA:257,0
DA:258,0
DA:259,0
DA:262,0
LF:128
LH:56
BRDA:37,0,0,0
BRDA:37,0,1,3
BRDA:55,1,0,0
BRDA:55,1,1,0
BRDA:70,2,0,0
BRDA:70,2,1,0
BRDA:85,3,0,0
BRDA:85,3,1,0
BRDA:99,4,0,0
BRDA:99,4,1,0
BRDA:101,5,0,0
BRDA:101,5,1,0
BRDA:128,6,0,0
BRDA:128,6,1,1
BRDA:147,7,0,0
BRDA:147,7,1,7
BRDA:162,8,0,0
BRDA:162,8,1,2
BRDA:178,9,0,0
BRDA:178,9,1,2
BRDA:192,10,0,0
BRDA:192,10,1,2
BRDA:206,11,0,0
BRDA:206,11,1,2
BRDA:218,12,0,0
BRDA:218,12,1,0
BRDA:243,13,0,0
BRDA:243,13,1,0
BRDA:257,14,0,0
BRDA:257,14,1,0
BRF:30
BRH:7
end_of_record
TN:
SF:server.js
FN:51,(anonymous_0)
FN:52,(anonymous_1)
FN:63,(anonymous_2)
FN:68,(anonymous_3)
FN:70,(anonymous_4)
FN:72,(anonymous_5)
FN:96,(anonymous_6)
FN:123,isValidDate
FN:138,(anonymous_8)
FN:144,(anonymous_9)
FN:153,(anonymous_10)
FN:154,(anonymous_11)
FN:162,(anonymous_12)
FN:186,(anonymous_13)
FN:213,(anonymous_14)
FN:231,(anonymous_15)
FN:256,(anonymous_16)
FN:272,(anonymous_17)
FN:285,(anonymous_18)
FN:298,(anonymous_19)
FN:325,(anonymous_20)
FN:339,(anonymous_21)
FN:359,(anonymous_22)
FN:375,(anonymous_23)
FN:389,(anonymous_24)
FN:412,(anonymous_25)
FN:423,(anonymous_26)
FN:424,(anonymous_27)
FN:437,(anonymous_28)
FN:474,(anonymous_29)
FN:496,(anonymous_30)
FN:517,(anonymous_31)
FN:533,(anonymous_32)
FN:548,(anonymous_33)
FN:560,(anonymous_34)
FN:575,(anonymous_35)
FN:598,(anonymous_36)
FN:633,(anonymous_37)
FN:649,PostOrderProduct
FN:660,updateProductQUantity
FN:668,(anonymous_40)
FN:693,(anonymous_41)
FN:715,(anonymous_42)
FN:732,(anonymous_43)
FN:752,(anonymous_44)
FN:773,(anonymous_45)
FN:796,(anonymous_46)
FN:813,(anonymous_47)
FN:837,(anonymous_48)
FN:906,(anonymous_49)
FN:958,(anonymous_50)
FN:1021,(anonymous_51)
FN:1074,(anonymous_52)
FN:1133,(anonymous_53)
FN:1138,(anonymous_54)
FN:1139,(anonymous_55)
FN:1152,(anonymous_56)
FN:1168,(anonymous_57)
FN:1173,(anonymous_58)
FN:1174,(anonymous_59)
FN:1187,(anonymous_60)
FN:1211,(anonymous_61)
FN:1240,(anonymous_62)
FN:1256,(anonymous_63)
FN:1276,(anonymous_64)
FN:1292,(anonymous_65)
FN:1306,(anonymous_66)
FN:1340,(anonymous_67)
FN:1369,(anonymous_68)
FN:1391,(anonymous_69)
FN:1413,(anonymous_70)
FN:1448,(anonymous_71)
FN:1454,(anonymous_72)
FN:1460,(anonymous_73)
FN:1467,(anonymous_74)
FN:1476,(anonymous_75)
FN:1499,(anonymous_76)
FN:1516,(anonymous_77)
FN:1544,sleep
FN:1546,(anonymous_79)
FN:1551,(anonymous_80)
FN:1576,(anonymous_81)
FN:1605,checkAuthBot
FN:1616,(anonymous_83)
FN:1623,(anonymous_84)
FN:1624,(anonymous_85)
FN:1629,(anonymous_86)
FNF:87
FNH:40
FNDA:56,(anonymous_0)
FNDA:56,(anonymous_1)
FNDA:42,(anonymous_2)
FNDA:100,(anonymous_3)
FNDA:100,(anonymous_4)
FNDA:0,(anonymous_5)
FNDA:57,(anonymous_6)
FNDA:9,isValidDate
FNDA:21,(anonymous_8)
FNDA:6,(anonymous_9)
FNDA:56,(anonymous_10)
FNDA:56,(anonymous_11)
FNDA:42,(anonymous_12)
FNDA:12,(anonymous_13)
FNDA:4,(anonymous_14)
FNDA:0,(anonymous_15)
FNDA:0,(anonymous_16)
FNDA:0,(anonymous_17)
FNDA:0,(anonymous_18)
FNDA:4,(anonymous_19)
FNDA:1,(anonymous_20)
FNDA:2,(anonymous_21)
FNDA:0,(anonymous_22)
FNDA:1,(anonymous_23)
FNDA:7,(anonymous_24)
FNDA:4,(anonymous_25)
FNDA:2,(anonymous_26)
FNDA:0,(anonymous_27)
FNDA:11,(anonymous_28)
FNDA:0,(anonymous_29)
FNDA:4,(anonymous_30)
FNDA:2,(anonymous_31)
FNDA:6,(anonymous_32)
FNDA:0,(anonymous_33)
FNDA:0,(anonymous_34)
FNDA:4,(anonymous_35)
FNDA:0,(anonymous_36)
FNDA:0,(anonymous_37)
FNDA:0,PostOrderProduct
FNDA:0,updateProductQUantity
FNDA:6,(anonymous_40)
FNDA:4,(anonymous_41)
FNDA:0,(anonymous_42)
FNDA:0,(anonymous_43)
FNDA:0,(anonymous_44)
FNDA:6,(anonymous_45)
FNDA:0,(anonymous_46)
FNDA:0,(anonymous_47)
FNDA:2,(anonymous_48)
FNDA:1,(anonymous_49)
FNDA:0,(anonymous_50)
FNDA:1,(anonymous_51)
FNDA:0,(anonymous_52)
FNDA:1,(anonymous_53)
FNDA:1,(anonymous_54)
FNDA:0,(anonymous_55)
FNDA:1,(anonymous_56)
FNDA:0,(anonymous_57)
FNDA:0,(anonymous_58)
FNDA:0,(anonymous_59)
FNDA:0,(anonymous_60)
FNDA:0,(anonymous_61)
FNDA:0,(anonymous_62)
FNDA:0,(anonymous_63)
FNDA:0,(anonymous_64)
FNDA:0,(anonymous_65)
FNDA:0,(anonymous_66)
FNDA:0,(anonymous_67)
FNDA:0,(anonymous_68)
FNDA:0,(anonymous_69)
FNDA:0,(anonymous_70)
FNDA:0,(anonymous_71)
FNDA:0,(anonymous_72)
FNDA:0,(anonymous_73)
FNDA:0,(anonymous_74)
FNDA:0,(anonymous_75)
FNDA:1,(anonymous_76)
FNDA:0,(anonymous_77)
FNDA:2,sleep
FNDA:2,(anonymous_79)
FNDA:1,(anonymous_80)
FNDA:0,(anonymous_81)
FNDA:0,checkAuthBot
FNDA:0,(anonymous_83)
FNDA:0,(anonymous_84)
FNDA:0,(anonymous_85)
FNDA:1,(anonymous_86)
DA:3,1
DA:4,1
DA:5,1
DA:6,1
DA:7,1
DA:8,1
DA:9,1
DA:10,1
DA:11,1
DA:12,1
DA:13,1
DA:14,1
DA:15,1
DA:17,1
DA:20,1
DA:22,1
DA:26,1
DA:27,1
DA:28,1
DA:29,1
DA:30,1
DA:31,1
DA:32,1
DA:33,1
DA:34,1
DA:35,1
DA:36,1
DA:37,1
DA:38,1
DA:44,1
DA:50,1
DA:52,56
DA:53,56
DA:54,14
DA:56,42
DA:63,1
DA:64,42
DA:68,1
DA:69,100
DA:71,100
DA:73,0
DA:78,1
DA:79,1
DA:80,1
DA:81,1
DA:84,1
DA:85,1
DA:86,1
DA:96,1
DA:97,57
DA:98,47
DA:100,10
DA:104,1
DA:112,1
DA:113,1
DA:115,1
DA:124,9
DA:125,9
DA:126,7
DA:127,7
DA:128,7
DA:129,7
DA:138,1
DA:139,21
DA:140,21
DA:144,1
DA:145,6
DA:146,5
DA:149,1
DA:153,1
DA:154,56
DA:155,56
DA:156,0
DA:157,56
DA:159,14
DA:162,42
DA:163,42
DA:164,0
DA:168,42
DA:178,1
DA:187,12
DA:188,12
DA:189,11
DA:192,1
DA:203,1
DA:204,1
DA:205,1
DA:207,0
DA:213,1
DA:214,4
DA:216,4
DA:217,2
DA:220,2
DA:221,2
DA:222,0
DA:224,2
DA:226,0
DA:231,1
DA:232,0
DA:233,0
DA:234,0
DA:236,0
DA:238,0
DA:239,0
DA:242,0
DA:243,0
DA:244,0
DA:246,0
DA:248,0
DA:256,1
DA:257,0
DA:258,0
DA:259,0
DA:261,0
DA:262,0
DA:263,0
DA:264,0
DA:266,0
DA:268,0
DA:272,1
DA:273,0
DA:274,0
DA:275,0
DA:276,0
DA:278,0
DA:280,0
DA:285,1
DA:286,0
DA:287,0
DA:288,0
DA:289,0
DA:291,0
DA:293,0
DA:298,1
DA:299,4
DA:300,4
DA:301,0
DA:305,4
DA:307,4
DA:308,2
DA:311,2
DA:312,2
DA:314,0
DA:325,1
DA:326,1
DA:327,1
DA:328,1
DA:329,0
DA:331,1
DA:334,0
DA:339,1
DA:340,2
DA:342,2
DA:343,2
DA:344,1
DA:345,2
DA:346,2
DA:347,0
DA:351,2
DA:354,1
DA:359,1
DA:360,0
DA:361,0
DA:362,0
DA:364,0
DA:365,0
DA:366,0
DA:367,0
DA:369,0
DA:371,0
DA:375,1
DA:376,1
DA:377,1
DA:378,1
DA:379,0
DA:382,1
DA:385,0
DA:389,1
DA:390,7
DA:391,7
DA:392,0
DA:394,7
DA:395,7
DA:396,1
DA:397,7
DA:398,7
DA:399,0
DA:402,7
DA:405,1
DA:406,1
DA:412,1
DA:413,4
DA:414,4
DA:415,0
DA:418,4
DA:419,2
DA:422,2
DA:423,2
DA:424,0
DA:428,1
DA:439,11
DA:440,2
DA:443,9
DA:444,9
DA:445,7
DA:448,2
DA:460,2
DA:461,2
DA:462,2
DA:464,0
DA:465,0
DA:470,1
DA:476,0
DA:477,0
DA:480,0
DA:481,0
DA:482,0
DA:485,0
DA:486,0
DA:487,0
DA:489,0
DA:496,1
DA:497,4
DA:498,4
DA:499,0
DA:503,4
DA:505,4
DA:506,2
DA:509,2
DA:510,2
DA:512,0
DA:517,1
DA:518,2
DA:519,1
DA:520,2
DA:521,2
DA:522,2
DA:524,0
DA:528,1
DA:534,6
DA:535,6
DA:536,6
DA:538,0
DA:539,0
DA:540,0
DA:542,0
DA:548,1
DA:550,0
DA:551,0
DA:554,0
DA:555,0
DA:558,0
DA:560,0
DA:561,0
DA:562,0
DA:563,0
DA:566,0
DA:575,1
DA:576,4
DA:578,4
DA:579,0
DA:583,4
DA:584,4
DA:585,0
DA:587,4
DA:589,0
DA:595,1
DA:600,0
DA:601,0
DA:604,0
DA:605,0
DA:606,0
DA:607,0
DA:608,0
DA:609,0
DA:611,0
DA:612,0
DA:615,0
DA:616,0
DA:617,0
DA:620,0
DA:628,0
DA:629,0
DA:630,0
DA:631,0
DA:632,0
DA:633,0
DA:634,0
DA:636,0
DA:639,0
DA:643,0
DA:644,0
DA:650,0
DA:656,0
DA:657,0
DA:661,0
DA:665,1
DA:670,6
DA:671,1
DA:675,5
DA:676,5
DA:677,2
DA:679,3
DA:681,3
DA:682,3
DA:683,3
DA:685,0
DA:693,1
DA:695,4
DA:696,2
DA:700,2
DA:701,2
DA:702,0
DA:704,2
DA:706,2
DA:707,2
DA:708,2
DA:710,0
DA:715,1
DA:716,0
DA:717,0
DA:718,0
DA:720,0
DA:721,0
DA:722,0
DA:724,0
DA:729,1
DA:734,0
DA:735,0
DA:738,0
DA:739,0
DA:740,0
DA:743,0
DA:744,0
DA:745,0
DA:747,0
DA:752,1
DA:753,0
DA:754,0
DA:755,0
DA:757,0
DA:758,0
DA:759,0
DA:761,0
DA:762,0
DA:764,0
DA:773,1
DA:774,6
DA:775,6
DA:776,2
DA:778,4
DA:783,4
DA:784,2
DA:787,2
DA:788,2
DA:789,2
DA:791,0
DA:796,1
DA:797,0
DA:798,0
DA:799,0
DA:801,0
DA:802,0
DA:803,0
DA:804,0
DA:806,0
DA:808,0
DA:813,1
DA:814,0
DA:815,0
DA:816,0
DA:818,0
DA:819,0
DA:820,0
DA:821,0
DA:823,0
DA:825,0
DA:837,1
DA:838,2
DA:839,1
DA:841,1
DA:842,1
DA:843,1
DA:844,1
DA:845,1
DA:846,1
DA:847,1
DA:848,1
DA:849,1
DA:851,1
DA:852,1
DA:853,0
DA:855,1
DA:856,1
DA:857,1
DA:858,1
DA:859,1
DA:862,1
DA:863,0
DA:866,1
DA:867,1
DA:869,0
DA:870,0
DA:871,0
DA:872,0
DA:873,0
DA:876,0
DA:877,0
DA:878,0
DA:879,0
DA:880,0
DA:881,0
DA:882,0
DA:883,0
DA:884,0
DA:886,0
DA:889,1
DA:891,1
DA:906,1
DA:908,1
DA:910,1
DA:911,1
DA:912,0
DA:913,0
DA:917,1
DA:918,1
DA:919,1
DA:920,1
DA:922,1
DA:924,1
DA:925,1
DA:926,1
DA:927,1
DA:929,1
DA:931,1
DA:932,1
DA:937,0
DA:939,0
DA:940,0
DA:942,0
DA:943,0
DA:944,0
DA:945,0
DA:950,1
DA:953,0
DA:958,1
DA:959,0
DA:961,0
DA:963,0
DA:964,0
DA:965,0
DA:966,0
DA:970,0
DA:971,0
DA:972,0
DA:973,0
DA:975,0
DA:977,0
DA:978,0
DA:979,0
DA:980,0
DA:982,0
DA:984,0
DA:985,0
DA:990,0
DA:992,0
DA:993,0
DA:995,0
DA:996,0
DA:997,0
DA:998,0
DA:1002,0
DA:1006,0
DA:1021,1
DA:1023,1
DA:1025,1
DA:1026,1
DA:1027,0
DA:1028,0
DA:1033,1
DA:1034,1
DA:1035,1
DA:1036,1
DA:1037,1
DA:1039,0
DA:1040,0
DA:1041,0
DA:1042,0
DA:1044,0
DA:1046,0
DA:1047,0
DA:1052,1
DA:1054,1
DA:1055,1
DA:1057,1
DA:1058,1
DA:1059,1
DA:1060,1
DA:1065,1
DA:1068,0
DA:1074,1
DA:1075,0
DA:1076,0
DA:1078,0
DA:1079,0
DA:1080,0
DA:1082,0
DA:1087,0
DA:1088,0
DA:1089,0
DA:1090,0
DA:1091,0
DA:1093,0
DA:1094,0
DA:1095,0
DA:1096,0
DA:1098,0
DA:1100,0
DA:1101,0
DA:1106,0
DA:1108,0
DA:1109,0
DA:1111,0
DA:1112,0
DA:1113,0
DA:1114,0
DA:1119,0
DA:1123,0
DA:1133,1
DA:1136,1
DA:1137,1
DA:1138,1
DA:1139,1
DA:1140,1
DA:1141,0
DA:1145,1
DA:1149,1
DA:1151,1
DA:1152,1
DA:1153,1
DA:1160,1
DA:1163,1
DA:1168,1
DA:1169,0
DA:1170,0
DA:1171,0
DA:1172,0
DA:1173,0
DA:1174,0
DA:1175,0
DA:1176,0
DA:1180,0
DA:1184,0
DA:1186,0
DA:1187,0
DA:1188,0
DA:1195,0
DA:1198,0
DA:1202,0
DA:1211,1
DA:1212,0
DA:1213,0
DA:1214,0
DA:1216,0
DA:1240,1
DA:1241,0
DA:1242,0
DA:1243,0
DA:1245,0
DA:1246,0
DA:1247,0
DA:1248,0
DA:1249,0
DA:1250,0
DA:1251,0
DA:1255,0
DA:1256,0
DA:1257,0
DA:1258,0
DA:1259,0
DA:1260,0
DA:1262,0
DA:1263,0
DA:1266,0
DA:1269,0
DA:1276,1
DA:1277,0
DA:1278,0
DA:1279,0
DA:1282,0
DA:1283,0
DA:1284,0
DA:1285,0
DA:1287,0
DA:1288,0
DA:1289,0
DA:1291,0
DA:1292,0
DA:1293,0
DA:1294,0
DA:1295,0
DA:1296,0
DA:1300,0
DA:1303,0
DA:1304,0
DA:1306,0
DA:1308,0
DA:1309,0
DA:1310,0
DA:1311,0
DA:1312,0
DA:1313,0
DA:1322,0
DA:1327,0
DA:1340,1
DA:1341,0
DA:1342,0
DA:1343,0
DA:1346,0
DA:1347,0
DA:1348,0
DA:1349,0
DA:1352,0
DA:1353,0
DA:1354,0
DA:1355,0
DA:1357,0
DA:1359,0
DA:1369,1
DA:1370,0
DA:1371,0
DA:1372,0
DA:1376,0
DA:1377,0
DA:1378,0
DA:1379,0
DA:1381,0
DA:1383,0
DA:1391,1
DA:1392,0
DA:1393,0
DA:1394,0
DA:1398,0
DA:1399,0
DA:1400,0
DA:1401,0
DA:1403,0
DA:1405,0
DA:1413,1
DA:1414,0
DA:1415,0
DA:1416,0
DA:1419,0
DA:1420,0
DA:1421,0
DA:1422,0
DA:1424,0
DA:1426,0
DA:1448,1
DA:1449,0
DA:1450,0
DA:1454,1
DA:1455,0
DA:1456,0
DA:1457,0
DA:1460,1
DA:1461,0
DA:1462,0
DA:1463,0
DA:1467,1
DA:1468,0
DA:1469,0
DA:1472,0
DA:1476,1
DA:1477,0
DA:1478,0
DA:1479,0
DA:1480,0
DA:1481,0
DA:1482,0
DA:1483,0
DA:1484,0
DA:1485,0
DA:1486,0
DA:1490,0
DA:1494,0
DA:1495,0
DA:1499,1
DA:1500,1
DA:1501,1
DA:1502,1
DA:1503,1
DA:1504,3
DA:1508,3
DA:1510,1
DA:1516,1
DA:1518,0
DA:1519,0
DA:1520,0
DA:1521,0
DA:1522,0
DA:1523,0
DA:1524,0
DA:1529,0
DA:1530,0
DA:1534,0
DA:1545,2
DA:1546,2
DA:1551,1
DA:1553,1
DA:1554,1
DA:1555,1
DA:1556,1
DA:1557,1
DA:1558,2
DA:1559,2
DA:1560,2
DA:1565,1
DA:1566,1
DA:1569,0
DA:1570,0
DA:1576,1
DA:1577,0
DA:1578,0
DA:1579,0
DA:1580,0
DA:1581,0
DA:1583,0
DA:1586,0
DA:1587,0
DA:1588,0
DA:1589,0
DA:1590,0
DA:1591,0
DA:1593,0
DA:1594,0
DA:1597,0
DA:1598,0
DA:1601,0
DA:1607,0
DA:1608,0
DA:1609,0
DA:1610,0
DA:1613,0
DA:1616,1
DA:1617,0
DA:1618,0
DA:1623,1
DA:1624,1
DA:1629,1
DA:1630,1
DA:1633,1
LF:752
LH:327
BRDA:53,0,0,14
BRDA:53,0,1,42
BRDA:97,1,0,47
BRDA:97,1,1,10
BRDA:125,2,0,2
BRDA:125,2,1,7
BRDA:128,3,0,0
BRDA:128,3,1,7
BRDA:128,4,0,7
BRDA:128,4,1,0
BRDA:145,5,0,5
BRDA:145,5,1,1
BRDA:155,6,0,0
BRDA:155,6,1,56
BRDA:157,7,0,14
BRDA:157,7,1,42
BRDA:163,8,0,0
BRDA:163,8,1,42
BRDA:188,9,0,11
BRDA:188,9,1,1
BRDA:216,10,0,2
BRDA:216,10,1,2
BRDA:221,11,0,0
BRDA:221,11,1,2
BRDA:233,12,0,0
BRDA:233,12,1,0
BRDA:238,13,0,0
BRDA:238,13,1,0
BRDA:243,14,0,0
BRDA:243,14,1,0
BRDA:258,15,0,0
BRDA:258,15,1,0
BRDA:263,16,0,0
BRDA:263,16,1,0
BRDA:275,17,0,0
BRDA:275,17,1,0
BRDA:288,18,0,0
BRDA:288,18,1,0
BRDA:300,19,0,0
BRDA:300,19,1,4
BRDA:307,20,0,2
BRDA:307,20,1,2
BRDA:327,21,0,0
BRDA:327,21,1,1
BRDA:328,22,0,0
BRDA:328,22,1,1
BRDA:343,23,0,1
BRDA:343,23,1,1
BRDA:346,24,0,0
BRDA:346,24,1,2
BRDA:361,25,0,0
BRDA:361,25,1,0
BRDA:366,26,0,0
BRDA:366,26,1,0
BRDA:378,27,0,0
BRDA:378,27,1,1
BRDA:391,28,0,0
BRDA:391,28,1,7
BRDA:395,29,0,1
BRDA:395,29,1,6
BRDA:398,30,0,0
BRDA:398,30,1,7
BRDA:414,31,0,0
BRDA:414,31,1,4
BRDA:418,32,0,2
BRDA:418,32,1,2
BRDA:439,33,0,2
BRDA:439,33,1,9
BRDA:444,34,0,7
BRDA:444,34,1,2
BRDA:476,35,0,0
BRDA:476,35,1,0
BRDA:481,36,0,0
BRDA:481,36,1,0
BRDA:498,37,0,0
BRDA:498,37,1,4
BRDA:505,38,0,2
BRDA:505,38,1,2
BRDA:518,39,0,1
BRDA:518,39,1,1
BRDA:518,40,0,2
BRDA:518,40,1,1
BRDA:535,41,0,6
BRDA:535,41,1,0
BRDA:550,42,0,0
BRDA:550,42,1,0
BRDA:554,43,0,0
BRDA:554,43,1,0
BRDA:561,44,0,0
BRDA:561,44,1,0
BRDA:578,45,0,0
BRDA:578,45,1,4
BRDA:584,46,0,0
BRDA:584,46,1,4
BRDA:600,47,0,0
BRDA:600,47,1,0
BRDA:611,48,0,0
BRDA:611,48,1,0
BRDA:611,49,0,0
BRDA:611,49,1,0
BRDA:611,49,2,0
BRDA:611,49,3,0
BRDA:615,50,0,0
BRDA:615,50,1,0
BRDA:624,51,0,0
BRDA:624,51,1,0
BRDA:631,52,0,0
BRDA:631,52,1,0
BRDA:670,53,0,1
BRDA:670,53,1,5
BRDA:676,54,0,2
BRDA:676,54,1,3
BRDA:695,55,0,2
BRDA:695,55,1,2
BRDA:701,56,0,0
BRDA:701,56,1,2
BRDA:717,57,0,0
BRDA:717,57,1,0
BRDA:734,58,0,0
BRDA:734,58,1,0
BRDA:739,59,0,0
BRDA:739,59,1,0
BRDA:754,60,0,0
BRDA:754,60,1,0
BRDA:758,61,0,0
BRDA:758,61,1,0
BRDA:775,62,0,2
BRDA:775,62,1,4
BRDA:783,63,0,2
BRDA:783,63,1,2
BRDA:798,64,0,0
BRDA:798,64,1,0
BRDA:803,65,0,0
BRDA:803,65,1,0
BRDA:815,66,0,0
BRDA:815,66,1,0
BRDA:820,67,0,0
BRDA:820,67,1,0
BRDA:838,68,0,1
BRDA:838,68,1,1
BRDA:852,69,0,0
BRDA:852,69,1,1
BRDA:862,70,0,0
BRDA:862,70,1,1
BRDA:867,71,0,0
BRDA:867,71,1,1
BRDA:872,72,0,0
BRDA:872,72,1,0
BRDA:886,73,0,0
BRDA:886,73,1,0
BRDA:911,74,0,0
BRDA:911,74,1,1
BRDA:922,75,0,1
BRDA:922,75,1,0
BRDA:964,76,0,0
BRDA:964,76,1,0
BRDA:975,77,0,0
BRDA:975,77,1,0
BRDA:1026,78,0,0
BRDA:1026,78,1,1
BRDA:1037,79,0,0
BRDA:1037,79,1,1
BRDA:1079,80,0,0
BRDA:1079,80,1,0
BRDA:1091,81,0,0
BRDA:1091,81,1,0
BRDA:1140,82,0,0
BRDA:1140,82,1,1
BRDA:1175,83,0,0
BRDA:1175,83,1,0
BRDA:1242,84,0,0
BRDA:1242,84,1,0
BRDA:1255,85,0,0
BRDA:1255,85,1,0
BRDA:1278,86,0,0
BRDA:1278,86,1,0
BRDA:1284,87,0,0
BRDA:1284,87,1,0
BRDA:1288,88,0,0
BRDA:1288,88,1,0
BRDA:1303,89,0,0
BRDA:1303,89,1,0
BRDA:1342,90,0,0
BRDA:1342,90,1,0
BRDA:1347,91,0,0
BRDA:1347,91,1,0
BRDA:1354,92,0,0
BRDA:1354,92,1,0
BRDA:1371,93,0,0
BRDA:1371,93,1,0
BRDA:1378,94,0,0
BRDA:1378,94,1,0
BRDA:1393,95,0,0
BRDA:1393,95,1,0
BRDA:1400,96,0,0
BRDA:1400,96,1,0
BRDA:1415,97,0,0
BRDA:1415,97,1,0
BRDA:1421,98,0,0
BRDA:1421,98,1,0
BRDA:1468,99,0,0
BRDA:1468,99,1,0
BRDA:1477,100,0,0
BRDA:1477,100,1,0
BRDA:1480,101,0,0
BRDA:1480,101,1,0
BRDA:1483,102,0,0
BRDA:1483,102,1,0
BRDA:1578,103,0,0
BRDA:1578,103,1,0
BRDA:1586,104,0,0
BRDA:1586,104,1,0
BRDA:1588,105,0,0
BRDA:1588,105,1,0
BRDA:1590,106,0,0
BRDA:1590,106,1,0
BRDA:1608,107,0,0
BRDA:1608,107,1,0
BRDA:1610,108,0,0
BRDA:1610,108,1,0
BRF:220
BRH:70
end_of_record
TN:
SF:user-dao.js
FN:8,userReturned
FN:9,(anonymous_1)
FN:22,(anonymous_2)
FN:23,(anonymous_3)
FN:25,(anonymous_4)
FN:38,(anonymous_5)
FN:39,(anonymous_6)
FN:41,(anonymous_7)
FN:54,(anonymous_8)
FN:55,(anonymous_9)
FN:57,(anonymous_10)
FN:75,(anonymous_11)
FN:87,(anonymous_12)
FN:88,(anonymous_13)
FN:90,(anonymous_14)
FN:104,(anonymous_15)
FN:105,(anonymous_16)
FN:107,(anonymous_17)
FN:117,(anonymous_18)
FN:127,(anonymous_19)
FN:129,(anonymous_20)
FN:131,(anonymous_21)
FN:144,(anonymous_22)
FN:145,(anonymous_23)
FN:148,(anonymous_24)
FN:162,(anonymous_25)
FN:163,(anonymous_26)
FN:165,(anonymous_27)
FN:177,(anonymous_28)
FN:178,(anonymous_29)
FN:180,(anonymous_30)
FN:190,(anonymous_31)
FN:191,(anonymous_32)
FN:193,(anonymous_33)
FN:203,(anonymous_34)
FN:204,(anonymous_35)
FN:206,(anonymous_36)
FNF:37
FNH:21
FNDA:2,userReturned
FNDA:14,(anonymous_1)
FNDA:0,(anonymous_2)
FNDA:0,(anonymous_3)
FNDA:0,(anonymous_4)
FNDA:2,(anonymous_5)
FNDA:2,(anonymous_6)
FNDA:2,(anonymous_7)
FNDA:0,(anonymous_8)
FNDA:0,(anonymous_9)
FNDA:0,(anonymous_10)
FNDA:0,(anonymous_11)
FNDA:100,(anonymous_12)
FNDA:100,(anonymous_13)
FNDA:100,(anonymous_14)
FNDA:56,(anonymous_15)
FNDA:56,(anonymous_16)
FNDA:56,(anonymous_17)
FNDA:54,(anonymous_18)
FNDA:2,(anonymous_19)
FNDA:2,(anonymous_20)
FNDA:2,(anonymous_21)
FNDA:0,(anonymous_22)
FNDA:0,(anonymous_23)
FNDA:0,(anonymous_24)
FNDA:0,(anonymous_25)
FNDA:0,(anonymous_26)
FNDA:0,(anonymous_27)
FNDA:2,(anonymous_28)
FNDA:2,(anonymous_29)
FNDA:2,(anonymous_30)
FNDA:1,(anonymous_31)
FNDA:1,(anonymous_32)
FNDA:1,(anonymous_33)
FNDA:0,(anonymous_34)
FNDA:0,(anonymous_35)
FNDA:0,(anonymous_36)
DA:2,1
DA:3,1
DA:4,1
DA:9,14
DA:22,1
DA:23,0
DA:24,0
DA:25,0
DA:26,0
DA:27,0
DA:28,0
DA:30,0
DA:31,0
DA:38,1
DA:39,2
DA:40,2
DA:41,2
DA:42,2
DA:43,0
DA:44,0
DA:46,2
DA:47,2
DA:54,1
DA:55,0
DA:56,0
DA:57,0
DA:58,0
DA:59,0
DA:60,0
DA:61,0
DA:64,0
DA:75,0
DA:76,0
DA:77,0
DA:79,0
DA:87,1
DA:88,100
DA:89,100
DA:90,100
DA:91,100
DA:92,0
DA:93,100
DA:94,0
DA:97,100
DA:98,100
DA:104,1
DA:105,56
DA:106,56
DA:107,56
DA:108,56
DA:109,0
DA:110,56
DA:111,2
DA:114,54
DA:117,54
DA:118,54
DA:119,42
DA:121,12
DA:127,1
DA:128,2
DA:129,2
DA:130,2
DA:131,2
DA:132,2
DA:133,0
DA:134,0
DA:136,2
DA:137,2
DA:144,1
DA:145,0
DA:147,0
DA:148,0
DA:149,0
DA:150,0
DA:151,0
DA:152,0
DA:154,0
DA:155,0
DA:156,0
DA:162,1
DA:163,0
DA:164,0
DA:165,0
DA:166,0
DA:167,0
DA:168,0
DA:170,0
DA:177,1
DA:178,2
DA:179,2
DA:180,2
DA:181,2
DA:182,0
DA:183,0
DA:185,2
DA:190,1
DA:191,1
DA:192,1
DA:193,1
DA:194,1
DA:195,0
DA:196,0
DA:198,1
DA:203,1
DA:204,0
DA:205,0
DA:206,0
DA:207,0
DA:208,0
DA:209,0
DA:211,0
LF:111
LH:56
BRDA:26,0,0,0
BRDA:26,0,1,0
BRDA:42,1,0,0
BRDA:42,1,1,2
BRDA:58,2,0,0
BRDA:58,2,1,0
BRDA:60,3,0,0
BRDA:60,3,1,0
BRDA:76,4,0,0
BRDA:76,4,1,0
BRDA:91,5,0,0
BRDA:91,5,1,100
BRDA:93,6,0,0
BRDA:93,6,1,100
BRDA:108,7,0,0
BRDA:108,7,1,56
BRDA:110,8,0,2
BRDA:110,8,1,54
BRDA:118,9,0,42
BRDA:118,9,1,12
BRDA:132,10,0,0
BRDA:132,10,1,2
BRDA:149,11,0,0
BRDA:149,11,1,0
BRDA:154,12,0,0
BRDA:154,12,1,0
BRDA:166,13,0,0
BRDA:166,13,1,0
BRDA:181,14,0,0
BRDA:181,14,1,2
BRDA:194,15,0,0
BRDA:194,15,1,1
BRDA:207,16,0,0
BRDA:207,16,1,0
BRF:34
BRH:11
end_of_record
TN:
SF:telegram\dao.js
FN:7,(anonymous_0)
FN:8,(anonymous_1)
FN:11,(anonymous_2)
FN:25,(anonymous_3)
FN:26,(anonymous_4)
FN:29,(anonymous_5)
FN:43,(anonymous_6)
FN:44,(anonymous_7)
FN:46,(anonymous_8)
FN:58,(anonymous_9)
FN:59,(anonymous_10)
FN:62,(anonymous_11)
FN:75,(anonymous_12)
FN:76,(anonymous_13)
FN:82,(anonymous_14)
FN:83,(anonymous_15)
FN:85,(anonymous_16)
FN:90,(anonymous_17)
FN:102,(anonymous_18)
FN:103,(anonymous_19)
FN:105,(anonymous_20)
FN:110,(anonymous_21)
FN:122,(anonymous_22)
FN:123,(anonymous_23)
FN:125,(anonymous_24)
FN:135,(anonymous_25)
FN:136,(anonymous_26)
FN:139,(anonymous_27)
FN:146,(anonymous_28)
FN:149,(anonymous_29)
FN:166,(anonymous_30)
FN:167,(anonymous_31)
FN:170,(anonymous_32)
FN:178,(anonymous_33)
FN:193,(anonymous_34)
FN:194,(anonymous_35)
FN:197,(anonymous_36)
FNF:37
FNH:10
FNDA:0,(anonymous_0)
FNDA:0,(anonymous_1)
FNDA:0,(anonymous_2)
FNDA:0,(anonymous_3)
FNDA:0,(anonymous_4)
FNDA:0,(anonymous_5)
FNDA:1,(anonymous_6)
FNDA:1,(anonymous_7)
FNDA:1,(anonymous_8)
FNDA:0,(anonymous_9)
FNDA:0,(anonymous_10)
FNDA:0,(anonymous_11)
FNDA:0,(anonymous_12)
FNDA:0,(anonymous_13)
FNDA:1,(anonymous_14)
FNDA:1,(anonymous_15)
FNDA:1,(anonymous_16)
FNDA:3,(anonymous_17)
FNDA:0,(anonymous_18)
FNDA:0,(anonymous_19)
FNDA:0,(anonymous_20)
FNDA:0,(anonymous_21)
FNDA:3,(anonymous_22)
FNDA:3,(anonymous_23)
FNDA:3,(anonymous_24)
FNDA:0,(anonymous_25)
FNDA:0,(anonymous_26)
FNDA:0,(anonymous_27)
FNDA:0,(anonymous_28)
FNDA:0,(anonymous_29)
FNDA:0,(anonymous_30)
FNDA:0,(anonymous_31)
FNDA:0,(anonymous_32)
FNDA:0,(anonymous_33)
FNDA:0,(anonymous_34)
FNDA:0,(anonymous_35)
FNDA:0,(anonymous_36)
DA:3,1
DA:4,1
DA:5,1
DA:7,1
DA:8,0
DA:9,0
DA:10,0
DA:11,0
DA:12,0
DA:13,0
DA:14,0
DA:16,0
DA:17,0
DA:19,0
DA:25,1
DA:26,0
DA:27,0
DA:28,0
DA:29,0
DA:30,0
DA:31,0
DA:32,0
DA:34,0
DA:35,0
DA:37,0
DA:43,1
DA:44,1
DA:45,1
DA:46,1
DA:47,1
DA:48,0
DA:49,0
DA:51,1
DA:52,1
DA:54,0
DA:58,1
DA:59,0
DA:60,0
DA:61,0
DA:62,0
DA:63,0
DA:64,0
DA:65,0
DA:67,0
DA:68,0
DA:70,0
DA:75,1
DA:76,0
DA:78,0
DA:82,1
DA:83,1
DA:84,1
DA:85,1
DA:86,1
DA:87,0
DA:88,0
DA:90,3
DA:97,1
DA:102,1
DA:103,0
DA:104,0
DA:105,0
DA:106,0
DA:107,0
DA:108,0
DA:110,0
DA:117,0
DA:122,1
DA:123,3
DA:124,3
DA:125,3
DA:126,3
DA:127,0
DA:128,0
DA:130,3
DA:135,1
DA:136,0
DA:137,0
DA:138,0
DA:139,0
DA:140,0
DA:141,0
DA:142,0
DA:144,0
DA:146,0
DA:147,0
DA:148,0
DA:149,0
DA:150,0
DA:151,0
DA:153,0
DA:154,0
DA:159,0
DA:160,0
DA:166,1
DA:167,0
DA:168,0
DA:169,0
DA:170,0
DA:171,0
DA:172,0
DA:173,0
DA:175,0
DA:177,0
DA:178,0
DA:179,0
DA:180,0
DA:181,0
DA:183,0
DA:185,0
DA:187,0
DA:193,1
DA:194,0
DA:196,0
DA:197,0
DA:198,0
DA:199,0
DA:200,0
DA:203,0
LF:119
LH:31
BRDA:12,0,0,0
BRDA:12,0,1,0
BRDA:16,1,0,0
BRDA:16,1,1,0
BRDA:30,2,0,0
BRDA:30,2,1,0
BRDA:34,3,0,0
BRDA:34,3,1,0
BRDA:47,4,0,0
BRDA:47,4,1,1
BRDA:51,5,0,1
BRDA:51,5,1,0
BRDA:63,6,0,0
BRDA:63,6,1,0
BRDA:67,7,0,0
BRDA:67,7,1,0
BRDA:86,8,0,0
BRDA:86,8,1,1
BRDA:106,9,0,0
BRDA:106,9,1,0
BRDA:126,10,0,0
BRDA:126,10,1,3
BRDA:140,11,0,0
BRDA:140,11,1,0
BRDA:144,12,0,0
BRDA:144,12,1,0
BRDA:147,13,0,0
BRDA:147,13,1,0
BRDA:150,14,0,0
BRDA:150,14,1,0
BRDA:171,15,0,0
BRDA:171,15,1,0
BRDA:175,16,0,0
BRDA:175,16,1,0
BRDA:179,17,0,0
BRDA:179,17,1,0
BRDA:198,18,0,0
BRDA:198,18,1,0
BRF:38
BRH:4
end_of_record
