TN:
SF:dao.js
FN:9,(anonymous_0)
FN:10,(anonymous_1)
FN:13,(anonymous_2)
FN:25,(anonymous_3)
FNF:4
FNH:4
FNDA:2,(anonymous_0)
FNDA:2,(anonymous_1)
FNDA:2,(anonymous_2)
FNDA:2,(anonymous_3)
DA:3,1
DA:4,1
DA:9,1
DA:10,2
DA:11,2
DA:12,2
DA:13,2
DA:14,2
DA:15,0
DA:16,0
DA:18,2
DA:19,0
DA:21,2
DA:23,2
DA:24,2
DA:25,2
DA:26,2
DA:27,1
DA:28,1
DA:30,1
LF:20
LH:17
BRDA:14,0,0,0
BRDA:14,0,1,2
BRDA:18,1,0,0
BRDA:18,1,1,2
BRDA:26,2,0,1
BRDA:26,2,1,1
BRF:6
BRH:4
end_of_record
TN:
SF:db.js
FN:6,(anonymous_0)
FNF:1
FNH:1
FNDA:1,(anonymous_0)
DA:3,1
DA:6,1
DA:7,1
DA:10,1
LF:4
LH:4
BRDA:7,0,0,0
BRDA:7,0,1,1
BRF:2
BRH:1
end_of_record
TN:
SF:order-dao.js
FN:4,(anonymous_0)
FN:5,(anonymous_1)
FN:13,(anonymous_2)
FN:23,(anonymous_3)
FN:24,(anonymous_4)
FN:30,(anonymous_5)
FN:40,(anonymous_6)
FN:41,(anonymous_7)
FN:43,(anonymous_8)
FN:53,(anonymous_9)
FN:54,(anonymous_10)
FN:56,(anonymous_11)
FN:67,(anonymous_12)
FN:68,(anonymous_13)
FN:70,(anonymous_14)
FN:75,(anonymous_15)
FN:80,(anonymous_16)
FN:81,(anonymous_17)
FN:83,(anonymous_18)
FN:88,(anonymous_19)
FNF:20
FNH:7
FNDA:0,(anonymous_0)
FNDA:0,(anonymous_1)
FNDA:0,(anonymous_2)
FNDA:0,(anonymous_3)
FNDA:0,(anonymous_4)
FNDA:0,(anonymous_5)
FNDA:0,(anonymous_6)
FNDA:0,(anonymous_7)
FNDA:0,(anonymous_8)
FNDA:3,(anonymous_9)
FNDA:3,(anonymous_10)
FNDA:3,(anonymous_11)
FNDA:4,(anonymous_12)
FNDA:4,(anonymous_13)
FNDA:4,(anonymous_14)
FNDA:136,(anonymous_15)
FNDA:0,(anonymous_16)
FNDA:0,(anonymous_17)
FNDA:0,(anonymous_18)
FNDA:0,(anonymous_19)
DA:2,1
DA:4,1
DA:5,0
DA:6,0
DA:7,0
DA:14,0
DA:15,0
DA:16,0
DA:18,0
DA:23,1
DA:24,0
DA:25,0
DA:26,0
DA:31,0
DA:32,0
DA:33,0
DA:35,0
DA:40,1
DA:41,0
DA:42,0
DA:43,0
DA:44,0
DA:45,0
DA:46,0
DA:48,0
DA:53,1
DA:54,3
DA:55,3
DA:56,3
DA:57,3
DA:58,0
DA:59,0
DA:61,3
DA:67,1
DA:68,4
DA:69,4
DA:70,4
DA:71,4
DA:72,0
DA:73,0
DA:75,136
DA:76,4
DA:80,1
DA:81,0
DA:82,0
DA:83,0
DA:84,0
DA:85,0
DA:86,0
DA:88,0
DA:89,0
LF:51
LH:18
BRDA:14,0,0,0
BRDA:14,0,1,0
BRDA:31,1,0,0
BRDA:31,1,1,0
BRDA:44,2,0,0
BRDA:44,2,1,0
BRDA:57,3,0,0
BRDA:57,3,1,3
BRDA:71,4,0,0
BRDA:71,4,1,4
BRDA:84,5,0,0
BRDA:84,5,1,0
BRF:12
BRH:2
end_of_record
TN:
SF:product-dao.js
FN:9,productsReturned
FN:10,(anonymous_1)
FN:29,(anonymous_2)
FN:30,(anonymous_3)
FN:33,(anonymous_4)
FN:46,(anonymous_5)
FN:47,(anonymous_6)
FN:52,(anonymous_7)
FN:64,(anonymous_8)
FN:65,(anonymous_9)
FN:67,(anonymous_10)
FN:72,(anonymous_11)
FN:78,(anonymous_12)
FN:80,(anonymous_13)
FN:82,(anonymous_14)
FN:87,(anonymous_15)
FN:96,(anonymous_16)
FN:121,(anonymous_17)
FN:122,(anonymous_18)
FN:124,(anonymous_19)
FN:129,(anonymous_20)
FN:139,(anonymous_21)
FN:140,(anonymous_22)
FN:143,(anonymous_23)
FN:155,(anonymous_24)
FN:156,(anonymous_25)
FN:158,(anonymous_26)
FN:164,(anonymous_27)
FN:171,(anonymous_28)
FN:172,(anonymous_29)
FN:174,(anonymous_30)
FN:185,(anonymous_31)
FN:186,(anonymous_32)
FN:188,(anonymous_33)
FN:199,(anonymous_34)
FN:200,(anonymous_35)
FN:202,(anonymous_36)
FN:211,(anonymous_37)
FN:212,(anonymous_38)
FN:214,(anonymous_39)
FNF:40
FNH:22
FNDA:11,productsReturned
FNDA:172,(anonymous_1)
FNDA:4,(anonymous_2)
FNDA:4,(anonymous_3)
FNDA:4,(anonymous_4)
FNDA:0,(anonymous_5)
FNDA:0,(anonymous_6)
FNDA:0,(anonymous_7)
FNDA:0,(anonymous_8)
FNDA:0,(anonymous_9)
FNDA:0,(anonymous_10)
FNDA:0,(anonymous_11)
FNDA:0,(anonymous_12)
FNDA:0,(anonymous_13)
FNDA:0,(anonymous_14)
FNDA:0,(anonymous_15)
FNDA:0,(anonymous_16)
FNDA:1,(anonymous_17)
FNDA:1,(anonymous_18)
FNDA:1,(anonymous_19)
FNDA:6,(anonymous_20)
FNDA:7,(anonymous_21)
FNDA:7,(anonymous_22)
FNDA:7,(anonymous_23)
FNDA:2,(anonymous_24)
FNDA:2,(anonymous_25)
FNDA:2,(anonymous_26)
FNDA:9,(anonymous_27)
FNDA:9,(anonymous_28)
FNDA:9,(anonymous_29)
FNDA:9,(anonymous_30)
FNDA:2,(anonymous_31)
FNDA:2,(anonymous_32)
FNDA:2,(anonymous_33)
FNDA:0,(anonymous_34)
FNDA:0,(anonymous_35)
FNDA:0,(anonymous_36)
FNDA:0,(anonymous_37)
FNDA:0,(anonymous_38)
FNDA:0,(anonymous_39)
DA:2,1
DA:3,1
DA:10,172
DA:29,1
DA:30,4
DA:31,4
DA:33,4
DA:35,4
DA:36,0
DA:37,0
DA:39,4
DA:40,4
DA:46,1
DA:47,0
DA:48,0
DA:52,0
DA:53,0
DA:54,0
DA:55,0
DA:57,0
DA:58,0
DA:64,1
DA:65,0
DA:66,0
DA:67,0
DA:68,0
DA:69,0
DA:70,0
DA:72,0
DA:73,0
DA:78,1
DA:79,0
DA:80,0
DA:81,0
DA:82,0
DA:83,0
DA:84,0
DA:85,0
DA:87,0
DA:95,0
DA:96,0
DA:97,0
DA:98,0
DA:99,0
DA:100,0
DA:103,0
DA:115,0
DA:121,1
DA:122,1
DA:123,1
DA:124,1
DA:125,1
DA:126,0
DA:127,0
DA:129,6
DA:134,1
DA:139,1
DA:140,7
DA:141,7
DA:143,7
DA:144,7
DA:145,0
DA:146,0
DA:148,7
DA:149,7
DA:155,1
DA:156,2
DA:157,2
DA:158,2
DA:159,2
DA:160,0
DA:161,0
DA:164,9
DA:166,2
DA:171,1
DA:172,9
DA:173,9
DA:174,9
DA:175,9
DA:176,5
DA:177,5
DA:179,4
DA:185,1
DA:186,2
DA:187,2
DA:188,2
DA:189,2
DA:190,0
DA:191,0
DA:193,2
DA:199,1
DA:200,0
DA:201,0
DA:202,0
DA:203,0
DA:204,0
DA:205,0
DA:207,0
DA:211,1
DA:212,0
DA:213,0
DA:214,0
DA:215,0
DA:216,0
DA:217,0
DA:219,0
LF:106
LH:50
BRDA:35,0,0,0
BRDA:35,0,1,4
BRDA:53,1,0,0
BRDA:53,1,1,0
BRDA:68,2,0,0
BRDA:68,2,1,0
BRDA:83,3,0,0
BRDA:83,3,1,0
BRDA:97,4,0,0
BRDA:97,4,1,0
BRDA:99,5,0,0
BRDA:99,5,1,0
BRDA:125,6,0,0
BRDA:125,6,1,1
BRDA:144,7,0,0
BRDA:144,7,1,7
BRDA:159,8,0,0
BRDA:159,8,1,2
BRDA:175,9,0,5
BRDA:175,9,1,4
BRDA:189,10,0,0
BRDA:189,10,1,2
BRDA:203,11,0,0
BRDA:203,11,1,0
BRDA:215,12,0,0
BRDA:215,12,1,0
BRF:26
BRH:7
end_of_record
TN:
SF:server.js
FN:19,(anonymous_0)
FN:20,(anonymous_1)
FN:31,(anonymous_2)
FN:36,(anonymous_3)
FN:38,(anonymous_4)
FN:40,(anonymous_5)
FN:55,(anonymous_6)
FN:75,(anonymous_7)
FN:81,(anonymous_8)
FN:90,(anonymous_9)
FN:91,(anonymous_10)
FN:99,(anonymous_11)
FN:122,(anonymous_12)
FN:149,(anonymous_13)
FN:170,(anonymous_14)
FN:184,(anonymous_15)
FN:203,(anonymous_16)
FN:215,(anonymous_17)
FN:229,(anonymous_18)
FN:247,(anonymous_19)
FN:254,(anonymous_20)
FN:255,(anonymous_21)
FN:259,(anonymous_22)
FN:286,(anonymous_23)
FN:304,(anonymous_24)
FN:316,(anonymous_25)
FN:331,(anonymous_26)
FN:355,(anonymous_27)
FN:377,(anonymous_28)
FN:392,PostOrderProduct
FN:403,updateProductQUantity
FN:410,(anonymous_31)
FN:437,(anonymous_32)
FNF:33
FNH:23
FNDA:40,(anonymous_0)
FNDA:40,(anonymous_1)
FNDA:37,(anonymous_2)
FNDA:80,(anonymous_3)
FNDA:80,(anonymous_4)
FNDA:0,(anonymous_5)
FNDA:45,(anonymous_6)
FNDA:10,(anonymous_7)
FNDA:6,(anonymous_8)
FNDA:40,(anonymous_9)
FNDA:40,(anonymous_10)
FNDA:37,(anonymous_11)
FNDA:12,(anonymous_12)
FNDA:5,(anonymous_13)
FNDA:1,(anonymous_14)
FNDA:3,(anonymous_15)
FNDA:0,(anonymous_16)
FNDA:1,(anonymous_17)
FNDA:7,(anonymous_18)
FNDA:5,(anonymous_19)
FNDA:2,(anonymous_20)
FNDA:0,(anonymous_21)
FNDA:12,(anonymous_22)
FNDA:5,(anonymous_23)
FNDA:0,(anonymous_24)
FNDA:0,(anonymous_25)
FNDA:5,(anonymous_26)
FNDA:0,(anonymous_27)
FNDA:0,(anonymous_28)
FNDA:0,PostOrderProduct
FNDA:0,updateProductQUantity
FNDA:7,(anonymous_31)
FNDA:0,(anonymous_32)
DA:3,1
DA:4,1
DA:5,1
DA:6,1
DA:7,1
DA:8,1
DA:9,1
DA:10,1
DA:11,1
DA:12,1
DA:13,1
DA:18,1
DA:20,40
DA:21,40
DA:22,3
DA:24,37
DA:31,1
DA:32,37
DA:36,1
DA:37,80
DA:39,80
DA:41,0
DA:46,1
DA:47,1
DA:50,1
DA:51,1
DA:52,1
DA:55,1
DA:56,45
DA:57,39
DA:59,6
DA:63,1
DA:71,1
DA:72,1
DA:75,1
DA:76,10
DA:77,10
DA:81,1
DA:82,6
DA:83,5
DA:86,1
DA:90,1
DA:91,40
DA:92,40
DA:93,0
DA:94,40
DA:96,3
DA:99,37
DA:100,37
DA:101,0
DA:105,37
DA:115,1
DA:123,12
DA:124,12
DA:125,10
DA:128,2
DA:139,2
DA:140,2
DA:141,1
DA:143,1
DA:149,1
DA:150,5
DA:152,5
DA:153,3
DA:156,2
DA:157,2
DA:158,0
DA:160,2
DA:162,0
DA:170,1
DA:171,1
DA:172,1
DA:173,1
DA:174,0
DA:176,1
DA:179,0
DA:184,1
DA:185,3
DA:187,3
DA:189,3
DA:190,3
DA:191,0
DA:195,3
DA:198,0
DA:203,1
DA:204,0
DA:205,0
DA:206,0
DA:207,0
DA:209,0
DA:211,0
DA:215,1
DA:216,1
DA:217,1
DA:218,1
DA:219,0
DA:222,1
DA:225,0
DA:229,1
DA:230,7
DA:232,7
DA:233,7
DA:234,0
DA:237,7
DA:240,0
DA:241,0
DA:247,1
DA:249,5
DA:250,3
DA:253,2
DA:254,2
DA:255,0
DA:259,1
DA:261,12
DA:262,3
DA:265,9
DA:276,9
DA:277,9
DA:278,4
DA:280,5
DA:286,1
DA:289,5
DA:291,5
DA:292,3
DA:295,2
DA:296,2
DA:298,0
DA:304,1
DA:306,0
DA:307,0
DA:310,0
DA:311,0
DA:314,0
DA:316,0
DA:317,0
DA:318,0
DA:319,0
DA:322,0
DA:331,1
DA:332,5
DA:334,5
DA:335,1
DA:339,4
DA:340,4
DA:341,0
DA:343,4
DA:345,0
DA:351,1
DA:357,0
DA:358,0
DA:362,0
DA:363,0
DA:364,0
DA:366,0
DA:372,0
DA:373,0
DA:374,0
DA:375,0
DA:376,0
DA:377,0
DA:378,0
DA:380,0
DA:383,0
DA:387,0
DA:393,0
DA:399,0
DA:400,0
DA:404,0
DA:408,1
DA:412,7
DA:413,2
DA:417,5
DA:418,5
DA:419,2
DA:421,3
DA:423,3
DA:424,3
DA:425,3
DA:427,0
DA:437,1
DA:438,0
DA:443,0
DA:444,0
DA:447,0
DA:448,0
DA:449,0
DA:451,0
DA:465,1
LF:188
LH:126
BRDA:21,0,0,3
BRDA:21,0,1,37
BRDA:56,1,0,39
BRDA:56,1,1,6
BRDA:82,2,0,5
BRDA:82,2,1,1
BRDA:92,3,0,0
BRDA:92,3,1,40
BRDA:94,4,0,3
BRDA:94,4,1,37
BRDA:100,5,0,0
BRDA:100,5,1,37
BRDA:124,6,0,10
BRDA:124,6,1,2
BRDA:152,7,0,3
BRDA:152,7,1,2
BRDA:157,8,0,0
BRDA:157,8,1,2
BRDA:172,9,0,0
BRDA:172,9,1,1
BRDA:173,10,0,0
BRDA:173,10,1,1
BRDA:190,11,0,0
BRDA:190,11,1,3
BRDA:206,12,0,0
BRDA:206,12,1,0
BRDA:218,13,0,0
BRDA:218,13,1,1
BRDA:233,14,0,0
BRDA:233,14,1,7
BRDA:249,15,0,3
BRDA:249,15,1,2
BRDA:261,16,0,3
BRDA:261,16,1,9
BRDA:291,17,0,3
BRDA:291,17,1,2
BRDA:306,18,0,0
BRDA:306,18,1,0
BRDA:310,19,0,0
BRDA:310,19,1,0
BRDA:317,20,0,0
BRDA:317,20,1,0
BRDA:334,21,0,1
BRDA:334,21,1,4
BRDA:340,22,0,0
BRDA:340,22,1,4
BRDA:357,23,0,0
BRDA:357,23,1,0
BRDA:363,24,0,0
BRDA:363,24,1,0
BRDA:370,25,0,0
BRDA:370,25,1,0
BRDA:375,26,0,0
BRDA:375,26,1,0
BRDA:412,27,0,2
BRDA:412,27,1,5
BRDA:418,28,0,2
BRDA:418,28,1,3
BRDA:443,29,0,0
BRDA:443,29,1,0
BRF:60
BRH:33
end_of_record
TN:
SF:user-dao.js
FN:8,userReturned
FN:9,(anonymous_1)
FN:22,(anonymous_2)
FN:23,(anonymous_3)
FN:25,(anonymous_4)
FN:38,(anonymous_5)
FN:39,(anonymous_6)
FN:41,(anonymous_7)
FN:54,(anonymous_8)
FN:55,(anonymous_9)
FN:57,(anonymous_10)
FN:75,(anonymous_11)
FN:87,(anonymous_12)
FN:88,(anonymous_13)
FN:90,(anonymous_14)
FN:104,(anonymous_15)
FN:105,(anonymous_16)
FN:107,(anonymous_17)
FN:117,(anonymous_18)
FN:127,(anonymous_19)
FN:129,(anonymous_20)
FN:131,(anonymous_21)
FN:143,(anonymous_22)
FN:144,(anonymous_23)
FN:146,(anonymous_24)
FN:160,(anonymous_25)
FN:161,(anonymous_26)
FN:163,(anonymous_27)
FNF:28
FNH:12
FNDA:2,userReturned
FNDA:4,(anonymous_1)
FNDA:0,(anonymous_2)
FNDA:0,(anonymous_3)
FNDA:0,(anonymous_4)
FNDA:2,(anonymous_5)
FNDA:2,(anonymous_6)
FNDA:2,(anonymous_7)
FNDA:0,(anonymous_8)
FNDA:0,(anonymous_9)
FNDA:0,(anonymous_10)
FNDA:0,(anonymous_11)
FNDA:80,(anonymous_12)
FNDA:80,(anonymous_13)
FNDA:80,(anonymous_14)
FNDA:40,(anonymous_15)
FNDA:40,(anonymous_16)
FNDA:40,(anonymous_17)
FNDA:38,(anonymous_18)
FNDA:0,(anonymous_19)
FNDA:0,(anonymous_20)
FNDA:0,(anonymous_21)
FNDA:0,(anonymous_22)
FNDA:0,(anonymous_23)
FNDA:0,(anonymous_24)
FNDA:0,(anonymous_25)
FNDA:0,(anonymous_26)
FNDA:0,(anonymous_27)
DA:2,1
DA:3,1
DA:4,1
DA:9,4
DA:22,1
DA:23,0
DA:24,0
DA:25,0
DA:26,0
DA:27,0
DA:28,0
DA:30,0
DA:31,0
DA:38,1
DA:39,2
DA:40,2
DA:41,2
DA:42,2
DA:43,0
DA:44,0
DA:46,2
DA:47,2
DA:54,1
DA:55,0
DA:56,0
DA:57,0
DA:58,0
DA:59,0
DA:60,0
DA:61,0
DA:64,0
DA:75,0
DA:76,0
DA:77,0
DA:79,0
DA:87,1
DA:88,80
DA:89,80
DA:90,80
DA:91,80
DA:92,0
DA:93,80
DA:94,0
DA:97,80
DA:98,80
DA:104,1
DA:105,40
DA:106,40
DA:107,40
DA:108,40
DA:109,0
DA:110,40
DA:111,2
DA:114,38
DA:117,38
DA:118,38
DA:119,37
DA:121,1
DA:127,1
DA:128,0
DA:129,0
DA:130,0
DA:131,0
DA:132,0
DA:133,0
DA:134,0
DA:136,0
DA:143,1
DA:144,0
DA:145,0
DA:146,0
DA:147,0
DA:148,0
DA:149,0
DA:150,0
DA:152,0
DA:153,0
DA:154,0
DA:160,1
DA:161,0
DA:162,0
DA:163,0
DA:164,0
DA:165,0
DA:166,0
DA:168,0
LF:86
LH:36
BRDA:26,0,0,0
BRDA:26,0,1,0
BRDA:42,1,0,0
BRDA:42,1,1,2
BRDA:58,2,0,0
BRDA:58,2,1,0
BRDA:60,3,0,0
BRDA:60,3,1,0
BRDA:76,4,0,0
BRDA:76,4,1,0
BRDA:91,5,0,0
BRDA:91,5,1,80
BRDA:93,6,0,0
BRDA:93,6,1,80
BRDA:108,7,0,0
BRDA:108,7,1,40
BRDA:110,8,0,2
BRDA:110,8,1,38
BRDA:118,9,0,37
BRDA:118,9,1,1
BRDA:132,10,0,0
BRDA:132,10,1,0
BRDA:147,11,0,0
BRDA:147,11,1,0
BRDA:152,12,0,0
BRDA:152,12,1,0
BRDA:164,13,0,0
BRDA:164,13,1,0
BRF:28
BRH:8
end_of_record
