{"C:\\Users\\aless\\Desktop\\SE2-Projects\\SPG-Project\\SolidarityPurchasingGroup\\client\\src\\API.js": {"path":"C:\\Users\\aless\\Desktop\\SE2-Projects\\SPG-Project\\SolidarityPurchasingGroup\\client\\src\\API.js","statementMap":{"0":{"start":{"line":4,"column":16},"end":{"line":4,"column":22}},"1":{"start":{"line":9,"column":21},"end":{"line":9,"column":55}},"2":{"start":{"line":10,"column":25},"end":{"line":10,"column":46}},"3":{"start":{"line":11,"column":4},"end":{"line":15,"column":5}},"4":{"start":{"line":12,"column":8},"end":{"line":12,"column":28}},"5":{"start":{"line":14,"column":8},"end":{"line":14,"column":27}},"6":{"start":{"line":19,"column":21},"end":{"line":23,"column":6}},"7":{"start":{"line":24,"column":4},"end":{"line":26,"column":42}},"8":{"start":{"line":25,"column":8},"end":{"line":25,"column":20}},"9":{"start":{"line":26,"column":11},"end":{"line":26,"column":42}},"10":{"start":{"line":30,"column":19},"end":{"line":36,"column":6}},"11":{"start":{"line":37,"column":4},"end":{"line":49,"column":5}},"12":{"start":{"line":38,"column":21},"end":{"line":38,"column":42}},"13":{"start":{"line":39,"column":8},"end":{"line":39,"column":20}},"14":{"start":{"line":42,"column":8},"end":{"line":48,"column":9}},"15":{"start":{"line":43,"column":30},"end":{"line":43,"column":51}},"16":{"start":{"line":44,"column":12},"end":{"line":44,"column":36}},"17":{"start":{"line":47,"column":12},"end":{"line":47,"column":22}},"18":{"start":{"line":53,"column":4},"end":{"line":53,"column":63}},"19":{"start":{"line":57,"column":21},"end":{"line":57,"column":63}},"20":{"start":{"line":58,"column":21},"end":{"line":58,"column":42}},"21":{"start":{"line":59,"column":4},"end":{"line":63,"column":5}},"22":{"start":{"line":60,"column":8},"end":{"line":60,"column":24}},"23":{"start":{"line":62,"column":8},"end":{"line":62,"column":23}},"24":{"start":{"line":68,"column":21},"end":{"line":68,"column":54}},"25":{"start":{"line":69,"column":24},"end":{"line":69,"column":45}},"26":{"start":{"line":70,"column":4},"end":{"line":74,"column":5}},"27":{"start":{"line":71,"column":8},"end":{"line":71,"column":27}},"28":{"start":{"line":73,"column":8},"end":{"line":73,"column":26}},"29":{"start":{"line":77,"column":12},"end":{"line":77,"column":83}}},"fnMap":{"0":{"name":"getAllProducts","decl":{"start":{"line":7,"column":15},"end":{"line":7,"column":29}},"loc":{"start":{"line":7,"column":32},"end":{"line":16,"column":1}},"line":7},"1":{"name":"addNewClient","decl":{"start":{"line":18,"column":15},"end":{"line":18,"column":27}},"loc":{"start":{"line":18,"column":36},"end":{"line":27,"column":1}},"line":18},"2":{"name":"logIn","decl":{"start":{"line":29,"column":15},"end":{"line":29,"column":20}},"loc":{"start":{"line":29,"column":34},"end":{"line":50,"column":1}},"line":29},"3":{"name":"logOut","decl":{"start":{"line":52,"column":15},"end":{"line":52,"column":21}},"loc":{"start":{"line":52,"column":24},"end":{"line":54,"column":1}},"line":52},"4":{"name":"getUserInfo","decl":{"start":{"line":56,"column":15},"end":{"line":56,"column":26}},"loc":{"start":{"line":56,"column":29},"end":{"line":64,"column":1}},"line":56},"5":{"name":"getAllClients","decl":{"start":{"line":66,"column":15},"end":{"line":66,"column":28}},"loc":{"start":{"line":66,"column":31},"end":{"line":75,"column":1}},"line":66}},"branchMap":{"0":{"loc":{"start":{"line":11,"column":4},"end":{"line":15,"column":5}},"type":"if","locations":[{"start":{"line":11,"column":4},"end":{"line":15,"column":5}},{"start":{"line":13,"column":11},"end":{"line":15,"column":5}}],"line":11},"1":{"loc":{"start":{"line":24,"column":4},"end":{"line":26,"column":42}},"type":"if","locations":[{"start":{"line":24,"column":4},"end":{"line":26,"column":42}},{"start":{"line":26,"column":11},"end":{"line":26,"column":42}}],"line":24},"2":{"loc":{"start":{"line":37,"column":4},"end":{"line":49,"column":5}},"type":"if","locations":[{"start":{"line":37,"column":4},"end":{"line":49,"column":5}},{"start":{"line":41,"column":9},"end":{"line":49,"column":5}}],"line":37},"3":{"loc":{"start":{"line":59,"column":4},"end":{"line":63,"column":5}},"type":"if","locations":[{"start":{"line":59,"column":4},"end":{"line":63,"column":5}},{"start":{"line":61,"column":11},"end":{"line":63,"column":5}}],"line":59},"4":{"loc":{"start":{"line":70,"column":4},"end":{"line":74,"column":5}},"type":"if","locations":[{"start":{"line":70,"column":4},"end":{"line":74,"column":5}},{"start":{"line":72,"column":11},"end":{"line":74,"column":5}}],"line":70}},"s":{"0":1,"1":0,"2":0,"3":0,"4":0,"5":0,"6":0,"7":0,"8":0,"9":0,"10":0,"11":0,"12":0,"13":0,"14":0,"15":0,"16":0,"17":0,"18":0,"19":1,"20":0,"21":0,"22":0,"23":0,"24":0,"25":0,"26":0,"27":0,"28":0,"29":1},"f":{"0":0,"1":0,"2":0,"3":0,"4":1,"5":0},"b":{"0":[0,0],"1":[0,0],"2":[0,0],"3":[0,0],"4":[0,0]},"_coverageSchema":"1a1c01bbd47fc00a2c39e90264f33305004495a9","hash":"57d1df8eed552a39d513979da80941af2f236e4c"}
,"C:\\Users\\aless\\Desktop\\SE2-Projects\\SPG-Project\\SolidarityPurchasingGroup\\client\\src\\App.js": {"path":"C:\\Users\\aless\\Desktop\\SE2-Projects\\SPG-Project\\SolidarityPurchasingGroup\\client\\src\\App.js","statementMap":{"0":{"start":{"line":19,"column":19},"end":{"line":27,"column":1}},"1":{"start":{"line":30,"column":30},"end":{"line":30,"column":55}},"2":{"start":{"line":31,"column":34},"end":{"line":31,"column":49}},"3":{"start":{"line":32,"column":32},"end":{"line":32,"column":44}},"4":{"start":{"line":33,"column":26},"end":{"line":33,"column":45}},"5":{"start":{"line":89,"column":2},"end":{"line":100,"column":9}},"6":{"start":{"line":90,"column":22},"end":{"line":98,"column":5}},"7":{"start":{"line":91,"column":6},"end":{"line":97,"column":7}},"8":{"start":{"line":92,"column":25},"end":{"line":92,"column":48}},"9":{"start":{"line":93,"column":8},"end":{"line":93,"column":26}},"10":{"start":{"line":94,"column":8},"end":{"line":94,"column":26}},"11":{"start":{"line":96,"column":8},"end":{"line":96,"column":33}},"12":{"start":{"line":99,"column":4},"end":{"line":99,"column":16}},"13":{"start":{"line":102,"column":28},"end":{"line":112,"column":3}},"14":{"start":{"line":104,"column":4},"end":{"line":111,"column":5}},"15":{"start":{"line":105,"column":23},"end":{"line":105,"column":79}},"16":{"start":{"line":106,"column":6},"end":{"line":106,"column":24}},"17":{"start":{"line":107,"column":6},"end":{"line":107,"column":60}},"18":{"start":{"line":108,"column":6},"end":{"line":108,"column":24}},"19":{"start":{"line":110,"column":6},"end":{"line":110,"column":74}},"20":{"start":{"line":114,"column":29},"end":{"line":120,"column":3}},"21":{"start":{"line":115,"column":4},"end":{"line":119,"column":7}},"22":{"start":{"line":116,"column":6},"end":{"line":116,"column":25}},"23":{"start":{"line":117,"column":6},"end":{"line":117,"column":21}},"24":{"start":{"line":118,"column":6},"end":{"line":118,"column":25}},"25":{"start":{"line":122,"column":20},"end":{"line":126,"column":3}},"26":{"start":{"line":123,"column":4},"end":{"line":125,"column":44}},"27":{"start":{"line":131,"column":2},"end":{"line":164,"column":4}},"28":{"start":{"line":136,"column":52},"end":{"line":137,"column":90}},"29":{"start":{"line":139,"column":12},"end":{"line":139,"column":38}},"30":{"start":{"line":142,"column":12},"end":{"line":143,"column":66}},"31":{"start":{"line":146,"column":12},"end":{"line":146,"column":59}},"32":{"start":{"line":149,"column":12},"end":{"line":149,"column":56}},"33":{"start":{"line":152,"column":12},"end":{"line":152,"column":28}},"34":{"start":{"line":155,"column":12},"end":{"line":155,"column":84}},"35":{"start":{"line":158,"column":12},"end":{"line":158,"column":31}}},"fnMap":{"0":{"name":"App","decl":{"start":{"line":29,"column":9},"end":{"line":29,"column":12}},"loc":{"start":{"line":29,"column":15},"end":{"line":165,"column":1}},"line":29},"1":{"name":"(anonymous_1)","decl":{"start":{"line":89,"column":12},"end":{"line":89,"column":13}},"loc":{"start":{"line":89,"column":18},"end":{"line":100,"column":3}},"line":89},"2":{"name":"(anonymous_2)","decl":{"start":{"line":90,"column":22},"end":{"line":90,"column":23}},"loc":{"start":{"line":90,"column":34},"end":{"line":98,"column":5}},"line":90},"3":{"name":"(anonymous_3)","decl":{"start":{"line":102,"column":28},"end":{"line":102,"column":29}},"loc":{"start":{"line":102,"column":55},"end":{"line":112,"column":3}},"line":102},"4":{"name":"(anonymous_4)","decl":{"start":{"line":114,"column":29},"end":{"line":114,"column":30}},"loc":{"start":{"line":114,"column":35},"end":{"line":120,"column":3}},"line":114},"5":{"name":"(anonymous_5)","decl":{"start":{"line":115,"column":22},"end":{"line":115,"column":23}},"loc":{"start":{"line":115,"column":28},"end":{"line":119,"column":5}},"line":115},"6":{"name":"(anonymous_6)","decl":{"start":{"line":122,"column":20},"end":{"line":122,"column":21}},"loc":{"start":{"line":122,"column":35},"end":{"line":126,"column":3}},"line":122},"7":{"name":"(anonymous_7)","decl":{"start":{"line":123,"column":37},"end":{"line":123,"column":38}},"loc":{"start":{"line":123,"column":43},"end":{"line":125,"column":5}},"line":123},"8":{"name":"(anonymous_8)","decl":{"start":{"line":136,"column":45},"end":{"line":136,"column":46}},"loc":{"start":{"line":136,"column":52},"end":{"line":137,"column":90}},"line":136},"9":{"name":"(anonymous_9)","decl":{"start":{"line":138,"column":41},"end":{"line":138,"column":42}},"loc":{"start":{"line":139,"column":12},"end":{"line":139,"column":38}},"line":139},"10":{"name":"(anonymous_10)","decl":{"start":{"line":141,"column":43},"end":{"line":141,"column":44}},"loc":{"start":{"line":142,"column":12},"end":{"line":143,"column":66}},"line":142},"11":{"name":"(anonymous_11)","decl":{"start":{"line":145,"column":42},"end":{"line":145,"column":43}},"loc":{"start":{"line":146,"column":12},"end":{"line":146,"column":59}},"line":146},"12":{"name":"(anonymous_12)","decl":{"start":{"line":148,"column":40},"end":{"line":148,"column":41}},"loc":{"start":{"line":149,"column":12},"end":{"line":149,"column":56}},"line":149},"13":{"name":"(anonymous_13)","decl":{"start":{"line":151,"column":41},"end":{"line":151,"column":42}},"loc":{"start":{"line":152,"column":12},"end":{"line":152,"column":28}},"line":152},"14":{"name":"(anonymous_14)","decl":{"start":{"line":154,"column":40},"end":{"line":154,"column":41}},"loc":{"start":{"line":155,"column":12},"end":{"line":155,"column":84}},"line":155},"15":{"name":"(anonymous_15)","decl":{"start":{"line":157,"column":25},"end":{"line":157,"column":26}},"loc":{"start":{"line":158,"column":12},"end":{"line":158,"column":31}},"line":158}},"branchMap":{"0":{"loc":{"start":{"line":136,"column":55},"end":{"line":137,"column":86}},"type":"cond-expr","locations":[{"start":{"line":136,"column":66},"end":{"line":136,"column":85}},{"start":{"line":137,"column":12},"end":{"line":137,"column":86}}],"line":136}},"s":{"0":1,"1":1,"2":1,"3":1,"4":1,"5":1,"6":1,"7":1,"8":1,"9":0,"10":0,"11":0,"12":1,"13":1,"14":0,"15":0,"16":0,"17":0,"18":0,"19":0,"20":1,"21":0,"22":0,"23":0,"24":0,"25":1,"26":0,"27":1,"28":0,"29":0,"30":0,"31":0,"32":0,"33":0,"34":1,"35":0},"f":{"0":1,"1":1,"2":1,"3":0,"4":0,"5":0,"6":0,"7":0,"8":0,"9":0,"10":0,"11":0,"12":0,"13":0,"14":1,"15":0},"b":{"0":[0,0]},"_coverageSchema":"1a1c01bbd47fc00a2c39e90264f33305004495a9","hash":"ec36d8d6d8a205d5bbced50214e3d912fc1dfc23"}
,"C:\\Users\\aless\\Desktop\\SE2-Projects\\SPG-Project\\SolidarityPurchasingGroup\\client\\src\\index.js": {"path":"C:\\Users\\aless\\Desktop\\SE2-Projects\\SPG-Project\\SolidarityPurchasingGroup\\client\\src\\index.js","statementMap":{"0":{"start":{"line":7,"column":0},"end":{"line":12,"column":2}},"1":{"start":{"line":17,"column":0},"end":{"line":17,"column":18}}},"fnMap":{},"branchMap":{},"s":{"0":0,"1":0},"f":{},"b":{}}
,"C:\\Users\\aless\\Desktop\\SE2-Projects\\SPG-Project\\SolidarityPurchasingGroup\\client\\src\\reportWebVitals.js": {"path":"C:\\Users\\aless\\Desktop\\SE2-Projects\\SPG-Project\\SolidarityPurchasingGroup\\client\\src\\reportWebVitals.js","statementMap":{"0":{"start":{"line":1,"column":24},"end":{"line":11,"column":1}},"1":{"start":{"line":2,"column":2},"end":{"line":10,"column":3}},"2":{"start":{"line":3,"column":4},"end":{"line":9,"column":7}},"3":{"start":{"line":4,"column":6},"end":{"line":4,"column":26}},"4":{"start":{"line":5,"column":6},"end":{"line":5,"column":26}},"5":{"start":{"line":6,"column":6},"end":{"line":6,"column":26}},"6":{"start":{"line":7,"column":6},"end":{"line":7,"column":26}},"7":{"start":{"line":8,"column":6},"end":{"line":8,"column":27}}},"fnMap":{"0":{"name":"(anonymous_0)","decl":{"start":{"line":1,"column":24},"end":{"line":1,"column":25}},"loc":{"start":{"line":1,"column":39},"end":{"line":11,"column":1}},"line":1},"1":{"name":"(anonymous_1)","decl":{"start":{"line":3,"column":30},"end":{"line":3,"column":31}},"loc":{"start":{"line":3,"column":79},"end":{"line":9,"column":5}},"line":3}},"branchMap":{"0":{"loc":{"start":{"line":2,"column":2},"end":{"line":10,"column":3}},"type":"if","locations":[{"start":{"line":2,"column":2},"end":{"line":10,"column":3}},{"start":{},"end":{}}],"line":2},"1":{"loc":{"start":{"line":2,"column":6},"end":{"line":2,"column":52}},"type":"binary-expr","locations":[{"start":{"line":2,"column":6},"end":{"line":2,"column":17}},{"start":{"line":2,"column":21},"end":{"line":2,"column":52}}],"line":2}},"s":{"0":0,"1":0,"2":0,"3":0,"4":0,"5":0,"6":0,"7":0},"f":{"0":0,"1":0},"b":{"0":[0,0],"1":[0,0]}}
,"C:\\Users\\aless\\Desktop\\SE2-Projects\\SPG-Project\\SolidarityPurchasingGroup\\client\\src\\Components\\Client.js": {"path":"C:\\Users\\aless\\Desktop\\SE2-Projects\\SPG-Project\\SolidarityPurchasingGroup\\client\\src\\Components\\Client.js","statementMap":{"0":{"start":{"line":2,"column":4},"end":{"line":2,"column":27}},"1":{"start":{"line":3,"column":4},"end":{"line":3,"column":47}},"2":{"start":{"line":3,"column":24},"end":{"line":3,"column":44}},"3":{"start":{"line":7,"column":4},"end":{"line":7,"column":21}},"4":{"start":{"line":8,"column":4},"end":{"line":8,"column":27}},"5":{"start":{"line":9,"column":4},"end":{"line":9,"column":23}},"6":{"start":{"line":10,"column":4},"end":{"line":10,"column":29}},"7":{"start":{"line":11,"column":4},"end":{"line":11,"column":35}},"8":{"start":{"line":12,"column":4},"end":{"line":12,"column":27}},"9":{"start":{"line":13,"column":4},"end":{"line":13,"column":17}},"10":{"start":{"line":14,"column":4},"end":{"line":14,"column":23}},"11":{"start":{"line":15,"column":4},"end":{"line":15,"column":24}}},"fnMap":{"0":{"name":"ClientList","decl":{"start":{"line":1,"column":9},"end":{"line":1,"column":19}},"loc":{"start":{"line":1,"column":34},"end":{"line":4,"column":1}},"line":1},"1":{"name":"(anonymous_1)","decl":{"start":{"line":3,"column":15},"end":{"line":3,"column":16}},"loc":{"start":{"line":3,"column":22},"end":{"line":3,"column":46}},"line":3},"2":{"name":"Client","decl":{"start":{"line":6,"column":9},"end":{"line":6,"column":15}},"loc":{"start":{"line":6,"column":81},"end":{"line":16,"column":1}},"line":6}},"branchMap":{"0":{"loc":{"start":{"line":1,"column":20},"end":{"line":1,"column":32}},"type":"default-arg","locations":[{"start":{"line":1,"column":30},"end":{"line":1,"column":32}}],"line":1}},"s":{"0":0,"1":0,"2":0,"3":0,"4":0,"5":0,"6":0,"7":0,"8":0,"9":0,"10":0,"11":0},"f":{"0":0,"1":0,"2":0},"b":{"0":[0]},"_coverageSchema":"1a1c01bbd47fc00a2c39e90264f33305004495a9","hash":"8f724d9d9e2e459cd367a566c0154536adfb7464"}
,"C:\\Users\\aless\\Desktop\\SE2-Projects\\SPG-Project\\SolidarityPurchasingGroup\\client\\src\\Components\\Cart\\Cart.js": {"path":"C:\\Users\\aless\\Desktop\\SE2-Projects\\SPG-Project\\SolidarityPurchasingGroup\\client\\src\\Components\\Cart\\Cart.js","statementMap":{"0":{"start":{"line":9,"column":28},"end":{"line":9,"column":43}},"1":{"start":{"line":11,"column":18},"end":{"line":11,"column":38}},"2":{"start":{"line":11,"column":24},"end":{"line":11,"column":38}},"3":{"start":{"line":12,"column":17},"end":{"line":12,"column":36}},"4":{"start":{"line":12,"column":23},"end":{"line":12,"column":36}},"5":{"start":{"line":15,"column":4},"end":{"line":57,"column":9}},"6":{"start":{"line":43,"column":39},"end":{"line":43,"column":59}},"7":{"start":{"line":53,"column":24},"end":{"line":54,"column":130}},"8":{"start":{"line":61,"column":4},"end":{"line":93,"column":6}},"9":{"start":{"line":64,"column":83},"end":{"line":64,"column":128}},"10":{"start":{"line":78,"column":91},"end":{"line":78,"column":138}},"11":{"start":{"line":86,"column":43},"end":{"line":86,"column":90}}},"fnMap":{"0":{"name":"Cart","decl":{"start":{"line":8,"column":9},"end":{"line":8,"column":13}},"loc":{"start":{"line":8,"column":21},"end":{"line":58,"column":1}},"line":8},"1":{"name":"(anonymous_1)","decl":{"start":{"line":11,"column":18},"end":{"line":11,"column":19}},"loc":{"start":{"line":11,"column":24},"end":{"line":11,"column":38}},"line":11},"2":{"name":"(anonymous_2)","decl":{"start":{"line":12,"column":17},"end":{"line":12,"column":18}},"loc":{"start":{"line":12,"column":23},"end":{"line":12,"column":36}},"line":12},"3":{"name":"(anonymous_3)","decl":{"start":{"line":43,"column":33},"end":{"line":43,"column":34}},"loc":{"start":{"line":43,"column":39},"end":{"line":43,"column":59}},"line":43},"4":{"name":"(anonymous_4)","decl":{"start":{"line":52,"column":37},"end":{"line":52,"column":38}},"loc":{"start":{"line":53,"column":24},"end":{"line":54,"column":130}},"line":53},"5":{"name":"CartProduct","decl":{"start":{"line":60,"column":9},"end":{"line":60,"column":20}},"loc":{"start":{"line":60,"column":28},"end":{"line":94,"column":1}},"line":60},"6":{"name":"(anonymous_6)","decl":{"start":{"line":64,"column":77},"end":{"line":64,"column":78}},"loc":{"start":{"line":64,"column":83},"end":{"line":64,"column":128}},"line":64},"7":{"name":"(anonymous_7)","decl":{"start":{"line":78,"column":85},"end":{"line":78,"column":86}},"loc":{"start":{"line":78,"column":91},"end":{"line":78,"column":138}},"line":78},"8":{"name":"(anonymous_8)","decl":{"start":{"line":86,"column":37},"end":{"line":86,"column":38}},"loc":{"start":{"line":86,"column":43},"end":{"line":86,"column":90}},"line":86}},"branchMap":{"0":{"loc":{"start":{"line":27,"column":79},"end":{"line":27,"column":124}},"type":"cond-expr","locations":[{"start":{"line":27,"column":96},"end":{"line":27,"column":119}},{"start":{"line":27,"column":122},"end":{"line":27,"column":124}}],"line":27},"1":{"loc":{"start":{"line":42,"column":56},"end":{"line":42,"column":103}},"type":"binary-expr","locations":[{"start":{"line":42,"column":56},"end":{"line":42,"column":79}},{"start":{"line":42,"column":83},"end":{"line":42,"column":103}}],"line":42},"2":{"loc":{"start":{"line":44,"column":25},"end":{"line":44,"column":118}},"type":"cond-expr","locations":[{"start":{"line":44,"column":48},"end":{"line":44,"column":100}},{"start":{"line":44,"column":103},"end":{"line":44,"column":118}}],"line":44},"3":{"loc":{"start":{"line":51,"column":17},"end":{"line":54,"column":131}},"type":"cond-expr","locations":[{"start":{"line":51,"column":43},"end":{"line":51,"column":97}},{"start":{"line":52,"column":22},"end":{"line":54,"column":131}}],"line":51}},"s":{"0":3,"1":3,"2":0,"3":3,"4":1,"5":3,"6":0,"7":0,"8":0,"9":0,"10":0,"11":0},"f":{"0":3,"1":0,"2":1,"3":0,"4":0,"5":0,"6":0,"7":0,"8":0},"b":{"0":[0,3],"1":[3,0],"2":[0,3],"3":[3,0]},"_coverageSchema":"1a1c01bbd47fc00a2c39e90264f33305004495a9","hash":"8423daa176ca031292c60863443f4112ef8b4b4c"}
,"C:\\Users\\aless\\Desktop\\SE2-Projects\\SPG-Project\\SolidarityPurchasingGroup\\client\\src\\Components\\ClientList\\AddClient.js": {"path":"C:\\Users\\aless\\Desktop\\SE2-Projects\\SPG-Project\\SolidarityPurchasingGroup\\client\\src\\Components\\ClientList\\AddClient.js","statementMap":{"0":{"start":{"line":8,"column":4},"end":{"line":23,"column":6}},"1":{"start":{"line":27,"column":28},"end":{"line":27,"column":42}},"2":{"start":{"line":29,"column":24},"end":{"line":31,"column":5}},"3":{"start":{"line":30,"column":8},"end":{"line":30,"column":23}},"4":{"start":{"line":33,"column":4},"end":{"line":48,"column":5}},"5":{"start":{"line":34,"column":8},"end":{"line":43,"column":10}},"6":{"start":{"line":45,"column":8},"end":{"line":47,"column":10}},"7":{"start":{"line":53,"column":28},"end":{"line":53,"column":40}},"8":{"start":{"line":54,"column":34},"end":{"line":54,"column":46}},"9":{"start":{"line":55,"column":30},"end":{"line":55,"column":42}},"10":{"start":{"line":56,"column":36},"end":{"line":56,"column":48}},"11":{"start":{"line":57,"column":42},"end":{"line":57,"column":54}},"12":{"start":{"line":58,"column":34},"end":{"line":58,"column":46}},"13":{"start":{"line":60,"column":44},"end":{"line":60,"column":56}},"14":{"start":{"line":61,"column":38},"end":{"line":61,"column":53}},"15":{"start":{"line":63,"column":22},"end":{"line":98,"column":5}},"16":{"start":{"line":64,"column":8},"end":{"line":64,"column":31}},"17":{"start":{"line":66,"column":20},"end":{"line":66,"column":24}},"18":{"start":{"line":67,"column":8},"end":{"line":70,"column":9}},"19":{"start":{"line":68,"column":12},"end":{"line":68,"column":57}},"20":{"start":{"line":69,"column":12},"end":{"line":69,"column":26}},"21":{"start":{"line":71,"column":8},"end":{"line":74,"column":9}},"22":{"start":{"line":72,"column":12},"end":{"line":72,"column":60}},"23":{"start":{"line":73,"column":12},"end":{"line":73,"column":26}},"24":{"start":{"line":75,"column":8},"end":{"line":78,"column":9}},"25":{"start":{"line":76,"column":12},"end":{"line":76,"column":61}},"26":{"start":{"line":77,"column":12},"end":{"line":77,"column":26}},"27":{"start":{"line":79,"column":8},"end":{"line":82,"column":9}},"28":{"start":{"line":80,"column":12},"end":{"line":80,"column":58}},"29":{"start":{"line":81,"column":12},"end":{"line":81,"column":26}},"30":{"start":{"line":83,"column":8},"end":{"line":86,"column":9}},"31":{"start":{"line":84,"column":12},"end":{"line":84,"column":64}},"32":{"start":{"line":85,"column":12},"end":{"line":85,"column":26}},"33":{"start":{"line":87,"column":8},"end":{"line":90,"column":9}},"34":{"start":{"line":88,"column":12},"end":{"line":88,"column":60}},"35":{"start":{"line":89,"column":12},"end":{"line":89,"column":26}},"36":{"start":{"line":93,"column":8},"end":{"line":97,"column":9}},"37":{"start":{"line":94,"column":12},"end":{"line":94,"column":94}},"38":{"start":{"line":95,"column":12},"end":{"line":95,"column":24}},"39":{"start":{"line":96,"column":12},"end":{"line":96,"column":31}},"40":{"start":{"line":100,"column":22},"end":{"line":108,"column":5}},"41":{"start":{"line":101,"column":8},"end":{"line":101,"column":19}},"42":{"start":{"line":102,"column":8},"end":{"line":102,"column":23}},"43":{"start":{"line":103,"column":8},"end":{"line":103,"column":21}},"44":{"start":{"line":104,"column":8},"end":{"line":104,"column":24}},"45":{"start":{"line":105,"column":8},"end":{"line":105,"column":27}},"46":{"start":{"line":106,"column":8},"end":{"line":106,"column":23}},"47":{"start":{"line":110,"column":4},"end":{"line":147,"column":5}},"48":{"start":{"line":111,"column":8},"end":{"line":113,"column":14}},"49":{"start":{"line":115,"column":8},"end":{"line":146,"column":10}},"50":{"start":{"line":119,"column":84},"end":{"line":119,"column":108}},"51":{"start":{"line":123,"column":87},"end":{"line":123,"column":114}},"52":{"start":{"line":127,"column":85},"end":{"line":127,"column":110}},"53":{"start":{"line":131,"column":88},"end":{"line":131,"column":116}},"54":{"start":{"line":135,"column":91},"end":{"line":135,"column":122}},"55":{"start":{"line":139,"column":87},"end":{"line":139,"column":114}}},"fnMap":{"0":{"name":"AddClientBtn","decl":{"start":{"line":7,"column":9},"end":{"line":7,"column":21}},"loc":{"start":{"line":7,"column":29},"end":{"line":24,"column":1}},"line":7},"1":{"name":"ClientModal","decl":{"start":{"line":26,"column":9},"end":{"line":26,"column":20}},"loc":{"start":{"line":26,"column":28},"end":{"line":50,"column":1}},"line":26},"2":{"name":"(anonymous_2)","decl":{"start":{"line":29,"column":24},"end":{"line":29,"column":25}},"loc":{"start":{"line":29,"column":30},"end":{"line":31,"column":5}},"line":29},"3":{"name":"AddClientForm","decl":{"start":{"line":52,"column":9},"end":{"line":52,"column":22}},"loc":{"start":{"line":52,"column":30},"end":{"line":149,"column":1}},"line":52},"4":{"name":"(anonymous_4)","decl":{"start":{"line":63,"column":22},"end":{"line":63,"column":23}},"loc":{"start":{"line":63,"column":33},"end":{"line":98,"column":5}},"line":63},"5":{"name":"(anonymous_5)","decl":{"start":{"line":100,"column":22},"end":{"line":100,"column":23}},"loc":{"start":{"line":100,"column":28},"end":{"line":108,"column":5}},"line":100},"6":{"name":"(anonymous_6)","decl":{"start":{"line":119,"column":78},"end":{"line":119,"column":79}},"loc":{"start":{"line":119,"column":84},"end":{"line":119,"column":108}},"line":119},"7":{"name":"(anonymous_7)","decl":{"start":{"line":123,"column":81},"end":{"line":123,"column":82}},"loc":{"start":{"line":123,"column":87},"end":{"line":123,"column":114}},"line":123},"8":{"name":"(anonymous_8)","decl":{"start":{"line":127,"column":79},"end":{"line":127,"column":80}},"loc":{"start":{"line":127,"column":85},"end":{"line":127,"column":110}},"line":127},"9":{"name":"(anonymous_9)","decl":{"start":{"line":131,"column":82},"end":{"line":131,"column":83}},"loc":{"start":{"line":131,"column":88},"end":{"line":131,"column":116}},"line":131},"10":{"name":"(anonymous_10)","decl":{"start":{"line":135,"column":85},"end":{"line":135,"column":86}},"loc":{"start":{"line":135,"column":91},"end":{"line":135,"column":122}},"line":135},"11":{"name":"(anonymous_11)","decl":{"start":{"line":139,"column":81},"end":{"line":139,"column":82}},"loc":{"start":{"line":139,"column":87},"end":{"line":139,"column":114}},"line":139}},"branchMap":{"0":{"loc":{"start":{"line":33,"column":4},"end":{"line":48,"column":5}},"type":"if","locations":[{"start":{"line":33,"column":4},"end":{"line":48,"column":5}},{"start":{"line":44,"column":11},"end":{"line":48,"column":5}}],"line":33},"1":{"loc":{"start":{"line":67,"column":8},"end":{"line":70,"column":9}},"type":"if","locations":[{"start":{"line":67,"column":8},"end":{"line":70,"column":9}},{"start":{},"end":{}}],"line":67},"2":{"loc":{"start":{"line":71,"column":8},"end":{"line":74,"column":9}},"type":"if","locations":[{"start":{"line":71,"column":8},"end":{"line":74,"column":9}},{"start":{},"end":{}}],"line":71},"3":{"loc":{"start":{"line":75,"column":8},"end":{"line":78,"column":9}},"type":"if","locations":[{"start":{"line":75,"column":8},"end":{"line":78,"column":9}},{"start":{},"end":{}}],"line":75},"4":{"loc":{"start":{"line":79,"column":8},"end":{"line":82,"column":9}},"type":"if","locations":[{"start":{"line":79,"column":8},"end":{"line":82,"column":9}},{"start":{},"end":{}}],"line":79},"5":{"loc":{"start":{"line":83,"column":8},"end":{"line":86,"column":9}},"type":"if","locations":[{"start":{"line":83,"column":8},"end":{"line":86,"column":9}},{"start":{},"end":{}}],"line":83},"6":{"loc":{"start":{"line":87,"column":8},"end":{"line":90,"column":9}},"type":"if","locations":[{"start":{"line":87,"column":8},"end":{"line":90,"column":9}},{"start":{},"end":{}}],"line":87},"7":{"loc":{"start":{"line":93,"column":8},"end":{"line":97,"column":9}},"type":"if","locations":[{"start":{"line":93,"column":8},"end":{"line":97,"column":9}},{"start":{},"end":{}}],"line":93},"8":{"loc":{"start":{"line":110,"column":4},"end":{"line":147,"column":5}},"type":"if","locations":[{"start":{"line":110,"column":4},"end":{"line":147,"column":5}},{"start":{"line":114,"column":11},"end":{"line":147,"column":5}}],"line":110}},"s":{"0":0,"1":0,"2":0,"3":0,"4":0,"5":0,"6":0,"7":0,"8":0,"9":0,"10":0,"11":0,"12":0,"13":0,"14":0,"15":0,"16":0,"17":0,"18":0,"19":0,"20":0,"21":0,"22":0,"23":0,"24":0,"25":0,"26":0,"27":0,"28":0,"29":0,"30":0,"31":0,"32":0,"33":0,"34":0,"35":0,"36":0,"37":0,"38":0,"39":0,"40":0,"41":0,"42":0,"43":0,"44":0,"45":0,"46":0,"47":0,"48":0,"49":0,"50":0,"51":0,"52":0,"53":0,"54":0,"55":0},"f":{"0":0,"1":0,"2":0,"3":0,"4":0,"5":0,"6":0,"7":0,"8":0,"9":0,"10":0,"11":0},"b":{"0":[0,0],"1":[0,0],"2":[0,0],"3":[0,0],"4":[0,0],"5":[0,0],"6":[0,0],"7":[0,0],"8":[0,0]},"_coverageSchema":"1a1c01bbd47fc00a2c39e90264f33305004495a9","hash":"947679f507146fa0fd879ae07a3e33d3933b53f9"}
,"C:\\Users\\aless\\Desktop\\SE2-Projects\\SPG-Project\\SolidarityPurchasingGroup\\client\\src\\Components\\ClientList\\ClientList.js": {"path":"C:\\Users\\aless\\Desktop\\SE2-Projects\\SPG-Project\\SolidarityPurchasingGroup\\client\\src\\Components\\ClientList\\ClientList.js","statementMap":{"0":{"start":{"line":12,"column":4},"end":{"line":28,"column":6}},"1":{"start":{"line":34,"column":18},"end":{"line":34,"column":20}},"2":{"start":{"line":35,"column":34},"end":{"line":35,"column":46}},"3":{"start":{"line":36,"column":46},"end":{"line":36,"column":58}},"4":{"start":{"line":39,"column":4},"end":{"line":57,"column":11}},"5":{"start":{"line":40,"column":22},"end":{"line":40,"column":26}},"6":{"start":{"line":42,"column":30},"end":{"line":44,"column":9}},"7":{"start":{"line":43,"column":12},"end":{"line":43,"column":48}},"8":{"start":{"line":45,"column":8},"end":{"line":55,"column":15}},"9":{"start":{"line":46,"column":12},"end":{"line":51,"column":13}},"10":{"start":{"line":47,"column":16},"end":{"line":47,"column":36}},"11":{"start":{"line":48,"column":16},"end":{"line":48,"column":42}},"12":{"start":{"line":49,"column":16},"end":{"line":49,"column":37}},"13":{"start":{"line":54,"column":16},"end":{"line":54,"column":35}},"14":{"start":{"line":56,"column":8},"end":{"line":56,"column":41}},"15":{"start":{"line":56,"column":23},"end":{"line":56,"column":38}},"16":{"start":{"line":62,"column":16},"end":{"line":62,"column":18}},"17":{"start":{"line":63,"column":8},"end":{"line":65,"column":10}},"18":{"start":{"line":64,"column":12},"end":{"line":64,"column":78}},"19":{"start":{"line":64,"column":68},"end":{"line":64,"column":78}},"20":{"start":{"line":67,"column":8},"end":{"line":67,"column":28}},"21":{"start":{"line":73,"column":4},"end":{"line":97,"column":6}},"22":{"start":{"line":76,"column":101},"end":{"line":76,"column":133}},"23":{"start":{"line":88,"column":24},"end":{"line":90,"column":26}},"24":{"start":{"line":102,"column":28},"end":{"line":102,"column":43}},"25":{"start":{"line":103,"column":24},"end":{"line":103,"column":44}},"26":{"start":{"line":103,"column":30},"end":{"line":103,"column":44}},"27":{"start":{"line":104,"column":23},"end":{"line":104,"column":42}},"28":{"start":{"line":104,"column":29},"end":{"line":104,"column":42}},"29":{"start":{"line":106,"column":25},"end":{"line":109,"column":5}},"30":{"start":{"line":107,"column":8},"end":{"line":107,"column":31}},"31":{"start":{"line":111,"column":4},"end":{"line":144,"column":5}}},"fnMap":{"0":{"name":"Client","decl":{"start":{"line":11,"column":9},"end":{"line":11,"column":15}},"loc":{"start":{"line":11,"column":23},"end":{"line":29,"column":1}},"line":11},"1":{"name":"ClientList","decl":{"start":{"line":33,"column":9},"end":{"line":33,"column":19}},"loc":{"start":{"line":33,"column":27},"end":{"line":98,"column":1}},"line":33},"2":{"name":"(anonymous_2)","decl":{"start":{"line":39,"column":14},"end":{"line":39,"column":15}},"loc":{"start":{"line":39,"column":20},"end":{"line":57,"column":5}},"line":39},"3":{"name":"(anonymous_3)","decl":{"start":{"line":42,"column":30},"end":{"line":42,"column":31}},"loc":{"start":{"line":42,"column":42},"end":{"line":44,"column":9}},"line":42},"4":{"name":"(anonymous_4)","decl":{"start":{"line":45,"column":29},"end":{"line":45,"column":30}},"loc":{"start":{"line":45,"column":37},"end":{"line":52,"column":9}},"line":45},"5":{"name":"(anonymous_5)","decl":{"start":{"line":53,"column":19},"end":{"line":53,"column":20}},"loc":{"start":{"line":53,"column":26},"end":{"line":55,"column":13}},"line":53},"6":{"name":"(anonymous_6)","decl":{"start":{"line":56,"column":15},"end":{"line":56,"column":16}},"loc":{"start":{"line":56,"column":21},"end":{"line":56,"column":40}},"line":56},"7":{"name":"changeSearchText","decl":{"start":{"line":61,"column":13},"end":{"line":61,"column":29}},"loc":{"start":{"line":61,"column":36},"end":{"line":69,"column":5}},"line":61},"8":{"name":"(anonymous_8)","decl":{"start":{"line":63,"column":24},"end":{"line":63,"column":25}},"loc":{"start":{"line":63,"column":29},"end":{"line":65,"column":9}},"line":63},"9":{"name":"(anonymous_9)","decl":{"start":{"line":76,"column":96},"end":{"line":76,"column":97}},"loc":{"start":{"line":76,"column":101},"end":{"line":76,"column":133}},"line":76},"10":{"name":"(anonymous_10)","decl":{"start":{"line":87,"column":38},"end":{"line":87,"column":39}},"loc":{"start":{"line":88,"column":24},"end":{"line":90,"column":26}},"line":88},"11":{"name":"WalletTopUpModal","decl":{"start":{"line":100,"column":9},"end":{"line":100,"column":25}},"loc":{"start":{"line":100,"column":33},"end":{"line":145,"column":1}},"line":100},"12":{"name":"(anonymous_12)","decl":{"start":{"line":103,"column":24},"end":{"line":103,"column":25}},"loc":{"start":{"line":103,"column":30},"end":{"line":103,"column":44}},"line":103},"13":{"name":"(anonymous_13)","decl":{"start":{"line":104,"column":23},"end":{"line":104,"column":24}},"loc":{"start":{"line":104,"column":29},"end":{"line":104,"column":42}},"line":104},"14":{"name":"(anonymous_14)","decl":{"start":{"line":106,"column":25},"end":{"line":106,"column":26}},"loc":{"start":{"line":106,"column":36},"end":{"line":109,"column":5}},"line":106}},"branchMap":{"0":{"loc":{"start":{"line":46,"column":12},"end":{"line":51,"column":13}},"type":"if","locations":[{"start":{"line":46,"column":12},"end":{"line":51,"column":13}},{"start":{},"end":{}}],"line":46},"1":{"loc":{"start":{"line":64,"column":12},"end":{"line":64,"column":78}},"type":"if","locations":[{"start":{"line":64,"column":12},"end":{"line":64,"column":78}},{"start":{},"end":{}}],"line":64}},"s":{"0":0,"1":0,"2":0,"3":0,"4":0,"5":0,"6":0,"7":0,"8":0,"9":0,"10":0,"11":0,"12":0,"13":0,"14":0,"15":0,"16":0,"17":0,"18":0,"19":0,"20":0,"21":0,"22":0,"23":0,"24":0,"25":0,"26":0,"27":0,"28":0,"29":0,"30":0,"31":0},"f":{"0":0,"1":0,"2":0,"3":0,"4":0,"5":0,"6":0,"7":0,"8":0,"9":0,"10":0,"11":0,"12":0,"13":0,"14":0},"b":{"0":[0,0],"1":[0,0]},"_coverageSchema":"1a1c01bbd47fc00a2c39e90264f33305004495a9","hash":"2ccec108be7df95f4fd4c983fee15e267a352857"}
,"C:\\Users\\aless\\Desktop\\SE2-Projects\\SPG-Project\\SolidarityPurchasingGroup\\client\\src\\Components\\HomePage\\HomePage.js": {"path":"C:\\Users\\aless\\Desktop\\SE2-Projects\\SPG-Project\\SolidarityPurchasingGroup\\client\\src\\Components\\HomePage\\HomePage.js","statementMap":{"0":{"start":{"line":7,"column":4},"end":{"line":46,"column":6}},"1":{"start":{"line":51,"column":4},"end":{"line":63,"column":6}},"2":{"start":{"line":67,"column":4},"end":{"line":71,"column":9}},"3":{"start":{"line":75,"column":4},"end":{"line":79,"column":9}}},"fnMap":{"0":{"name":"HomePage","decl":{"start":{"line":6,"column":9},"end":{"line":6,"column":17}},"loc":{"start":{"line":6,"column":24},"end":{"line":47,"column":1}},"line":6},"1":{"name":"SelectionBar","decl":{"start":{"line":49,"column":9},"end":{"line":49,"column":21}},"loc":{"start":{"line":49,"column":24},"end":{"line":64,"column":1}},"line":49},"2":{"name":"LogIn","decl":{"start":{"line":66,"column":9},"end":{"line":66,"column":14}},"loc":{"start":{"line":66,"column":16},"end":{"line":72,"column":1}},"line":66},"3":{"name":"LogOut","decl":{"start":{"line":74,"column":9},"end":{"line":74,"column":15}},"loc":{"start":{"line":74,"column":21},"end":{"line":80,"column":1}},"line":74}},"branchMap":{"0":{"loc":{"start":{"line":17,"column":25},"end":{"line":17,"column":106}},"type":"cond-expr","locations":[{"start":{"line":17,"column":41},"end":{"line":17,"column":95}},{"start":{"line":17,"column":98},"end":{"line":17,"column":106}}],"line":17},"1":{"loc":{"start":{"line":25,"column":21},"end":{"line":29,"column":31}},"type":"cond-expr","locations":[{"start":{"line":25,"column":37},"end":{"line":25,"column":43}},{"start":{"line":25,"column":46},"end":{"line":29,"column":31}}],"line":25}},"s":{"0":6,"1":6,"2":6,"3":0},"f":{"0":6,"1":6,"2":6,"3":0},"b":{"0":[0,6],"1":[0,6]},"_coverageSchema":"1a1c01bbd47fc00a2c39e90264f33305004495a9","hash":"4704fa0a5fdb97397e262e7db18a5d14075f4a23"}
,"C:\\Users\\aless\\Desktop\\SE2-Projects\\SPG-Project\\SolidarityPurchasingGroup\\client\\src\\Components\\LoginComponents\\LoginComponent.js": {"path":"C:\\Users\\aless\\Desktop\\SE2-Projects\\SPG-Project\\SolidarityPurchasingGroup\\client\\src\\Components\\LoginComponents\\LoginComponent.js","statementMap":{"0":{"start":{"line":6,"column":38},"end":{"line":6,"column":53}},"1":{"start":{"line":7,"column":30},"end":{"line":7,"column":42}},"2":{"start":{"line":8,"column":36},"end":{"line":8,"column":48}},"3":{"start":{"line":11,"column":24},"end":{"line":22,"column":5}},"4":{"start":{"line":12,"column":21},"end":{"line":12,"column":40}},"5":{"start":{"line":13,"column":8},"end":{"line":19,"column":9}},"6":{"start":{"line":14,"column":12},"end":{"line":14,"column":35}},"7":{"start":{"line":15,"column":12},"end":{"line":15,"column":36}},"8":{"start":{"line":17,"column":12},"end":{"line":17,"column":35}},"9":{"start":{"line":18,"column":12},"end":{"line":18,"column":53}},"10":{"start":{"line":20,"column":8},"end":{"line":20,"column":27}},"11":{"start":{"line":23,"column":4},"end":{"line":50,"column":6}},"12":{"start":{"line":31,"column":96},"end":{"line":31,"column":121}},"13":{"start":{"line":41,"column":102},"end":{"line":41,"column":130}}},"fnMap":{"0":{"name":"LoginComponent","decl":{"start":{"line":5,"column":9},"end":{"line":5,"column":23}},"loc":{"start":{"line":5,"column":31},"end":{"line":51,"column":1}},"line":5},"1":{"name":"(anonymous_1)","decl":{"start":{"line":11,"column":24},"end":{"line":11,"column":25}},"loc":{"start":{"line":11,"column":35},"end":{"line":22,"column":5}},"line":11},"2":{"name":"(anonymous_2)","decl":{"start":{"line":31,"column":90},"end":{"line":31,"column":91}},"loc":{"start":{"line":31,"column":96},"end":{"line":31,"column":121}},"line":31},"3":{"name":"(anonymous_3)","decl":{"start":{"line":41,"column":96},"end":{"line":41,"column":97}},"loc":{"start":{"line":41,"column":102},"end":{"line":41,"column":130}},"line":41}},"branchMap":{"0":{"loc":{"start":{"line":13,"column":8},"end":{"line":19,"column":9}},"type":"if","locations":[{"start":{"line":13,"column":8},"end":{"line":19,"column":9}},{"start":{"line":16,"column":15},"end":{"line":19,"column":9}}],"line":13}},"s":{"0":1,"1":1,"2":1,"3":1,"4":0,"5":0,"6":0,"7":0,"8":0,"9":0,"10":0,"11":1,"12":0,"13":0},"f":{"0":1,"1":0,"2":0,"3":0},"b":{"0":[0,0]},"_coverageSchema":"1a1c01bbd47fc00a2c39e90264f33305004495a9","hash":"b4880b66e1b212eb0272f1a2fbd1db8494ae7e2c"}
,"C:\\Users\\aless\\Desktop\\SE2-Projects\\SPG-Project\\SolidarityPurchasingGroup\\client\\src\\Components\\NavBar\\NavBar.js": {"path":"C:\\Users\\aless\\Desktop\\SE2-Projects\\SPG-Project\\SolidarityPurchasingGroup\\client\\src\\Components\\NavBar\\NavBar.js","statementMap":{"0":{"start":{"line":9,"column":21},"end":{"line":9,"column":22}},"1":{"start":{"line":10,"column":20},"end":{"line":10,"column":21}},"2":{"start":{"line":11,"column":24},"end":{"line":11,"column":25}},"3":{"start":{"line":12,"column":0},"end":{"line":12,"column":34}},"4":{"start":{"line":16,"column":23},"end":{"line":33,"column":3}},"5":{"start":{"line":17,"column":4},"end":{"line":19,"column":5}},"6":{"start":{"line":18,"column":6},"end":{"line":18,"column":31}},"7":{"start":{"line":20,"column":4},"end":{"line":22,"column":5}},"8":{"start":{"line":21,"column":6},"end":{"line":21,"column":32}},"9":{"start":{"line":23,"column":4},"end":{"line":25,"column":5}},"10":{"start":{"line":24,"column":6},"end":{"line":24,"column":30}},"11":{"start":{"line":26,"column":4},"end":{"line":28,"column":5}},"12":{"start":{"line":27,"column":6},"end":{"line":27,"column":30}},"13":{"start":{"line":29,"column":4},"end":{"line":31,"column":5}},"14":{"start":{"line":30,"column":6},"end":{"line":30,"column":33}},"15":{"start":{"line":32,"column":4},"end":{"line":32,"column":17}},"16":{"start":{"line":36,"column":22},"end":{"line":44,"column":3}},"17":{"start":{"line":37,"column":4},"end":{"line":40,"column":72}},"18":{"start":{"line":38,"column":6},"end":{"line":38,"column":25}},"19":{"start":{"line":40,"column":6},"end":{"line":40,"column":72}},"20":{"start":{"line":41,"column":4},"end":{"line":41,"column":24}},"21":{"start":{"line":42,"column":4},"end":{"line":42,"column":70}},"22":{"start":{"line":43,"column":4},"end":{"line":43,"column":14}},"23":{"start":{"line":45,"column":23},"end":{"line":54,"column":3}},"24":{"start":{"line":46,"column":4},"end":{"line":51,"column":5}},"25":{"start":{"line":47,"column":6},"end":{"line":47,"column":25}},"26":{"start":{"line":49,"column":6},"end":{"line":49,"column":72}},"27":{"start":{"line":50,"column":6},"end":{"line":50,"column":26}},"28":{"start":{"line":52,"column":4},"end":{"line":52,"column":70}},"29":{"start":{"line":53,"column":4},"end":{"line":53,"column":14}},"30":{"start":{"line":55,"column":21},"end":{"line":64,"column":3}},"31":{"start":{"line":56,"column":4},"end":{"line":61,"column":5}},"32":{"start":{"line":57,"column":6},"end":{"line":57,"column":24}},"33":{"start":{"line":59,"column":6},"end":{"line":59,"column":70}},"34":{"start":{"line":60,"column":6},"end":{"line":60,"column":25}},"35":{"start":{"line":62,"column":4},"end":{"line":62,"column":68}},"36":{"start":{"line":63,"column":4},"end":{"line":63,"column":14}},"37":{"start":{"line":65,"column":22},"end":{"line":74,"column":3}},"38":{"start":{"line":66,"column":4},"end":{"line":71,"column":5}},"39":{"start":{"line":67,"column":6},"end":{"line":67,"column":24}},"40":{"start":{"line":69,"column":6},"end":{"line":69,"column":70}},"41":{"start":{"line":70,"column":6},"end":{"line":70,"column":25}},"42":{"start":{"line":72,"column":4},"end":{"line":72,"column":68}},"43":{"start":{"line":73,"column":4},"end":{"line":73,"column":14}},"44":{"start":{"line":75,"column":25},"end":{"line":84,"column":3}},"45":{"start":{"line":76,"column":4},"end":{"line":81,"column":5}},"46":{"start":{"line":77,"column":6},"end":{"line":77,"column":28}},"47":{"start":{"line":79,"column":6},"end":{"line":79,"column":78}},"48":{"start":{"line":80,"column":6},"end":{"line":80,"column":29}},"49":{"start":{"line":82,"column":4},"end":{"line":82,"column":76}},"50":{"start":{"line":83,"column":4},"end":{"line":83,"column":14}},"51":{"start":{"line":85,"column":26},"end":{"line":94,"column":3}},"52":{"start":{"line":86,"column":4},"end":{"line":91,"column":5}},"53":{"start":{"line":87,"column":4},"end":{"line":87,"column":26}},"54":{"start":{"line":89,"column":6},"end":{"line":89,"column":78}},"55":{"start":{"line":90,"column":6},"end":{"line":90,"column":29}},"56":{"start":{"line":92,"column":4},"end":{"line":92,"column":76}},"57":{"start":{"line":93,"column":4},"end":{"line":93,"column":14}},"58":{"start":{"line":96,"column":20},"end":{"line":101,"column":3}},"59":{"start":{"line":97,"column":4},"end":{"line":97,"column":48}},"60":{"start":{"line":98,"column":4},"end":{"line":98,"column":47}},"61":{"start":{"line":99,"column":4},"end":{"line":99,"column":51}},"62":{"start":{"line":102,"column":2},"end":{"line":137,"column":4}},"63":{"start":{"line":118,"column":35},"end":{"line":118,"column":61}},"64":{"start":{"line":142,"column":2},"end":{"line":148,"column":4}},"65":{"start":{"line":153,"column":2},"end":{"line":159,"column":4}},"66":{"start":{"line":164,"column":2},"end":{"line":171,"column":4}},"67":{"start":{"line":176,"column":2},"end":{"line":181,"column":4}},"68":{"start":{"line":186,"column":2},"end":{"line":191,"column":4}}},"fnMap":{"0":{"name":"NavBar","decl":{"start":{"line":14,"column":9},"end":{"line":14,"column":15}},"loc":{"start":{"line":14,"column":23},"end":{"line":138,"column":1}},"line":14},"1":{"name":"(anonymous_1)","decl":{"start":{"line":16,"column":23},"end":{"line":16,"column":24}},"loc":{"start":{"line":16,"column":39},"end":{"line":33,"column":3}},"line":16},"2":{"name":"(anonymous_2)","decl":{"start":{"line":36,"column":22},"end":{"line":36,"column":23}},"loc":{"start":{"line":36,"column":28},"end":{"line":44,"column":3}},"line":36},"3":{"name":"(anonymous_3)","decl":{"start":{"line":45,"column":23},"end":{"line":45,"column":24}},"loc":{"start":{"line":45,"column":29},"end":{"line":54,"column":3}},"line":45},"4":{"name":"(anonymous_4)","decl":{"start":{"line":55,"column":21},"end":{"line":55,"column":22}},"loc":{"start":{"line":55,"column":27},"end":{"line":64,"column":3}},"line":55},"5":{"name":"(anonymous_5)","decl":{"start":{"line":65,"column":22},"end":{"line":65,"column":23}},"loc":{"start":{"line":65,"column":28},"end":{"line":74,"column":3}},"line":65},"6":{"name":"(anonymous_6)","decl":{"start":{"line":75,"column":25},"end":{"line":75,"column":26}},"loc":{"start":{"line":75,"column":31},"end":{"line":84,"column":3}},"line":75},"7":{"name":"(anonymous_7)","decl":{"start":{"line":85,"column":26},"end":{"line":85,"column":27}},"loc":{"start":{"line":85,"column":32},"end":{"line":94,"column":3}},"line":85},"8":{"name":"(anonymous_8)","decl":{"start":{"line":96,"column":20},"end":{"line":96,"column":21}},"loc":{"start":{"line":96,"column":25},"end":{"line":101,"column":3}},"line":96},"9":{"name":"(anonymous_9)","decl":{"start":{"line":118,"column":29},"end":{"line":118,"column":30}},"loc":{"start":{"line":118,"column":35},"end":{"line":118,"column":61}},"line":118},"10":{"name":"ClientNavbar","decl":{"start":{"line":141,"column":9},"end":{"line":141,"column":21}},"loc":{"start":{"line":141,"column":24},"end":{"line":149,"column":1}},"line":141},"11":{"name":"EmployeeNavbar","decl":{"start":{"line":152,"column":9},"end":{"line":152,"column":23}},"loc":{"start":{"line":152,"column":26},"end":{"line":160,"column":1}},"line":152},"12":{"name":"ManagerNavbar","decl":{"start":{"line":163,"column":9},"end":{"line":163,"column":22}},"loc":{"start":{"line":163,"column":25},"end":{"line":172,"column":1}},"line":163},"13":{"name":"FarmerNavbar","decl":{"start":{"line":175,"column":9},"end":{"line":175,"column":21}},"loc":{"start":{"line":175,"column":24},"end":{"line":182,"column":1}},"line":175},"14":{"name":"DelivererNavbar","decl":{"start":{"line":185,"column":9},"end":{"line":185,"column":24}},"loc":{"start":{"line":185,"column":27},"end":{"line":192,"column":1}},"line":185}},"branchMap":{"0":{"loc":{"start":{"line":17,"column":4},"end":{"line":19,"column":5}},"type":"if","locations":[{"start":{"line":17,"column":4},"end":{"line":19,"column":5}},{"start":{},"end":{}}],"line":17},"1":{"loc":{"start":{"line":20,"column":4},"end":{"line":22,"column":5}},"type":"if","locations":[{"start":{"line":20,"column":4},"end":{"line":22,"column":5}},{"start":{},"end":{}}],"line":20},"2":{"loc":{"start":{"line":23,"column":4},"end":{"line":25,"column":5}},"type":"if","locations":[{"start":{"line":23,"column":4},"end":{"line":25,"column":5}},{"start":{},"end":{}}],"line":23},"3":{"loc":{"start":{"line":26,"column":4},"end":{"line":28,"column":5}},"type":"if","locations":[{"start":{"line":26,"column":4},"end":{"line":28,"column":5}},{"start":{},"end":{}}],"line":26},"4":{"loc":{"start":{"line":29,"column":4},"end":{"line":31,"column":5}},"type":"if","locations":[{"start":{"line":29,"column":4},"end":{"line":31,"column":5}},{"start":{},"end":{}}],"line":29},"5":{"loc":{"start":{"line":37,"column":4},"end":{"line":40,"column":72}},"type":"if","locations":[{"start":{"line":37,"column":4},"end":{"line":40,"column":72}},{"start":{"line":40,"column":6},"end":{"line":40,"column":72}}],"line":37},"6":{"loc":{"start":{"line":46,"column":4},"end":{"line":51,"column":5}},"type":"if","locations":[{"start":{"line":46,"column":4},"end":{"line":51,"column":5}},{"start":{"line":48,"column":9},"end":{"line":51,"column":5}}],"line":46},"7":{"loc":{"start":{"line":56,"column":4},"end":{"line":61,"column":5}},"type":"if","locations":[{"start":{"line":56,"column":4},"end":{"line":61,"column":5}},{"start":{"line":58,"column":9},"end":{"line":61,"column":5}}],"line":56},"8":{"loc":{"start":{"line":66,"column":4},"end":{"line":71,"column":5}},"type":"if","locations":[{"start":{"line":66,"column":4},"end":{"line":71,"column":5}},{"start":{"line":68,"column":9},"end":{"line":71,"column":5}}],"line":66},"9":{"loc":{"start":{"line":76,"column":4},"end":{"line":81,"column":5}},"type":"if","locations":[{"start":{"line":76,"column":4},"end":{"line":81,"column":5}},{"start":{"line":78,"column":9},"end":{"line":81,"column":5}}],"line":76},"10":{"loc":{"start":{"line":86,"column":4},"end":{"line":91,"column":5}},"type":"if","locations":[{"start":{"line":86,"column":4},"end":{"line":91,"column":5}},{"start":{"line":88,"column":9},"end":{"line":91,"column":5}}],"line":86},"11":{"loc":{"start":{"line":115,"column":7},"end":{"line":115,"column":88}},"type":"binary-expr","locations":[{"start":{"line":115,"column":7},"end":{"line":115,"column":21}},{"start":{"line":115,"column":25},"end":{"line":115,"column":49}},{"start":{"line":115,"column":53},"end":{"line":115,"column":88}}],"line":115},"12":{"loc":{"start":{"line":117,"column":9},"end":{"line":119,"column":50}},"type":"cond-expr","locations":[{"start":{"line":118,"column":10},"end":{"line":118,"column":80}},{"start":{"line":119,"column":10},"end":{"line":119,"column":50}}],"line":117}},"s":{"0":2,"1":2,"2":2,"3":2,"4":2,"5":0,"6":0,"7":0,"8":0,"9":0,"10":0,"11":0,"12":0,"13":0,"14":0,"15":0,"16":2,"17":0,"18":0,"19":0,"20":0,"21":0,"22":0,"23":2,"24":0,"25":0,"26":0,"27":0,"28":0,"29":0,"30":2,"31":0,"32":0,"33":0,"34":0,"35":0,"36":0,"37":2,"38":0,"39":0,"40":0,"41":0,"42":0,"43":0,"44":2,"45":0,"46":0,"47":0,"48":0,"49":0,"50":0,"51":2,"52":0,"53":0,"54":0,"55":0,"56":0,"57":0,"58":2,"59":0,"60":0,"61":0,"62":2,"63":0,"64":0,"65":0,"66":0,"67":0,"68":0},"f":{"0":2,"1":0,"2":0,"3":0,"4":0,"5":0,"6":0,"7":0,"8":0,"9":0,"10":0,"11":0,"12":0,"13":0,"14":0},"b":{"0":[0,0],"1":[0,0],"2":[0,0],"3":[0,0],"4":[0,0],"5":[0,0],"6":[0,0],"7":[0,0],"8":[0,0],"9":[0,0],"10":[0,0],"11":[2,0,0],"12":[0,2]},"_coverageSchema":"1a1c01bbd47fc00a2c39e90264f33305004495a9","hash":"23b2679f1ddede7805a2c4e8b232209aabfa5b93"}
,"C:\\Users\\aless\\Desktop\\SE2-Projects\\SPG-Project\\SolidarityPurchasingGroup\\client\\src\\Components\\NavBar\\clock.js": {"path":"C:\\Users\\aless\\Desktop\\SE2-Projects\\SPG-Project\\SolidarityPurchasingGroup\\client\\src\\Components\\NavBar\\clock.js","statementMap":{"0":{"start":{"line":3,"column":14},"end":{"line":3,"column":24}},"1":{"start":{"line":4,"column":14},"end":{"line":4,"column":29}},"2":{"start":{"line":5,"column":3},"end":{"line":5,"column":67}},"3":{"start":{"line":6,"column":13},"end":{"line":6,"column":30}},"4":{"start":{"line":7,"column":3},"end":{"line":7,"column":63}},"5":{"start":{"line":8,"column":13},"end":{"line":8,"column":30}},"6":{"start":{"line":9,"column":17},"end":{"line":9,"column":105}},"7":{"start":{"line":10,"column":11},"end":{"line":10,"column":72}},"8":{"start":{"line":12,"column":3},"end":{"line":12,"column":46}},"9":{"start":{"line":13,"column":3},"end":{"line":13,"column":42}},"10":{"start":{"line":14,"column":3},"end":{"line":14,"column":42}},"11":{"start":{"line":15,"column":3},"end":{"line":15,"column":38}},"12":{"start":{"line":16,"column":3},"end":{"line":16,"column":38}},"13":{"start":{"line":18,"column":13},"end":{"line":18,"column":39}},"14":{"start":{"line":19,"column":21},"end":{"line":19,"column":48}},"15":{"start":{"line":20,"column":3},"end":{"line":20,"column":60}},"16":{"start":{"line":21,"column":3},"end":{"line":21,"column":53}}},"fnMap":{"0":{"name":"showTime","decl":{"start":{"line":2,"column":9},"end":{"line":2,"column":17}},"loc":{"start":{"line":2,"column":20},"end":{"line":22,"column":3}},"line":2}},"branchMap":{"0":{"loc":{"start":{"line":12,"column":10},"end":{"line":12,"column":45}},"type":"cond-expr","locations":[{"start":{"line":12,"column":23},"end":{"line":12,"column":38}},{"start":{"line":12,"column":41},"end":{"line":12,"column":45}}],"line":12},"1":{"loc":{"start":{"line":13,"column":10},"end":{"line":13,"column":41}},"type":"cond-expr","locations":[{"start":{"line":13,"column":24},"end":{"line":13,"column":34}},{"start":{"line":13,"column":37},"end":{"line":13,"column":41}}],"line":13},"2":{"loc":{"start":{"line":14,"column":9},"end":{"line":14,"column":41}},"type":"cond-expr","locations":[{"start":{"line":14,"column":21},"end":{"line":14,"column":35}},{"start":{"line":14,"column":38},"end":{"line":14,"column":41}}],"line":14},"3":{"loc":{"start":{"line":15,"column":9},"end":{"line":15,"column":37}},"type":"cond-expr","locations":[{"start":{"line":15,"column":22},"end":{"line":15,"column":31}},{"start":{"line":15,"column":34},"end":{"line":15,"column":37}}],"line":15},"4":{"loc":{"start":{"line":16,"column":9},"end":{"line":16,"column":37}},"type":"cond-expr","locations":[{"start":{"line":16,"column":22},"end":{"line":16,"column":31}},{"start":{"line":16,"column":34},"end":{"line":16,"column":37}}],"line":16}},"s":{"0":0,"1":0,"2":0,"3":0,"4":0,"5":0,"6":0,"7":0,"8":0,"9":0,"10":0,"11":0,"12":0,"13":0,"14":0,"15":0,"16":0},"f":{"0":0},"b":{"0":[0,0],"1":[0,0],"2":[0,0],"3":[0,0],"4":[0,0]},"_coverageSchema":"1a1c01bbd47fc00a2c39e90264f33305004495a9","hash":"2177e06e1d77827fae895cfb1baff312ee3ea48c"}
,"C:\\Users\\aless\\Desktop\\SE2-Projects\\SPG-Project\\SolidarityPurchasingGroup\\client\\src\\Components\\OrderList\\OrderList.js": {"path":"C:\\Users\\aless\\Desktop\\SE2-Projects\\SPG-Project\\SolidarityPurchasingGroup\\client\\src\\Components\\OrderList\\OrderList.js","statementMap":{"0":{"start":{"line":11,"column":42},"end":{"line":11,"column":74}},"1":{"start":{"line":13,"column":4},"end":{"line":31,"column":6}},"2":{"start":{"line":27,"column":38},"end":{"line":27,"column":149}},"3":{"start":{"line":38,"column":34},"end":{"line":38,"column":56}},"4":{"start":{"line":41,"column":16},"end":{"line":41,"column":18}},"5":{"start":{"line":42,"column":8},"end":{"line":44,"column":10}},"6":{"start":{"line":43,"column":12},"end":{"line":43,"column":83}},"7":{"start":{"line":43,"column":73},"end":{"line":43,"column":83}},"8":{"start":{"line":46,"column":8},"end":{"line":46,"column":22}},"9":{"start":{"line":50,"column":4},"end":{"line":76,"column":6}},"10":{"start":{"line":52,"column":100},"end":{"line":52,"column":132}},"11":{"start":{"line":69,"column":24},"end":{"line":71,"column":26}}},"fnMap":{"0":{"name":"Order","decl":{"start":{"line":9,"column":9},"end":{"line":9,"column":14}},"loc":{"start":{"line":9,"column":22},"end":{"line":32,"column":1}},"line":9},"1":{"name":"(anonymous_1)","decl":{"start":{"line":27,"column":29},"end":{"line":27,"column":30}},"loc":{"start":{"line":27,"column":35},"end":{"line":27,"column":151}},"line":27},"2":{"name":"OrderList","decl":{"start":{"line":36,"column":9},"end":{"line":36,"column":18}},"loc":{"start":{"line":36,"column":26},"end":{"line":77,"column":1}},"line":36},"3":{"name":"changeSearchText","decl":{"start":{"line":40,"column":13},"end":{"line":40,"column":29}},"loc":{"start":{"line":40,"column":36},"end":{"line":48,"column":5}},"line":40},"4":{"name":"(anonymous_4)","decl":{"start":{"line":42,"column":29},"end":{"line":42,"column":30}},"loc":{"start":{"line":42,"column":34},"end":{"line":44,"column":9}},"line":42},"5":{"name":"(anonymous_5)","decl":{"start":{"line":52,"column":95},"end":{"line":52,"column":96}},"loc":{"start":{"line":52,"column":100},"end":{"line":52,"column":132}},"line":52},"6":{"name":"(anonymous_6)","decl":{"start":{"line":68,"column":32},"end":{"line":68,"column":33}},"loc":{"start":{"line":69,"column":24},"end":{"line":71,"column":26}},"line":69}},"branchMap":{"0":{"loc":{"start":{"line":20,"column":17},"end":{"line":20,"column":117}},"type":"cond-expr","locations":[{"start":{"line":20,"column":42},"end":{"line":20,"column":77}},{"start":{"line":20,"column":80},"end":{"line":20,"column":117}}],"line":20},"1":{"loc":{"start":{"line":27,"column":38},"end":{"line":27,"column":149}},"type":"cond-expr","locations":[{"start":{"line":27,"column":80},"end":{"line":27,"column":108}},{"start":{"line":27,"column":111},"end":{"line":27,"column":149}}],"line":27},"2":{"loc":{"start":{"line":43,"column":12},"end":{"line":43,"column":83}},"type":"if","locations":[{"start":{"line":43,"column":12},"end":{"line":43,"column":83}},{"start":{},"end":{}}],"line":43}},"s":{"0":0,"1":0,"2":0,"3":0,"4":0,"5":0,"6":0,"7":0,"8":0,"9":0,"10":0,"11":0},"f":{"0":0,"1":0,"2":0,"3":0,"4":0,"5":0,"6":0},"b":{"0":[0,0],"1":[0,0],"2":[0,0]},"_coverageSchema":"1a1c01bbd47fc00a2c39e90264f33305004495a9","hash":"b226b91dd30a5b2e63121a7325814ff820dd8ab0"}
,"C:\\Users\\aless\\Desktop\\SE2-Projects\\SPG-Project\\SolidarityPurchasingGroup\\client\\src\\Components\\ProductList\\ProductList.js": {"path":"C:\\Users\\aless\\Desktop\\SE2-Projects\\SPG-Project\\SolidarityPurchasingGroup\\client\\src\\Components\\ProductList\\ProductList.js","statementMap":{"0":{"start":{"line":12,"column":21},"end":{"line":12,"column":34}},"1":{"start":{"line":14,"column":36},"end":{"line":14,"column":48}},"2":{"start":{"line":15,"column":48},"end":{"line":15,"column":60}},"3":{"start":{"line":16,"column":30},"end":{"line":16,"column":42}},"4":{"start":{"line":17,"column":28},"end":{"line":17,"column":40}},"5":{"start":{"line":18,"column":36},"end":{"line":18,"column":76}},"6":{"start":{"line":19,"column":38},"end":{"line":19,"column":53}},"7":{"start":{"line":20,"column":36},"end":{"line":20,"column":47}},"8":{"start":{"line":21,"column":40},"end":{"line":21,"column":55}},"9":{"start":{"line":22,"column":48},"end":{"line":22,"column":67}},"10":{"start":{"line":24,"column":50},"end":{"line":24,"column":64}},"11":{"start":{"line":25,"column":44},"end":{"line":25,"column":58}},"12":{"start":{"line":26,"column":48},"end":{"line":26,"column":63}},"13":{"start":{"line":28,"column":44},"end":{"line":28,"column":56}},"14":{"start":{"line":29,"column":44},"end":{"line":29,"column":56}},"15":{"start":{"line":46,"column":16},"end":{"line":46,"column":18}},"16":{"start":{"line":47,"column":8},"end":{"line":49,"column":10}},"17":{"start":{"line":48,"column":12},"end":{"line":48,"column":77}},"18":{"start":{"line":48,"column":67},"end":{"line":48,"column":77}},"19":{"start":{"line":51,"column":8},"end":{"line":51,"column":29}},"20":{"start":{"line":54,"column":4},"end":{"line":66,"column":52}},"21":{"start":{"line":55,"column":8},"end":{"line":65,"column":9}},"22":{"start":{"line":56,"column":12},"end":{"line":61,"column":13}},"23":{"start":{"line":57,"column":16},"end":{"line":57,"column":70}},"24":{"start":{"line":60,"column":16},"end":{"line":60,"column":59}},"25":{"start":{"line":64,"column":12},"end":{"line":64,"column":33}},"26":{"start":{"line":68,"column":4},"end":{"line":85,"column":10}},"27":{"start":{"line":69,"column":8},"end":{"line":84,"column":11}},"28":{"start":{"line":70,"column":12},"end":{"line":70,"column":114}},"29":{"start":{"line":70,"column":49},"end":{"line":70,"column":110}},"30":{"start":{"line":71,"column":12},"end":{"line":71,"column":120}},"31":{"start":{"line":71,"column":55},"end":{"line":71,"column":116}},"32":{"start":{"line":72,"column":12},"end":{"line":72,"column":38}},"33":{"start":{"line":73,"column":12},"end":{"line":80,"column":14}},"34":{"start":{"line":74,"column":16},"end":{"line":74,"column":32}},"35":{"start":{"line":75,"column":16},"end":{"line":75,"column":39}},"36":{"start":{"line":76,"column":16},"end":{"line":76,"column":36}},"37":{"start":{"line":78,"column":16},"end":{"line":78,"column":72}},"38":{"start":{"line":79,"column":16},"end":{"line":79,"column":35}},"39":{"start":{"line":82,"column":12},"end":{"line":82,"column":71}},"40":{"start":{"line":83,"column":12},"end":{"line":83,"column":31}},"41":{"start":{"line":87,"column":4},"end":{"line":112,"column":18}},"42":{"start":{"line":88,"column":8},"end":{"line":111,"column":9}},"43":{"start":{"line":89,"column":12},"end":{"line":89,"column":37}},"44":{"start":{"line":90,"column":12},"end":{"line":98,"column":14}},"45":{"start":{"line":91,"column":16},"end":{"line":91,"column":118}},"46":{"start":{"line":91,"column":53},"end":{"line":91,"column":114}},"47":{"start":{"line":92,"column":16},"end":{"line":92,"column":124}},"48":{"start":{"line":92,"column":59},"end":{"line":92,"column":120}},"49":{"start":{"line":93,"column":16},"end":{"line":93,"column":42}},"50":{"start":{"line":94,"column":16},"end":{"line":94,"column":36}},"51":{"start":{"line":96,"column":16},"end":{"line":96,"column":75}},"52":{"start":{"line":97,"column":16},"end":{"line":97,"column":35}},"53":{"start":{"line":101,"column":12},"end":{"line":101,"column":37}},"54":{"start":{"line":102,"column":12},"end":{"line":110,"column":14}},"55":{"start":{"line":103,"column":16},"end":{"line":103,"column":118}},"56":{"start":{"line":103,"column":53},"end":{"line":103,"column":114}},"57":{"start":{"line":104,"column":16},"end":{"line":104,"column":124}},"58":{"start":{"line":104,"column":59},"end":{"line":104,"column":120}},"59":{"start":{"line":105,"column":16},"end":{"line":105,"column":42}},"60":{"start":{"line":106,"column":16},"end":{"line":106,"column":36}},"61":{"start":{"line":108,"column":16},"end":{"line":108,"column":75}},"62":{"start":{"line":109,"column":16},"end":{"line":109,"column":35}},"63":{"start":{"line":114,"column":4},"end":{"line":129,"column":19}},"64":{"start":{"line":115,"column":8},"end":{"line":128,"column":9}},"65":{"start":{"line":116,"column":22},"end":{"line":116,"column":23}},"66":{"start":{"line":117,"column":24},"end":{"line":117,"column":25}},"67":{"start":{"line":119,"column":12},"end":{"line":124,"column":13}},"68":{"start":{"line":120,"column":16},"end":{"line":123,"column":17}},"69":{"start":{"line":121,"column":20},"end":{"line":121,"column":52}},"70":{"start":{"line":122,"column":20},"end":{"line":122,"column":77}},"71":{"start":{"line":126,"column":12},"end":{"line":126,"column":72}},"72":{"start":{"line":127,"column":12},"end":{"line":127,"column":32}},"73":{"start":{"line":131,"column":25},"end":{"line":158,"column":5}},"74":{"start":{"line":132,"column":24},"end":{"line":144,"column":9}},"75":{"start":{"line":139,"column":43},"end":{"line":143,"column":13}},"76":{"start":{"line":146,"column":8},"end":{"line":146,"column":32}},"77":{"start":{"line":147,"column":8},"end":{"line":157,"column":15}},"78":{"start":{"line":149,"column":16},"end":{"line":149,"column":41}},"79":{"start":{"line":150,"column":16},"end":{"line":150,"column":28}},"80":{"start":{"line":151,"column":16},"end":{"line":151,"column":60}},"81":{"start":{"line":152,"column":16},"end":{"line":152,"column":36}},"82":{"start":{"line":153,"column":16},"end":{"line":153,"column":74}},"83":{"start":{"line":155,"column":16},"end":{"line":155,"column":77}},"84":{"start":{"line":156,"column":16},"end":{"line":156,"column":35}},"85":{"start":{"line":161,"column":26},"end":{"line":161,"column":110}},"86":{"start":{"line":161,"column":49},"end":{"line":161,"column":77}},"87":{"start":{"line":163,"column":8},"end":{"line":173,"column":9}},"88":{"start":{"line":164,"column":12},"end":{"line":169,"column":28}},"89":{"start":{"line":164,"column":31},"end":{"line":169,"column":26}},"90":{"start":{"line":164,"column":54},"end":{"line":169,"column":25}},"91":{"start":{"line":172,"column":12},"end":{"line":172,"column":57}},"92":{"start":{"line":172,"column":31},"end":{"line":172,"column":55}},"93":{"start":{"line":175,"column":8},"end":{"line":175,"column":27}},"94":{"start":{"line":178,"column":34},"end":{"line":181,"column":5}},"95":{"start":{"line":179,"column":8},"end":{"line":179,"column":79}},"96":{"start":{"line":179,"column":27},"end":{"line":179,"column":77}},"97":{"start":{"line":179,"column":53},"end":{"line":179,"column":76}},"98":{"start":{"line":180,"column":8},"end":{"line":180,"column":27}},"99":{"start":{"line":183,"column":32},"end":{"line":193,"column":5}},"100":{"start":{"line":184,"column":28},"end":{"line":184,"column":109}},"101":{"start":{"line":184,"column":51},"end":{"line":184,"column":74}},"102":{"start":{"line":186,"column":8},"end":{"line":191,"column":9}},"103":{"start":{"line":187,"column":12},"end":{"line":187,"column":44}},"104":{"start":{"line":190,"column":12},"end":{"line":190,"column":138}},"105":{"start":{"line":190,"column":31},"end":{"line":190,"column":136}},"106":{"start":{"line":190,"column":54},"end":{"line":190,"column":135}},"107":{"start":{"line":192,"column":8},"end":{"line":192,"column":27}},"108":{"start":{"line":195,"column":27},"end":{"line":197,"column":5}},"109":{"start":{"line":196,"column":8},"end":{"line":196,"column":27}},"110":{"start":{"line":199,"column":4},"end":{"line":231,"column":6}},"111":{"start":{"line":203,"column":86},"end":{"line":203,"column":118}},"112":{"start":{"line":214,"column":32},"end":{"line":218,"column":34}},"113":{"start":{"line":216,"column":74},"end":{"line":216,"column":93}},"114":{"start":{"line":217,"column":65},"end":{"line":217,"column":84}},"115":{"start":{"line":236,"column":36},"end":{"line":236,"column":47}},"116":{"start":{"line":238,"column":27},"end":{"line":240,"column":5}},"117":{"start":{"line":239,"column":8},"end":{"line":239,"column":36}},"118":{"start":{"line":242,"column":24},"end":{"line":245,"column":5}},"119":{"start":{"line":243,"column":8},"end":{"line":243,"column":81}},"120":{"start":{"line":244,"column":8},"end":{"line":244,"column":23}},"121":{"start":{"line":249,"column":4},"end":{"line":288,"column":6}},"122":{"start":{"line":272,"column":43},"end":{"line":272,"column":61}},"123":{"start":{"line":275,"column":43},"end":{"line":275,"column":61}},"124":{"start":{"line":281,"column":65},"end":{"line":281,"column":78}}},"fnMap":{"0":{"name":"ProductList","decl":{"start":{"line":11,"column":9},"end":{"line":11,"column":20}},"loc":{"start":{"line":11,"column":28},"end":{"line":232,"column":1}},"line":11},"1":{"name":"changeSearchText","decl":{"start":{"line":45,"column":13},"end":{"line":45,"column":29}},"loc":{"start":{"line":45,"column":36},"end":{"line":52,"column":5}},"line":45},"2":{"name":"(anonymous_2)","decl":{"start":{"line":47,"column":25},"end":{"line":47,"column":26}},"loc":{"start":{"line":47,"column":30},"end":{"line":49,"column":9}},"line":47},"3":{"name":"(anonymous_3)","decl":{"start":{"line":54,"column":14},"end":{"line":54,"column":15}},"loc":{"start":{"line":54,"column":20},"end":{"line":66,"column":5}},"line":54},"4":{"name":"(anonymous_4)","decl":{"start":{"line":68,"column":14},"end":{"line":68,"column":15}},"loc":{"start":{"line":68,"column":20},"end":{"line":85,"column":5}},"line":68},"5":{"name":"(anonymous_5)","decl":{"start":{"line":69,"column":41},"end":{"line":69,"column":42}},"loc":{"start":{"line":69,"column":55},"end":{"line":81,"column":9}},"line":69},"6":{"name":"(anonymous_6)","decl":{"start":{"line":70,"column":37},"end":{"line":70,"column":38}},"loc":{"start":{"line":70,"column":49},"end":{"line":70,"column":110}},"line":70},"7":{"name":"(anonymous_7)","decl":{"start":{"line":71,"column":43},"end":{"line":71,"column":44}},"loc":{"start":{"line":71,"column":55},"end":{"line":71,"column":116}},"line":71},"8":{"name":"(anonymous_8)","decl":{"start":{"line":73,"column":46},"end":{"line":73,"column":47}},"loc":{"start":{"line":73,"column":57},"end":{"line":77,"column":13}},"line":73},"9":{"name":"(anonymous_9)","decl":{"start":{"line":77,"column":21},"end":{"line":77,"column":22}},"loc":{"start":{"line":77,"column":28},"end":{"line":80,"column":13}},"line":77},"10":{"name":"(anonymous_10)","decl":{"start":{"line":81,"column":17},"end":{"line":81,"column":18}},"loc":{"start":{"line":81,"column":24},"end":{"line":84,"column":9}},"line":81},"11":{"name":"(anonymous_11)","decl":{"start":{"line":87,"column":14},"end":{"line":87,"column":15}},"loc":{"start":{"line":87,"column":20},"end":{"line":112,"column":5}},"line":87},"12":{"name":"(anonymous_12)","decl":{"start":{"line":90,"column":56},"end":{"line":90,"column":57}},"loc":{"start":{"line":90,"column":70},"end":{"line":95,"column":13}},"line":90},"13":{"name":"(anonymous_13)","decl":{"start":{"line":91,"column":41},"end":{"line":91,"column":42}},"loc":{"start":{"line":91,"column":53},"end":{"line":91,"column":114}},"line":91},"14":{"name":"(anonymous_14)","decl":{"start":{"line":92,"column":47},"end":{"line":92,"column":48}},"loc":{"start":{"line":92,"column":59},"end":{"line":92,"column":120}},"line":92},"15":{"name":"(anonymous_15)","decl":{"start":{"line":95,"column":21},"end":{"line":95,"column":22}},"loc":{"start":{"line":95,"column":28},"end":{"line":98,"column":13}},"line":95},"16":{"name":"(anonymous_16)","decl":{"start":{"line":102,"column":53},"end":{"line":102,"column":54}},"loc":{"start":{"line":102,"column":67},"end":{"line":107,"column":13}},"line":102},"17":{"name":"(anonymous_17)","decl":{"start":{"line":103,"column":41},"end":{"line":103,"column":42}},"loc":{"start":{"line":103,"column":53},"end":{"line":103,"column":114}},"line":103},"18":{"name":"(anonymous_18)","decl":{"start":{"line":104,"column":47},"end":{"line":104,"column":48}},"loc":{"start":{"line":104,"column":59},"end":{"line":104,"column":120}},"line":104},"19":{"name":"(anonymous_19)","decl":{"start":{"line":107,"column":21},"end":{"line":107,"column":22}},"loc":{"start":{"line":107,"column":28},"end":{"line":110,"column":13}},"line":107},"20":{"name":"(anonymous_20)","decl":{"start":{"line":114,"column":14},"end":{"line":114,"column":15}},"loc":{"start":{"line":114,"column":20},"end":{"line":129,"column":5}},"line":114},"21":{"name":"(anonymous_21)","decl":{"start":{"line":131,"column":25},"end":{"line":131,"column":26}},"loc":{"start":{"line":131,"column":31},"end":{"line":158,"column":5}},"line":131},"22":{"name":"(anonymous_22)","decl":{"start":{"line":139,"column":31},"end":{"line":139,"column":32}},"loc":{"start":{"line":139,"column":43},"end":{"line":143,"column":13}},"line":139},"23":{"name":"(anonymous_23)","decl":{"start":{"line":148,"column":18},"end":{"line":148,"column":19}},"loc":{"start":{"line":148,"column":31},"end":{"line":154,"column":13}},"line":148},"24":{"name":"(anonymous_24)","decl":{"start":{"line":154,"column":21},"end":{"line":154,"column":22}},"loc":{"start":{"line":154,"column":28},"end":{"line":157,"column":13}},"line":154},"25":{"name":"addProductToCart","decl":{"start":{"line":160,"column":13},"end":{"line":160,"column":29}},"loc":{"start":{"line":160,"column":42},"end":{"line":176,"column":5}},"line":160},"26":{"name":"(anonymous_26)","decl":{"start":{"line":161,"column":38},"end":{"line":161,"column":39}},"loc":{"start":{"line":161,"column":49},"end":{"line":161,"column":77}},"line":161},"27":{"name":"(anonymous_27)","decl":{"start":{"line":164,"column":20},"end":{"line":164,"column":21}},"loc":{"start":{"line":164,"column":31},"end":{"line":169,"column":26}},"line":164},"28":{"name":"(anonymous_28)","decl":{"start":{"line":164,"column":43},"end":{"line":164,"column":44}},"loc":{"start":{"line":164,"column":54},"end":{"line":169,"column":25}},"line":164},"29":{"name":"(anonymous_29)","decl":{"start":{"line":172,"column":20},"end":{"line":172,"column":21}},"loc":{"start":{"line":172,"column":31},"end":{"line":172,"column":55}},"line":172},"30":{"name":"(anonymous_30)","decl":{"start":{"line":178,"column":34},"end":{"line":178,"column":35}},"loc":{"start":{"line":178,"column":48},"end":{"line":181,"column":5}},"line":178},"31":{"name":"(anonymous_31)","decl":{"start":{"line":179,"column":16},"end":{"line":179,"column":17}},"loc":{"start":{"line":179,"column":27},"end":{"line":179,"column":77}},"line":179},"32":{"name":"(anonymous_32)","decl":{"start":{"line":179,"column":42},"end":{"line":179,"column":43}},"loc":{"start":{"line":179,"column":53},"end":{"line":179,"column":76}},"line":179},"33":{"name":"(anonymous_33)","decl":{"start":{"line":183,"column":32},"end":{"line":183,"column":33}},"loc":{"start":{"line":183,"column":59},"end":{"line":193,"column":5}},"line":183},"34":{"name":"(anonymous_34)","decl":{"start":{"line":184,"column":40},"end":{"line":184,"column":41}},"loc":{"start":{"line":184,"column":51},"end":{"line":184,"column":74}},"line":184},"35":{"name":"(anonymous_35)","decl":{"start":{"line":190,"column":20},"end":{"line":190,"column":21}},"loc":{"start":{"line":190,"column":31},"end":{"line":190,"column":136}},"line":190},"36":{"name":"(anonymous_36)","decl":{"start":{"line":190,"column":43},"end":{"line":190,"column":44}},"loc":{"start":{"line":190,"column":54},"end":{"line":190,"column":135}},"line":190},"37":{"name":"(anonymous_37)","decl":{"start":{"line":195,"column":27},"end":{"line":195,"column":28}},"loc":{"start":{"line":195,"column":38},"end":{"line":197,"column":5}},"line":195},"38":{"name":"(anonymous_38)","decl":{"start":{"line":203,"column":81},"end":{"line":203,"column":82}},"loc":{"start":{"line":203,"column":86},"end":{"line":203,"column":118}},"line":203},"39":{"name":"(anonymous_39)","decl":{"start":{"line":213,"column":48},"end":{"line":213,"column":49}},"loc":{"start":{"line":214,"column":32},"end":{"line":218,"column":34}},"line":214},"40":{"name":"(anonymous_40)","decl":{"start":{"line":216,"column":63},"end":{"line":216,"column":64}},"loc":{"start":{"line":216,"column":74},"end":{"line":216,"column":93}},"line":216},"41":{"name":"(anonymous_41)","decl":{"start":{"line":217,"column":54},"end":{"line":217,"column":55}},"loc":{"start":{"line":217,"column":65},"end":{"line":217,"column":84}},"line":217},"42":{"name":"Product","decl":{"start":{"line":234,"column":9},"end":{"line":234,"column":16}},"loc":{"start":{"line":234,"column":24},"end":{"line":289,"column":1}},"line":234},"43":{"name":"(anonymous_43)","decl":{"start":{"line":238,"column":27},"end":{"line":238,"column":28}},"loc":{"start":{"line":238,"column":36},"end":{"line":240,"column":5}},"line":238},"44":{"name":"(anonymous_44)","decl":{"start":{"line":242,"column":24},"end":{"line":242,"column":25}},"loc":{"start":{"line":242,"column":30},"end":{"line":245,"column":5}},"line":242},"45":{"name":"(anonymous_45)","decl":{"start":{"line":272,"column":37},"end":{"line":272,"column":38}},"loc":{"start":{"line":272,"column":43},"end":{"line":272,"column":61}},"line":272},"46":{"name":"(anonymous_46)","decl":{"start":{"line":275,"column":37},"end":{"line":275,"column":38}},"loc":{"start":{"line":275,"column":43},"end":{"line":275,"column":61}},"line":275},"47":{"name":"(anonymous_47)","decl":{"start":{"line":281,"column":59},"end":{"line":281,"column":60}},"loc":{"start":{"line":281,"column":65},"end":{"line":281,"column":78}},"line":281}},"branchMap":{"0":{"loc":{"start":{"line":48,"column":12},"end":{"line":48,"column":77}},"type":"if","locations":[{"start":{"line":48,"column":12},"end":{"line":48,"column":77}},{"start":{},"end":{}}],"line":48},"1":{"loc":{"start":{"line":55,"column":8},"end":{"line":65,"column":9}},"type":"if","locations":[{"start":{"line":55,"column":8},"end":{"line":65,"column":9}},{"start":{"line":63,"column":13},"end":{"line":65,"column":9}}],"line":55},"2":{"loc":{"start":{"line":55,"column":12},"end":{"line":55,"column":54}},"type":"binary-expr","locations":[{"start":{"line":55,"column":12},"end":{"line":55,"column":26}},{"start":{"line":55,"column":30},"end":{"line":55,"column":54}}],"line":55},"3":{"loc":{"start":{"line":56,"column":12},"end":{"line":61,"column":13}},"type":"if","locations":[{"start":{"line":56,"column":12},"end":{"line":61,"column":13}},{"start":{"line":59,"column":17},"end":{"line":61,"column":13}}],"line":56},"4":{"loc":{"start":{"line":56,"column":16},"end":{"line":56,"column":55}},"type":"binary-expr","locations":[{"start":{"line":56,"column":16},"end":{"line":56,"column":30}},{"start":{"line":56,"column":34},"end":{"line":56,"column":55}}],"line":56},"5":{"loc":{"start":{"line":88,"column":8},"end":{"line":111,"column":9}},"type":"if","locations":[{"start":{"line":88,"column":8},"end":{"line":111,"column":9}},{"start":{"line":100,"column":13},"end":{"line":111,"column":9}}],"line":88},"6":{"loc":{"start":{"line":115,"column":8},"end":{"line":128,"column":9}},"type":"if","locations":[{"start":{"line":115,"column":8},"end":{"line":128,"column":9}},{"start":{},"end":{}}],"line":115},"7":{"loc":{"start":{"line":119,"column":12},"end":{"line":124,"column":13}},"type":"if","locations":[{"start":{"line":119,"column":12},"end":{"line":124,"column":13}},{"start":{},"end":{}}],"line":119},"8":{"loc":{"start":{"line":133,"column":20},"end":{"line":133,"column":97}},"type":"cond-expr","locations":[{"start":{"line":133,"column":64},"end":{"line":133,"column":85}},{"start":{"line":133,"column":88},"end":{"line":133,"column":97}}],"line":133},"9":{"loc":{"start":{"line":133,"column":21},"end":{"line":133,"column":60}},"type":"binary-expr","locations":[{"start":{"line":133,"column":21},"end":{"line":133,"column":35}},{"start":{"line":133,"column":39},"end":{"line":133,"column":60}}],"line":133},"10":{"loc":{"start":{"line":161,"column":26},"end":{"line":161,"column":110}},"type":"cond-expr","locations":[{"start":{"line":161,"column":98},"end":{"line":161,"column":102}},{"start":{"line":161,"column":105},"end":{"line":161,"column":110}}],"line":161},"11":{"loc":{"start":{"line":163,"column":8},"end":{"line":173,"column":9}},"type":"if","locations":[{"start":{"line":163,"column":8},"end":{"line":173,"column":9}},{"start":{"line":171,"column":13},"end":{"line":173,"column":9}}],"line":163},"12":{"loc":{"start":{"line":164,"column":54},"end":{"line":169,"column":25}},"type":"cond-expr","locations":[{"start":{"line":165,"column":16},"end":{"line":168,"column":17}},{"start":{"line":169,"column":18},"end":{"line":169,"column":25}}],"line":164},"13":{"loc":{"start":{"line":166,"column":50},"end":{"line":167,"column":80}},"type":"cond-expr","locations":[{"start":{"line":166,"column":128},"end":{"line":166,"column":144}},{"start":{"line":167,"column":26},"end":{"line":167,"column":80}}],"line":166},"14":{"loc":{"start":{"line":186,"column":8},"end":{"line":191,"column":9}},"type":"if","locations":[{"start":{"line":186,"column":8},"end":{"line":191,"column":9}},{"start":{"line":189,"column":13},"end":{"line":191,"column":9}}],"line":186},"15":{"loc":{"start":{"line":190,"column":54},"end":{"line":190,"column":135}},"type":"cond-expr","locations":[{"start":{"line":190,"column":80},"end":{"line":190,"column":125}},{"start":{"line":190,"column":128},"end":{"line":190,"column":135}}],"line":190},"16":{"loc":{"start":{"line":201,"column":13},"end":{"line":201,"column":110}},"type":"binary-expr","locations":[{"start":{"line":201,"column":13},"end":{"line":201,"column":41}},{"start":{"line":201,"column":45},"end":{"line":201,"column":110}}],"line":201},"17":{"loc":{"start":{"line":210,"column":21},"end":{"line":220,"column":30}},"type":"cond-expr","locations":[{"start":{"line":211,"column":24},"end":{"line":211,"column":115}},{"start":{"line":212,"column":24},"end":{"line":220,"column":30}}],"line":210},"18":{"loc":{"start":{"line":216,"column":51},"end":{"line":217,"column":105}},"type":"cond-expr","locations":[{"start":{"line":216,"column":114},"end":{"line":216,"column":115}},{"start":{"line":217,"column":42},"end":{"line":217,"column":105}}],"line":216},"19":{"loc":{"start":{"line":225,"column":13},"end":{"line":229,"column":23}},"type":"cond-expr","locations":[{"start":{"line":226,"column":16},"end":{"line":228,"column":103}},{"start":{"line":229,"column":18},"end":{"line":229,"column":23}}],"line":225},"20":{"loc":{"start":{"line":228,"column":58},"end":{"line":228,"column":99}},"type":"binary-expr","locations":[{"start":{"line":228,"column":58},"end":{"line":228,"column":72}},{"start":{"line":228,"column":76},"end":{"line":228,"column":99}}],"line":228},"21":{"loc":{"start":{"line":269,"column":17},"end":{"line":284,"column":28}},"type":"cond-expr","locations":[{"start":{"line":269,"column":36},"end":{"line":283,"column":19}},{"start":{"line":284,"column":22},"end":{"line":284,"column":28}}],"line":269},"22":{"loc":{"start":{"line":277,"column":25},"end":{"line":278,"column":96}},"type":"cond-expr","locations":[{"start":{"line":278,"column":28},"end":{"line":278,"column":88}},{"start":{"line":278,"column":91},"end":{"line":278,"column":96}}],"line":277}},"s":{"0":0,"1":0,"2":0,"3":0,"4":0,"5":0,"6":0,"7":0,"8":0,"9":0,"10":0,"11":0,"12":0,"13":0,"14":0,"15":0,"16":0,"17":0,"18":0,"19":0,"20":0,"21":0,"22":0,"23":0,"24":0,"25":0,"26":0,"27":0,"28":0,"29":0,"30":0,"31":0,"32":0,"33":0,"34":0,"35":0,"36":0,"37":0,"38":0,"39":0,"40":0,"41":0,"42":0,"43":0,"44":0,"45":0,"46":0,"47":0,"48":0,"49":0,"50":0,"51":0,"52":0,"53":0,"54":0,"55":0,"56":0,"57":0,"58":0,"59":0,"60":0,"61":0,"62":0,"63":0,"64":0,"65":0,"66":0,"67":0,"68":0,"69":0,"70":0,"71":0,"72":0,"73":0,"74":0,"75":0,"76":0,"77":0,"78":0,"79":0,"80":0,"81":0,"82":0,"83":0,"84":0,"85":0,"86":0,"87":0,"88":0,"89":0,"90":0,"91":0,"92":0,"93":0,"94":0,"95":0,"96":0,"97":0,"98":0,"99":0,"100":0,"101":0,"102":0,"103":0,"104":0,"105":0,"106":0,"107":0,"108":0,"109":0,"110":0,"111":0,"112":0,"113":0,"114":0,"115":0,"116":0,"117":0,"118":0,"119":0,"120":0,"121":0,"122":0,"123":0,"124":0},"f":{"0":0,"1":0,"2":0,"3":0,"4":0,"5":0,"6":0,"7":0,"8":0,"9":0,"10":0,"11":0,"12":0,"13":0,"14":0,"15":0,"16":0,"17":0,"18":0,"19":0,"20":0,"21":0,"22":0,"23":0,"24":0,"25":0,"26":0,"27":0,"28":0,"29":0,"30":0,"31":0,"32":0,"33":0,"34":0,"35":0,"36":0,"37":0,"38":0,"39":0,"40":0,"41":0,"42":0,"43":0,"44":0,"45":0,"46":0,"47":0},"b":{"0":[0,0],"1":[0,0],"2":[0,0],"3":[0,0],"4":[0,0],"5":[0,0],"6":[0,0],"7":[0,0],"8":[0,0],"9":[0,0],"10":[0,0],"11":[0,0],"12":[0,0],"13":[0,0],"14":[0,0],"15":[0,0],"16":[0,0],"17":[0,0],"18":[0,0],"19":[0,0],"20":[0,0],"21":[0,0],"22":[0,0]},"_coverageSchema":"1a1c01bbd47fc00a2c39e90264f33305004495a9","hash":"df9f64514b640473f52cd751313d5b98461d51e8"}
,"C:\\Users\\aless\\Desktop\\SE2-Projects\\SPG-Project\\SolidarityPurchasingGroup\\client\\src\\Components\\SideBar\\SideBar.js": {"path":"C:\\Users\\aless\\Desktop\\SE2-Projects\\SPG-Project\\SolidarityPurchasingGroup\\client\\src\\Components\\SideBar\\SideBar.js","statementMap":{"0":{"start":{"line":7,"column":4},"end":{"line":27,"column":6}},"1":{"start":{"line":18,"column":58},"end":{"line":18,"column":81}},"2":{"start":{"line":22,"column":24},"end":{"line":23,"column":96}},"3":{"start":{"line":22,"column":76},"end":{"line":22,"column":105}}},"fnMap":{"0":{"name":"SideBar","decl":{"start":{"line":5,"column":9},"end":{"line":5,"column":16}},"loc":{"start":{"line":5,"column":24},"end":{"line":28,"column":1}},"line":5},"1":{"name":"(anonymous_1)","decl":{"start":{"line":18,"column":52},"end":{"line":18,"column":53}},"loc":{"start":{"line":18,"column":58},"end":{"line":18,"column":81}},"line":18},"2":{"name":"(anonymous_2)","decl":{"start":{"line":21,"column":37},"end":{"line":21,"column":38}},"loc":{"start":{"line":22,"column":24},"end":{"line":23,"column":96}},"line":22},"3":{"name":"(anonymous_3)","decl":{"start":{"line":22,"column":70},"end":{"line":22,"column":71}},"loc":{"start":{"line":22,"column":76},"end":{"line":22,"column":105}},"line":22}},"branchMap":{"0":{"loc":{"start":{"line":14,"column":13},"end":{"line":24,"column":19}},"type":"cond-expr","locations":[{"start":{"line":15,"column":16},"end":{"line":15,"column":108}},{"start":{"line":17,"column":16},"end":{"line":24,"column":19}}],"line":14}},"s":{"0":0,"1":0,"2":0,"3":0},"f":{"0":0,"1":0,"2":0,"3":0},"b":{"0":[0,0]},"_coverageSchema":"1a1c01bbd47fc00a2c39e90264f33305004495a9","hash":"a7881fb24dc71ff76c8cf6b9d926ba94eb59fa70"}
,"C:\\Users\\aless\\Desktop\\SE2-Projects\\SPG-Project\\SolidarityPurchasingGroup\\client\\src\\Components\\SuccessPage\\OrderSuccess.js": {"path":"C:\\Users\\aless\\Desktop\\SE2-Projects\\SPG-Project\\SolidarityPurchasingGroup\\client\\src\\Components\\SuccessPage\\OrderSuccess.js","statementMap":{"0":{"start":{"line":9,"column":21},"end":{"line":9,"column":34}},"1":{"start":{"line":10,"column":4},"end":{"line":10,"column":32}},"2":{"start":{"line":11,"column":19},"end":{"line":11,"column":120}},"3":{"start":{"line":12,"column":4},"end":{"line":45,"column":6}},"4":{"start":{"line":34,"column":36},"end":{"line":34,"column":89}},"5":{"start":{"line":49,"column":4},"end":{"line":57,"column":6}}},"fnMap":{"0":{"name":"OrderSuccess","decl":{"start":{"line":8,"column":9},"end":{"line":8,"column":21}},"loc":{"start":{"line":8,"column":24},"end":{"line":46,"column":1}},"line":8},"1":{"name":"(anonymous_1)","decl":{"start":{"line":33,"column":76},"end":{"line":33,"column":77}},"loc":{"start":{"line":34,"column":36},"end":{"line":34,"column":89}},"line":34},"2":{"name":"Product","decl":{"start":{"line":48,"column":9},"end":{"line":48,"column":16}},"loc":{"start":{"line":48,"column":24},"end":{"line":58,"column":1}},"line":48}},"branchMap":{"0":{"loc":{"start":{"line":11,"column":19},"end":{"line":11,"column":120}},"type":"binary-expr","locations":[{"start":{"line":11,"column":19},"end":{"line":11,"column":33}},{"start":{"line":11,"column":37},"end":{"line":11,"column":59}},{"start":{"line":11,"column":63},"end":{"line":11,"column":85}},{"start":{"line":11,"column":89},"end":{"line":11,"column":120}}],"line":11},"1":{"loc":{"start":{"line":14,"column":13},"end":{"line":14,"column":42}},"type":"binary-expr","locations":[{"start":{"line":14,"column":13},"end":{"line":14,"column":19}},{"start":{"line":14,"column":23},"end":{"line":14,"column":42}}],"line":14},"2":{"loc":{"start":{"line":17,"column":34},"end":{"line":17,"column":65}},"type":"binary-expr","locations":[{"start":{"line":17,"column":34},"end":{"line":17,"column":39}},{"start":{"line":17,"column":43},"end":{"line":17,"column":65}}],"line":17},"3":{"loc":{"start":{"line":28,"column":53},"end":{"line":28,"column":95}},"type":"binary-expr","locations":[{"start":{"line":28,"column":53},"end":{"line":28,"column":58}},{"start":{"line":28,"column":62},"end":{"line":28,"column":95}}],"line":28},"4":{"loc":{"start":{"line":33,"column":32},"end":{"line":35,"column":43}},"type":"cond-expr","locations":[{"start":{"line":33,"column":40},"end":{"line":34,"column":90}},{"start":{"line":35,"column":38},"end":{"line":35,"column":43}}],"line":33},"5":{"loc":{"start":{"line":39,"column":42},"end":{"line":39,"column":84}},"type":"binary-expr","locations":[{"start":{"line":39,"column":42},"end":{"line":39,"column":47}},{"start":{"line":39,"column":51},"end":{"line":39,"column":84}}],"line":39}},"s":{"0":0,"1":0,"2":0,"3":0,"4":0,"5":0},"f":{"0":0,"1":0,"2":0},"b":{"0":[0,0,0,0],"1":[0,0],"2":[0,0],"3":[0,0],"4":[0,0],"5":[0,0]},"_coverageSchema":"1a1c01bbd47fc00a2c39e90264f33305004495a9","hash":"a91b197b814b84cc2f1aa1faa2c53e54e72339ac"}
,"C:\\Users\\aless\\Desktop\\SE2-Projects\\SPG-Project\\SolidarityPurchasingGroup\\client\\src\\api\\booking-api.js": {"path":"C:\\Users\\aless\\Desktop\\SE2-Projects\\SPG-Project\\SolidarityPurchasingGroup\\client\\src\\api\\booking-api.js","statementMap":{"0":{"start":{"line":5,"column":16},"end":{"line":5,"column":22}},"1":{"start":{"line":8,"column":2},"end":{"line":35,"column":4}},"2":{"start":{"line":9,"column":16},"end":{"line":17,"column":5}},"3":{"start":{"line":18,"column":4},"end":{"line":18,"column":39}},"4":{"start":{"line":19,"column":4},"end":{"line":34,"column":97}},"5":{"start":{"line":26,"column":6},"end":{"line":33,"column":7}},"6":{"start":{"line":27,"column":8},"end":{"line":27,"column":34}},"7":{"start":{"line":30,"column":8},"end":{"line":32,"column":116}},"8":{"start":{"line":31,"column":27},"end":{"line":31,"column":39}},"9":{"start":{"line":32,"column":28},"end":{"line":32,"column":112}},"10":{"start":{"line":34,"column":24},"end":{"line":34,"column":93}},"11":{"start":{"line":39,"column":2},"end":{"line":56,"column":5}},"12":{"start":{"line":40,"column":4},"end":{"line":55,"column":96}},"13":{"start":{"line":47,"column":6},"end":{"line":54,"column":7}},"14":{"start":{"line":48,"column":8},"end":{"line":48,"column":22}},"15":{"start":{"line":51,"column":8},"end":{"line":53,"column":115}},"16":{"start":{"line":52,"column":27},"end":{"line":52,"column":39}},"17":{"start":{"line":53,"column":28},"end":{"line":53,"column":111}},"18":{"start":{"line":55,"column":24},"end":{"line":55,"column":92}},"19":{"start":{"line":60,"column":19},"end":{"line":60,"column":53}}},"fnMap":{"0":{"name":"addBooking","decl":{"start":{"line":7,"column":9},"end":{"line":7,"column":19}},"loc":{"start":{"line":7,"column":29},"end":{"line":36,"column":1}},"line":7},"1":{"name":"(anonymous_1)","decl":{"start":{"line":8,"column":21},"end":{"line":8,"column":22}},"loc":{"start":{"line":8,"column":42},"end":{"line":35,"column":3}},"line":8},"2":{"name":"(anonymous_2)","decl":{"start":{"line":25,"column":12},"end":{"line":25,"column":13}},"loc":{"start":{"line":25,"column":26},"end":{"line":34,"column":5}},"line":25},"3":{"name":"(anonymous_3)","decl":{"start":{"line":31,"column":16},"end":{"line":31,"column":17}},"loc":{"start":{"line":31,"column":25},"end":{"line":31,"column":41}},"line":31},"4":{"name":"(anonymous_4)","decl":{"start":{"line":32,"column":17},"end":{"line":32,"column":18}},"loc":{"start":{"line":32,"column":26},"end":{"line":32,"column":114}},"line":32},"5":{"name":"(anonymous_5)","decl":{"start":{"line":34,"column":13},"end":{"line":34,"column":14}},"loc":{"start":{"line":34,"column":22},"end":{"line":34,"column":95}},"line":34},"6":{"name":"updateBookingState","decl":{"start":{"line":38,"column":9},"end":{"line":38,"column":27}},"loc":{"start":{"line":38,"column":37},"end":{"line":57,"column":1}},"line":38},"7":{"name":"(anonymous_7)","decl":{"start":{"line":39,"column":21},"end":{"line":39,"column":22}},"loc":{"start":{"line":39,"column":42},"end":{"line":56,"column":3}},"line":39},"8":{"name":"(anonymous_8)","decl":{"start":{"line":46,"column":12},"end":{"line":46,"column":13}},"loc":{"start":{"line":46,"column":26},"end":{"line":55,"column":5}},"line":46},"9":{"name":"(anonymous_9)","decl":{"start":{"line":52,"column":16},"end":{"line":52,"column":17}},"loc":{"start":{"line":52,"column":25},"end":{"line":52,"column":41}},"line":52},"10":{"name":"(anonymous_10)","decl":{"start":{"line":53,"column":17},"end":{"line":53,"column":18}},"loc":{"start":{"line":53,"column":26},"end":{"line":53,"column":113}},"line":53},"11":{"name":"(anonymous_11)","decl":{"start":{"line":55,"column":13},"end":{"line":55,"column":14}},"loc":{"start":{"line":55,"column":22},"end":{"line":55,"column":94}},"line":55}},"branchMap":{"0":{"loc":{"start":{"line":26,"column":6},"end":{"line":33,"column":7}},"type":"if","locations":[{"start":{"line":26,"column":6},"end":{"line":33,"column":7}},{"start":{"line":28,"column":13},"end":{"line":33,"column":7}}],"line":26},"1":{"loc":{"start":{"line":47,"column":6},"end":{"line":54,"column":7}},"type":"if","locations":[{"start":{"line":47,"column":6},"end":{"line":54,"column":7}},{"start":{"line":49,"column":13},"end":{"line":54,"column":7}}],"line":47}},"s":{"0":1,"1":0,"2":0,"3":0,"4":0,"5":0,"6":0,"7":0,"8":0,"9":0,"10":0,"11":0,"12":0,"13":0,"14":0,"15":0,"16":0,"17":0,"18":0,"19":1},"f":{"0":0,"1":0,"2":0,"3":0,"4":0,"5":0,"6":0,"7":0,"8":0,"9":0,"10":0,"11":0},"b":{"0":[0,0],"1":[0,0]},"_coverageSchema":"1a1c01bbd47fc00a2c39e90264f33305004495a9","hash":"84a0960c7e23bc4db8608a20cf710c3c2d5e231c"}
,"C:\\Users\\aless\\Desktop\\SE2-Projects\\SPG-Project\\SolidarityPurchasingGroup\\client\\src\\api\\product-api.js": {"path":"C:\\Users\\aless\\Desktop\\SE2-Projects\\SPG-Project\\SolidarityPurchasingGroup\\client\\src\\api\\product-api.js","statementMap":{"0":{"start":{"line":6,"column":16},"end":{"line":6,"column":22}},"1":{"start":{"line":10,"column":21},"end":{"line":10,"column":55}},"2":{"start":{"line":11,"column":25},"end":{"line":11,"column":46}},"3":{"start":{"line":12,"column":4},"end":{"line":16,"column":5}},"4":{"start":{"line":13,"column":8},"end":{"line":13,"column":28}},"5":{"start":{"line":15,"column":8},"end":{"line":15,"column":27}},"6":{"start":{"line":22,"column":21},"end":{"line":22,"column":65}},"7":{"start":{"line":23,"column":25},"end":{"line":23,"column":46}},"8":{"start":{"line":24,"column":4},"end":{"line":28,"column":5}},"9":{"start":{"line":25,"column":8},"end":{"line":25,"column":28}},"10":{"start":{"line":27,"column":8},"end":{"line":27,"column":27}},"11":{"start":{"line":33,"column":21},"end":{"line":33,"column":52}},"12":{"start":{"line":34,"column":22},"end":{"line":34,"column":43}},"13":{"start":{"line":35,"column":4},"end":{"line":39,"column":5}},"14":{"start":{"line":36,"column":8},"end":{"line":36,"column":25}},"15":{"start":{"line":38,"column":8},"end":{"line":38,"column":24}},"16":{"start":{"line":43,"column":21},"end":{"line":43,"column":70}},"17":{"start":{"line":44,"column":25},"end":{"line":44,"column":46}},"18":{"start":{"line":45,"column":4},"end":{"line":49,"column":5}},"19":{"start":{"line":46,"column":8},"end":{"line":46,"column":28}},"20":{"start":{"line":48,"column":8},"end":{"line":48,"column":27}},"21":{"start":{"line":52,"column":12},"end":{"line":52,"column":79}}},"fnMap":{"0":{"name":"getAllProducts","decl":{"start":{"line":7,"column":15},"end":{"line":7,"column":29}},"loc":{"start":{"line":7,"column":35},"end":{"line":17,"column":1}},"line":7},"1":{"name":"getProducts","decl":{"start":{"line":20,"column":15},"end":{"line":20,"column":26}},"loc":{"start":{"line":20,"column":32},"end":{"line":29,"column":1}},"line":20},"2":{"name":"getProductTypes","decl":{"start":{"line":31,"column":15},"end":{"line":31,"column":30}},"loc":{"start":{"line":31,"column":33},"end":{"line":40,"column":1}},"line":31},"3":{"name":"getProductsByType","decl":{"start":{"line":42,"column":15},"end":{"line":42,"column":32}},"loc":{"start":{"line":42,"column":41},"end":{"line":50,"column":1}},"line":42}},"branchMap":{"0":{"loc":{"start":{"line":12,"column":4},"end":{"line":16,"column":5}},"type":"if","locations":[{"start":{"line":12,"column":4},"end":{"line":16,"column":5}},{"start":{"line":14,"column":11},"end":{"line":16,"column":5}}],"line":12},"1":{"loc":{"start":{"line":24,"column":4},"end":{"line":28,"column":5}},"type":"if","locations":[{"start":{"line":24,"column":4},"end":{"line":28,"column":5}},{"start":{"line":26,"column":11},"end":{"line":28,"column":5}}],"line":24},"2":{"loc":{"start":{"line":35,"column":4},"end":{"line":39,"column":5}},"type":"if","locations":[{"start":{"line":35,"column":4},"end":{"line":39,"column":5}},{"start":{"line":37,"column":11},"end":{"line":39,"column":5}}],"line":35},"3":{"loc":{"start":{"line":45,"column":4},"end":{"line":49,"column":5}},"type":"if","locations":[{"start":{"line":45,"column":4},"end":{"line":49,"column":5}},{"start":{"line":47,"column":11},"end":{"line":49,"column":5}}],"line":45}},"s":{"0":1,"1":0,"2":0,"3":0,"4":0,"5":0,"6":0,"7":0,"8":0,"9":0,"10":0,"11":0,"12":0,"13":0,"14":0,"15":0,"16":0,"17":0,"18":0,"19":0,"20":0,"21":1},"f":{"0":0,"1":0,"2":0,"3":0},"b":{"0":[0,0],"1":[0,0],"2":[0,0],"3":[0,0]},"_coverageSchema":"1a1c01bbd47fc00a2c39e90264f33305004495a9","hash":"8bcfd14c0cb52511eb58a6bac32b998d057dfe49"}
,"C:\\Users\\aless\\Desktop\\SE2-Projects\\SPG-Project\\SolidarityPurchasingGroup\\client\\src\\models\\booking.js": {"path":"C:\\Users\\aless\\Desktop\\SE2-Projects\\SPG-Project\\SolidarityPurchasingGroup\\client\\src\\models\\booking.js","statementMap":{"0":{"start":{"line":3,"column":8},"end":{"line":3,"column":21}},"1":{"start":{"line":4,"column":8},"end":{"line":4,"column":49}},"2":{"start":{"line":5,"column":8},"end":{"line":5,"column":29}},"3":{"start":{"line":6,"column":8},"end":{"line":6,"column":37}},"4":{"start":{"line":7,"column":8},"end":{"line":7,"column":37}},"5":{"start":{"line":8,"column":8},"end":{"line":8,"column":41}},"6":{"start":{"line":9,"column":8},"end":{"line":9,"column":26}},"7":{"start":{"line":10,"column":8},"end":{"line":10,"column":30}},"8":{"start":{"line":14,"column":6},"end":{"line":23,"column":14}},"9":{"start":{"line":28,"column":8},"end":{"line":28,"column":21}},"10":{"start":{"line":29,"column":8},"end":{"line":29,"column":35}},"11":{"start":{"line":30,"column":8},"end":{"line":30,"column":35}},"12":{"start":{"line":31,"column":8},"end":{"line":31,"column":33}},"13":{"start":{"line":32,"column":8},"end":{"line":32,"column":27}},"14":{"start":{"line":37,"column":6},"end":{"line":44,"column":14}}},"fnMap":{"0":{"name":"(anonymous_0)","decl":{"start":{"line":2,"column":4},"end":{"line":2,"column":5}},"loc":{"start":{"line":2,"column":96},"end":{"line":11,"column":5}},"line":2},"1":{"name":"(anonymous_1)","decl":{"start":{"line":13,"column":4},"end":{"line":13,"column":5}},"loc":{"start":{"line":13,"column":22},"end":{"line":24,"column":5}},"line":13},"2":{"name":"(anonymous_2)","decl":{"start":{"line":27,"column":4},"end":{"line":27,"column":5}},"loc":{"start":{"line":27,"column":57},"end":{"line":34,"column":5}},"line":27},"3":{"name":"(anonymous_3)","decl":{"start":{"line":36,"column":4},"end":{"line":36,"column":5}},"loc":{"start":{"line":36,"column":22},"end":{"line":45,"column":5}},"line":36}},"branchMap":{},"s":{"0":0,"1":0,"2":0,"3":0,"4":0,"5":0,"6":0,"7":0,"8":0,"9":0,"10":0,"11":0,"12":0,"13":0,"14":0},"f":{"0":0,"1":0,"2":0,"3":0},"b":{},"_coverageSchema":"1a1c01bbd47fc00a2c39e90264f33305004495a9","hash":"7e936bd0a822b3a6edebfad1aedefa9f200e3971"}
,"C:\\Users\\aless\\Desktop\\SE2-Projects\\SPG-Project\\SolidarityPurchasingGroup\\client\\src\\models\\product.js": {"path":"C:\\Users\\aless\\Desktop\\SE2-Projects\\SPG-Project\\SolidarityPurchasingGroup\\client\\src\\models\\product.js","statementMap":{"0":{"start":{"line":3,"column":8},"end":{"line":3,"column":21}},"1":{"start":{"line":4,"column":8},"end":{"line":4,"column":33}},"2":{"start":{"line":5,"column":8},"end":{"line":5,"column":25}},"3":{"start":{"line":6,"column":8},"end":{"line":6,"column":39}},"4":{"start":{"line":7,"column":8},"end":{"line":7,"column":33}},"5":{"start":{"line":8,"column":8},"end":{"line":8,"column":29}},"6":{"start":{"line":9,"column":8},"end":{"line":9,"column":26}},"7":{"start":{"line":10,"column":8},"end":{"line":10,"column":40}},"8":{"start":{"line":11,"column":8},"end":{"line":11,"column":28}},"9":{"start":{"line":12,"column":8},"end":{"line":12,"column":24}},"10":{"start":{"line":16,"column":6},"end":{"line":27,"column":14}}},"fnMap":{"0":{"name":"(anonymous_0)","decl":{"start":{"line":2,"column":4},"end":{"line":2,"column":5}},"loc":{"start":{"line":2,"column":95},"end":{"line":13,"column":5}},"line":2},"1":{"name":"(anonymous_1)","decl":{"start":{"line":15,"column":4},"end":{"line":15,"column":5}},"loc":{"start":{"line":15,"column":22},"end":{"line":28,"column":5}},"line":15}},"branchMap":{},"s":{"0":0,"1":0,"2":0,"3":0,"4":0,"5":0,"6":0,"7":0,"8":0,"9":0,"10":0},"f":{"0":0,"1":0},"b":{}}
,"C:\\Users\\aless\\Desktop\\SE2-Projects\\SPG-Project\\SolidarityPurchasingGroup\\client\\src\\models\\user.js": {"path":"C:\\Users\\aless\\Desktop\\SE2-Projects\\SPG-Project\\SolidarityPurchasingGroup\\client\\src\\models\\user.js","statementMap":{"0":{"start":{"line":3,"column":8},"end":{"line":3,"column":21}},"1":{"start":{"line":4,"column":8},"end":{"line":4,"column":25}},"2":{"start":{"line":5,"column":8},"end":{"line":5,"column":31}},"3":{"start":{"line":9,"column":6},"end":{"line":14,"column":14}}},"fnMap":{"0":{"name":"(anonymous_0)","decl":{"start":{"line":2,"column":4},"end":{"line":2,"column":5}},"loc":{"start":{"line":2,"column":34},"end":{"line":6,"column":5}},"line":2},"1":{"name":"(anonymous_1)","decl":{"start":{"line":8,"column":4},"end":{"line":8,"column":5}},"loc":{"start":{"line":8,"column":22},"end":{"line":15,"column":5}},"line":8}},"branchMap":{},"s":{"0":0,"1":0,"2":0,"3":0},"f":{"0":0,"1":0},"b":{}}
}
