TN:
SF:src\API.js
FN:7,getAllProducts
FN:18,getProductsByDate
FN:30,addImage
FN:32,(anonymous_3)
FN:39,(anonymous_4)
FN:45,(anonymous_5)
FN:46,(anonymous_6)
FN:48,(anonymous_7)
FN:52,getProdFarmer
FN:63,addNewClient
FN:74,logIn
FN:91,logOut
FN:95,getUserInfo
FN:105,getAllClients
FN:116,addProduct
FN:118,(anonymous_15)
FN:126,(anonymous_16)
FN:132,(anonymous_17)
FN:133,(anonymous_18)
FN:135,(anonymous_19)
FN:139,updateProductState
FN:141,(anonymous_21)
FN:148,(anonymous_22)
FN:154,(anonymous_23)
FN:155,(anonymous_24)
FN:157,(anonymous_25)
FNF:26
FNH:2
FNDA:0,getAllProducts
FNDA:0,getProductsByDate
FNDA:0,addImage
FNDA:0,(anonymous_3)
FNDA:0,(anonymous_4)
FNDA:0,(anonymous_5)
FNDA:0,(anonymous_6)
FNDA:0,(anonymous_7)
FNDA:0,getProdFarmer
FNDA:0,addNewClient
FNDA:0,logIn
FNDA:0,logOut
FNDA:1,getUserInfo
FNDA:1,getAllClients
FNDA:0,addProduct
FNDA:0,(anonymous_15)
FNDA:0,(anonymous_16)
FNDA:0,(anonymous_17)
FNDA:0,(anonymous_18)
FNDA:0,(anonymous_19)
FNDA:0,updateProductState
FNDA:0,(anonymous_21)
FNDA:0,(anonymous_22)
FNDA:0,(anonymous_23)
FNDA:0,(anonymous_24)
FNDA:0,(anonymous_25)
DA:4,2
DA:9,0
DA:10,0
DA:11,0
DA:12,0
DA:14,0
DA:20,0
DA:21,0
DA:22,0
DA:23,0
DA:24,0
DA:26,0
DA:32,0
DA:33,0
DA:40,0
DA:41,0
DA:44,0
DA:45,0
DA:46,0
DA:48,0
DA:54,0
DA:55,0
DA:56,0
DA:57,0
DA:59,0
DA:64,0
DA:69,0
DA:70,0
DA:71,0
DA:75,0
DA:82,0
DA:83,0
DA:86,0
DA:87,0
DA:92,0
DA:96,1
DA:97,0
DA:98,0
DA:99,0
DA:101,0
DA:107,1
DA:108,0
DA:109,0
DA:110,0
DA:112,0
DA:118,0
DA:119,0
DA:127,0
DA:128,0
DA:131,0
DA:132,0
DA:133,0
DA:135,0
DA:141,0
DA:142,0
DA:149,0
DA:150,0
DA:153,0
DA:154,0
DA:155,0
DA:157,0
DA:163,2
LF:62
LH:4
BRDA:11,0,0,0
BRDA:11,0,1,0
BRDA:23,1,0,0
BRDA:23,1,1,0
BRDA:40,2,0,0
BRDA:40,2,1,0
BRDA:56,3,0,0
BRDA:56,3,1,0
BRDA:69,4,0,0
BRDA:69,4,1,0
BRDA:82,5,0,0
BRDA:82,5,1,0
BRDA:98,6,0,0
BRDA:98,6,1,0
BRDA:109,7,0,0
BRDA:109,7,1,0
BRDA:127,8,0,0
BRDA:127,8,1,0
BRDA:149,9,0,0
BRDA:149,9,1,0
BRF:20
BRH:0
end_of_record
TN:
SF:src\App.js
FN:26,App
FN:85,(anonymous_1)
FN:86,(anonymous_2)
FN:98,(anonymous_3)
FN:110,(anonymous_4)
FN:111,(anonymous_5)
FN:118,(anonymous_6)
FN:130,(anonymous_7)
FN:132,(anonymous_8)
FN:135,(anonymous_9)
FN:139,(anonymous_10)
FN:142,(anonymous_11)
FN:145,(anonymous_12)
FN:148,(anonymous_13)
FN:151,(anonymous_14)
FN:154,(anonymous_15)
FNF:16
FNH:4
FNDA:2,App
FNDA:1,(anonymous_1)
FNDA:1,(anonymous_2)
FNDA:0,(anonymous_3)
FNDA:0,(anonymous_4)
FNDA:0,(anonymous_5)
FNDA:0,(anonymous_6)
FNDA:0,(anonymous_7)
FNDA:0,(anonymous_8)
FNDA:0,(anonymous_9)
FNDA:0,(anonymous_10)
FNDA:0,(anonymous_11)
FNDA:0,(anonymous_12)
FNDA:1,(anonymous_13)
FNDA:0,(anonymous_14)
FNDA:0,(anonymous_15)
DA:16,1
DA:27,2
DA:28,1
DA:29,1
DA:85,1
DA:86,1
DA:87,1
DA:88,1
DA:89,0
DA:90,0
DA:92,0
DA:95,1
DA:98,1
DA:100,0
DA:101,0
DA:102,0
DA:103,0
DA:104,0
DA:106,0
DA:110,1
DA:111,0
DA:112,0
DA:113,0
DA:114,0
DA:118,1
DA:119,0
DA:125,1
DA:130,0
DA:133,0
DA:136,0
DA:140,0
DA:143,0
DA:146,0
DA:149,1
DA:152,0
DA:155,0
LF:36
LH:14
BRDA:130,0,0,0
BRDA:130,0,1,0
BRF:2
BRH:0
end_of_record
TN:
SF:src\index.js
FNF:0
FNH:0
DA:7,0
DA:17,0
LF:2
LH:0
BRF:0
BRH:0
end_of_record
TN:
SF:src\reportWebVitals.js
FN:1,(anonymous_0)
FN:3,(anonymous_1)
FNF:2
FNH:0
FNDA:0,(anonymous_0)
FNDA:0,(anonymous_1)
DA:1,0
DA:2,0
DA:3,0
DA:4,0
DA:5,0
DA:6,0
DA:7,0
DA:8,0
LF:8
LH:0
BRDA:2,0,0,0
BRDA:2,0,1,0
BRDA:2,1,0,0
BRDA:2,1,1,0
BRF:4
BRH:0
end_of_record
TN:
SF:src\Components\Client.js
FN:1,ClientList
FN:3,(anonymous_1)
FN:6,Client
FNF:3
FNH:1
FNDA:0,ClientList
FNDA:0,(anonymous_1)
FNDA:1,Client
DA:2,0
DA:3,0
DA:7,1
DA:8,1
DA:9,1
DA:10,1
DA:11,1
DA:12,1
DA:13,1
DA:14,1
DA:15,1
LF:11
LH:9
BRDA:1,0,0,0
BRF:1
BRH:0
end_of_record
TN:
SF:src\Components\Cart\Cart.js
FN:7,Cart
FN:10,(anonymous_1)
FN:11,(anonymous_2)
FN:42,(anonymous_3)
FN:55,(anonymous_4)
FN:63,CartProduct
FN:66,(anonymous_6)
FN:80,(anonymous_7)
FN:83,(anonymous_8)
FN:90,(anonymous_9)
FNF:10
FNH:4
FNDA:5,Cart
FNDA:0,(anonymous_1)
FNDA:2,(anonymous_2)
FNDA:0,(anonymous_3)
FNDA:2,(anonymous_4)
FNDA:1,CartProduct
FNDA:0,(anonymous_6)
FNDA:0,(anonymous_7)
FNDA:0,(anonymous_8)
FNDA:0,(anonymous_9)
DA:8,5
DA:10,5
DA:11,5
DA:14,5
DA:42,0
DA:56,2
DA:64,1
DA:66,0
DA:80,0
DA:83,0
DA:90,0
LF:11
LH:6
BRDA:26,0,0,0
BRDA:26,0,1,5
BRDA:41,1,0,5
BRDA:41,1,1,2
BRDA:43,2,0,0
BRDA:43,2,1,5
BRDA:46,3,0,0
BRDA:46,3,1,5
BRDA:54,4,0,3
BRDA:54,4,1,2
BRDA:83,5,0,0
BRDA:83,5,1,0
BRDA:93,6,0,1
BRDA:93,6,1,0
BRF:14
BRH:8
end_of_record
TN:
SF:src\Components\ClientList\AddClient.js
FN:7,AddClientBtn
FN:26,ClientModal
FN:29,(anonymous_2)
FN:52,AddClientForm
FN:65,(anonymous_4)
FN:111,(anonymous_5)
FN:135,(anonymous_6)
FN:140,(anonymous_7)
FN:146,(anonymous_8)
FN:153,(anonymous_9)
FN:160,(anonymous_10)
FN:166,(anonymous_11)
FNF:12
FNH:11
FNDA:9,AddClientBtn
FNDA:4,ClientModal
FNDA:0,(anonymous_2)
FNDA:94,AddClientForm
FNDA:3,(anonymous_4)
FNDA:1,(anonymous_5)
FNDA:8,(anonymous_6)
FNDA:11,(anonymous_7)
FNDA:28,(anonymous_8)
FNDA:17,(anonymous_9)
FNDA:10,(anonymous_10)
FNDA:13,(anonymous_11)
DA:8,9
DA:27,4
DA:29,3
DA:30,0
DA:33,3
DA:34,3
DA:45,0
DA:53,94
DA:54,93
DA:55,93
DA:56,93
DA:57,93
DA:58,93
DA:60,93
DA:61,93
DA:63,93
DA:65,93
DA:66,3
DA:68,3
DA:69,3
DA:70,2
DA:71,2
DA:72,2
DA:74,3
DA:75,2
DA:76,2
DA:77,2
DA:79,3
DA:80,1
DA:81,1
DA:82,1
DA:84,3
DA:85,2
DA:86,2
DA:87,2
DA:89,3
DA:90,2
DA:91,2
DA:92,2
DA:94,3
DA:95,2
DA:96,2
DA:97,2
DA:99,3
DA:100,2
DA:101,2
DA:102,2
DA:104,3
DA:105,1
DA:106,1
DA:107,1
DA:111,93
DA:112,1
DA:113,1
DA:114,1
DA:115,1
DA:116,1
DA:117,1
DA:120,93
DA:121,1
DA:130,92
DA:135,8
DA:140,11
DA:146,28
DA:153,17
DA:160,10
DA:166,13
LF:67
LH:65
BRDA:33,0,0,3
BRDA:33,0,1,0
BRDA:69,1,0,2
BRDA:69,1,1,1
BRDA:74,2,0,2
BRDA:74,2,1,1
BRDA:79,3,0,1
BRDA:79,3,1,2
BRDA:84,4,0,2
BRDA:84,4,1,1
BRDA:89,5,0,2
BRDA:89,5,1,1
BRDA:94,6,0,2
BRDA:94,6,1,1
BRDA:99,7,0,2
BRDA:99,7,1,1
BRDA:99,8,0,3
BRDA:99,8,1,3
BRDA:104,9,0,1
BRDA:104,9,1,2
BRDA:120,10,0,1
BRDA:120,10,1,92
BRF:22
BRH:21
end_of_record
TN:
SF:src\Components\ClientList\ClientList.js
FN:12,Client
FN:40,ClientList
FN:47,(anonymous_2)
FN:50,(anonymous_3)
FN:53,(anonymous_4)
FN:61,(anonymous_5)
FN:64,(anonymous_6)
FN:69,changeSearchText
FN:71,(anonymous_8)
FN:89,(anonymous_9)
FN:101,(anonymous_10)
FN:114,WalletTopUpModal
FN:118,(anonymous_12)
FN:119,(anonymous_13)
FN:121,(anonymous_14)
FN:123,(anonymous_15)
FN:125,(anonymous_16)
FN:151,(anonymous_17)
FNF:18
FNH:10
FNDA:0,Client
FNDA:10,ClientList
FNDA:1,(anonymous_2)
FNDA:1,(anonymous_3)
FNDA:0,(anonymous_4)
FNDA:0,(anonymous_5)
FNDA:1,(anonymous_6)
FNDA:8,changeSearchText
FNDA:0,(anonymous_8)
FNDA:8,(anonymous_9)
FNDA:0,(anonymous_10)
FNDA:5,WalletTopUpModal
FNDA:0,(anonymous_12)
FNDA:1,(anonymous_13)
FNDA:1,(anonymous_14)
FNDA:0,(anonymous_15)
FNDA:0,(anonymous_16)
FNDA:3,(anonymous_17)
DA:13,0
DA:41,10
DA:42,10
DA:43,9
DA:44,9
DA:47,9
DA:48,1
DA:50,1
DA:51,1
DA:53,1
DA:54,0
DA:55,0
DA:56,0
DA:57,0
DA:62,0
DA:64,1
DA:70,8
DA:71,8
DA:72,0
DA:75,8
DA:81,9
DA:89,8
DA:102,0
DA:115,5
DA:116,5
DA:118,5
DA:119,5
DA:121,5
DA:122,1
DA:123,1
DA:124,0
DA:126,0
DA:127,0
DA:132,5
DA:151,3
LF:35
LH:24
BRDA:54,0,0,0
BRDA:54,0,1,0
BRDA:72,1,0,0
BRDA:72,1,1,0
BRDA:83,2,0,0
BRDA:83,2,1,9
BRF:6
BRH:1
end_of_record
TN:
SF:src\Components\ClientList\ModalClientOrders.js
FN:6,ModalClientOrders
FN:8,(anonymous_1)
FN:9,(anonymous_2)
FN:14,(anonymous_3)
FN:16,(anonymous_4)
FN:20,(anonymous_5)
FN:22,(anonymous_6)
FN:60,(anonymous_7)
FNF:8
FNH:0
FNDA:0,ModalClientOrders
FNDA:0,(anonymous_1)
FNDA:0,(anonymous_2)
FNDA:0,(anonymous_3)
FNDA:0,(anonymous_4)
FNDA:0,(anonymous_5)
FNDA:0,(anonymous_6)
FNDA:0,(anonymous_7)
DA:7,0
DA:8,0
DA:9,0
DA:10,0
DA:11,0
DA:12,0
DA:14,0
DA:16,0
DA:17,0
DA:18,0
DA:19,0
DA:20,0
DA:21,0
DA:23,0
DA:24,0
DA:27,0
DA:61,0
LF:17
LH:0
BRF:0
BRH:0
end_of_record
TN:
SF:src\Components\FarmerHome\FarmerHome.js
FN:13,FarmerHome
FN:33,(anonymous_1)
FN:36,(anonymous_2)
FN:42,(anonymous_3)
FN:49,(anonymous_4)
FN:52,(anonymous_5)
FN:59,(anonymous_6)
FN:63,(anonymous_7)
FN:67,(anonymous_8)
FN:88,(anonymous_9)
FN:91,(anonymous_10)
FN:126,(anonymous_11)
FN:138,(anonymous_12)
FN:149,(anonymous_13)
FN:150,(anonymous_14)
FN:169,(anonymous_15)
FN:185,(anonymous_16)
FN:195,(anonymous_17)
FN:203,(anonymous_18)
FN:213,AddProductForm
FN:232,(anonymous_20)
FN:236,(anonymous_21)
FN:242,(anonymous_22)
FN:247,(anonymous_23)
FN:250,(anonymous_24)
FN:255,(anonymous_25)
FN:261,(anonymous_26)
FN:266,(anonymous_27)
FN:287,(anonymous_28)
FN:301,(anonymous_29)
FN:334,(anonymous_30)
FN:384,(anonymous_31)
FN:388,(anonymous_32)
FN:392,(anonymous_33)
FN:397,(anonymous_34)
FN:413,(anonymous_35)
FN:433,EditProductForm
FN:445,(anonymous_37)
FN:496,(anonymous_38)
FN:500,(anonymous_39)
FN:504,(anonymous_40)
FN:508,(anonymous_41)
FN:524,(anonymous_42)
FNF:43
FNH:0
FNDA:0,FarmerHome
FNDA:0,(anonymous_1)
FNDA:0,(anonymous_2)
FNDA:0,(anonymous_3)
FNDA:0,(anonymous_4)
FNDA:0,(anonymous_5)
FNDA:0,(anonymous_6)
FNDA:0,(anonymous_7)
FNDA:0,(anonymous_8)
FNDA:0,(anonymous_9)
FNDA:0,(anonymous_10)
FNDA:0,(anonymous_11)
FNDA:0,(anonymous_12)
FNDA:0,(anonymous_13)
FNDA:0,(anonymous_14)
FNDA:0,(anonymous_15)
FNDA:0,(anonymous_16)
FNDA:0,(anonymous_17)
FNDA:0,(anonymous_18)
FNDA:0,AddProductForm
FNDA:0,(anonymous_20)
FNDA:0,(anonymous_21)
FNDA:0,(anonymous_22)
FNDA:0,(anonymous_23)
FNDA:0,(anonymous_24)
FNDA:0,(anonymous_25)
FNDA:0,(anonymous_26)
FNDA:0,(anonymous_27)
FNDA:0,(anonymous_28)
FNDA:0,(anonymous_29)
FNDA:0,(anonymous_30)
FNDA:0,(anonymous_31)
FNDA:0,(anonymous_32)
FNDA:0,(anonymous_33)
FNDA:0,(anonymous_34)
FNDA:0,(anonymous_35)
FNDA:0,EditProductForm
FNDA:0,(anonymous_37)
FNDA:0,(anonymous_38)
FNDA:0,(anonymous_39)
FNDA:0,(anonymous_40)
FNDA:0,(anonymous_41)
FNDA:0,(anonymous_42)
DA:15,0
DA:16,0
DA:17,0
DA:18,0
DA:19,0
DA:21,0
DA:22,0
DA:23,0
DA:24,0
DA:25,0
DA:27,0
DA:28,0
DA:29,0
DA:30,0
DA:33,0
DA:34,0
DA:36,0
DA:37,0
DA:38,0
DA:39,0
DA:40,0
DA:42,0
DA:43,0
DA:44,0
DA:45,0
DA:46,0
DA:50,0
DA:52,0
DA:53,0
DA:59,0
DA:60,0
DA:63,0
DA:64,0
DA:67,0
DA:68,0
DA:69,0
DA:70,0
DA:71,0
DA:72,0
DA:73,0
DA:76,0
DA:78,0
DA:79,0
DA:83,0
DA:88,0
DA:89,0
DA:90,0
DA:91,0
DA:95,0
DA:129,0
DA:139,0
DA:140,0
DA:150,0
DA:151,0
DA:170,0
DA:185,0
DA:195,0
DA:203,0
DA:214,0
DA:215,0
DA:216,0
DA:217,0
DA:218,0
DA:219,0
DA:220,0
DA:221,0
DA:222,0
DA:223,0
DA:224,0
DA:225,0
DA:226,0
DA:227,0
DA:228,0
DA:229,0
DA:232,0
DA:233,0
DA:234,0
DA:236,0
DA:237,0
DA:238,0
DA:239,0
DA:242,0
DA:243,0
DA:244,0
DA:248,0
DA:250,0
DA:251,0
DA:255,0
DA:256,0
DA:257,0
DA:261,0
DA:262,0
DA:263,0
DA:266,0
DA:267,0
DA:268,0
DA:270,0
DA:272,0
DA:274,0
DA:275,0
DA:276,0
DA:277,0
DA:278,0
DA:280,0
DA:282,0
DA:283,0
DA:288,0
DA:301,0
DA:303,0
DA:305,0
DA:307,0
DA:311,0
DA:312,0
DA:314,0
DA:315,0
DA:321,0
DA:323,0
DA:324,0
DA:326,0
DA:328,0
DA:334,0
DA:335,0
DA:336,0
DA:337,0
DA:338,0
DA:339,0
DA:349,0
DA:384,0
DA:388,0
DA:392,0
DA:397,0
DA:399,0
DA:413,0
DA:434,0
DA:435,0
DA:436,0
DA:437,0
DA:438,0
DA:440,0
DA:441,0
DA:442,0
DA:443,0
DA:445,0
DA:446,0
DA:449,0
DA:486,0
DA:487,0
DA:491,0
DA:496,0
DA:500,0
DA:504,0
DA:508,0
DA:510,0
DA:524,0
LF:154
LH:0
BRDA:43,0,0,0
BRDA:43,0,1,0
BRDA:72,1,0,0
BRDA:72,1,1,0
BRDA:72,2,0,0
BRDA:72,2,1,0
BRDA:72,2,2,0
BRDA:72,2,3,0
BRDA:72,2,4,0
BRDA:72,2,5,0
BRDA:78,3,0,0
BRDA:78,3,1,0
BRDA:78,4,0,0
BRDA:78,4,1,0
BRDA:78,4,2,0
BRDA:78,4,3,0
BRDA:78,4,4,0
BRDA:138,5,0,0
BRDA:138,5,1,0
BRDA:149,6,0,0
BRDA:149,6,1,0
BRDA:166,7,0,0
BRDA:166,7,1,0
BRDA:203,8,0,0
BRDA:203,8,1,0
BRDA:243,9,0,0
BRDA:243,9,1,0
BRDA:277,10,0,0
BRDA:277,10,1,0
BRDA:314,11,0,0
BRDA:314,11,1,0
BRDA:321,12,0,0
BRDA:321,12,1,0
BRDA:323,13,0,0
BRDA:323,13,1,0
BRDA:354,14,0,0
BRDA:354,14,1,0
BRDA:356,15,0,0
BRDA:356,15,1,0
BRDA:486,16,0,0
BRDA:486,16,1,0
BRF:41
BRH:0
end_of_record
TN:
SF:src\Components\FileUpload\Message.js
FN:4,(anonymous_0)
FNF:1
FNH:0
FNDA:0,(anonymous_0)
DA:4,1
DA:5,0
DA:14,1
LF:3
LH:2
BRF:0
BRH:0
end_of_record
TN:
SF:src\Components\FileUpload\Progress.js
FN:4,(anonymous_0)
FNF:1
FNH:0
FNDA:0,(anonymous_0)
DA:4,1
DA:5,0
DA:18,1
LF:3
LH:2
BRF:0
BRH:0
end_of_record
TN:
SF:src\Components\HomePage\HomePage.js
FN:9,HomePage
FN:15,(anonymous_1)
FN:19,(anonymous_2)
FN:23,(anonymous_3)
FN:26,(anonymous_4)
FN:35,(anonymous_5)
FN:44,(anonymous_6)
FN:151,SelectionBar
FN:165,LogIn
FN:173,LogOut
FNF:10
FNH:4
FNDA:11,HomePage
FNDA:0,(anonymous_1)
FNDA:6,(anonymous_2)
FNDA:0,(anonymous_3)
FNDA:0,(anonymous_4)
FNDA:0,(anonymous_5)
FNDA:0,(anonymous_6)
FNDA:9,SelectionBar
FNDA:9,LogIn
FNDA:0,LogOut
DA:11,11
DA:12,9
DA:13,9
DA:14,9
DA:15,9
DA:16,0
DA:19,9
DA:20,6
DA:21,6
DA:22,0
DA:24,0
DA:25,0
DA:27,0
DA:28,0
DA:29,0
DA:31,0
DA:32,0
DA:36,0
DA:44,9
DA:45,0
DA:46,0
DA:48,9
DA:153,9
DA:166,9
DA:174,0
LF:25
LH:12
BRDA:21,0,0,0
BRDA:21,0,1,6
BRDA:31,1,0,0
BRDA:31,1,1,0
BRDA:50,2,0,0
BRDA:50,2,1,9
BRDA:50,3,0,9
BRDA:50,3,1,0
BRDA:67,4,0,0
BRDA:67,4,1,9
BRDA:75,5,0,0
BRDA:75,5,1,9
BRF:12
BRH:5
end_of_record
TN:
SF:src\Components\HomePage\modalWallet.js
FN:4,ModalError
FNF:1
FNH:1
FNDA:9,ModalError
DA:5,9
LF:1
LH:1
BRF:0
BRH:0
end_of_record
TN:
SF:src\Components\LoginComponents\LoginComponent.js
FN:5,LoginComponent
FN:11,(anonymous_1)
FN:37,(anonymous_2)
FN:47,(anonymous_3)
FNF:4
FNH:1
FNDA:2,LoginComponent
FNDA:0,(anonymous_1)
FNDA:0,(anonymous_2)
FNDA:0,(anonymous_3)
DA:6,2
DA:7,1
DA:8,1
DA:11,1
DA:12,0
DA:13,0
DA:14,0
DA:15,0
DA:17,0
DA:18,0
DA:20,0
DA:23,1
DA:37,0
DA:47,0
LF:14
LH:5
BRDA:13,0,0,0
BRDA:13,0,1,0
BRF:2
BRH:0
end_of_record
TN:
SF:src\Components\NavBar\NavBar.js
FN:13,NavBar
FN:15,(anonymous_1)
FN:65,(anonymous_2)
FN:78,ClientNavbar
FN:90,EmployeeNavbar
FN:101,ManagerNavbar
FN:113,FarmerNavbar
FN:124,DelivererNavbar
FN:133,ShowClock
FN:135,(anonymous_9)
FN:144,(anonymous_10)
FN:154,(anonymous_11)
FN:164,(anonymous_12)
FN:174,(anonymous_13)
FN:184,(anonymous_14)
FN:195,(anonymous_15)
FNF:16
FNH:8
FNDA:9,NavBar
FNDA:5,(anonymous_1)
FNDA:0,(anonymous_2)
FNDA:2,ClientNavbar
FNDA:1,EmployeeNavbar
FNDA:1,ManagerNavbar
FNDA:1,FarmerNavbar
FNDA:1,DelivererNavbar
FNDA:9,ShowClock
FNDA:0,(anonymous_9)
FNDA:0,(anonymous_10)
FNDA:0,(anonymous_11)
FNDA:0,(anonymous_12)
FNDA:0,(anonymous_13)
FNDA:0,(anonymous_14)
FNDA:0,(anonymous_15)
DA:9,2
DA:10,2
DA:11,2
DA:12,2
DA:15,9
DA:16,5
DA:17,1
DA:19,4
DA:20,1
DA:22,3
DA:23,1
DA:25,2
DA:26,1
DA:28,1
DA:29,1
DA:31,0
DA:34,9
DA:65,0
DA:79,2
DA:91,1
DA:102,1
DA:114,1
DA:125,1
DA:135,9
DA:136,0
DA:137,0
DA:139,0
DA:140,0
DA:141,0
DA:142,0
DA:144,9
DA:145,0
DA:146,0
DA:148,0
DA:149,0
DA:151,0
DA:152,0
DA:154,9
DA:155,0
DA:156,0
DA:158,0
DA:159,0
DA:161,0
DA:162,0
DA:164,9
DA:165,0
DA:166,0
DA:168,0
DA:169,0
DA:171,0
DA:172,0
DA:174,9
DA:175,0
DA:176,0
DA:178,0
DA:179,0
DA:181,0
DA:182,0
DA:184,9
DA:185,0
DA:186,0
DA:188,0
DA:189,0
DA:191,0
DA:192,0
DA:195,9
DA:196,0
DA:197,0
DA:198,0
DA:201,9
LF:70
LH:29
BRDA:16,0,0,1
BRDA:16,0,1,4
BRDA:19,1,0,1
BRDA:19,1,1,3
BRDA:22,2,0,1
BRDA:22,2,1,2
BRDA:25,3,0,1
BRDA:25,3,1,1
BRDA:28,4,0,1
BRDA:28,4,1,0
BRDA:62,5,0,9
BRDA:62,5,1,5
BRDA:62,5,2,5
BRDA:64,6,0,5
BRDA:64,6,1,2
BRDA:136,7,0,0
BRDA:136,7,1,0
BRDA:145,8,0,0
BRDA:145,8,1,0
BRDA:155,9,0,0
BRDA:155,9,1,0
BRDA:165,10,0,0
BRDA:165,10,1,0
BRDA:175,11,0,0
BRDA:175,11,1,0
BRDA:185,12,0,0
BRDA:185,12,1,0
BRF:27
BRH:14
end_of_record
TN:
SF:src\Components\NavBar\clock.js
FN:2,showTime
FN:22,datePadding
FN:27,formatDateWithTime
FN:34,formatDate
FN:40,dayOfWeek
FNF:5
FNH:0
FNDA:0,showTime
FNDA:0,datePadding
FNDA:0,formatDateWithTime
FNDA:0,formatDate
FNDA:0,dayOfWeek
DA:4,0
DA:5,0
DA:6,0
DA:7,0
DA:9,0
DA:10,0
DA:11,0
DA:12,0
DA:13,0
DA:14,0
DA:15,0
DA:17,0
DA:18,0
DA:19,0
DA:23,0
DA:24,0
DA:28,0
DA:29,0
DA:31,0
DA:35,0
DA:37,0
DA:41,0
DA:42,0
LF:23
LH:0
BRDA:24,0,0,0
BRDA:24,0,1,0
BRF:2
BRH:0
end_of_record
TN:
SF:src\Components\Notifications\Notifications.js
FN:7,Notifications
FN:10,(anonymous_1)
FN:11,(anonymous_2)
FNF:3
FNH:1
FNDA:1,Notifications
FNDA:0,(anonymous_1)
FNDA:0,(anonymous_2)
DA:8,1
DA:10,1
DA:11,1
DA:13,1
LF:4
LH:4
BRF:0
BRH:0
end_of_record
TN:
SF:src\Components\OrderList\Order.js
FN:7,Order
FN:12,(anonymous_1)
FN:23,(anonymous_2)
FN:26,(anonymous_3)
FN:45,(anonymous_4)
FNF:5
FNH:0
FNDA:0,Order
FNDA:0,(anonymous_1)
FNDA:0,(anonymous_2)
FNDA:0,(anonymous_3)
FNDA:0,(anonymous_4)
DA:9,0
DA:10,0
DA:12,0
DA:13,0
DA:14,0
DA:15,0
DA:16,0
DA:17,0
DA:18,0
DA:20,0
DA:23,0
DA:24,0
DA:25,0
DA:26,0
DA:29,0
DA:45,0
LF:16
LH:0
BRDA:17,0,0,0
BRDA:17,0,1,0
BRDA:17,1,0,0
BRDA:17,1,1,0
BRDA:17,1,2,0
BRDA:17,1,3,0
BRDA:37,2,0,0
BRDA:37,2,1,0
BRDA:41,3,0,0
BRDA:41,3,1,0
BRDA:45,4,0,0
BRDA:45,4,1,0
BRF:12
BRH:0
end_of_record
TN:
SF:src\Components\OrderList\OrderList.js
FN:10,Order
FN:17,(anonymous_1)
FN:27,(anonymous_2)
FN:41,(anonymous_3)
FN:44,(anonymous_4)
FN:47,(anonymous_5)
FN:50,(anonymous_6)
FN:67,(anonymous_7)
FN:82,OrderList
FN:92,(anonymous_9)
FN:93,(anonymous_10)
FN:94,(anonymous_11)
FN:95,(anonymous_12)
FN:97,(anonymous_13)
FN:103,changeSearchText
FN:105,(anonymous_15)
FN:115,(anonymous_16)
FN:131,(anonymous_17)
FNF:18
FNH:6
FNDA:2,Order
FNDA:1,(anonymous_1)
FNDA:0,(anonymous_2)
FNDA:0,(anonymous_3)
FNDA:0,(anonymous_4)
FNDA:1,(anonymous_5)
FNDA:1,(anonymous_6)
FNDA:0,(anonymous_7)
FNDA:2,OrderList
FNDA:1,(anonymous_9)
FNDA:0,(anonymous_10)
FNDA:0,(anonymous_11)
FNDA:0,(anonymous_12)
FNDA:0,(anonymous_13)
FNDA:0,changeSearchText
FNDA:0,(anonymous_15)
FNDA:0,(anonymous_16)
FNDA:0,(anonymous_17)
DA:12,2
DA:13,1
DA:14,1
DA:15,1
DA:17,1
DA:18,1
DA:19,1
DA:20,1
DA:21,1
DA:22,0
DA:24,1
DA:27,1
DA:28,0
DA:30,0
DA:32,0
DA:33,0
DA:34,0
DA:36,0
DA:37,0
DA:38,0
DA:39,0
DA:41,0
DA:42,0
DA:44,0
DA:47,1
DA:48,1
DA:49,1
DA:50,1
DA:53,1
DA:67,0
DA:84,2
DA:85,1
DA:87,1
DA:88,1
DA:92,1
DA:93,1
DA:94,0
DA:95,0
DA:96,0
DA:98,0
DA:99,0
DA:104,0
DA:105,0
DA:106,0
DA:107,0
DA:110,0
DA:113,1
DA:115,0
DA:132,0
LF:49
LH:23
BRDA:21,0,0,0
BRDA:21,0,1,1
BRDA:21,1,0,1
BRDA:21,1,1,1
BRDA:21,1,2,0
BRDA:21,1,3,0
BRDA:30,2,0,0
BRDA:30,2,1,0
BRDA:30,2,2,0
BRDA:60,3,0,1
BRDA:60,3,1,0
BRDA:63,4,0,0
BRDA:63,4,1,1
BRDA:68,5,0,0
BRDA:68,5,1,0
BRDA:107,6,0,0
BRDA:107,6,1,0
BRDA:107,7,0,0
BRDA:107,7,1,0
BRF:19
BRH:5
end_of_record
TN:
SF:src\Components\ProductList\ProductList.js
FN:12,ProductList
FN:32,changeSearchText
FN:34,(anonymous_2)
FN:41,(anonymous_3)
FN:58,(anonymous_4)
FN:76,(anonymous_5)
FN:90,(anonymous_6)
FN:93,(anonymous_7)
FN:96,setProductsLoaded
FN:97,(anonymous_9)
FN:98,(anonymous_10)
FN:103,(anonymous_11)
FN:109,(anonymous_12)
FN:112,(anonymous_13)
FN:116,(anonymous_14)
FN:122,(anonymous_15)
FN:129,(anonymous_16)
FN:146,(anonymous_17)
FN:154,(anonymous_18)
FN:162,(anonymous_19)
FN:170,(anonymous_20)
FN:178,ConfirmForSucessPage
FN:181,(anonymous_22)
FN:186,(anonymous_23)
FN:192,addProductToCart
FN:193,(anonymous_25)
FN:196,(anonymous_26)
FN:196,(anonymous_27)
FN:204,(anonymous_28)
FN:210,(anonymous_29)
FN:211,(anonymous_30)
FN:211,(anonymous_31)
FN:215,(anonymous_32)
FN:217,(anonymous_33)
FN:222,(anonymous_34)
FN:222,(anonymous_35)
FN:231,(anonymous_36)
FN:231,(anonymous_37)
FN:238,(anonymous_38)
FN:243,(anonymous_39)
FN:243,(anonymous_40)
FN:248,(anonymous_41)
FN:256,(anonymous_42)
FN:266,(anonymous_43)
FN:270,(anonymous_44)
FN:271,(anonymous_45)
FN:288,Product
FN:292,(anonymous_47)
FN:295,(anonymous_48)
FN:304,(anonymous_49)
FN:334,(anonymous_50)
FN:335,(anonymous_51)
FN:339,(anonymous_52)
FN:345,(anonymous_53)
FNF:54
FNH:10
FNDA:14,ProductList
FNDA:12,changeSearchText
FNDA:0,(anonymous_2)
FNDA:1,(anonymous_3)
FNDA:0,(anonymous_4)
FNDA:1,(anonymous_5)
FNDA:1,(anonymous_6)
FNDA:1,(anonymous_7)
FNDA:0,setProductsLoaded
FNDA:0,(anonymous_9)
FNDA:0,(anonymous_10)
FNDA:1,(anonymous_11)
FNDA:0,(anonymous_12)
FNDA:0,(anonymous_13)
FNDA:0,(anonymous_14)
FNDA:0,(anonymous_15)
FNDA:1,(anonymous_16)
FNDA:0,(anonymous_17)
FNDA:0,(anonymous_18)
FNDA:0,(anonymous_19)
FNDA:0,(anonymous_20)
FNDA:0,ConfirmForSucessPage
FNDA:0,(anonymous_22)
FNDA:0,(anonymous_23)
FNDA:0,addProductToCart
FNDA:0,(anonymous_25)
FNDA:0,(anonymous_26)
FNDA:0,(anonymous_27)
FNDA:0,(anonymous_28)
FNDA:0,(anonymous_29)
FNDA:0,(anonymous_30)
FNDA:0,(anonymous_31)
FNDA:0,(anonymous_32)
FNDA:0,(anonymous_33)
FNDA:0,(anonymous_34)
FNDA:0,(anonymous_35)
FNDA:0,(anonymous_36)
FNDA:0,(anonymous_37)
FNDA:0,(anonymous_38)
FNDA:0,(anonymous_39)
FNDA:0,(anonymous_40)
FNDA:0,(anonymous_41)
FNDA:12,(anonymous_42)
FNDA:0,(anonymous_43)
FNDA:0,(anonymous_44)
FNDA:0,(anonymous_45)
FNDA:2,Product
FNDA:0,(anonymous_47)
FNDA:0,(anonymous_48)
FNDA:0,(anonymous_49)
FNDA:0,(anonymous_50)
FNDA:0,(anonymous_51)
FNDA:0,(anonymous_52)
FNDA:0,(anonymous_53)
DA:13,14
DA:14,14
DA:16,14
DA:17,14
DA:18,14
DA:19,14
DA:20,14
DA:21,14
DA:22,14
DA:23,14
DA:24,14
DA:25,14
DA:26,14
DA:27,14
DA:28,14
DA:29,14
DA:30,14
DA:33,12
DA:34,12
DA:35,0
DA:38,12
DA:41,14
DA:42,1
DA:43,1
DA:44,1
DA:45,1
DA:46,1
DA:47,0
DA:50,1
DA:51,1
DA:52,1
DA:53,1
DA:58,14
DA:59,0
DA:60,0
DA:61,0
DA:62,0
DA:63,0
DA:64,0
DA:66,0
DA:68,0
DA:69,0
DA:71,0
DA:73,0
DA:76,14
DA:77,1
DA:78,0
DA:79,0
DA:82,0
DA:86,1
DA:90,14
DA:91,1
DA:92,1
DA:93,1
DA:97,0
DA:98,0
DA:99,0
DA:100,0
DA:103,14
DA:108,1
DA:109,1
DA:110,0
DA:111,0
DA:112,0
DA:113,0
DA:114,0
DA:115,0
DA:117,0
DA:118,0
DA:123,0
DA:124,0
DA:129,14
DA:130,1
DA:131,0
DA:132,0
DA:134,0
DA:135,0
DA:136,0
DA:137,0
DA:141,0
DA:142,0
DA:146,14
DA:147,0
DA:154,0
DA:161,0
DA:163,0
DA:164,0
DA:165,0
DA:168,0
DA:171,0
DA:179,0
DA:180,0
DA:182,0
DA:183,0
DA:184,0
DA:185,0
DA:187,0
DA:188,0
DA:193,0
DA:195,0
DA:196,0
DA:204,0
DA:207,0
DA:210,14
DA:211,0
DA:212,0
DA:215,14
DA:216,0
DA:217,0
DA:218,0
DA:219,0
DA:222,0
DA:226,0
DA:227,0
DA:228,0
DA:231,0
DA:235,0
DA:238,14
DA:239,0
DA:240,0
DA:243,0
DA:248,14
DA:249,0
DA:252,14
DA:256,12
DA:268,0
DA:270,0
DA:271,0
DA:290,2
DA:292,2
DA:293,0
DA:295,2
DA:296,0
DA:297,0
DA:298,0
DA:301,0
DA:304,2
DA:305,0
DA:306,0
DA:311,2
DA:334,0
DA:335,0
DA:339,0
DA:345,0
LF:144
LH:55
BRDA:35,0,0,0
BRDA:35,0,1,0
BRDA:46,1,0,0
BRDA:46,1,1,1
BRDA:46,2,0,1
BRDA:46,2,1,0
BRDA:46,2,2,1
BRDA:46,2,3,0
BRDA:51,3,0,1
BRDA:51,3,1,0
BRDA:63,4,0,0
BRDA:63,4,1,0
BRDA:68,5,0,0
BRDA:68,5,1,0
BRDA:77,6,0,0
BRDA:77,6,1,1
BRDA:77,7,0,1
BRDA:77,7,1,0
BRDA:78,8,0,0
BRDA:78,8,1,0
BRDA:78,9,0,0
BRDA:78,9,1,0
BRDA:111,10,0,0
BRDA:111,10,1,0
BRDA:130,11,0,0
BRDA:130,11,1,1
BRDA:134,12,0,0
BRDA:134,12,1,0
BRDA:148,13,0,0
BRDA:148,13,1,0
BRDA:148,14,0,0
BRDA:148,14,1,0
BRDA:163,15,0,0
BRDA:163,15,1,0
BRDA:193,16,0,0
BRDA:193,16,1,0
BRDA:195,17,0,0
BRDA:195,17,1,0
BRDA:196,18,0,0
BRDA:196,18,1,0
BRDA:198,19,0,0
BRDA:198,19,1,0
BRDA:216,20,0,0
BRDA:216,20,1,0
BRDA:218,21,0,0
BRDA:218,21,1,0
BRDA:222,22,0,0
BRDA:222,22,1,0
BRDA:227,23,0,0
BRDA:227,23,1,0
BRDA:231,24,0,0
BRDA:231,24,1,0
BRDA:232,25,0,0
BRDA:232,25,1,0
BRDA:239,26,0,0
BRDA:239,26,1,0
BRDA:243,27,0,0
BRDA:243,27,1,0
BRDA:254,28,0,14
BRDA:254,28,1,0
BRDA:263,29,0,14
BRDA:263,29,1,0
BRDA:268,30,0,0
BRDA:268,30,1,0
BRDA:270,31,0,0
BRDA:270,31,1,0
BRDA:279,32,0,0
BRDA:279,32,1,14
BRDA:279,33,0,14
BRDA:279,33,1,0
BRDA:282,34,0,0
BRDA:282,34,1,0
BRDA:297,35,0,0
BRDA:297,35,1,0
BRDA:331,36,0,1
BRDA:331,36,1,1
BRDA:335,37,0,0
BRDA:335,37,1,0
BRDA:341,38,0,0
BRDA:341,38,1,1
BRF:80
BRH:14
end_of_record
TN:
SF:src\Components\SideBar\SideBar.js
FN:5,SideBar
FN:18,(anonymous_1)
FN:21,(anonymous_2)
FN:22,(anonymous_3)
FNF:4
FNH:2
FNDA:16,SideBar
FNDA:0,(anonymous_1)
FNDA:6,(anonymous_2)
FNDA:0,(anonymous_3)
DA:7,16
DA:18,0
DA:22,6
LF:3
LH:2
BRDA:14,0,0,15
BRDA:14,0,1,1
BRF:2
BRH:2
end_of_record
TN:
SF:src\Components\SuccessPage\OrderSuccess.js
FN:8,OrderSuccess
FN:39,(anonymous_1)
FN:54,Product
FNF:3
FNH:3
FNDA:2,OrderSuccess
FNDA:4,(anonymous_1)
FNDA:2,Product
DA:9,2
DA:10,2
DA:11,2
DA:12,2
DA:40,4
DA:55,2
LF:6
LH:6
BRDA:11,0,0,2
BRDA:11,0,1,2
BRDA:11,0,2,2
BRDA:11,0,3,2
BRDA:14,1,0,2
BRDA:14,1,1,0
BRDA:17,2,0,2
BRDA:17,2,1,2
BRDA:18,3,0,0
BRDA:18,3,1,2
BRDA:34,4,0,2
BRDA:34,4,1,2
BRDA:39,5,0,2
BRDA:39,5,1,0
BRDA:45,6,0,2
BRDA:45,6,1,2
BRF:16
BRH:13
end_of_record
TN:
SF:src\api\booking-api.js
FN:7,getOrders
FN:18,addBooking
FN:19,(anonymous_2)
FN:36,(anonymous_3)
FN:42,(anonymous_4)
FN:43,(anonymous_5)
FN:45,(anonymous_6)
FN:49,updateBookingState
FN:50,(anonymous_8)
FN:57,(anonymous_9)
FN:63,(anonymous_10)
FN:64,(anonymous_11)
FN:66,(anonymous_12)
FN:70,getWalletBalance
FN:81,getOrdersByUserId
FNF:15
FNH:1
FNDA:1,getOrders
FNDA:0,addBooking
FNDA:0,(anonymous_2)
FNDA:0,(anonymous_3)
FNDA:0,(anonymous_4)
FNDA:0,(anonymous_5)
FNDA:0,(anonymous_6)
FNDA:0,updateBookingState
FNDA:0,(anonymous_8)
FNDA:0,(anonymous_9)
FNDA:0,(anonymous_10)
FNDA:0,(anonymous_11)
FNDA:0,(anonymous_12)
FNDA:0,getWalletBalance
FNDA:0,getOrdersByUserId
DA:5,4
DA:9,1
DA:10,0
DA:11,0
DA:12,0
DA:14,0
DA:19,0
DA:20,0
DA:29,0
DA:30,0
DA:37,0
DA:38,0
DA:41,0
DA:42,0
DA:43,0
DA:45,0
DA:50,0
DA:51,0
DA:58,0
DA:59,0
DA:62,0
DA:63,0
DA:64,0
DA:66,0
DA:71,0
DA:73,0
DA:74,0
DA:75,0
DA:76,0
DA:78,0
DA:83,0
DA:84,0
DA:85,0
DA:86,0
DA:88,0
DA:91,4
LF:36
LH:3
BRDA:11,0,0,0
BRDA:11,0,1,0
BRDA:37,1,0,0
BRDA:37,1,1,0
BRDA:58,2,0,0
BRDA:58,2,1,0
BRDA:75,3,0,0
BRDA:75,3,1,0
BRDA:85,4,0,0
BRDA:85,4,1,0
BRF:10
BRH:0
end_of_record
TN:
SF:src\api\product-api.js
FN:7,getProductsByType
FN:25,getProducts
FN:36,getProductTypes
FNF:3
FNH:1
FNDA:1,getProductsByType
FNDA:0,getProducts
FNDA:0,getProductTypes
DA:5,2
DA:10,1
DA:11,0
DA:14,1
DA:16,0
DA:17,0
DA:18,0
DA:20,0
DA:27,0
DA:28,0
DA:29,0
DA:30,0
DA:32,0
DA:38,0
DA:39,0
DA:40,0
DA:41,0
DA:43,0
DA:47,2
LF:19
LH:4
BRDA:10,0,0,0
BRDA:10,0,1,1
BRDA:17,1,0,0
BRDA:17,1,1,0
BRDA:29,2,0,0
BRDA:29,2,1,0
BRDA:40,3,0,0
BRDA:40,3,1,0
BRF:8
BRH:1
end_of_record
TN:
SF:src\api\user-api.js
FN:4,getRequiredCharge
FN:16,getWalletBalance
FN:28,getRequiredChargeByBookingId
FN:41,chargeWallet
FN:42,(anonymous_4)
FN:45,(anonymous_5)
FN:51,(anonymous_6)
FN:52,(anonymous_7)
FN:54,(anonymous_8)
FNF:9
FNH:2
FNDA:0,getRequiredCharge
FNDA:0,getWalletBalance
FNDA:0,getRequiredChargeByBookingId
FNDA:1,chargeWallet
FNDA:1,(anonymous_4)
FNDA:0,(anonymous_5)
FNDA:0,(anonymous_6)
FNDA:0,(anonymous_7)
FNDA:0,(anonymous_8)
DA:2,3
DA:6,0
DA:7,0
DA:8,0
DA:9,0
DA:11,0
DA:18,0
DA:19,0
DA:20,0
DA:21,0
DA:23,0
DA:30,0
DA:31,0
DA:32,0
DA:33,0
DA:34,0
DA:35,0
DA:37,0
DA:42,1
DA:43,1
DA:46,0
DA:47,0
DA:50,0
DA:51,0
DA:52,0
DA:54,0
DA:58,3
LF:27
LH:4
BRDA:8,0,0,0
BRDA:8,0,1,0
BRDA:20,1,0,0
BRDA:20,1,1,0
BRDA:32,2,0,0
BRDA:32,2,1,0
BRDA:46,3,0,0
BRDA:46,3,1,0
BRF:8
BRH:0
end_of_record
TN:
SF:src\models\booking.js
FN:2,(anonymous_0)
FN:13,(anonymous_1)
FN:27,(anonymous_2)
FN:36,(anonymous_3)
FNF:4
FNH:0
FNDA:0,(anonymous_0)
FNDA:0,(anonymous_1)
FNDA:0,(anonymous_2)
FNDA:0,(anonymous_3)
DA:3,0
DA:4,0
DA:5,0
DA:6,0
DA:7,0
DA:8,0
DA:9,0
DA:10,0
DA:14,0
DA:28,0
DA:29,0
DA:30,0
DA:31,0
DA:32,0
DA:37,0
LF:15
LH:0
BRF:0
BRH:0
end_of_record
TN:
SF:src\models\product.js
FN:2,(anonymous_0)
FN:15,(anonymous_1)
FNF:2
FNH:0
FNDA:0,(anonymous_0)
FNDA:0,(anonymous_1)
DA:3,0
DA:4,0
DA:5,0
DA:6,0
DA:7,0
DA:8,0
DA:9,0
DA:10,0
DA:11,0
DA:12,0
DA:16,0
LF:11
LH:0
BRF:0
BRH:0
end_of_record
TN:
SF:src\models\user.js
FN:2,(anonymous_0)
FN:8,(anonymous_1)
FNF:2
FNH:0
FNDA:0,(anonymous_0)
FNDA:0,(anonymous_1)
DA:3,0
DA:4,0
DA:5,0
DA:9,0
LF:4
LH:0
BRF:0
BRH:0
end_of_record
