{"C:\\Users\\Maria Letizia\\SolidarityPurchasingGroup\\client\\src\\API.js": {"path":"C:\\Users\\Maria Letizia\\SolidarityPurchasingGroup\\client\\src\\API.js","statementMap":{"0":{"start":{"line":4,"column":16},"end":{"line":4,"column":22}},"1":{"start":{"line":9,"column":21},"end":{"line":9,"column":55}},"2":{"start":{"line":10,"column":25},"end":{"line":10,"column":46}},"3":{"start":{"line":11,"column":4},"end":{"line":15,"column":5}},"4":{"start":{"line":12,"column":8},"end":{"line":12,"column":28}},"5":{"start":{"line":14,"column":8},"end":{"line":14,"column":27}},"6":{"start":{"line":20,"column":21},"end":{"line":20,"column":89}},"7":{"start":{"line":21,"column":25},"end":{"line":21,"column":46}},"8":{"start":{"line":22,"column":4},"end":{"line":22,"column":30}},"9":{"start":{"line":23,"column":4},"end":{"line":27,"column":5}},"10":{"start":{"line":24,"column":8},"end":{"line":24,"column":28}},"11":{"start":{"line":26,"column":8},"end":{"line":26,"column":27}},"12":{"start":{"line":32,"column":4},"end":{"line":49,"column":7}},"13":{"start":{"line":33,"column":8},"end":{"line":48,"column":85}},"14":{"start":{"line":40,"column":12},"end":{"line":47,"column":13}},"15":{"start":{"line":41,"column":16},"end":{"line":41,"column":30}},"16":{"start":{"line":44,"column":16},"end":{"line":46,"column":89}},"17":{"start":{"line":45,"column":41},"end":{"line":45,"column":57}},"18":{"start":{"line":46,"column":35},"end":{"line":46,"column":85}},"19":{"start":{"line":48,"column":25},"end":{"line":48,"column":81}},"20":{"start":{"line":54,"column":21},"end":{"line":54,"column":81}},"21":{"start":{"line":55,"column":21},"end":{"line":55,"column":42}},"22":{"start":{"line":56,"column":4},"end":{"line":60,"column":5}},"23":{"start":{"line":57,"column":8},"end":{"line":57,"column":24}},"24":{"start":{"line":59,"column":8},"end":{"line":59,"column":23}},"25":{"start":{"line":64,"column":21},"end":{"line":68,"column":6}},"26":{"start":{"line":69,"column":4},"end":{"line":71,"column":42}},"27":{"start":{"line":70,"column":8},"end":{"line":70,"column":20}},"28":{"start":{"line":71,"column":11},"end":{"line":71,"column":42}},"29":{"start":{"line":75,"column":19},"end":{"line":81,"column":6}},"30":{"start":{"line":82,"column":4},"end":{"line":88,"column":5}},"31":{"start":{"line":83,"column":8},"end":{"line":83,"column":31}},"32":{"start":{"line":86,"column":26},"end":{"line":86,"column":47}},"33":{"start":{"line":87,"column":8},"end":{"line":87,"column":32}},"34":{"start":{"line":92,"column":4},"end":{"line":92,"column":63}},"35":{"start":{"line":96,"column":21},"end":{"line":96,"column":63}},"36":{"start":{"line":97,"column":21},"end":{"line":97,"column":42}},"37":{"start":{"line":98,"column":4},"end":{"line":102,"column":5}},"38":{"start":{"line":99,"column":8},"end":{"line":99,"column":24}},"39":{"start":{"line":101,"column":8},"end":{"line":101,"column":23}},"40":{"start":{"line":107,"column":21},"end":{"line":107,"column":54}},"41":{"start":{"line":108,"column":24},"end":{"line":108,"column":45}},"42":{"start":{"line":109,"column":4},"end":{"line":113,"column":5}},"43":{"start":{"line":110,"column":8},"end":{"line":110,"column":27}},"44":{"start":{"line":112,"column":8},"end":{"line":112,"column":26}},"45":{"start":{"line":118,"column":4},"end":{"line":138,"column":7}},"46":{"start":{"line":119,"column":8},"end":{"line":137,"column":85}},"47":{"start":{"line":129,"column":12},"end":{"line":136,"column":13}},"48":{"start":{"line":130,"column":16},"end":{"line":130,"column":30}},"49":{"start":{"line":133,"column":16},"end":{"line":135,"column":89}},"50":{"start":{"line":134,"column":41},"end":{"line":134,"column":57}},"51":{"start":{"line":135,"column":35},"end":{"line":135,"column":85}},"52":{"start":{"line":137,"column":25},"end":{"line":137,"column":81}},"53":{"start":{"line":143,"column":4},"end":{"line":160,"column":7}},"54":{"start":{"line":144,"column":8},"end":{"line":159,"column":85}},"55":{"start":{"line":151,"column":12},"end":{"line":158,"column":13}},"56":{"start":{"line":152,"column":16},"end":{"line":152,"column":30}},"57":{"start":{"line":155,"column":16},"end":{"line":157,"column":89}},"58":{"start":{"line":156,"column":37},"end":{"line":156,"column":49}},"59":{"start":{"line":157,"column":35},"end":{"line":157,"column":85}},"60":{"start":{"line":159,"column":25},"end":{"line":159,"column":81}},"61":{"start":{"line":164,"column":4},"end":{"line":181,"column":7}},"62":{"start":{"line":165,"column":8},"end":{"line":180,"column":85}},"63":{"start":{"line":172,"column":12},"end":{"line":179,"column":13}},"64":{"start":{"line":173,"column":16},"end":{"line":173,"column":30}},"65":{"start":{"line":176,"column":16},"end":{"line":178,"column":89}},"66":{"start":{"line":177,"column":37},"end":{"line":177,"column":49}},"67":{"start":{"line":178,"column":35},"end":{"line":178,"column":85}},"68":{"start":{"line":180,"column":25},"end":{"line":180,"column":81}},"69":{"start":{"line":186,"column":4},"end":{"line":203,"column":7}},"70":{"start":{"line":187,"column":8},"end":{"line":202,"column":85}},"71":{"start":{"line":194,"column":12},"end":{"line":201,"column":13}},"72":{"start":{"line":195,"column":16},"end":{"line":195,"column":30}},"73":{"start":{"line":198,"column":16},"end":{"line":200,"column":89}},"74":{"start":{"line":199,"column":37},"end":{"line":199,"column":49}},"75":{"start":{"line":200,"column":35},"end":{"line":200,"column":85}},"76":{"start":{"line":202,"column":25},"end":{"line":202,"column":81}},"77":{"start":{"line":208,"column":4},"end":{"line":226,"column":7}},"78":{"start":{"line":209,"column":8},"end":{"line":225,"column":85}},"79":{"start":{"line":216,"column":12},"end":{"line":224,"column":13}},"80":{"start":{"line":217,"column":16},"end":{"line":217,"column":35}},"81":{"start":{"line":218,"column":16},"end":{"line":218,"column":30}},"82":{"start":{"line":221,"column":16},"end":{"line":223,"column":89}},"83":{"start":{"line":222,"column":37},"end":{"line":222,"column":49}},"84":{"start":{"line":223,"column":35},"end":{"line":223,"column":85}},"85":{"start":{"line":225,"column":25},"end":{"line":225,"column":81}},"86":{"start":{"line":230,"column":21},"end":{"line":230,"column":65}},"87":{"start":{"line":231,"column":4},"end":{"line":235,"column":5}},"88":{"start":{"line":232,"column":8},"end":{"line":232,"column":20}},"89":{"start":{"line":234,"column":8},"end":{"line":234,"column":54}},"90":{"start":{"line":239,"column":21},"end":{"line":239,"column":83}},"91":{"start":{"line":240,"column":4},"end":{"line":244,"column":5}},"92":{"start":{"line":241,"column":8},"end":{"line":241,"column":20}},"93":{"start":{"line":243,"column":8},"end":{"line":243,"column":72}},"94":{"start":{"line":248,"column":21},"end":{"line":248,"column":70}},"95":{"start":{"line":249,"column":4},"end":{"line":253,"column":5}},"96":{"start":{"line":250,"column":8},"end":{"line":250,"column":20}},"97":{"start":{"line":252,"column":8},"end":{"line":252,"column":58}},"98":{"start":{"line":257,"column":21},"end":{"line":257,"column":69}},"99":{"start":{"line":258,"column":4},"end":{"line":262,"column":5}},"100":{"start":{"line":259,"column":8},"end":{"line":259,"column":20}},"101":{"start":{"line":261,"column":8},"end":{"line":261,"column":69}},"102":{"start":{"line":265,"column":12},"end":{"line":268,"column":1}}},"fnMap":{"0":{"name":"getAllProducts","decl":{"start":{"line":7,"column":15},"end":{"line":7,"column":29}},"loc":{"start":{"line":7,"column":32},"end":{"line":16,"column":1}},"line":7},"1":{"name":"getProductsByDate","decl":{"start":{"line":18,"column":15},"end":{"line":18,"column":32}},"loc":{"start":{"line":18,"column":51},"end":{"line":28,"column":1}},"line":18},"2":{"name":"addImage","decl":{"start":{"line":30,"column":9},"end":{"line":30,"column":17}},"loc":{"start":{"line":30,"column":28},"end":{"line":50,"column":1}},"line":30},"3":{"name":"(anonymous_3)","decl":{"start":{"line":32,"column":23},"end":{"line":32,"column":24}},"loc":{"start":{"line":32,"column":44},"end":{"line":49,"column":5}},"line":32},"4":{"name":"(anonymous_4)","decl":{"start":{"line":39,"column":16},"end":{"line":39,"column":17}},"loc":{"start":{"line":39,"column":30},"end":{"line":48,"column":9}},"line":39},"5":{"name":"(anonymous_5)","decl":{"start":{"line":45,"column":26},"end":{"line":45,"column":27}},"loc":{"start":{"line":45,"column":39},"end":{"line":45,"column":59}},"line":45},"6":{"name":"(anonymous_6)","decl":{"start":{"line":46,"column":27},"end":{"line":46,"column":28}},"loc":{"start":{"line":46,"column":33},"end":{"line":46,"column":87}},"line":46},"7":{"name":"(anonymous_7)","decl":{"start":{"line":48,"column":17},"end":{"line":48,"column":18}},"loc":{"start":{"line":48,"column":23},"end":{"line":48,"column":83}},"line":48},"8":{"name":"getProdFarmer","decl":{"start":{"line":52,"column":15},"end":{"line":52,"column":28}},"loc":{"start":{"line":52,"column":46},"end":{"line":61,"column":1}},"line":52},"9":{"name":"addNewClient","decl":{"start":{"line":63,"column":15},"end":{"line":63,"column":27}},"loc":{"start":{"line":63,"column":36},"end":{"line":72,"column":1}},"line":63},"10":{"name":"logIn","decl":{"start":{"line":74,"column":15},"end":{"line":74,"column":20}},"loc":{"start":{"line":74,"column":34},"end":{"line":89,"column":1}},"line":74},"11":{"name":"logOut","decl":{"start":{"line":91,"column":15},"end":{"line":91,"column":21}},"loc":{"start":{"line":91,"column":24},"end":{"line":93,"column":1}},"line":91},"12":{"name":"getUserInfo","decl":{"start":{"line":95,"column":15},"end":{"line":95,"column":26}},"loc":{"start":{"line":95,"column":29},"end":{"line":103,"column":1}},"line":95},"13":{"name":"getAllClients","decl":{"start":{"line":105,"column":15},"end":{"line":105,"column":28}},"loc":{"start":{"line":105,"column":31},"end":{"line":114,"column":1}},"line":105},"14":{"name":"addProduct","decl":{"start":{"line":116,"column":9},"end":{"line":116,"column":19}},"loc":{"start":{"line":116,"column":102},"end":{"line":139,"column":1}},"line":116},"15":{"name":"(anonymous_15)","decl":{"start":{"line":118,"column":23},"end":{"line":118,"column":24}},"loc":{"start":{"line":118,"column":44},"end":{"line":138,"column":5}},"line":118},"16":{"name":"(anonymous_16)","decl":{"start":{"line":128,"column":16},"end":{"line":128,"column":17}},"loc":{"start":{"line":128,"column":30},"end":{"line":137,"column":9}},"line":128},"17":{"name":"(anonymous_17)","decl":{"start":{"line":134,"column":26},"end":{"line":134,"column":27}},"loc":{"start":{"line":134,"column":39},"end":{"line":134,"column":59}},"line":134},"18":{"name":"(anonymous_18)","decl":{"start":{"line":135,"column":27},"end":{"line":135,"column":28}},"loc":{"start":{"line":135,"column":33},"end":{"line":135,"column":87}},"line":135},"19":{"name":"(anonymous_19)","decl":{"start":{"line":137,"column":17},"end":{"line":137,"column":18}},"loc":{"start":{"line":137,"column":23},"end":{"line":137,"column":83}},"line":137},"20":{"name":"updateProductState","decl":{"start":{"line":141,"column":9},"end":{"line":141,"column":27}},"loc":{"start":{"line":141,"column":39},"end":{"line":161,"column":1}},"line":141},"21":{"name":"(anonymous_21)","decl":{"start":{"line":143,"column":23},"end":{"line":143,"column":24}},"loc":{"start":{"line":143,"column":44},"end":{"line":160,"column":5}},"line":143},"22":{"name":"(anonymous_22)","decl":{"start":{"line":150,"column":16},"end":{"line":150,"column":17}},"loc":{"start":{"line":150,"column":30},"end":{"line":159,"column":9}},"line":150},"23":{"name":"(anonymous_23)","decl":{"start":{"line":156,"column":26},"end":{"line":156,"column":27}},"loc":{"start":{"line":156,"column":35},"end":{"line":156,"column":51}},"line":156},"24":{"name":"(anonymous_24)","decl":{"start":{"line":157,"column":27},"end":{"line":157,"column":28}},"loc":{"start":{"line":157,"column":33},"end":{"line":157,"column":87}},"line":157},"25":{"name":"(anonymous_25)","decl":{"start":{"line":159,"column":17},"end":{"line":159,"column":18}},"loc":{"start":{"line":159,"column":23},"end":{"line":159,"column":83}},"line":159},"26":{"name":"updateNotificationVisibility","decl":{"start":{"line":162,"column":9},"end":{"line":162,"column":37}},"loc":{"start":{"line":162,"column":54},"end":{"line":182,"column":1}},"line":162},"27":{"name":"(anonymous_27)","decl":{"start":{"line":164,"column":23},"end":{"line":164,"column":24}},"loc":{"start":{"line":164,"column":44},"end":{"line":181,"column":5}},"line":164},"28":{"name":"(anonymous_28)","decl":{"start":{"line":171,"column":16},"end":{"line":171,"column":17}},"loc":{"start":{"line":171,"column":30},"end":{"line":180,"column":9}},"line":171},"29":{"name":"(anonymous_29)","decl":{"start":{"line":177,"column":26},"end":{"line":177,"column":27}},"loc":{"start":{"line":177,"column":35},"end":{"line":177,"column":51}},"line":177},"30":{"name":"(anonymous_30)","decl":{"start":{"line":178,"column":27},"end":{"line":178,"column":28}},"loc":{"start":{"line":178,"column":33},"end":{"line":178,"column":87}},"line":178},"31":{"name":"(anonymous_31)","decl":{"start":{"line":180,"column":17},"end":{"line":180,"column":18}},"loc":{"start":{"line":180,"column":23},"end":{"line":180,"column":83}},"line":180},"32":{"name":"updateProductInfo","decl":{"start":{"line":184,"column":9},"end":{"line":184,"column":26}},"loc":{"start":{"line":184,"column":82},"end":{"line":204,"column":1}},"line":184},"33":{"name":"(anonymous_33)","decl":{"start":{"line":186,"column":23},"end":{"line":186,"column":24}},"loc":{"start":{"line":186,"column":44},"end":{"line":203,"column":5}},"line":186},"34":{"name":"(anonymous_34)","decl":{"start":{"line":193,"column":16},"end":{"line":193,"column":17}},"loc":{"start":{"line":193,"column":30},"end":{"line":202,"column":9}},"line":193},"35":{"name":"(anonymous_35)","decl":{"start":{"line":199,"column":26},"end":{"line":199,"column":27}},"loc":{"start":{"line":199,"column":35},"end":{"line":199,"column":51}},"line":199},"36":{"name":"(anonymous_36)","decl":{"start":{"line":200,"column":27},"end":{"line":200,"column":28}},"loc":{"start":{"line":200,"column":33},"end":{"line":200,"column":87}},"line":200},"37":{"name":"(anonymous_37)","decl":{"start":{"line":202,"column":17},"end":{"line":202,"column":18}},"loc":{"start":{"line":202,"column":23},"end":{"line":202,"column":83}},"line":202},"38":{"name":"updateProductQuantity","decl":{"start":{"line":206,"column":9},"end":{"line":206,"column":30}},"loc":{"start":{"line":206,"column":45},"end":{"line":227,"column":1}},"line":206},"39":{"name":"(anonymous_39)","decl":{"start":{"line":208,"column":23},"end":{"line":208,"column":24}},"loc":{"start":{"line":208,"column":44},"end":{"line":226,"column":5}},"line":208},"40":{"name":"(anonymous_40)","decl":{"start":{"line":215,"column":16},"end":{"line":215,"column":17}},"loc":{"start":{"line":215,"column":30},"end":{"line":225,"column":9}},"line":215},"41":{"name":"(anonymous_41)","decl":{"start":{"line":222,"column":26},"end":{"line":222,"column":27}},"loc":{"start":{"line":222,"column":35},"end":{"line":222,"column":51}},"line":222},"42":{"name":"(anonymous_42)","decl":{"start":{"line":223,"column":27},"end":{"line":223,"column":28}},"loc":{"start":{"line":223,"column":33},"end":{"line":223,"column":87}},"line":223},"43":{"name":"(anonymous_43)","decl":{"start":{"line":225,"column":17},"end":{"line":225,"column":18}},"loc":{"start":{"line":225,"column":23},"end":{"line":225,"column":83}},"line":225},"44":{"name":"confirmAllBookings","decl":{"start":{"line":229,"column":15},"end":{"line":229,"column":33}},"loc":{"start":{"line":229,"column":36},"end":{"line":236,"column":1}},"line":229},"45":{"name":"confirmAllBookingsPendingCancelation","decl":{"start":{"line":238,"column":15},"end":{"line":238,"column":51}},"loc":{"start":{"line":238,"column":54},"end":{"line":245,"column":1}},"line":238},"46":{"name":"sendMailNotifications","decl":{"start":{"line":247,"column":15},"end":{"line":247,"column":36}},"loc":{"start":{"line":247,"column":39},"end":{"line":254,"column":1}},"line":247},"47":{"name":"sendAvailableProductsTGNotification","decl":{"start":{"line":256,"column":15},"end":{"line":256,"column":50}},"loc":{"start":{"line":256,"column":53},"end":{"line":263,"column":1}},"line":256}},"branchMap":{"0":{"loc":{"start":{"line":11,"column":4},"end":{"line":15,"column":5}},"type":"if","locations":[{"start":{"line":11,"column":4},"end":{"line":15,"column":5}},{"start":{"line":11,"column":4},"end":{"line":15,"column":5}}],"line":11},"1":{"loc":{"start":{"line":23,"column":4},"end":{"line":27,"column":5}},"type":"if","locations":[{"start":{"line":23,"column":4},"end":{"line":27,"column":5}},{"start":{"line":23,"column":4},"end":{"line":27,"column":5}}],"line":23},"2":{"loc":{"start":{"line":40,"column":12},"end":{"line":47,"column":13}},"type":"if","locations":[{"start":{"line":40,"column":12},"end":{"line":47,"column":13}},{"start":{"line":40,"column":12},"end":{"line":47,"column":13}}],"line":40},"3":{"loc":{"start":{"line":56,"column":4},"end":{"line":60,"column":5}},"type":"if","locations":[{"start":{"line":56,"column":4},"end":{"line":60,"column":5}},{"start":{"line":56,"column":4},"end":{"line":60,"column":5}}],"line":56},"4":{"loc":{"start":{"line":69,"column":4},"end":{"line":71,"column":42}},"type":"if","locations":[{"start":{"line":69,"column":4},"end":{"line":71,"column":42}},{"start":{"line":69,"column":4},"end":{"line":71,"column":42}}],"line":69},"5":{"loc":{"start":{"line":82,"column":4},"end":{"line":88,"column":5}},"type":"if","locations":[{"start":{"line":82,"column":4},"end":{"line":88,"column":5}},{"start":{"line":82,"column":4},"end":{"line":88,"column":5}}],"line":82},"6":{"loc":{"start":{"line":98,"column":4},"end":{"line":102,"column":5}},"type":"if","locations":[{"start":{"line":98,"column":4},"end":{"line":102,"column":5}},{"start":{"line":98,"column":4},"end":{"line":102,"column":5}}],"line":98},"7":{"loc":{"start":{"line":109,"column":4},"end":{"line":113,"column":5}},"type":"if","locations":[{"start":{"line":109,"column":4},"end":{"line":113,"column":5}},{"start":{"line":109,"column":4},"end":{"line":113,"column":5}}],"line":109},"8":{"loc":{"start":{"line":129,"column":12},"end":{"line":136,"column":13}},"type":"if","locations":[{"start":{"line":129,"column":12},"end":{"line":136,"column":13}},{"start":{"line":129,"column":12},"end":{"line":136,"column":13}}],"line":129},"9":{"loc":{"start":{"line":151,"column":12},"end":{"line":158,"column":13}},"type":"if","locations":[{"start":{"line":151,"column":12},"end":{"line":158,"column":13}},{"start":{"line":151,"column":12},"end":{"line":158,"column":13}}],"line":151},"10":{"loc":{"start":{"line":172,"column":12},"end":{"line":179,"column":13}},"type":"if","locations":[{"start":{"line":172,"column":12},"end":{"line":179,"column":13}},{"start":{"line":172,"column":12},"end":{"line":179,"column":13}}],"line":172},"11":{"loc":{"start":{"line":194,"column":12},"end":{"line":201,"column":13}},"type":"if","locations":[{"start":{"line":194,"column":12},"end":{"line":201,"column":13}},{"start":{"line":194,"column":12},"end":{"line":201,"column":13}}],"line":194},"12":{"loc":{"start":{"line":216,"column":12},"end":{"line":224,"column":13}},"type":"if","locations":[{"start":{"line":216,"column":12},"end":{"line":224,"column":13}},{"start":{"line":216,"column":12},"end":{"line":224,"column":13}}],"line":216},"13":{"loc":{"start":{"line":231,"column":4},"end":{"line":235,"column":5}},"type":"if","locations":[{"start":{"line":231,"column":4},"end":{"line":235,"column":5}},{"start":{"line":231,"column":4},"end":{"line":235,"column":5}}],"line":231},"14":{"loc":{"start":{"line":240,"column":4},"end":{"line":244,"column":5}},"type":"if","locations":[{"start":{"line":240,"column":4},"end":{"line":244,"column":5}},{"start":{"line":240,"column":4},"end":{"line":244,"column":5}}],"line":240},"15":{"loc":{"start":{"line":249,"column":4},"end":{"line":253,"column":5}},"type":"if","locations":[{"start":{"line":249,"column":4},"end":{"line":253,"column":5}},{"start":{"line":249,"column":4},"end":{"line":253,"column":5}}],"line":249},"16":{"loc":{"start":{"line":258,"column":4},"end":{"line":262,"column":5}},"type":"if","locations":[{"start":{"line":258,"column":4},"end":{"line":262,"column":5}},{"start":{"line":258,"column":4},"end":{"line":262,"column":5}}],"line":258}},"s":{"0":3,"1":0,"2":0,"3":0,"4":0,"5":0,"6":0,"7":0,"8":0,"9":0,"10":0,"11":0,"12":0,"13":0,"14":0,"15":0,"16":0,"17":0,"18":0,"19":0,"20":0,"21":0,"22":0,"23":0,"24":0,"25":0,"26":0,"27":0,"28":0,"29":1,"30":1,"31":1,"32":0,"33":0,"34":0,"35":3,"36":3,"37":3,"38":1,"39":2,"40":0,"41":0,"42":0,"43":0,"44":0,"45":0,"46":0,"47":0,"48":0,"49":0,"50":0,"51":0,"52":0,"53":0,"54":0,"55":0,"56":0,"57":0,"58":0,"59":0,"60":0,"61":0,"62":0,"63":0,"64":0,"65":0,"66":0,"67":0,"68":0,"69":0,"70":0,"71":0,"72":0,"73":0,"74":0,"75":0,"76":0,"77":0,"78":0,"79":0,"80":0,"81":0,"82":0,"83":0,"84":0,"85":0,"86":0,"87":0,"88":0,"89":0,"90":0,"91":0,"92":0,"93":0,"94":0,"95":0,"96":0,"97":0,"98":0,"99":0,"100":0,"101":0,"102":3},"f":{"0":0,"1":0,"2":0,"3":0,"4":0,"5":0,"6":0,"7":0,"8":0,"9":0,"10":1,"11":0,"12":3,"13":0,"14":0,"15":0,"16":0,"17":0,"18":0,"19":0,"20":0,"21":0,"22":0,"23":0,"24":0,"25":0,"26":0,"27":0,"28":0,"29":0,"30":0,"31":0,"32":0,"33":0,"34":0,"35":0,"36":0,"37":0,"38":0,"39":0,"40":0,"41":0,"42":0,"43":0,"44":0,"45":0,"46":0,"47":0},"b":{"0":[0,0],"1":[0,0],"2":[0,0],"3":[0,0],"4":[0,0],"5":[1,0],"6":[1,2],"7":[0,0],"8":[0,0],"9":[0,0],"10":[0,0],"11":[0,0],"12":[0,0],"13":[0,0],"14":[0,0],"15":[0,0],"16":[0,0]},"_coverageSchema":"1a1c01bbd47fc00a2c39e90264f33305004495a9","hash":"782ef3793eb9618b4dbbe4481c94d283f4e2811b"}
,"C:\\Users\\Maria Letizia\\SolidarityPurchasingGroup\\client\\src\\App.js": {"path":"C:\\Users\\Maria Letizia\\SolidarityPurchasingGroup\\client\\src\\App.js","statementMap":{"0":{"start":{"line":21,"column":34},"end":{"line":21,"column":49}},"1":{"start":{"line":22,"column":32},"end":{"line":22,"column":44}},"2":{"start":{"line":23,"column":26},"end":{"line":23,"column":45}},"3":{"start":{"line":25,"column":2},"end":{"line":36,"column":9}},"4":{"start":{"line":26,"column":22},"end":{"line":34,"column":5}},"5":{"start":{"line":27,"column":6},"end":{"line":33,"column":7}},"6":{"start":{"line":28,"column":25},"end":{"line":28,"column":48}},"7":{"start":{"line":29,"column":8},"end":{"line":29,"column":26}},"8":{"start":{"line":30,"column":8},"end":{"line":30,"column":26}},"9":{"start":{"line":32,"column":8},"end":{"line":32,"column":33}},"10":{"start":{"line":35,"column":4},"end":{"line":35,"column":16}},"11":{"start":{"line":38,"column":28},"end":{"line":49,"column":3}},"12":{"start":{"line":40,"column":4},"end":{"line":40,"column":37}},"13":{"start":{"line":41,"column":4},"end":{"line":48,"column":5}},"14":{"start":{"line":42,"column":23},"end":{"line":42,"column":79}},"15":{"start":{"line":43,"column":6},"end":{"line":43,"column":24}},"16":{"start":{"line":44,"column":6},"end":{"line":44,"column":60}},"17":{"start":{"line":45,"column":6},"end":{"line":45,"column":24}},"18":{"start":{"line":47,"column":6},"end":{"line":47,"column":74}},"19":{"start":{"line":51,"column":29},"end":{"line":57,"column":3}},"20":{"start":{"line":52,"column":4},"end":{"line":56,"column":7}},"21":{"start":{"line":53,"column":6},"end":{"line":53,"column":25}},"22":{"start":{"line":54,"column":6},"end":{"line":54,"column":21}},"23":{"start":{"line":55,"column":6},"end":{"line":55,"column":25}},"24":{"start":{"line":59,"column":20},"end":{"line":61,"column":3}},"25":{"start":{"line":60,"column":4},"end":{"line":60,"column":69}},"26":{"start":{"line":63,"column":2},"end":{"line":67,"column":8}},"27":{"start":{"line":64,"column":16},"end":{"line":64,"column":44}},"28":{"start":{"line":65,"column":4},"end":{"line":65,"column":16}},"29":{"start":{"line":66,"column":4},"end":{"line":66,"column":35}},"30":{"start":{"line":66,"column":17},"end":{"line":66,"column":35}},"31":{"start":{"line":69,"column":20},"end":{"line":76,"column":3}},"32":{"start":{"line":70,"column":12},"end":{"line":70,"column":57}},"33":{"start":{"line":71,"column":4},"end":{"line":71,"column":28}},"34":{"start":{"line":72,"column":4},"end":{"line":72,"column":17}},"35":{"start":{"line":73,"column":4},"end":{"line":73,"column":35}},"36":{"start":{"line":74,"column":4},"end":{"line":74,"column":28}},"37":{"start":{"line":75,"column":4},"end":{"line":75,"column":32}},"38":{"start":{"line":78,"column":31},"end":{"line":86,"column":3}},"39":{"start":{"line":80,"column":4},"end":{"line":85,"column":5}},"40":{"start":{"line":81,"column":6},"end":{"line":81,"column":53}},"41":{"start":{"line":82,"column":6},"end":{"line":83,"column":42}},"42":{"start":{"line":83,"column":22},"end":{"line":83,"column":40}},"43":{"start":{"line":84,"column":6},"end":{"line":84,"column":61}},"44":{"start":{"line":88,"column":20},"end":{"line":96,"column":3}},"45":{"start":{"line":90,"column":4},"end":{"line":95,"column":5}},"46":{"start":{"line":91,"column":6},"end":{"line":91,"column":47}},"47":{"start":{"line":92,"column":6},"end":{"line":93,"column":42}},"48":{"start":{"line":93,"column":22},"end":{"line":93,"column":40}},"49":{"start":{"line":94,"column":6},"end":{"line":94,"column":56}},"50":{"start":{"line":98,"column":38},"end":{"line":106,"column":3}},"51":{"start":{"line":100,"column":4},"end":{"line":105,"column":5}},"52":{"start":{"line":101,"column":6},"end":{"line":101,"column":74}},"53":{"start":{"line":102,"column":6},"end":{"line":103,"column":42}},"54":{"start":{"line":103,"column":22},"end":{"line":103,"column":40}},"55":{"start":{"line":104,"column":6},"end":{"line":104,"column":82}},"56":{"start":{"line":108,"column":31},"end":{"line":116,"column":3}},"57":{"start":{"line":110,"column":4},"end":{"line":115,"column":5}},"58":{"start":{"line":111,"column":6},"end":{"line":111,"column":67}},"59":{"start":{"line":112,"column":6},"end":{"line":113,"column":42}},"60":{"start":{"line":113,"column":22},"end":{"line":113,"column":40}},"61":{"start":{"line":114,"column":6},"end":{"line":114,"column":71}},"62":{"start":{"line":118,"column":35},"end":{"line":126,"column":3}},"63":{"start":{"line":120,"column":4},"end":{"line":125,"column":5}},"64":{"start":{"line":121,"column":6},"end":{"line":121,"column":63}},"65":{"start":{"line":122,"column":6},"end":{"line":123,"column":42}},"66":{"start":{"line":123,"column":22},"end":{"line":123,"column":40}},"67":{"start":{"line":124,"column":6},"end":{"line":124,"column":72}},"68":{"start":{"line":128,"column":2},"end":{"line":173,"column":4}},"69":{"start":{"line":133,"column":52},"end":{"line":134,"column":90}},"70":{"start":{"line":136,"column":12},"end":{"line":136,"column":38}},"71":{"start":{"line":139,"column":12},"end":{"line":140,"column":117}},"72":{"start":{"line":143,"column":12},"end":{"line":143,"column":59}},"73":{"start":{"line":146,"column":12},"end":{"line":146,"column":25}},"74":{"start":{"line":149,"column":12},"end":{"line":149,"column":72}},"75":{"start":{"line":152,"column":12},"end":{"line":152,"column":28}},"76":{"start":{"line":155,"column":12},"end":{"line":155,"column":96}},"77":{"start":{"line":158,"column":12},"end":{"line":158,"column":37}},"78":{"start":{"line":161,"column":12},"end":{"line":161,"column":43}},"79":{"start":{"line":164,"column":14},"end":{"line":164,"column":49}},"80":{"start":{"line":167,"column":12},"end":{"line":167,"column":31}}},"fnMap":{"0":{"name":"App","decl":{"start":{"line":20,"column":9},"end":{"line":20,"column":12}},"loc":{"start":{"line":20,"column":15},"end":{"line":174,"column":1}},"line":20},"1":{"name":"(anonymous_1)","decl":{"start":{"line":25,"column":12},"end":{"line":25,"column":13}},"loc":{"start":{"line":25,"column":18},"end":{"line":36,"column":3}},"line":25},"2":{"name":"(anonymous_2)","decl":{"start":{"line":26,"column":22},"end":{"line":26,"column":23}},"loc":{"start":{"line":26,"column":34},"end":{"line":34,"column":5}},"line":26},"3":{"name":"(anonymous_3)","decl":{"start":{"line":38,"column":28},"end":{"line":38,"column":29}},"loc":{"start":{"line":38,"column":55},"end":{"line":49,"column":3}},"line":38},"4":{"name":"(anonymous_4)","decl":{"start":{"line":51,"column":29},"end":{"line":51,"column":30}},"loc":{"start":{"line":51,"column":35},"end":{"line":57,"column":3}},"line":51},"5":{"name":"(anonymous_5)","decl":{"start":{"line":52,"column":22},"end":{"line":52,"column":23}},"loc":{"start":{"line":52,"column":28},"end":{"line":56,"column":5}},"line":52},"6":{"name":"(anonymous_6)","decl":{"start":{"line":59,"column":20},"end":{"line":59,"column":21}},"loc":{"start":{"line":59,"column":35},"end":{"line":61,"column":3}},"line":59},"7":{"name":"(anonymous_7)","decl":{"start":{"line":63,"column":12},"end":{"line":63,"column":13}},"loc":{"start":{"line":63,"column":18},"end":{"line":67,"column":3}},"line":63},"8":{"name":"(anonymous_8)","decl":{"start":{"line":66,"column":11},"end":{"line":66,"column":12}},"loc":{"start":{"line":66,"column":17},"end":{"line":66,"column":35}},"line":66},"9":{"name":"(anonymous_9)","decl":{"start":{"line":69,"column":20},"end":{"line":69,"column":21}},"loc":{"start":{"line":69,"column":26},"end":{"line":76,"column":3}},"line":69},"10":{"name":"(anonymous_10)","decl":{"start":{"line":78,"column":31},"end":{"line":78,"column":32}},"loc":{"start":{"line":78,"column":38},"end":{"line":86,"column":3}},"line":78},"11":{"name":"(anonymous_11)","decl":{"start":{"line":83,"column":15},"end":{"line":83,"column":16}},"loc":{"start":{"line":83,"column":22},"end":{"line":83,"column":40}},"line":83},"12":{"name":"(anonymous_12)","decl":{"start":{"line":88,"column":20},"end":{"line":88,"column":21}},"loc":{"start":{"line":88,"column":27},"end":{"line":96,"column":3}},"line":88},"13":{"name":"(anonymous_13)","decl":{"start":{"line":93,"column":15},"end":{"line":93,"column":16}},"loc":{"start":{"line":93,"column":22},"end":{"line":93,"column":40}},"line":93},"14":{"name":"(anonymous_14)","decl":{"start":{"line":98,"column":38},"end":{"line":98,"column":39}},"loc":{"start":{"line":98,"column":45},"end":{"line":106,"column":3}},"line":98},"15":{"name":"(anonymous_15)","decl":{"start":{"line":103,"column":15},"end":{"line":103,"column":16}},"loc":{"start":{"line":103,"column":22},"end":{"line":103,"column":40}},"line":103},"16":{"name":"(anonymous_16)","decl":{"start":{"line":108,"column":31},"end":{"line":108,"column":32}},"loc":{"start":{"line":108,"column":38},"end":{"line":116,"column":3}},"line":108},"17":{"name":"(anonymous_17)","decl":{"start":{"line":113,"column":15},"end":{"line":113,"column":16}},"loc":{"start":{"line":113,"column":22},"end":{"line":113,"column":40}},"line":113},"18":{"name":"(anonymous_18)","decl":{"start":{"line":118,"column":35},"end":{"line":118,"column":36}},"loc":{"start":{"line":118,"column":42},"end":{"line":126,"column":3}},"line":118},"19":{"name":"(anonymous_19)","decl":{"start":{"line":123,"column":15},"end":{"line":123,"column":16}},"loc":{"start":{"line":123,"column":22},"end":{"line":123,"column":40}},"line":123},"20":{"name":"(anonymous_20)","decl":{"start":{"line":133,"column":45},"end":{"line":133,"column":46}},"loc":{"start":{"line":133,"column":52},"end":{"line":134,"column":90}},"line":133},"21":{"name":"(anonymous_21)","decl":{"start":{"line":135,"column":41},"end":{"line":135,"column":42}},"loc":{"start":{"line":136,"column":12},"end":{"line":136,"column":38}},"line":136},"22":{"name":"(anonymous_22)","decl":{"start":{"line":138,"column":43},"end":{"line":138,"column":44}},"loc":{"start":{"line":139,"column":12},"end":{"line":140,"column":117}},"line":139},"23":{"name":"(anonymous_23)","decl":{"start":{"line":142,"column":42},"end":{"line":142,"column":43}},"loc":{"start":{"line":143,"column":12},"end":{"line":143,"column":59}},"line":143},"24":{"name":"(anonymous_24)","decl":{"start":{"line":145,"column":40},"end":{"line":145,"column":41}},"loc":{"start":{"line":146,"column":12},"end":{"line":146,"column":25}},"line":146},"25":{"name":"(anonymous_25)","decl":{"start":{"line":148,"column":42},"end":{"line":148,"column":43}},"loc":{"start":{"line":149,"column":12},"end":{"line":149,"column":72}},"line":149},"26":{"name":"(anonymous_26)","decl":{"start":{"line":151,"column":41},"end":{"line":151,"column":42}},"loc":{"start":{"line":152,"column":12},"end":{"line":152,"column":28}},"line":152},"27":{"name":"(anonymous_27)","decl":{"start":{"line":154,"column":40},"end":{"line":154,"column":41}},"loc":{"start":{"line":155,"column":12},"end":{"line":155,"column":96}},"line":155},"28":{"name":"(anonymous_28)","decl":{"start":{"line":157,"column":44},"end":{"line":157,"column":45}},"loc":{"start":{"line":158,"column":12},"end":{"line":158,"column":37}},"line":158},"29":{"name":"(anonymous_29)","decl":{"start":{"line":160,"column":47},"end":{"line":160,"column":48}},"loc":{"start":{"line":161,"column":12},"end":{"line":161,"column":43}},"line":161},"30":{"name":"(anonymous_30)","decl":{"start":{"line":163,"column":49},"end":{"line":163,"column":50}},"loc":{"start":{"line":164,"column":14},"end":{"line":164,"column":49}},"line":164},"31":{"name":"(anonymous_31)","decl":{"start":{"line":166,"column":25},"end":{"line":166,"column":26}},"loc":{"start":{"line":167,"column":12},"end":{"line":167,"column":31}},"line":167}},"branchMap":{"0":{"loc":{"start":{"line":80,"column":4},"end":{"line":85,"column":5}},"type":"if","locations":[{"start":{"line":80,"column":4},"end":{"line":85,"column":5}},{"start":{"line":80,"column":4},"end":{"line":85,"column":5}}],"line":80},"1":{"loc":{"start":{"line":80,"column":8},"end":{"line":80,"column":94}},"type":"binary-expr","locations":[{"start":{"line":80,"column":8},"end":{"line":80,"column":24}},{"start":{"line":80,"column":28},"end":{"line":80,"column":46}},{"start":{"line":80,"column":50},"end":{"line":80,"column":70}},{"start":{"line":80,"column":74},"end":{"line":80,"column":94}}],"line":80},"2":{"loc":{"start":{"line":90,"column":4},"end":{"line":95,"column":5}},"type":"if","locations":[{"start":{"line":90,"column":4},"end":{"line":95,"column":5}},{"start":{"line":90,"column":4},"end":{"line":95,"column":5}}],"line":90},"3":{"loc":{"start":{"line":90,"column":8},"end":{"line":90,"column":94}},"type":"binary-expr","locations":[{"start":{"line":90,"column":8},"end":{"line":90,"column":24}},{"start":{"line":90,"column":28},"end":{"line":90,"column":46}},{"start":{"line":90,"column":50},"end":{"line":90,"column":70}},{"start":{"line":90,"column":74},"end":{"line":90,"column":94}}],"line":90},"4":{"loc":{"start":{"line":100,"column":4},"end":{"line":105,"column":5}},"type":"if","locations":[{"start":{"line":100,"column":4},"end":{"line":105,"column":5}},{"start":{"line":100,"column":4},"end":{"line":105,"column":5}}],"line":100},"5":{"loc":{"start":{"line":100,"column":8},"end":{"line":100,"column":96}},"type":"binary-expr","locations":[{"start":{"line":100,"column":8},"end":{"line":100,"column":24}},{"start":{"line":100,"column":28},"end":{"line":100,"column":47}},{"start":{"line":100,"column":51},"end":{"line":100,"column":72}},{"start":{"line":100,"column":76},"end":{"line":100,"column":96}}],"line":100},"6":{"loc":{"start":{"line":110,"column":4},"end":{"line":115,"column":5}},"type":"if","locations":[{"start":{"line":110,"column":4},"end":{"line":115,"column":5}},{"start":{"line":110,"column":4},"end":{"line":115,"column":5}}],"line":110},"7":{"loc":{"start":{"line":110,"column":8},"end":{"line":110,"column":94}},"type":"binary-expr","locations":[{"start":{"line":110,"column":8},"end":{"line":110,"column":24}},{"start":{"line":110,"column":28},"end":{"line":110,"column":46}},{"start":{"line":110,"column":50},"end":{"line":110,"column":70}},{"start":{"line":110,"column":74},"end":{"line":110,"column":94}}],"line":110},"8":{"loc":{"start":{"line":120,"column":4},"end":{"line":125,"column":5}},"type":"if","locations":[{"start":{"line":120,"column":4},"end":{"line":125,"column":5}},{"start":{"line":120,"column":4},"end":{"line":125,"column":5}}],"line":120},"9":{"loc":{"start":{"line":120,"column":8},"end":{"line":120,"column":94}},"type":"binary-expr","locations":[{"start":{"line":120,"column":8},"end":{"line":120,"column":24}},{"start":{"line":120,"column":28},"end":{"line":120,"column":46}},{"start":{"line":120,"column":50},"end":{"line":120,"column":70}},{"start":{"line":120,"column":74},"end":{"line":120,"column":94}}],"line":120},"10":{"loc":{"start":{"line":133,"column":55},"end":{"line":134,"column":86}},"type":"cond-expr","locations":[{"start":{"line":133,"column":66},"end":{"line":133,"column":85}},{"start":{"line":134,"column":12},"end":{"line":134,"column":86}}],"line":133}},"s":{"0":19,"1":16,"2":16,"3":16,"4":3,"5":3,"6":3,"7":1,"8":1,"9":2,"10":3,"11":16,"12":1,"13":1,"14":1,"15":1,"16":1,"17":1,"18":0,"19":16,"20":0,"21":0,"22":0,"23":0,"24":16,"25":0,"26":16,"27":3,"28":3,"29":3,"30":0,"31":16,"32":8,"33":8,"34":8,"35":8,"36":8,"37":8,"38":16,"39":8,"40":0,"41":0,"42":0,"43":0,"44":16,"45":8,"46":0,"47":0,"48":0,"49":0,"50":16,"51":8,"52":0,"53":0,"54":0,"55":0,"56":16,"57":8,"58":0,"59":0,"60":0,"61":0,"62":16,"63":8,"64":0,"65":0,"66":0,"67":0,"68":16,"69":4,"70":0,"71":0,"72":3,"73":0,"74":0,"75":0,"76":2,"77":0,"78":0,"79":0,"80":0},"f":{"0":19,"1":3,"2":3,"3":1,"4":0,"5":0,"6":0,"7":3,"8":0,"9":8,"10":8,"11":0,"12":8,"13":0,"14":8,"15":0,"16":8,"17":0,"18":8,"19":0,"20":4,"21":0,"22":0,"23":3,"24":0,"25":0,"26":0,"27":2,"28":0,"29":0,"30":0,"31":0},"b":{"0":[0,8],"1":[8,0,0,0],"2":[0,8],"3":[8,0,0,0],"4":[0,8],"5":[8,0,0,0],"6":[0,8],"7":[8,0,0,0],"8":[0,8],"9":[8,0,0,0],"10":[1,3]},"_coverageSchema":"1a1c01bbd47fc00a2c39e90264f33305004495a9","hash":"8b907911ba3e7fe6d484165404fc1f039b86bc0f"}
,"C:\\Users\\Maria Letizia\\SolidarityPurchasingGroup\\client\\src\\index.js": {"path":"C:\\Users\\Maria Letizia\\SolidarityPurchasingGroup\\client\\src\\index.js","statementMap":{"0":{"start":{"line":7,"column":0},"end":{"line":12,"column":2}},"1":{"start":{"line":17,"column":0},"end":{"line":17,"column":18}}},"fnMap":{},"branchMap":{},"s":{"0":3,"1":3},"f":{},"b":{},"_coverageSchema":"1a1c01bbd47fc00a2c39e90264f33305004495a9","hash":"2c4527e985c9ec97079e68d9602f7a56be001766"}
,"C:\\Users\\Maria Letizia\\SolidarityPurchasingGroup\\client\\src\\reportWebVitals.js": {"path":"C:\\Users\\Maria Letizia\\SolidarityPurchasingGroup\\client\\src\\reportWebVitals.js","statementMap":{"0":{"start":{"line":1,"column":24},"end":{"line":11,"column":1}},"1":{"start":{"line":2,"column":2},"end":{"line":10,"column":3}},"2":{"start":{"line":3,"column":4},"end":{"line":9,"column":7}},"3":{"start":{"line":4,"column":6},"end":{"line":4,"column":26}},"4":{"start":{"line":5,"column":6},"end":{"line":5,"column":26}},"5":{"start":{"line":6,"column":6},"end":{"line":6,"column":26}},"6":{"start":{"line":7,"column":6},"end":{"line":7,"column":26}},"7":{"start":{"line":8,"column":6},"end":{"line":8,"column":27}}},"fnMap":{"0":{"name":"(anonymous_0)","decl":{"start":{"line":1,"column":24},"end":{"line":1,"column":25}},"loc":{"start":{"line":1,"column":39},"end":{"line":11,"column":1}},"line":1},"1":{"name":"(anonymous_1)","decl":{"start":{"line":3,"column":30},"end":{"line":3,"column":31}},"loc":{"start":{"line":3,"column":79},"end":{"line":9,"column":5}},"line":3}},"branchMap":{"0":{"loc":{"start":{"line":2,"column":2},"end":{"line":10,"column":3}},"type":"if","locations":[{"start":{"line":2,"column":2},"end":{"line":10,"column":3}},{"start":{"line":2,"column":2},"end":{"line":10,"column":3}}],"line":2},"1":{"loc":{"start":{"line":2,"column":6},"end":{"line":2,"column":52}},"type":"binary-expr","locations":[{"start":{"line":2,"column":6},"end":{"line":2,"column":17}},{"start":{"line":2,"column":21},"end":{"line":2,"column":52}}],"line":2}},"s":{"0":3,"1":3,"2":0,"3":0,"4":0,"5":0,"6":0,"7":0},"f":{"0":3,"1":0},"b":{"0":[0,3],"1":[3,0]},"_coverageSchema":"1a1c01bbd47fc00a2c39e90264f33305004495a9","hash":"bb11bb801cf61b43ef20032103076a4ad2494b65"}
,"C:\\Users\\Maria Letizia\\SolidarityPurchasingGroup\\client\\src\\Components\\Client.js": {"path":"C:\\Users\\Maria Letizia\\SolidarityPurchasingGroup\\client\\src\\Components\\Client.js","statementMap":{"0":{"start":{"line":2,"column":4},"end":{"line":2,"column":27}},"1":{"start":{"line":3,"column":4},"end":{"line":3,"column":47}},"2":{"start":{"line":3,"column":24},"end":{"line":3,"column":44}},"3":{"start":{"line":7,"column":4},"end":{"line":7,"column":21}},"4":{"start":{"line":8,"column":4},"end":{"line":8,"column":27}},"5":{"start":{"line":9,"column":4},"end":{"line":9,"column":23}},"6":{"start":{"line":10,"column":4},"end":{"line":10,"column":29}},"7":{"start":{"line":11,"column":4},"end":{"line":11,"column":35}},"8":{"start":{"line":12,"column":4},"end":{"line":12,"column":27}},"9":{"start":{"line":13,"column":4},"end":{"line":13,"column":17}},"10":{"start":{"line":14,"column":4},"end":{"line":14,"column":23}},"11":{"start":{"line":15,"column":4},"end":{"line":15,"column":24}}},"fnMap":{"0":{"name":"ClientList","decl":{"start":{"line":1,"column":9},"end":{"line":1,"column":19}},"loc":{"start":{"line":1,"column":34},"end":{"line":4,"column":1}},"line":1},"1":{"name":"(anonymous_1)","decl":{"start":{"line":3,"column":15},"end":{"line":3,"column":16}},"loc":{"start":{"line":3,"column":22},"end":{"line":3,"column":46}},"line":3},"2":{"name":"Client","decl":{"start":{"line":6,"column":9},"end":{"line":6,"column":15}},"loc":{"start":{"line":6,"column":81},"end":{"line":16,"column":1}},"line":6}},"branchMap":{"0":{"loc":{"start":{"line":1,"column":20},"end":{"line":1,"column":32}},"type":"default-arg","locations":[{"start":{"line":1,"column":30},"end":{"line":1,"column":32}}],"line":1}},"s":{"0":0,"1":0,"2":0,"3":0,"4":0,"5":0,"6":0,"7":0,"8":0,"9":0,"10":0,"11":0},"f":{"0":0,"1":0,"2":0},"b":{"0":[0]},"_coverageSchema":"1a1c01bbd47fc00a2c39e90264f33305004495a9","hash":"24f4ae24740148903a12ab280e8c9ba88ead1093"}
,"C:\\Users\\Maria Letizia\\SolidarityPurchasingGroup\\client\\src\\Components\\Cart\\Cart.js": {"path":"C:\\Users\\Maria Letizia\\SolidarityPurchasingGroup\\client\\src\\Components\\Cart\\Cart.js","statementMap":{"0":{"start":{"line":16,"column":28},"end":{"line":16,"column":43}},"1":{"start":{"line":17,"column":30},"end":{"line":17,"column":75}},"2":{"start":{"line":18,"column":34},"end":{"line":18,"column":46}},"3":{"start":{"line":19,"column":34},"end":{"line":19,"column":46}},"4":{"start":{"line":20,"column":22},"end":{"line":20,"column":57}},"5":{"start":{"line":21,"column":44},"end":{"line":21,"column":57}},"6":{"start":{"line":22,"column":40},"end":{"line":22,"column":51}},"7":{"start":{"line":24,"column":18},"end":{"line":29,"column":5}},"8":{"start":{"line":25,"column":8},"end":{"line":25,"column":23}},"9":{"start":{"line":26,"column":8},"end":{"line":26,"column":26}},"10":{"start":{"line":27,"column":8},"end":{"line":27,"column":54}},"11":{"start":{"line":28,"column":8},"end":{"line":28,"column":25}},"12":{"start":{"line":30,"column":17},"end":{"line":35,"column":5}},"13":{"start":{"line":31,"column":8},"end":{"line":31,"column":22}},"14":{"start":{"line":32,"column":8},"end":{"line":32,"column":26}},"15":{"start":{"line":33,"column":8},"end":{"line":33,"column":54}},"16":{"start":{"line":34,"column":8},"end":{"line":34,"column":25}},"17":{"start":{"line":37,"column":4},"end":{"line":58,"column":11}},"18":{"start":{"line":38,"column":16},"end":{"line":38,"column":61}},"19":{"start":{"line":40,"column":8},"end":{"line":56,"column":9}},"20":{"start":{"line":42,"column":26},"end":{"line":42,"column":71}},"21":{"start":{"line":43,"column":26},"end":{"line":43,"column":71}},"22":{"start":{"line":45,"column":12},"end":{"line":51,"column":13}},"23":{"start":{"line":46,"column":16},"end":{"line":46,"column":49}},"24":{"start":{"line":47,"column":16},"end":{"line":47,"column":49}},"25":{"start":{"line":49,"column":16},"end":{"line":49,"column":49}},"26":{"start":{"line":50,"column":16},"end":{"line":50,"column":49}},"27":{"start":{"line":53,"column":12},"end":{"line":53,"column":32}},"28":{"start":{"line":54,"column":12},"end":{"line":54,"column":32}},"29":{"start":{"line":60,"column":25},"end":{"line":63,"column":5}},"30":{"start":{"line":61,"column":8},"end":{"line":61,"column":32}},"31":{"start":{"line":62,"column":8},"end":{"line":62,"column":29}},"32":{"start":{"line":65,"column":4},"end":{"line":162,"column":9}},"33":{"start":{"line":87,"column":107},"end":{"line":87,"column":135}},"34":{"start":{"line":99,"column":61},"end":{"line":99,"column":86}},"35":{"start":{"line":103,"column":40},"end":{"line":103,"column":75}},"36":{"start":{"line":104,"column":40},"end":{"line":110,"column":41}},"37":{"start":{"line":105,"column":44},"end":{"line":105,"column":83}},"38":{"start":{"line":106,"column":44},"end":{"line":106,"column":68}},"39":{"start":{"line":109,"column":44},"end":{"line":109,"column":67}},"40":{"start":{"line":111,"column":40},"end":{"line":111,"column":59}},"41":{"start":{"line":112,"column":40},"end":{"line":112,"column":57}},"42":{"start":{"line":131,"column":51},"end":{"line":131,"column":116}},"43":{"start":{"line":138,"column":51},"end":{"line":138,"column":116}},"44":{"start":{"line":158,"column":24},"end":{"line":159,"column":130}},"45":{"start":{"line":166,"column":4},"end":{"line":200,"column":6}},"46":{"start":{"line":168,"column":83},"end":{"line":168,"column":128}},"47":{"start":{"line":182,"column":91},"end":{"line":182,"column":141}},"48":{"start":{"line":185,"column":95},"end":{"line":185,"column":179}},"49":{"start":{"line":192,"column":43},"end":{"line":192,"column":93}}},"fnMap":{"0":{"name":"Cart","decl":{"start":{"line":15,"column":9},"end":{"line":15,"column":13}},"loc":{"start":{"line":15,"column":21},"end":{"line":163,"column":1}},"line":15},"1":{"name":"(anonymous_1)","decl":{"start":{"line":24,"column":18},"end":{"line":24,"column":19}},"loc":{"start":{"line":24,"column":24},"end":{"line":29,"column":5}},"line":24},"2":{"name":"(anonymous_2)","decl":{"start":{"line":30,"column":17},"end":{"line":30,"column":18}},"loc":{"start":{"line":30,"column":23},"end":{"line":35,"column":5}},"line":30},"3":{"name":"(anonymous_3)","decl":{"start":{"line":37,"column":14},"end":{"line":37,"column":15}},"loc":{"start":{"line":37,"column":20},"end":{"line":58,"column":5}},"line":37},"4":{"name":"(anonymous_4)","decl":{"start":{"line":60,"column":25},"end":{"line":60,"column":26}},"loc":{"start":{"line":60,"column":37},"end":{"line":63,"column":5}},"line":60},"5":{"name":"(anonymous_5)","decl":{"start":{"line":87,"column":102},"end":{"line":87,"column":103}},"loc":{"start":{"line":87,"column":107},"end":{"line":87,"column":135}},"line":87},"6":{"name":"(anonymous_6)","decl":{"start":{"line":99,"column":49},"end":{"line":99,"column":50}},"loc":{"start":{"line":99,"column":61},"end":{"line":99,"column":86}},"line":99},"7":{"name":"(anonymous_7)","decl":{"start":{"line":102,"column":46},"end":{"line":102,"column":47}},"loc":{"start":{"line":102,"column":60},"end":{"line":113,"column":37}},"line":102},"8":{"name":"(anonymous_8)","decl":{"start":{"line":131,"column":45},"end":{"line":131,"column":46}},"loc":{"start":{"line":131,"column":51},"end":{"line":131,"column":116}},"line":131},"9":{"name":"(anonymous_9)","decl":{"start":{"line":138,"column":45},"end":{"line":138,"column":46}},"loc":{"start":{"line":138,"column":51},"end":{"line":138,"column":116}},"line":138},"10":{"name":"(anonymous_10)","decl":{"start":{"line":157,"column":37},"end":{"line":157,"column":38}},"loc":{"start":{"line":158,"column":24},"end":{"line":159,"column":130}},"line":158},"11":{"name":"CartProduct","decl":{"start":{"line":165,"column":9},"end":{"line":165,"column":20}},"loc":{"start":{"line":165,"column":28},"end":{"line":201,"column":1}},"line":165},"12":{"name":"(anonymous_12)","decl":{"start":{"line":168,"column":77},"end":{"line":168,"column":78}},"loc":{"start":{"line":168,"column":83},"end":{"line":168,"column":128}},"line":168},"13":{"name":"(anonymous_13)","decl":{"start":{"line":182,"column":85},"end":{"line":182,"column":86}},"loc":{"start":{"line":182,"column":91},"end":{"line":182,"column":141}},"line":182},"14":{"name":"(anonymous_14)","decl":{"start":{"line":185,"column":90},"end":{"line":185,"column":91}},"loc":{"start":{"line":185,"column":95},"end":{"line":185,"column":179}},"line":185},"15":{"name":"(anonymous_15)","decl":{"start":{"line":192,"column":37},"end":{"line":192,"column":38}},"loc":{"start":{"line":192,"column":43},"end":{"line":192,"column":93}},"line":192}},"branchMap":{"0":{"loc":{"start":{"line":40,"column":8},"end":{"line":56,"column":9}},"type":"if","locations":[{"start":{"line":40,"column":8},"end":{"line":56,"column":9}},{"start":{"line":40,"column":8},"end":{"line":56,"column":9}}],"line":40},"1":{"loc":{"start":{"line":40,"column":12},"end":{"line":40,"column":48}},"type":"binary-expr","locations":[{"start":{"line":40,"column":12},"end":{"line":40,"column":28}},{"start":{"line":40,"column":32},"end":{"line":40,"column":48}}],"line":40},"2":{"loc":{"start":{"line":45,"column":12},"end":{"line":51,"column":13}},"type":"if","locations":[{"start":{"line":45,"column":12},"end":{"line":51,"column":13}},{"start":{"line":45,"column":12},"end":{"line":51,"column":13}}],"line":45},"3":{"loc":{"start":{"line":77,"column":79},"end":{"line":77,"column":124}},"type":"cond-expr","locations":[{"start":{"line":77,"column":96},"end":{"line":77,"column":119}},{"start":{"line":77,"column":122},"end":{"line":77,"column":124}}],"line":77},"4":{"loc":{"start":{"line":80,"column":29},"end":{"line":80,"column":81}},"type":"binary-expr","locations":[{"start":{"line":80,"column":29},"end":{"line":80,"column":53}},{"start":{"line":80,"column":57},"end":{"line":80,"column":81}}],"line":80},"5":{"loc":{"start":{"line":87,"column":43},"end":{"line":87,"column":90}},"type":"binary-expr","locations":[{"start":{"line":87,"column":43},"end":{"line":87,"column":66}},{"start":{"line":87,"column":70},"end":{"line":87,"column":90}}],"line":87},"6":{"loc":{"start":{"line":94,"column":21},"end":{"line":125,"column":29}},"type":"cond-expr","locations":[{"start":{"line":95,"column":24},"end":{"line":123,"column":47}},{"start":{"line":125,"column":24},"end":{"line":125,"column":29}}],"line":94},"7":{"loc":{"start":{"line":104,"column":40},"end":{"line":110,"column":41}},"type":"if","locations":[{"start":{"line":104,"column":40},"end":{"line":110,"column":41}},{"start":{"line":104,"column":40},"end":{"line":110,"column":41}}],"line":104},"8":{"loc":{"start":{"line":128,"column":26},"end":{"line":141,"column":37}},"type":"cond-expr","locations":[{"start":{"line":129,"column":28},"end":{"line":134,"column":37}},{"start":{"line":136,"column":28},"end":{"line":141,"column":37}}],"line":128},"9":{"loc":{"start":{"line":130,"column":46},"end":{"line":130,"column":117}},"type":"binary-expr","locations":[{"start":{"line":130,"column":46},"end":{"line":130,"column":69}},{"start":{"line":130,"column":73},"end":{"line":130,"column":93}},{"start":{"line":130,"column":97},"end":{"line":130,"column":117}}],"line":130},"10":{"loc":{"start":{"line":132,"column":33},"end":{"line":133,"column":116}},"type":"cond-expr","locations":[{"start":{"line":132,"column":56},"end":{"line":133,"column":98}},{"start":{"line":133,"column":101},"end":{"line":133,"column":116}}],"line":132},"11":{"loc":{"start":{"line":139,"column":33},"end":{"line":140,"column":116}},"type":"cond-expr","locations":[{"start":{"line":139,"column":56},"end":{"line":140,"column":98}},{"start":{"line":140,"column":101},"end":{"line":140,"column":116}}],"line":139},"12":{"loc":{"start":{"line":148,"column":21},"end":{"line":152,"column":28}},"type":"cond-expr","locations":[{"start":{"line":149,"column":24},"end":{"line":151,"column":32}},{"start":{"line":152,"column":26},"end":{"line":152,"column":28}}],"line":148},"13":{"loc":{"start":{"line":156,"column":17},"end":{"line":159,"column":131}},"type":"cond-expr","locations":[{"start":{"line":156,"column":43},"end":{"line":156,"column":97}},{"start":{"line":157,"column":22},"end":{"line":159,"column":131}}],"line":156},"14":{"loc":{"start":{"line":185,"column":139},"end":{"line":185,"column":175}},"type":"cond-expr","locations":[{"start":{"line":185,"column":157},"end":{"line":185,"column":158}},{"start":{"line":185,"column":161},"end":{"line":185,"column":175}}],"line":185},"15":{"loc":{"start":{"line":195,"column":17},"end":{"line":195,"column":138}},"type":"binary-expr","locations":[{"start":{"line":195,"column":17},"end":{"line":195,"column":74}},{"start":{"line":195,"column":78},"end":{"line":195,"column":138}}],"line":195}},"s":{"0":27,"1":26,"2":26,"3":26,"4":26,"5":26,"6":26,"7":26,"8":0,"9":0,"10":0,"11":0,"12":26,"13":1,"14":1,"15":1,"16":1,"17":26,"18":1,"19":1,"20":1,"21":1,"22":1,"23":1,"24":1,"25":0,"26":0,"27":1,"28":1,"29":26,"30":2,"31":2,"32":26,"33":1,"34":14,"35":1,"36":1,"37":1,"38":1,"39":0,"40":1,"41":1,"42":1,"43":0,"44":16,"45":12,"46":0,"47":0,"48":0,"49":0},"f":{"0":27,"1":0,"2":1,"3":1,"4":2,"5":1,"6":14,"7":1,"8":1,"9":0,"10":16,"11":12,"12":0,"13":0,"14":0,"15":0},"b":{"0":[1,0],"1":[1,0],"2":[1,0],"3":[0,26],"4":[26,0],"5":[26,16],"6":[8,18],"7":[1,0],"8":[4,22],"9":[4,4,2],"10":[2,2],"11":[0,22],"12":[0,26],"13":[10,16],"14":[0,0],"15":[12,0]},"_coverageSchema":"1a1c01bbd47fc00a2c39e90264f33305004495a9","hash":"9e32d102fa604ac5b76481550c78fa4f47a5aaa5"}
,"C:\\Users\\Maria Letizia\\SolidarityPurchasingGroup\\client\\src\\Components\\ClientList\\AddClient.js": {"path":"C:\\Users\\Maria Letizia\\SolidarityPurchasingGroup\\client\\src\\Components\\ClientList\\AddClient.js","statementMap":{"0":{"start":{"line":8,"column":4},"end":{"line":23,"column":6}},"1":{"start":{"line":27,"column":28},"end":{"line":27,"column":42}},"2":{"start":{"line":29,"column":24},"end":{"line":31,"column":5}},"3":{"start":{"line":30,"column":8},"end":{"line":30,"column":23}},"4":{"start":{"line":33,"column":4},"end":{"line":48,"column":5}},"5":{"start":{"line":34,"column":8},"end":{"line":43,"column":10}},"6":{"start":{"line":45,"column":8},"end":{"line":47,"column":10}},"7":{"start":{"line":53,"column":28},"end":{"line":53,"column":40}},"8":{"start":{"line":54,"column":34},"end":{"line":54,"column":46}},"9":{"start":{"line":55,"column":30},"end":{"line":55,"column":42}},"10":{"start":{"line":56,"column":36},"end":{"line":56,"column":48}},"11":{"start":{"line":57,"column":42},"end":{"line":57,"column":54}},"12":{"start":{"line":58,"column":34},"end":{"line":58,"column":46}},"13":{"start":{"line":60,"column":44},"end":{"line":60,"column":56}},"14":{"start":{"line":61,"column":38},"end":{"line":61,"column":53}},"15":{"start":{"line":63,"column":16},"end":{"line":63,"column":18}},"16":{"start":{"line":65,"column":22},"end":{"line":111,"column":5}},"17":{"start":{"line":66,"column":8},"end":{"line":66,"column":31}},"18":{"start":{"line":68,"column":20},"end":{"line":68,"column":24}},"19":{"start":{"line":69,"column":8},"end":{"line":73,"column":9}},"20":{"start":{"line":70,"column":12},"end":{"line":70,"column":51}},"21":{"start":{"line":71,"column":12},"end":{"line":71,"column":35}},"22":{"start":{"line":72,"column":12},"end":{"line":72,"column":26}},"23":{"start":{"line":74,"column":8},"end":{"line":78,"column":9}},"24":{"start":{"line":75,"column":12},"end":{"line":75,"column":53}},"25":{"start":{"line":76,"column":12},"end":{"line":76,"column":35}},"26":{"start":{"line":77,"column":12},"end":{"line":77,"column":26}},"27":{"start":{"line":79,"column":8},"end":{"line":83,"column":9}},"28":{"start":{"line":80,"column":12},"end":{"line":80,"column":54}},"29":{"start":{"line":81,"column":12},"end":{"line":81,"column":35}},"30":{"start":{"line":82,"column":12},"end":{"line":82,"column":26}},"31":{"start":{"line":84,"column":8},"end":{"line":88,"column":9}},"32":{"start":{"line":85,"column":12},"end":{"line":85,"column":51}},"33":{"start":{"line":86,"column":12},"end":{"line":86,"column":35}},"34":{"start":{"line":87,"column":12},"end":{"line":87,"column":26}},"35":{"start":{"line":89,"column":8},"end":{"line":93,"column":9}},"36":{"start":{"line":90,"column":12},"end":{"line":90,"column":53}},"37":{"start":{"line":91,"column":12},"end":{"line":91,"column":35}},"38":{"start":{"line":92,"column":12},"end":{"line":92,"column":26}},"39":{"start":{"line":94,"column":8},"end":{"line":98,"column":9}},"40":{"start":{"line":95,"column":12},"end":{"line":95,"column":51}},"41":{"start":{"line":96,"column":12},"end":{"line":96,"column":35}},"42":{"start":{"line":97,"column":12},"end":{"line":97,"column":26}},"43":{"start":{"line":99,"column":8},"end":{"line":103,"column":9}},"44":{"start":{"line":100,"column":12},"end":{"line":100,"column":80}},"45":{"start":{"line":101,"column":12},"end":{"line":101,"column":35}},"46":{"start":{"line":102,"column":12},"end":{"line":102,"column":26}},"47":{"start":{"line":104,"column":8},"end":{"line":110,"column":9}},"48":{"start":{"line":105,"column":12},"end":{"line":105,"column":94}},"49":{"start":{"line":106,"column":12},"end":{"line":107,"column":82}},"50":{"start":{"line":107,"column":16},"end":{"line":107,"column":82}},"51":{"start":{"line":107,"column":33},"end":{"line":107,"column":73}},"52":{"start":{"line":108,"column":12},"end":{"line":108,"column":24}},"53":{"start":{"line":109,"column":12},"end":{"line":109,"column":31}},"54":{"start":{"line":113,"column":22},"end":{"line":120,"column":5}},"55":{"start":{"line":114,"column":8},"end":{"line":114,"column":19}},"56":{"start":{"line":115,"column":8},"end":{"line":115,"column":23}},"57":{"start":{"line":116,"column":8},"end":{"line":116,"column":21}},"58":{"start":{"line":117,"column":8},"end":{"line":117,"column":24}},"59":{"start":{"line":118,"column":8},"end":{"line":118,"column":27}},"60":{"start":{"line":119,"column":8},"end":{"line":119,"column":23}},"61":{"start":{"line":122,"column":4},"end":{"line":175,"column":5}},"62":{"start":{"line":123,"column":8},"end":{"line":130,"column":10}},"63":{"start":{"line":132,"column":8},"end":{"line":174,"column":10}},"64":{"start":{"line":137,"column":84},"end":{"line":137,"column":108}},"65":{"start":{"line":142,"column":87},"end":{"line":142,"column":114}},"66":{"start":{"line":148,"column":85},"end":{"line":148,"column":110}},"67":{"start":{"line":155,"column":92},"end":{"line":155,"column":120}},"68":{"start":{"line":162,"column":91},"end":{"line":162,"column":122}},"69":{"start":{"line":168,"column":87},"end":{"line":168,"column":114}}},"fnMap":{"0":{"name":"AddClientBtn","decl":{"start":{"line":7,"column":9},"end":{"line":7,"column":21}},"loc":{"start":{"line":7,"column":29},"end":{"line":24,"column":1}},"line":7},"1":{"name":"ClientModal","decl":{"start":{"line":26,"column":9},"end":{"line":26,"column":20}},"loc":{"start":{"line":26,"column":28},"end":{"line":50,"column":1}},"line":26},"2":{"name":"(anonymous_2)","decl":{"start":{"line":29,"column":24},"end":{"line":29,"column":25}},"loc":{"start":{"line":29,"column":30},"end":{"line":31,"column":5}},"line":29},"3":{"name":"AddClientForm","decl":{"start":{"line":52,"column":9},"end":{"line":52,"column":22}},"loc":{"start":{"line":52,"column":30},"end":{"line":177,"column":1}},"line":52},"4":{"name":"(anonymous_4)","decl":{"start":{"line":65,"column":22},"end":{"line":65,"column":23}},"loc":{"start":{"line":65,"column":33},"end":{"line":111,"column":5}},"line":65},"5":{"name":"(anonymous_5)","decl":{"start":{"line":107,"column":28},"end":{"line":107,"column":29}},"loc":{"start":{"line":107,"column":32},"end":{"line":107,"column":75}},"line":107},"6":{"name":"(anonymous_6)","decl":{"start":{"line":113,"column":22},"end":{"line":113,"column":23}},"loc":{"start":{"line":113,"column":28},"end":{"line":120,"column":5}},"line":113},"7":{"name":"(anonymous_7)","decl":{"start":{"line":137,"column":78},"end":{"line":137,"column":79}},"loc":{"start":{"line":137,"column":84},"end":{"line":137,"column":108}},"line":137},"8":{"name":"(anonymous_8)","decl":{"start":{"line":142,"column":81},"end":{"line":142,"column":82}},"loc":{"start":{"line":142,"column":87},"end":{"line":142,"column":114}},"line":142},"9":{"name":"(anonymous_9)","decl":{"start":{"line":148,"column":79},"end":{"line":148,"column":80}},"loc":{"start":{"line":148,"column":85},"end":{"line":148,"column":110}},"line":148},"10":{"name":"(anonymous_10)","decl":{"start":{"line":155,"column":86},"end":{"line":155,"column":87}},"loc":{"start":{"line":155,"column":92},"end":{"line":155,"column":120}},"line":155},"11":{"name":"(anonymous_11)","decl":{"start":{"line":162,"column":85},"end":{"line":162,"column":86}},"loc":{"start":{"line":162,"column":91},"end":{"line":162,"column":122}},"line":162},"12":{"name":"(anonymous_12)","decl":{"start":{"line":168,"column":81},"end":{"line":168,"column":82}},"loc":{"start":{"line":168,"column":87},"end":{"line":168,"column":114}},"line":168}},"branchMap":{"0":{"loc":{"start":{"line":33,"column":4},"end":{"line":48,"column":5}},"type":"if","locations":[{"start":{"line":33,"column":4},"end":{"line":48,"column":5}},{"start":{"line":33,"column":4},"end":{"line":48,"column":5}}],"line":33},"1":{"loc":{"start":{"line":69,"column":8},"end":{"line":73,"column":9}},"type":"if","locations":[{"start":{"line":69,"column":8},"end":{"line":73,"column":9}},{"start":{"line":69,"column":8},"end":{"line":73,"column":9}}],"line":69},"2":{"loc":{"start":{"line":74,"column":8},"end":{"line":78,"column":9}},"type":"if","locations":[{"start":{"line":74,"column":8},"end":{"line":78,"column":9}},{"start":{"line":74,"column":8},"end":{"line":78,"column":9}}],"line":74},"3":{"loc":{"start":{"line":79,"column":8},"end":{"line":83,"column":9}},"type":"if","locations":[{"start":{"line":79,"column":8},"end":{"line":83,"column":9}},{"start":{"line":79,"column":8},"end":{"line":83,"column":9}}],"line":79},"4":{"loc":{"start":{"line":84,"column":8},"end":{"line":88,"column":9}},"type":"if","locations":[{"start":{"line":84,"column":8},"end":{"line":88,"column":9}},{"start":{"line":84,"column":8},"end":{"line":88,"column":9}}],"line":84},"5":{"loc":{"start":{"line":89,"column":8},"end":{"line":93,"column":9}},"type":"if","locations":[{"start":{"line":89,"column":8},"end":{"line":93,"column":9}},{"start":{"line":89,"column":8},"end":{"line":93,"column":9}}],"line":89},"6":{"loc":{"start":{"line":94,"column":8},"end":{"line":98,"column":9}},"type":"if","locations":[{"start":{"line":94,"column":8},"end":{"line":98,"column":9}},{"start":{"line":94,"column":8},"end":{"line":98,"column":9}}],"line":94},"7":{"loc":{"start":{"line":99,"column":8},"end":{"line":103,"column":9}},"type":"if","locations":[{"start":{"line":99,"column":8},"end":{"line":103,"column":9}},{"start":{"line":99,"column":8},"end":{"line":103,"column":9}}],"line":99},"8":{"loc":{"start":{"line":99,"column":12},"end":{"line":99,"column":51}},"type":"binary-expr","locations":[{"start":{"line":99,"column":12},"end":{"line":99,"column":30}},{"start":{"line":99,"column":34},"end":{"line":99,"column":51}}],"line":99},"9":{"loc":{"start":{"line":104,"column":8},"end":{"line":110,"column":9}},"type":"if","locations":[{"start":{"line":104,"column":8},"end":{"line":110,"column":9}},{"start":{"line":104,"column":8},"end":{"line":110,"column":9}}],"line":104},"10":{"loc":{"start":{"line":106,"column":12},"end":{"line":107,"column":82}},"type":"if","locations":[{"start":{"line":106,"column":12},"end":{"line":107,"column":82}},{"start":{"line":106,"column":12},"end":{"line":107,"column":82}}],"line":106},"11":{"loc":{"start":{"line":122,"column":4},"end":{"line":175,"column":5}},"type":"if","locations":[{"start":{"line":122,"column":4},"end":{"line":175,"column":5}},{"start":{"line":122,"column":4},"end":{"line":175,"column":5}}],"line":122}},"s":{"0":0,"1":0,"2":0,"3":0,"4":0,"5":0,"6":0,"7":0,"8":0,"9":0,"10":0,"11":0,"12":0,"13":0,"14":0,"15":0,"16":0,"17":0,"18":0,"19":0,"20":0,"21":0,"22":0,"23":0,"24":0,"25":0,"26":0,"27":0,"28":0,"29":0,"30":0,"31":0,"32":0,"33":0,"34":0,"35":0,"36":0,"37":0,"38":0,"39":0,"40":0,"41":0,"42":0,"43":0,"44":0,"45":0,"46":0,"47":0,"48":0,"49":0,"50":0,"51":0,"52":0,"53":0,"54":0,"55":0,"56":0,"57":0,"58":0,"59":0,"60":0,"61":0,"62":0,"63":0,"64":0,"65":0,"66":0,"67":0,"68":0,"69":0},"f":{"0":0,"1":0,"2":0,"3":0,"4":0,"5":0,"6":0,"7":0,"8":0,"9":0,"10":0,"11":0,"12":0},"b":{"0":[0,0],"1":[0,0],"2":[0,0],"3":[0,0],"4":[0,0],"5":[0,0],"6":[0,0],"7":[0,0],"8":[0,0],"9":[0,0],"10":[0,0],"11":[0,0]},"_coverageSchema":"1a1c01bbd47fc00a2c39e90264f33305004495a9","hash":"9c080132eeb46d6e0dc4be183b914e6f0d65308b"}
,"C:\\Users\\Maria Letizia\\SolidarityPurchasingGroup\\client\\src\\Components\\ClientList\\ClientList.js": {"path":"C:\\Users\\Maria Letizia\\SolidarityPurchasingGroup\\client\\src\\Components\\ClientList\\ClientList.js","statementMap":{"0":{"start":{"line":13,"column":4},"end":{"line":35,"column":6}},"1":{"start":{"line":41,"column":18},"end":{"line":41,"column":20}},"2":{"start":{"line":42,"column":34},"end":{"line":42,"column":46}},"3":{"start":{"line":43,"column":46},"end":{"line":43,"column":58}},"4":{"start":{"line":44,"column":58},"end":{"line":44,"column":70}},"5":{"start":{"line":47,"column":4},"end":{"line":65,"column":11}},"6":{"start":{"line":48,"column":22},"end":{"line":48,"column":26}},"7":{"start":{"line":50,"column":30},"end":{"line":52,"column":9}},"8":{"start":{"line":51,"column":12},"end":{"line":51,"column":48}},"9":{"start":{"line":53,"column":8},"end":{"line":63,"column":15}},"10":{"start":{"line":54,"column":12},"end":{"line":59,"column":13}},"11":{"start":{"line":55,"column":16},"end":{"line":55,"column":36}},"12":{"start":{"line":56,"column":16},"end":{"line":56,"column":42}},"13":{"start":{"line":57,"column":16},"end":{"line":57,"column":37}},"14":{"start":{"line":62,"column":16},"end":{"line":62,"column":35}},"15":{"start":{"line":64,"column":8},"end":{"line":64,"column":41}},"16":{"start":{"line":64,"column":23},"end":{"line":64,"column":38}},"17":{"start":{"line":70,"column":16},"end":{"line":70,"column":18}},"18":{"start":{"line":71,"column":8},"end":{"line":73,"column":10}},"19":{"start":{"line":72,"column":12},"end":{"line":72,"column":78}},"20":{"start":{"line":72,"column":68},"end":{"line":72,"column":78}},"21":{"start":{"line":75,"column":8},"end":{"line":75,"column":28}},"22":{"start":{"line":81,"column":4},"end":{"line":111,"column":6}},"23":{"start":{"line":89,"column":101},"end":{"line":89,"column":133}},"24":{"start":{"line":102,"column":24},"end":{"line":104,"column":26}},"25":{"start":{"line":115,"column":42},"end":{"line":115,"column":53}},"26":{"start":{"line":116,"column":28},"end":{"line":116,"column":43}},"27":{"start":{"line":118,"column":24},"end":{"line":118,"column":44}},"28":{"start":{"line":118,"column":30},"end":{"line":118,"column":44}},"29":{"start":{"line":119,"column":23},"end":{"line":119,"column":42}},"30":{"start":{"line":119,"column":29},"end":{"line":119,"column":42}},"31":{"start":{"line":121,"column":25},"end":{"line":129,"column":5}},"32":{"start":{"line":122,"column":24},"end":{"line":122,"column":67}},"33":{"start":{"line":123,"column":8},"end":{"line":128,"column":11}},"34":{"start":{"line":124,"column":12},"end":{"line":124,"column":71}},"35":{"start":{"line":126,"column":12},"end":{"line":126,"column":75}},"36":{"start":{"line":127,"column":12},"end":{"line":127,"column":31}},"37":{"start":{"line":132,"column":4},"end":{"line":165,"column":5}},"38":{"start":{"line":151,"column":101},"end":{"line":151,"column":132}}},"fnMap":{"0":{"name":"Client","decl":{"start":{"line":12,"column":9},"end":{"line":12,"column":15}},"loc":{"start":{"line":12,"column":23},"end":{"line":36,"column":1}},"line":12},"1":{"name":"ClientList","decl":{"start":{"line":40,"column":9},"end":{"line":40,"column":19}},"loc":{"start":{"line":40,"column":27},"end":{"line":112,"column":1}},"line":40},"2":{"name":"(anonymous_2)","decl":{"start":{"line":47,"column":14},"end":{"line":47,"column":15}},"loc":{"start":{"line":47,"column":20},"end":{"line":65,"column":5}},"line":47},"3":{"name":"(anonymous_3)","decl":{"start":{"line":50,"column":30},"end":{"line":50,"column":31}},"loc":{"start":{"line":50,"column":42},"end":{"line":52,"column":9}},"line":50},"4":{"name":"(anonymous_4)","decl":{"start":{"line":53,"column":29},"end":{"line":53,"column":30}},"loc":{"start":{"line":53,"column":37},"end":{"line":60,"column":9}},"line":53},"5":{"name":"(anonymous_5)","decl":{"start":{"line":61,"column":19},"end":{"line":61,"column":20}},"loc":{"start":{"line":61,"column":26},"end":{"line":63,"column":13}},"line":61},"6":{"name":"(anonymous_6)","decl":{"start":{"line":64,"column":15},"end":{"line":64,"column":16}},"loc":{"start":{"line":64,"column":21},"end":{"line":64,"column":40}},"line":64},"7":{"name":"changeSearchText","decl":{"start":{"line":69,"column":13},"end":{"line":69,"column":29}},"loc":{"start":{"line":69,"column":36},"end":{"line":77,"column":5}},"line":69},"8":{"name":"(anonymous_8)","decl":{"start":{"line":71,"column":24},"end":{"line":71,"column":25}},"loc":{"start":{"line":71,"column":29},"end":{"line":73,"column":9}},"line":71},"9":{"name":"(anonymous_9)","decl":{"start":{"line":89,"column":96},"end":{"line":89,"column":97}},"loc":{"start":{"line":89,"column":101},"end":{"line":89,"column":133}},"line":89},"10":{"name":"(anonymous_10)","decl":{"start":{"line":101,"column":38},"end":{"line":101,"column":39}},"loc":{"start":{"line":102,"column":24},"end":{"line":104,"column":26}},"line":102},"11":{"name":"WalletTopUpModal","decl":{"start":{"line":114,"column":9},"end":{"line":114,"column":25}},"loc":{"start":{"line":114,"column":33},"end":{"line":166,"column":1}},"line":114},"12":{"name":"(anonymous_12)","decl":{"start":{"line":118,"column":24},"end":{"line":118,"column":25}},"loc":{"start":{"line":118,"column":30},"end":{"line":118,"column":44}},"line":118},"13":{"name":"(anonymous_13)","decl":{"start":{"line":119,"column":23},"end":{"line":119,"column":24}},"loc":{"start":{"line":119,"column":29},"end":{"line":119,"column":42}},"line":119},"14":{"name":"(anonymous_14)","decl":{"start":{"line":121,"column":25},"end":{"line":121,"column":26}},"loc":{"start":{"line":121,"column":31},"end":{"line":129,"column":5}},"line":121},"15":{"name":"(anonymous_15)","decl":{"start":{"line":123,"column":63},"end":{"line":123,"column":64}},"loc":{"start":{"line":123,"column":76},"end":{"line":125,"column":9}},"line":123},"16":{"name":"(anonymous_16)","decl":{"start":{"line":125,"column":17},"end":{"line":125,"column":18}},"loc":{"start":{"line":125,"column":24},"end":{"line":128,"column":9}},"line":125},"17":{"name":"(anonymous_17)","decl":{"start":{"line":151,"column":93},"end":{"line":151,"column":94}},"loc":{"start":{"line":151,"column":101},"end":{"line":151,"column":132}},"line":151}},"branchMap":{"0":{"loc":{"start":{"line":54,"column":12},"end":{"line":59,"column":13}},"type":"if","locations":[{"start":{"line":54,"column":12},"end":{"line":59,"column":13}},{"start":{"line":54,"column":12},"end":{"line":59,"column":13}}],"line":54},"1":{"loc":{"start":{"line":72,"column":12},"end":{"line":72,"column":78}},"type":"if","locations":[{"start":{"line":72,"column":12},"end":{"line":72,"column":78}},{"start":{"line":72,"column":12},"end":{"line":72,"column":78}}],"line":72},"2":{"loc":{"start":{"line":83,"column":13},"end":{"line":86,"column":29}},"type":"cond-expr","locations":[{"start":{"line":84,"column":16},"end":{"line":86,"column":24}},{"start":{"line":86,"column":27},"end":{"line":86,"column":29}}],"line":83}},"s":{"0":0,"1":0,"2":0,"3":0,"4":0,"5":0,"6":0,"7":0,"8":0,"9":0,"10":0,"11":0,"12":0,"13":0,"14":0,"15":0,"16":0,"17":0,"18":0,"19":0,"20":0,"21":0,"22":0,"23":0,"24":0,"25":0,"26":0,"27":0,"28":0,"29":0,"30":0,"31":0,"32":0,"33":0,"34":0,"35":0,"36":0,"37":0,"38":0},"f":{"0":0,"1":0,"2":0,"3":0,"4":0,"5":0,"6":0,"7":0,"8":0,"9":0,"10":0,"11":0,"12":0,"13":0,"14":0,"15":0,"16":0,"17":0},"b":{"0":[0,0],"1":[0,0],"2":[0,0]},"_coverageSchema":"1a1c01bbd47fc00a2c39e90264f33305004495a9","hash":"4b48d2cae398112df6ff25dbf264fccde970848b"}
,"C:\\Users\\Maria Letizia\\SolidarityPurchasingGroup\\client\\src\\Components\\ClientList\\ModalClientOrders.js": {"path":"C:\\Users\\Maria Letizia\\SolidarityPurchasingGroup\\client\\src\\Components\\ClientList\\ModalClientOrders.js","statementMap":{"0":{"start":{"line":7,"column":24},"end":{"line":7,"column":39}},"1":{"start":{"line":8,"column":22},"end":{"line":8,"column":42}},"2":{"start":{"line":8,"column":28},"end":{"line":8,"column":42}},"3":{"start":{"line":9,"column":21},"end":{"line":9,"column":40}},"4":{"start":{"line":9,"column":27},"end":{"line":9,"column":40}},"5":{"start":{"line":10,"column":30},"end":{"line":10,"column":42}},"6":{"start":{"line":12,"column":2},"end":{"line":42,"column":15}},"7":{"start":{"line":14,"column":4},"end":{"line":41,"column":15}},"8":{"start":{"line":15,"column":6},"end":{"line":37,"column":16}},"9":{"start":{"line":17,"column":8},"end":{"line":32,"column":9}},"10":{"start":{"line":18,"column":20},"end":{"line":18,"column":43}},"11":{"start":{"line":19,"column":16},"end":{"line":19,"column":22}},"12":{"start":{"line":20,"column":20},"end":{"line":20,"column":60}},"13":{"start":{"line":21,"column":16},"end":{"line":21,"column":22}},"14":{"start":{"line":22,"column":20},"end":{"line":22,"column":41}},"15":{"start":{"line":23,"column":16},"end":{"line":23,"column":22}},"16":{"start":{"line":24,"column":20},"end":{"line":24,"column":47}},"17":{"start":{"line":25,"column":16},"end":{"line":25,"column":22}},"18":{"start":{"line":26,"column":20},"end":{"line":26,"column":45}},"19":{"start":{"line":27,"column":16},"end":{"line":27,"column":22}},"20":{"start":{"line":28,"column":20},"end":{"line":28,"column":48}},"21":{"start":{"line":29,"column":16},"end":{"line":29,"column":22}},"22":{"start":{"line":30,"column":21},"end":{"line":30,"column":45}},"23":{"start":{"line":33,"column":14},"end":{"line":33,"column":37}},"24":{"start":{"line":34,"column":14},"end":{"line":34,"column":34}},"25":{"start":{"line":35,"column":14},"end":{"line":35,"column":43}},"26":{"start":{"line":36,"column":16},"end":{"line":36,"column":62}},"27":{"start":{"line":36,"column":47},"end":{"line":36,"column":58}},"28":{"start":{"line":40,"column":16},"end":{"line":40,"column":35}},"29":{"start":{"line":43,"column":2},"end":{"line":95,"column":4}},"30":{"start":{"line":79,"column":22},"end":{"line":82,"column":27}}},"fnMap":{"0":{"name":"ModalClientOrders","decl":{"start":{"line":6,"column":9},"end":{"line":6,"column":26}},"loc":{"start":{"line":6,"column":34},"end":{"line":96,"column":1}},"line":6},"1":{"name":"(anonymous_1)","decl":{"start":{"line":8,"column":22},"end":{"line":8,"column":23}},"loc":{"start":{"line":8,"column":28},"end":{"line":8,"column":42}},"line":8},"2":{"name":"(anonymous_2)","decl":{"start":{"line":9,"column":21},"end":{"line":9,"column":22}},"loc":{"start":{"line":9,"column":27},"end":{"line":9,"column":40}},"line":9},"3":{"name":"(anonymous_3)","decl":{"start":{"line":12,"column":12},"end":{"line":12,"column":13}},"loc":{"start":{"line":12,"column":18},"end":{"line":42,"column":9}},"line":12},"4":{"name":"(anonymous_4)","decl":{"start":{"line":14,"column":55},"end":{"line":14,"column":56}},"loc":{"start":{"line":14,"column":67},"end":{"line":39,"column":13}},"line":14},"5":{"name":"(anonymous_5)","decl":{"start":{"line":15,"column":21},"end":{"line":15,"column":22}},"loc":{"start":{"line":15,"column":32},"end":{"line":37,"column":15}},"line":15},"6":{"name":"(anonymous_6)","decl":{"start":{"line":36,"column":37},"end":{"line":36,"column":38}},"loc":{"start":{"line":36,"column":47},"end":{"line":36,"column":58}},"line":36},"7":{"name":"(anonymous_7)","decl":{"start":{"line":39,"column":21},"end":{"line":39,"column":22}},"loc":{"start":{"line":39,"column":28},"end":{"line":41,"column":13}},"line":39},"8":{"name":"(anonymous_8)","decl":{"start":{"line":77,"column":31},"end":{"line":77,"column":32}},"loc":{"start":{"line":77,"column":38},"end":{"line":82,"column":28}},"line":77}},"branchMap":{"0":{"loc":{"start":{"line":17,"column":8},"end":{"line":32,"column":9}},"type":"switch","locations":[{"start":{"line":18,"column":12},"end":{"line":19,"column":22}},{"start":{"line":20,"column":12},"end":{"line":21,"column":22}},{"start":{"line":22,"column":12},"end":{"line":23,"column":22}},{"start":{"line":24,"column":12},"end":{"line":25,"column":22}},{"start":{"line":26,"column":12},"end":{"line":27,"column":22}},{"start":{"line":28,"column":12},"end":{"line":29,"column":22}},{"start":{"line":30,"column":12},"end":{"line":30,"column":45}}],"line":17}},"s":{"0":0,"1":0,"2":0,"3":0,"4":0,"5":0,"6":0,"7":0,"8":0,"9":0,"10":0,"11":0,"12":0,"13":0,"14":0,"15":0,"16":0,"17":0,"18":0,"19":0,"20":0,"21":0,"22":0,"23":0,"24":0,"25":0,"26":0,"27":0,"28":0,"29":0,"30":0},"f":{"0":0,"1":0,"2":0,"3":0,"4":0,"5":0,"6":0,"7":0,"8":0},"b":{"0":[0,0,0,0,0,0,0]},"_coverageSchema":"1a1c01bbd47fc00a2c39e90264f33305004495a9","hash":"e3903ad4eba0d7d5b79bf1c9088a3c3bead98e63"}
,"C:\\Users\\Maria Letizia\\SolidarityPurchasingGroup\\client\\src\\Components\\FarmerHome\\FarmerHome.js": {"path":"C:\\Users\\Maria Letizia\\SolidarityPurchasingGroup\\client\\src\\Components\\FarmerHome\\FarmerHome.js","statementMap":{"0":{"start":{"line":20,"column":28},"end":{"line":20,"column":43}},"1":{"start":{"line":21,"column":36},"end":{"line":21,"column":51}},"2":{"start":{"line":22,"column":28},"end":{"line":22,"column":43}},"3":{"start":{"line":23,"column":34},"end":{"line":23,"column":49}},"4":{"start":{"line":24,"column":30},"end":{"line":24,"column":45}},"5":{"start":{"line":26,"column":46},"end":{"line":26,"column":56}},"6":{"start":{"line":27,"column":15},"end":{"line":27,"column":17}},"7":{"start":{"line":28,"column":19},"end":{"line":28,"column":21}},"8":{"start":{"line":29,"column":36},"end":{"line":29,"column":48}},"9":{"start":{"line":30,"column":44},"end":{"line":30,"column":56}},"10":{"start":{"line":32,"column":32},"end":{"line":32,"column":44}},"11":{"start":{"line":33,"column":44},"end":{"line":33,"column":97}},"12":{"start":{"line":34,"column":42},"end":{"line":34,"column":57}},"13":{"start":{"line":35,"column":42},"end":{"line":35,"column":57}},"14":{"start":{"line":38,"column":4},"end":{"line":60,"column":25}},"15":{"start":{"line":39,"column":22},"end":{"line":39,"column":26}},"16":{"start":{"line":41,"column":30},"end":{"line":46,"column":9}},"17":{"start":{"line":42,"column":12},"end":{"line":42,"column":43}},"18":{"start":{"line":43,"column":12},"end":{"line":43,"column":28}},"19":{"start":{"line":44,"column":12},"end":{"line":44,"column":55}},"20":{"start":{"line":45,"column":12},"end":{"line":45,"column":59}},"21":{"start":{"line":47,"column":8},"end":{"line":56,"column":15}},"22":{"start":{"line":48,"column":12},"end":{"line":52,"column":13}},"23":{"start":{"line":49,"column":16},"end":{"line":49,"column":34}},"24":{"start":{"line":50,"column":16},"end":{"line":50,"column":42}},"25":{"start":{"line":51,"column":16},"end":{"line":51,"column":33}},"26":{"start":{"line":55,"column":16},"end":{"line":55,"column":35}},"27":{"start":{"line":57,"column":8},"end":{"line":59,"column":10}},"28":{"start":{"line":58,"column":12},"end":{"line":58,"column":27}},"29":{"start":{"line":64,"column":24},"end":{"line":66,"column":5}},"30":{"start":{"line":65,"column":8},"end":{"line":65,"column":23}},"31":{"start":{"line":68,"column":28},"end":{"line":70,"column":5}},"32":{"start":{"line":69,"column":8},"end":{"line":69,"column":23}},"33":{"start":{"line":72,"column":22},"end":{"line":91,"column":5}},"34":{"start":{"line":73,"column":19},"end":{"line":73,"column":64}},"35":{"start":{"line":74,"column":8},"end":{"line":74,"column":69}},"36":{"start":{"line":75,"column":20},"end":{"line":75,"column":33}},"37":{"start":{"line":76,"column":21},"end":{"line":76,"column":36}},"38":{"start":{"line":77,"column":8},"end":{"line":82,"column":9}},"39":{"
[...]
{"name":"(anonymous_20)","decl":{"start":{"line":128,"column":16},"end":{"line":128,"column":17}},"loc":{"start":{"line":128,"column":25},"end":{"line":128,"column":41}},"line":128},"21":{"name":"(anonymous_21)","decl":{"start":{"line":129,"column":17},"end":{"line":129,"column":18}},"loc":{"start":{"line":129,"column":26},"end":{"line":129,"column":113}},"line":129},"22":{"name":"(anonymous_22)","decl":{"start":{"line":131,"column":13},"end":{"line":131,"column":14}},"loc":{"start":{"line":131,"column":22},"end":{"line":131,"column":94}},"line":131},"23":{"name":"updateBooking","decl":{"start":{"line":137,"column":9},"end":{"line":137,"column":22}},"loc":{"start":{"line":137,"column":32},"end":{"line":156,"column":1}},"line":137},"24":{"name":"(anonymous_24)","decl":{"start":{"line":138,"column":21},"end":{"line":138,"column":22}},"loc":{"start":{"line":138,"column":42},"end":{"line":155,"column":3}},"line":138},"25":{"name":"(anonymous_25)","decl":{"start":{"line":145,"column":12},"end":{"line":145,"column":13}},"loc":{"start":{"line":145,"column":26},"end":{"line":154,"column":5}},"line":145},"26":{"name":"(anonymous_26)","decl":{"start":{"line":151,"column":16},"end":{"line":151,"column":17}},"loc":{"start":{"line":151,"column":25},"end":{"line":151,"column":41}},"line":151},"27":{"name":"(anonymous_27)","decl":{"start":{"line":152,"column":17},"end":{"line":152,"column":18}},"loc":{"start":{"line":152,"column":26},"end":{"line":152,"column":113}},"line":152},"28":{"name":"(anonymous_28)","decl":{"start":{"line":154,"column":13},"end":{"line":154,"column":14}},"loc":{"start":{"line":154,"column":22},"end":{"line":154,"column":94}},"line":154},"29":{"name":"addUnretrievedFood","decl":{"start":{"line":158,"column":9},"end":{"line":158,"column":27}},"loc":{"start":{"line":158,"column":34},"end":{"line":178,"column":1}},"line":158},"30":{"name":"(anonymous_30)","decl":{"start":{"line":159,"column":21},"end":{"line":159,"column":22}},"loc":{"start":{"line":159,"column":42},"end":{"line":177,"column":3}},"line":159},"31":{"name":"(anonymous_31)","decl":{"start":{"line":167,"column":12},"end":{"line":167,"column":13}},"loc":{"start":{"line":167,"column":26},"end":{"line":176,"column":5}},"line":167},"32":{"name":"(anonymous_32)","decl":{"start":{"line":173,"column":16},"end":{"line":173,"column":17}},"loc":{"start":{"line":173,"column":25},"end":{"line":173,"column":41}},"line":173},"33":{"name":"(anonymous_33)","decl":{"start":{"line":174,"column":17},"end":{"line":174,"column":18}},"loc":{"start":{"line":174,"column":26},"end":{"line":174,"column":114}},"line":174},"34":{"name":"(anonymous_34)","decl":{"start":{"line":176,"column":13},"end":{"line":176,"column":14}},"loc":{"start":{"line":176,"column":22},"end":{"line":176,"column":95}},"line":176},"35":{"name":"getUnretrievedOfWeek","decl":{"start":{"line":185,"column":15},"end":{"line":185,"column":35}},"loc":{"start":{"line":185,"column":50},"end":{"line":199,"column":1}},"line":185},"36":{"name":"getUnretrievedOfMonth","decl":{"start":{"line":207,"column":15},"end":{"line":207,"column":36}},"loc":{"start":{"line":207,"column":53},"end":{"line":221,"column":1}},"line":207},"37":{"name":"getUnretrievedByProductId","decl":{"start":{"line":228,"column":16},"end":{"line":228,"column":41}},"loc":{"start":{"line":228,"column":53},"end":{"line":242,"column":1}},"line":228},"38":{"name":"getUnretrievedByProductType","decl":{"start":{"line":249,"column":16},"end":{"line":249,"column":43}},"loc":{"start":{"line":249,"column":57},"end":{"line":263,"column":1}},"line":249}},"branchMap":{"0":{"loc":{"start":{"line":11,"column":2},"end":{"line":15,"column":3}},"type":"if","locations":[{"start":{"line":11,"column":2},"end":{"line":15,"column":3}},{"start":{"line":11,"column":2},"end":{"line":15,"column":3}}],"line":11},"1":{"loc":{"start":{"line":37,"column":6},"end":{"line":44,"column":7}},"type":"if","locations":[{"start":{"line":37,"column":6},"end":{"line":44,"column":7}},{"start":{"line":37,"column":6},"end":{"line":44,"column":7}}],"line":37},"2":{"loc":{"start":{"line":58,"column":6},"end":{"line":65,"column":7}},"type":"if","locations":[{"start":{"line":58,"column":6},"end":{"line":65,"column":7}},{"start":{"line":58,"column":6},"end":{"line":65,"column":7}}],"line":58},"3":{"loc":{"start":{"line":75,"column":2},"end":{"line":79,"column":3}},"type":"if","locations":[{"start":{"line":75,"column":2},"end":{"line":79,"column":3}},{"start":{"line":75,"column":2},"end":{"line":79,"column":3}}],"line":75},"4":{"loc":{"start":{"line":87,"column":2},"end":{"line":91,"column":3}},"type":"if","locations":[{"start":{"line":87,"column":2},"end":{"line":91,"column":3}},{"start":{"line":87,"column":2},"end":{"line":91,"column":3}}],"line":87},"5":{"loc":{"start":{"line":98,"column":2},"end":{"line":102,"column":3}},"type":"if","locations":[{"start":{"line":98,"column":2},"end":{"line":102,"column":3}},{"start":{"line":98,"column":2},"end":{"line":102,"column":3}}],"line":98},"6":{"loc":{"start":{"line":110,"column":2},"end":{"line":114,"column":3}},"type":"if","locations":[{"start":{"line":110,"column":2},"end":{"line":114,"column":3}},{"start":{"line":110,"column":2},"end":{"line":114,"column":3}}],"line":110},"7":{"loc":{"start":{"line":123,"column":6},"end":{"line":130,"column":9}},"type":"if","locations":[{"start":{"line":123,"column":6},"end":{"line":130,"column":9}},{"start":{"line":123,"column":6},"end":{"line":130,"column":9}}],"line":123},"8":{"loc":{"start":{"line":146,"column":6},"end":{"line":153,"column":7}},"type":"if","locations":[{"start":{"line":146,"column":6},"end":{"line":153,"column":7}},{"start":{"line":146,"column":6},"end":{"line":153,"column":7}}],"line":146},"9":{"loc":{"start":{"line":168,"column":6},"end":{"line":175,"column":7}},"type":"if","locations":[{"start":{"line":168,"column":6},"end":{"line":175,"column":7}},{"start":{"line":168,"column":6},"end":{"line":175,"column":7}}],"line":168},"10":{"loc":{"start":{"line":194,"column":2},"end":{"line":198,"column":3}},"type":"if","locations":[{"start":{"line":194,"column":2},"end":{"line":198,"column":3}},{"start":{"line":194,"column":2},"end":{"line":198,"column":3}}],"line":194},"11":{"loc":{"start":{"line":216,"column":2},"end":{"line":220,"column":3}},"type":"if","locations":[{"start":{"line":216,"column":2},"end":{"line":220,"column":3}},{"start":{"line":216,"column":2},"end":{"line":220,"column":3}}],"line":216},"12":{"loc":{"start":{"line":237,"column":2},"end":{"line":241,"column":3}},"type":"if","locations":[{"start":{"line":237,"column":2},"end":{"line":241,"column":3}},{"start":{"line":237,"column":2},"end":{"line":241,"column":3}}],"line":237},"13":{"loc":{"start":{"line":258,"column":2},"end":{"line":262,"column":3}},"type":"if","locations":[{"start":{"line":258,"column":2},"end":{"line":262,"column":3}},{"start":{"line":258,"column":2},"end":{"line":262,"column":3}}],"line":258}},"s":{"0":3,"1":0,"2":0,"3":0,"4":0,"5":0,"6":1,"7":1,"8":1,"9":1,"10":1,"11":1,"12":0,"13":0,"14":0,"15":0,"16":0,"17":0,"18":0,"19":0,"20":0,"21":0,"22":0,"23":0,"24":1,"25":1,"26":1,"27":1,"28":1,"29":0,"30":0,"31":0,"32":0,"33":0,"34":0,"35":0,"36":0,"37":0,"38":0,"39":0,"40":0,"41":0,"42":0,"43":0,"44":0,"45":0,"46":0,"47":0,"48":0,"49":0,"50":0,"51":0,"52":0,"53":0,"54":0,"55":0,"56":0,"57":0,"58":0,"59":0,"60":0,"61":0,"62":0,"63":0,"64":0,"65":0,"66":0,"67":0,"68":0,"69":0,"70":0,"71":0,"72":0,"73":0,"74":0,"75":0,"76":0,"77":0,"78":0,"79":0,"80":0,"81":0,"82":0,"83":0,"84":0,"85":0,"86":0,"87":0,"88":0,"89":0,"90":3},"f":{"0":0,"1":1,"2":1,"3":1,"4":0,"5":0,"6":0,"7":0,"8":0,"9":0,"10":0,"11":0,"12":0,"13":1,"14":0,"15":0,"16":0,"17":0,"18":0,"19":0,"20":0,"21":0,"22":0,"23":0,"24":0,"25":0,"26":0,"27":0,"28":0,"29":0,"30":0,"31":0,"32":0,"33":0,"34":0,"35":0,"36":0,"37":0,"38":0},"b":{"0":[0,0],"1":[1,0],"2":[0,0],"3":[1,0],"4":[0,0],"5":[0,0],"6":[0,0],"7":[0,0],"8":[0,0],"9":[0,0],"10":[0,0],"11":[0,0],"12":[0,0],"13":[0,0]},"_coverageSchema":"1a1c01bbd47fc00a2c39e90264f33305004495a9","hash":"69d9ff128a8fe7f46e4eb2ad8809d534c5011692"}
,"C:\\Users\\Maria Letizia\\SolidarityPurchasingGroup\\client\\src\\api\\product-api.js": {"path":"C:\\Users\\Maria Letizia\\SolidarityPurchasingGroup\\client\\src\\api\\product-api.js","statementMap":{"0":{"start":{"line":5,"column":16},"end":{"line":5,"column":22}},"1":{"start":{"line":10,"column":4},"end":{"line":15,"column":5}},"2":{"start":{"line":11,"column":8},"end":{"line":11,"column":84}},"3":{"start":{"line":14,"column":8},"end":{"line":14,"column":62}},"4":{"start":{"line":16,"column":25},"end":{"line":16,"column":46}},"5":{"start":{"line":17,"column":4},"end":{"line":21,"column":5}},"6":{"start":{"line":18,"column":8},"end":{"line":18,"column":28}},"7":{"start":{"line":20,"column":8},"end":{"line":20,"column":27}},"8":{"start":{"line":27,"column":21},"end":{"line":27,"column":65}},"9":{"start":{"line":28,"column":25},"end":{"line":28,"column":46}},"10":{"start":{"line":29,"column":4},"end":{"line":33,"column":5}},"11":{"start":{"line":30,"column":8},"end":{"line":30,"column":28}},"12":{"start":{"line":32,"column":8},"end":{"line":32,"column":27}},"13":{"start":{"line":38,"column":21},"end":{"line":38,"column":52}},"14":{"start":{"line":39,"column":22},"end":{"line":39,"column":43}},"15":{"start":{"line":40,"column":4},"end":{"line":44,"column":5}},"16":{"start":{"line":41,"column":8},"end":{"line":41,"column":25}},"17":{"start":{"line":43,"column":8},"end":{"line":43,"column":24}},"18":{"start":{"line":47,"column":12},"end":{"line":47,"column":63}}},"fnMap":{"0":{"name":"getProductsByType","decl":{"start":{"line":7,"column":15},"end":{"line":7,"column":32}},"loc":{"start":{"line":7,"column":49},"end":{"line":22,"column":1}},"line":7},"1":{"name":"getProducts","decl":{"start":{"line":25,"column":15},"end":{"line":25,"column":26}},"loc":{"start":{"line":25,"column":32},"end":{"line":34,"column":1}},"line":25},"2":{"name":"getProductTypes","decl":{"start":{"line":36,"column":15},"end":{"line":36,"column":30}},"loc":{"start":{"line":36,"column":33},"end":{"line":45,"column":1}},"line":36}},"branchMap":{"0":{"loc":{"start":{"line":10,"column":4},"end":{"line":15,"column":5}},"type":"if","locations":[{"start":{"line":10,"column":4},"end":{"line":15,"column":5}},{"start":{"line":10,"column":4},"end":{"line":15,"column":5}}],"line":10},"1":{"loc":{"start":{"line":17,"column":4},"end":{"line":21,"column":5}},"type":"if","locations":[{"start":{"line":17,"column":4},"end":{"line":21,"column":5}},{"start":{"line":17,"column":4},"end":{"line":21,"column":5}}],"line":17},"2":{"loc":{"start":{"line":29,"column":4},"end":{"line":33,"column":5}},"type":"if","locations":[{"start":{"line":29,"column":4},"end":{"line":33,"column":5}},{"start":{"line":29,"column":4},"end":{"line":33,"column":5}}],"line":29},"3":{"loc":{"start":{"line":40,"column":4},"end":{"line":44,"column":5}},"type":"if","locations":[{"start":{"line":40,"column":4},"end":{"line":44,"column":5}},{"start":{"line":40,"column":4},"end":{"line":44,"column":5}}],"line":40}},"s":{"0":3,"1":2,"2":0,"3":2,"4":2,"5":2,"6":2,"7":0,"8":0,"9":0,"10":0,"11":0,"12":0,"13":1,"14":1,"15":1,"16":1,"17":0,"18":3},"f":{"0":2,"1":0,"2":1},"b":{"0":[0,2],"1":[2,0],"2":[0,0],"3":[1,0]},"_coverageSchema":"1a1c01bbd47fc00a2c39e90264f33305004495a9","hash":"a70d26e2ea73d070e88170849c47d37dbc9af66b"}
,"C:\\Users\\Maria Letizia\\SolidarityPurchasingGroup\\client\\src\\api\\user-api.js": {"path":"C:\\Users\\Maria Letizia\\SolidarityPurchasingGroup\\client\\src\\api\\user-api.js","statementMap":{"0":{"start":{"line":2,"column":16},"end":{"line":2,"column":22}},"1":{"start":{"line":6,"column":19},"end":{"line":6,"column":66}},"2":{"start":{"line":7,"column":19},"end":{"line":7,"column":40}},"3":{"start":{"line":8,"column":2},"end":{"line":12,"column":3}},"4":{"start":{"line":9,"column":4},"end":{"line":9,"column":20}},"5":{"start":{"line":11,"column":4},"end":{"line":11,"column":19}},"6":{"start":{"line":18,"column":19},"end":{"line":18,"column":77}},"7":{"start":{"line":19,"column":24},"end":{"line":19,"column":45}},"8":{"start":{"line":20,"column":2},"end":{"line":24,"column":3}},"9":{"start":{"line":21,"column":4},"end":{"line":21,"column":25}},"10":{"start":{"line":23,"column":4},"end":{"line":23,"column":24}},"11":{"start":{"line":29,"column":19},"end":{"line":29,"column":61}},"12":{"start":{"line":30,"column":24},"end":{"line":30,"column":45}},"13":{"start":{"line":31,"column":2},"end":{"line":35,"column":3}},"14":{"start":{"line":32,"column":4},"end":{"line":32,"column":25}},"15":{"start":{"line":34,"column":4},"end":{"line":34,"column":24}},"16":{"start":{"line":40,"column":19},"end":{"line":40,"column":103}},"17":{"start":{"line":41,"column":24},"end":{"line":41,"column":45}},"18":{"start":{"line":42,"column":2},"end":{"line":48,"column":3}},"19":{"start":{"line":43,"column":4},"end":{"line":43,"column":32}},"20":{"start":{"line":44,"column":4},"end":{"line":44,"column":25}},"21":{"start":{"line":45,"column":4},"end":{"line":45,"column":25}},"22":{"start":{"line":47,"column":4},"end":{"line":47,"column":24}},"23":{"start":{"line":52,"column":2},"end":{"line":65,"column":5}},"24":{"start":{"line":53,"column":4},"end":{"line":64,"column":96}},"25":{"start":{"line":56,"column":6},"end":{"line":63,"column":7}},"26":{"start":{"line":57,"column":8},"end":{"line":57,"column":22}},"27":{"start":{"line":60,"column":8},"end":{"line":62,"column":115}},"28":{"start":{"line":61,"column":27},"end":{"line":61,"column":39}},"29":{"start":{"line":62,"column":28},"end":{"line":62,"column":111}},"30":{"start":{"line":64,"column":24},"end":{"line":64,"column":92}},"31":{"start":{"line":69,"column":19},"end":{"line":69,"column":58}},"32":{"start":{"line":70,"column":24},"end":{"line":70,"column":45}},"33":{"start":{"line":71,"column":2},"end":{"line":76,"column":3}},"34":{"start":{"line":72,"column":4},"end":{"line":72,"column":25}},"35":{"start":{"line":75,"column":4},"end":{"line":75,"column":24}},"36":{"start":{"line":80,"column":2},"end":{"line":97,"column":5}},"37":{"start":{"line":81,"column":4},"end":{"line":96,"column":81}},"38":{"start":{"line":88,"column":6},"end":{"line":95,"column":7}},"39":{"start":{"line":89,"column":8},"end":{"line":89,"column":22}},"40":{"start":{"line":92,"column":8},"end":{"line":94,"column":79}},"41":{"start":{"line":93,"column":27},"end":{"line":93,"column":39}},"42":{"start":{"line":94,"column":25},"end":{"line":94,"column":75}},"43":{"start":{"line":96,"column":21},"end":{"line":96,"column":77}},"44":{"start":{"line":101,"column":16},"end":{"line":101,"column":147}}},"fnMap":{"0":{"name":"getRequiredCharge","decl":{"start":{"line":4,"column":15},"end":{"line":4,"column":32}},"loc":{"start":{"line":4,"column":35},"end":{"line":13,"column":1}},"line":4},"1":{"name":"getWalletBalance","decl":{"start":{"line":16,"column":15},"end":{"line":16,"column":31}},"loc":{"start":{"line":16,"column":40},"end":{"line":25,"column":1}},"line":16},"2":{"name":"getUserById","decl":{"start":{"line":27,"column":15},"end":{"line":27,"column":26}},"loc":{"start":{"line":27,"column":35},"end":{"line":36,"column":1}},"line":27},"3":{"name":"getRequiredChargeByBookingId","decl":{"start":{"line":38,"column":15},"end":{"line":38,"column":43}},"loc":{"start":{"line":38,"column":54},"end":{"line":49,"column":1}},"line":38},"4":{"name":"chargeWallet","decl":{"start":{"line":51,"column":15},"end":{"line":51,"column":27}},"loc":{"start":{"line":51,"column":44},"end":{"line":66,"column":1}},"line":51},"5":{"name":"(anonymous_5)","decl":{"start":{"line":52,"column":21},"end":{"line":52,"column":22}},"loc":{"start":{"line":52,"column":42},"end":{"line":65,"column":3}},"line":52},"6":{"name":"(anonymous_6)","decl":{"start":{"line":55,"column":12},"end":{"line":55,"column":13}},"loc":{"start":{"line":55,"column":26},"end":{"line":64,"column":5}},"line":55},"7":{"name":"(anonymous_7)","decl":{"start":{"line":61,"column":16},"end":{"line":61,"column":17}},"loc":{"start":{"line":61,"column":25},"end":{"line":61,"column":41}},"line":61},"8":{"name":"(anonymous_8)","decl":{"start":{"line":62,"column":17},"end":{"line":62,"column":18}},"loc":{"start":{"line":62,"column":26},"end":{"line":62,"column":113}},"line":62},"9":{"name":"(anonymous_9)","decl":{"start":{"line":64,"column":13},"end":{"line":64,"column":14}},"loc":{"start":{"line":64,"column":22},"end":{"line":64,"column":94}},"line":64},"10":{"name":"getNotifications","decl":{"start":{"line":68,"column":15},"end":{"line":68,"column":31}},"loc":{"start":{"line":68,"column":34},"end":{"line":77,"column":1}},"line":68},"11":{"name":"addNotification","decl":{"start":{"line":79,"column":15},"end":{"line":79,"column":30}},"loc":{"start":{"line":79,"column":45},"end":{"line":98,"column":1}},"line":79},"12":{"name":"(anonymous_12)","decl":{"start":{"line":80,"column":21},"end":{"line":80,"column":22}},"loc":{"start":{"line":80,"column":42},"end":{"line":97,"column":3}},"line":80},"13":{"name":"(anonymous_13)","decl":{"start":{"line":87,"column":12},"end":{"line":87,"column":13}},"loc":{"start":{"line":87,"column":26},"end":{"line":96,"column":5}},"line":87},"14":{"name":"(anonymous_14)","decl":{"start":{"line":93,"column":16},"end":{"line":93,"column":17}},"loc":{"start":{"line":93,"column":25},"end":{"line":93,"column":41}},"line":93},"15":{"name":"(anonymous_15)","decl":{"start":{"line":94,"column":17},"end":{"line":94,"column":18}},"loc":{"start":{"line":94,"column":23},"end":{"line":94,"column":77}},"line":94},"16":{"name":"(anonymous_16)","decl":{"start":{"line":96,"column":13},"end":{"line":96,"column":14}},"loc":{"start":{"line":96,"column":19},"end":{"line":96,"column":79}},"line":96}},"branchMap":{"0":{"loc":{"start":{"line":8,"column":2},"end":{"line":12,"column":3}},"type":"if","locations":[{"start":{"line":8,"column":2},"end":{"line":12,"column":3}},{"start":{"line":8,"column":2},"end":{"line":12,"column":3}}],"line":8},"1":{"loc":{"start":{"line":20,"column":2},"end":{"line":24,"column":3}},"type":"if","locations":[{"start":{"line":20,"column":2},"end":{"line":24,"column":3}},{"start":{"line":20,"column":2},"end":{"line":24,"column":3}}],"line":20},"2":{"loc":{"start":{"line":31,"column":2},"end":{"line":35,"column":3}},"type":"if","locations":[{"start":{"line":31,"column":2},"end":{"line":35,"column":3}},{"start":{"line":31,"column":2},"end":{"line":35,"column":3}}],"line":31},"3":{"loc":{"start":{"line":42,"column":2},"end":{"line":48,"column":3}},"type":"if","locations":[{"start":{"line":42,"column":2},"end":{"line":48,"column":3}},{"start":{"line":42,"column":2},"end":{"line":48,"column":3}}],"line":42},"4":{"loc":{"start":{"line":56,"column":6},"end":{"line":63,"column":7}},"type":"if","locations":[{"start":{"line":56,"column":6},"end":{"line":63,"column":7}},{"start":{"line":56,"column":6},"end":{"line":63,"column":7}}],"line":56},"5":{"loc":{"start":{"line":71,"column":2},"end":{"line":76,"column":3}},"type":"if","locations":[{"start":{"line":71,"column":2},"end":{"line":76,"column":3}},{"start":{"line":71,"column":2},"end":{"line":76,"column":3}}],"line":71},"6":{"loc":{"start":{"line":88,"column":6},"end":{"line":95,"column":7}},"type":"if","locations":[{"start":{"line":88,"column":6},"end":{"line":95,"column":7}},{"start":{"line":88,"column":6},"end":{"line":95,"column":7}}],"line":88}},"s":{"0":3,"1":1,"2":1,"3":1,"4":1,"5":0,"6":1,"7":1,"8":1,"9":1,"10":0,"11":0,"12":0,"13":0,"14":0,"15":0,"16":0,"17":0,"18":0,"19":0,"20":0,"21":0,"22":0,"23":0,"24":0,"25":0,"26":0,"27":0,"28":0,"29":0,"30":0,"31":4,"32":4,"33":4,"34":4,"35":0,"36":0,"37":0,"38":0,"39":0,"40":0,"41":0,"42":0,"43":0,"44":3},"f":{"0":1,"1":1,"2":0,"3":0,"4":0,"5":0,"6":0,"7":0,"8":0,"9":0,"10":4,"11":0,"12":0,"13":0,"14":0,"15":0,"16":0},"b":{"0":[1,0],"1":[1,0],"2":[0,0],"3":[0,0],"4":[0,0],"5":[4,0],"6":[0,0]},"_coverageSchema":"1a1c01bbd47fc00a2c39e90264f33305004495a9","hash":"5a5cb93dfd9013123abd6fff38ebc19064fa857f"}
}
