{"C:\\Users\\giova\\Documents\\GitHub\\SolidarityPurchasingGroup\\client\\src\\API.js": {"path":"C:\\Users\\giova\\Documents\\GitHub\\SolidarityPurchasingGroup\\client\\src\\API.js","statementMap":{"0":{"start":{"line":4,"column":16},"end":{"line":4,"column":22}},"1":{"start":{"line":9,"column":21},"end":{"line":9,"column":55}},"2":{"start":{"line":10,"column":25},"end":{"line":10,"column":46}},"3":{"start":{"line":11,"column":4},"end":{"line":15,"column":5}},"4":{"start":{"line":12,"column":8},"end":{"line":12,"column":28}},"5":{"start":{"line":14,"column":8},"end":{"line":14,"column":27}},"6":{"start":{"line":20,"column":21},"end":{"line":20,"column":86}},"7":{"start":{"line":21,"column":25},"end":{"line":21,"column":46}},"8":{"start":{"line":22,"column":4},"end":{"line":22,"column":30}},"9":{"start":{"line":23,"column":4},"end":{"line":27,"column":5}},"10":{"start":{"line":24,"column":8},"end":{"line":24,"column":28}},"11":{"start":{"line":26,"column":8},"end":{"line":26,"column":27}},"12":{"start":{"line":32,"column":4},"end":{"line":49,"column":7}},"13":{"start":{"line":33,"column":8},"end":{"line":48,"column":85}},"14":{"start":{"line":40,"column":12},"end":{"line":47,"column":13}},"15":{"start":{"line":41,"column":16},"end":{"line":41,"column":30}},"16":{"start":{"line":44,"column":16},"end":{"line":46,"column":89}},"17":{"start":{"line":45,"column":41},"end":{"line":45,"column":57}},"18":{"start":{"line":46,"column":35},"end":{"line":46,"column":85}},"19":{"start":{"line":48,"column":25},"end":{"line":48,"column":81}},"20":{"start":{"line":54,"column":21},"end":{"line":54,"column":80}},"21":{"start":{"line":55,"column":21},"end":{"line":55,"column":42}},"22":{"start":{"line":56,"column":4},"end":{"line":60,"column":5}},"23":{"start":{"line":57,"column":8},"end":{"line":57,"column":24}},"24":{"start":{"line":59,"column":8},"end":{"line":59,"column":23}},"25":{"start":{"line":64,"column":21},"end":{"line":68,"column":6}},"26":{"start":{"line":69,"column":4},"end":{"line":71,"column":42}},"27":{"start":{"line":70,"column":8},"end":{"line":70,"column":20}},"28":{"start":{"line":71,"column":11},"end":{"line":71,"column":42}},"29":{"start":{"line":75,"column":19},"end":{"line":81,"column":6}},"30":{"start":{"line":82,"column":4},"end":{"line":88,"column":5}},"31":{"start":{"line":83,"column":8},"end":{"line":83,"column":31}},"32":{"start":{"line":86,"column":26},"end":{"line":86,"column":47}},"33":{"start":{"line":87,"column":8},"end":{"line":87,"column":32}},"34":{"start":{"line":92,"column":4},"end":{"line":92,"column":63}},"35":{"start":{"line":96,"column":21},"end":{"line":96,"column":63}},"36":{"start":{"line":97,"column":21},"end":{"line":97,"column":42}},"37":{"start":{"line":98,"column":4},"end":{"line":102,"column":5}},"38":{"start":{"line":99,"column":8},"end":{"line":99,"column":24}},"39":{"start":{"line":101,"column":8},"end":{"line":101,"column":23}},"40":{"start":{"line":107,"column":21},"end":{"line":107,"column":54}},"41":{"start":{"line":108,"column":24},"end":{"line":108,"column":45}},"42":{"start":{"line":109,"column":4},"end":{"line":113,"column":5}},"43":{"start":{"line":110,"column":8},"end":{"line":110,"column":27}},"44":{"start":{"line":112,"column":8},"end":{"line":112,"column":26}},"45":{"start":{"line":118,"column":4},"end":{"line":136,"column":7}},"46":{"start":{"line":119,"column":8},"end":{"line":135,"column":85}},"47":{"start":{"line":127,"column":12},"end":{"line":134,"column":13}},"48":{"start":{"line":128,"column":16},"end":{"line":128,"column":30}},"49":{"start":{"line":131,"column":16},"end":{"line":133,"column":89}},"50":{"start":{"line":132,"column":41},"end":{"line":132,"column":57}},"51":{"start":{"line":133,"column":35},"end":{"line":133,"column":85}},"52":{"start":{"line":135,"column":25},"end":{"line":135,"column":81}},"53":{"start":{"line":141,"column":4},"end":{"line":158,"column":7}},"54":{"start":{"line":142,"column":8},"end":{"line":157,"column":85}},"55":{"start":{"line":149,"column":12},"end":{"line":156,"column":13}},"56":{"start":{"line":150,"column":16},"end":{"line":150,"column":30}},"57":{"start":{"line":153,"column":16},"end":{"line":155,"column":89}},"58":{"start":{"line":154,"column":37},"end":{"line":154,"column":49}},"59":{"start":{"line":155,"column":35},"end":{"line":155,"column":85}},"60":{"start":{"line":157,"column":25},"end":{"line":157,"column":81}},"61":{"start":{"line":162,"column":4},"end":{"line":179,"column":7}},"62":{"start":{"line":163,"column":8},"end":{"line":178,"column":85}},"63":{"start":{"line":170,"column":12},"end":{"line":177,"column":13}},"64":{"start":{"line":171,"column":16},"end":{"line":171,"column":30}},"65":{"start":{"line":174,"column":16},"end":{"line":176,"column":89}},"66":{"start":{"line":175,"column":37},"end":{"line":175,"column":49}},"67":{"start":{"line":176,"column":35},"end":{"line":176,"column":85}},"68":{"start":{"line":178,"column":25},"end":{"line":178,"column":81}},"69":{"start":{"line":184,"column":4},"end":{"line":201,"column":7}},"70":{"start":{"line":185,"column":8},"end":{"line":200,"column":85}},"71":{"start":{"line":192,"column":12},"end":{"line":199,"column":13}},"72":{"start":{"line":193,"column":16},"end":{"line":193,"column":30}},"73":{"start":{"line":196,"column":16},"end":{"line":198,"column":89}},"74":{"start":{"line":197,"column":37},"end":{"line":197,"column":49}},"75":{"start":{"line":198,"column":35},"end":{"line":198,"column":85}},"76":{"start":{"line":200,"column":25},"end":{"line":200,"column":81}},"77":{"start":{"line":206,"column":4},"end":{"line":224,"column":7}},"78":{"start":{"line":207,"column":8},"end":{"line":223,"column":85}},"79":{"start":{"line":214,"column":12},"end":{"line":222,"column":13}},"80":{"start":{"line":215,"column":16},"end":{"line":215,"column":35}},"81":{"start":{"line":216,"column":16},"end":{"line":216,"column":30}},"82":{"start":{"line":219,"column":16},"end":{"line":221,"column":89}},"83":{"start":{"line":220,"column":37},"end":{"line":220,"column":49}},"84":{"start":{"line":221,"column":35},"end":{"line":221,"column":85}},"85":{"start":{"line":223,"column":25},"end":{"line":223,"column":81}},"86":{"start":{"line":227,"column":12},"end":{"line":227,"column":225}}},"fnMap":{"0":{"name":"getAllProducts","decl":{"start":{"line":7,"column":15},"end":{"line":7,"column":29}},"loc":{"start":{"line":7,"column":32},"end":{"line":16,"column":1}},"line":7},"1":{"name":"getProductsByDate","decl":{"start":{"line":18,"column":15},"end":{"line":18,"column":32}},"loc":{"start":{"line":18,"column":49},"end":{"line":28,"column":1}},"line":18},"2":{"name":"addImage","decl":{"start":{"line":30,"column":9},"end":{"line":30,"column":17}},"loc":{"start":{"line":30,"column":27},"end":{"line":50,"column":1}},"line":30},"3":{"name":"(anonymous_3)","decl":{"start":{"line":32,"column":23},"end":{"line":32,"column":24}},"loc":{"start":{"line":32,"column":44},"end":{"line":49,"column":5}},"line":32},"4":{"name":"(anonymous_4)","decl":{"start":{"line":39,"column":16},"end":{"line":39,"column":17}},"loc":{"start":{"line":39,"column":30},"end":{"line":48,"column":9}},"line":39},"5":{"name":"(anonymous_5)","decl":{"start":{"line":45,"column":26},"end":{"line":45,"column":27}},"loc":{"start":{"line":45,"column":39},"end":{"line":45,"column":59}},"line":45},"6":{"name":"(anonymous_6)","decl":{"start":{"line":46,"column":27},"end":{"line":46,"column":28}},"loc":{"start":{"line":46,"column":33},"end":{"line":46,"column":87}},"line":46},"7":{"name":"(anonymous_7)","decl":{"start":{"line":48,"column":17},"end":{"line":48,"column":18}},"loc":{"start":{"line":48,"column":23},"end":{"line":48,"column":83}},"line":48},"8":{"name":"getProdFarmer","decl":{"start":{"line":52,"column":15},"end":{"line":52,"column":28}},"loc":{"start":{"line":52,"column":45},"end":{"line":61,"column":1}},"line":52},"9":{"name":"addNewClient","decl":{"start":{"line":63,"column":15},"end":{"line":63,"column":27}},"loc":{"start":{"line":63,"column":36},"end":{"line":72,"column":1}},"line":63},"10":{"name":"logIn","decl":{"start":{"line":74,"column":15},"end":{"line":74,"column":20}},"loc":{"start":{"line":74,"column":34},"end":{"line":89,"column":1}},"line":74},"11":{"name":"logOut","decl":{"start":{"line":91,"column":15},"end":{"line":91,"column":21}},"loc":{"start":{"line":91,"column":24},"end":{"line":93,"column":1}},"line":91},"12":{"name":"getUserInfo","decl":{"start":{"line":95,"column":15},"end":{"line":95,"column":26}},"loc":{"start":{"line":95,"column":29},"end":{"line":103,"column":1}},"line":95},"13":{"name":"getAllClients","decl":{"start":{"line":105,"column":15},"end":{"line":105,"column":28}},"loc":{"start":{"line":105,"column":31},"end":{"line":114,"column":1}},"line":105},"14":{"name":"addProduct","decl":{"start":{"line":116,"column":9},"end":{"line":116,"column":19}},"loc":{"start":{"line":116,"column":97},"end":{"line":137,"column":1}},"line":116},"15":{"name":"(anonymous_15)","decl":{"start":{"line":118,"column":23},"end":{"line":118,"column":24}},"loc":{"start":{"line":118,"column":44},"end":{"line":136,"column":5}},"line":118},"16":{"name":"(anonymous_16)","decl":{"start":{"line":126,"column":16},"end":{"line":126,"column":17}},"loc":{"start":{"line":126,"column":30},"end":{"line":135,"column":9}},"line":126},"17":{"name":"(anonymous_17)","decl":{"start":{"line":132,"column":26},"end":{"line":132,"column":27}},"loc":{"start":{"line":132,"column":39},"end":{"line":132,"column":59}},"line":132},"18":{"name":"(anonymous_18)","decl":{"start":{"line":133,"column":27},"end":{"line":133,"column":28}},"loc":{"start":{"line":133,"column":33},"end":{"line":133,"column":87}},"line":133},"19":{"name":"(anonymous_19)","decl":{"start":{"line":135,"column":17},"end":{"line":135,"column":18}},"loc":{"start":{"line":135,"column":23},"end":{"line":135,"column":83}},"line":135},"20":{"name":"updateProductState","decl":{"start":{"line":139,"column":9},"end":{"line":139,"column":27}},"loc":{"start":{"line":139,"column":38},"end":{"line":159,"column":1}},"line":139},"21":{"name":"(anonymous_21)","decl":{"start":{"line":141,"column":23},"end":{"line":141,"column":24}},"loc":{"start":{"line":141,"column":44},"end":{"line":158,"column":5}},"line":141},"22":{"name":"(anonymous_22)","decl":{"start":{"line":148,"column":16},"end":{"line":148,"column":17}},"loc":{"start":{"line":148,"column":30},"end":{"line":157,"column":9}},"line":148},"23":{"name":"(anonymous_23)","decl":{"start":{"line":154,"column":26},"end":{"line":154,"column":27}},"loc":{"start":{"line":154,"column":35},"end":{"line":154,"column":51}},"line":154},"24":{"name":"(anonymous_24)","decl":{"start":{"line":155,"column":27},"end":{"line":155,"column":28}},"loc":{"start":{"line":155,"column":33},"end":{"line":155,"column":87}},"line":155},"25":{"name":"(anonymous_25)","decl":{"start":{"line":157,"column":17},"end":{"line":157,"column":18}},"loc":{"start":{"line":157,"column":23},"end":{"line":157,"column":83}},"line":157},"26":{"name":"updateNotificationVisibility","decl":{"start":{"line":160,"column":9},"end":{"line":160,"column":37}},"loc":{"start":{"line":160,"column":53},"end":{"line":180,"column":1}},"line":160},"27":{"name":"(anonymous_27)","decl":{"start":{"line":162,"column":23},"end":{"line":162,"column":24}},"loc":{"start":{"line":162,"column":44},"end":{"line":179,"column":5}},"line":162},"28":{"name":"(anonymous_28)","decl":{"start":{"line":169,"column":16},"end":{"line":169,"column":17}},"loc":{"start":{"line":169,"column":30},"end":{"line":178,"column":9}},"line":169},"29":{"name":"(anonymous_29)","decl":{"start":{"line":175,"column":26},"end":{"line":175,"column":27}},"loc":{"start":{"line":175,"column":35},"end":{"line":175,"column":51}},"line":175},"30":{"name":"(anonymous_30)","decl":{"start":{"line":176,"column":27},"end":{"line":176,"column":28}},"loc":{"start":{"line":176,"column":33},"end":{"line":176,"column":87}},"line":176},"31":{"name":"(anonymous_31)","decl":{"start":{"line":178,"column":17},"end":{"line":178,"column":18}},"loc":{"start":{"line":178,"column":23},"end":{"line":178,"column":83}},"line":178},"32":{"name":"updateProductInfo","decl":{"start":{"line":182,"column":9},"end":{"line":182,"column":26}},"loc":{"start":{"line":182,"column":77},"end":{"line":202,"column":1}},"line":182},"33":{"name":"(anonymous_33)","decl":{"start":{"line":184,"column":23},"end":{"line":184,"column":24}},"loc":{"start":{"line":184,"column":44},"end":{"line":201,"column":5}},"line":184},"34":{"name":"(anonymous_34)","decl":{"start":{"line":191,"column":16},"end":{"line":191,"column":17}},"loc":{"start":{"line":191,"column":30},"end":{"line":200,"column":9}},"line":191},"35":{"name":"(anonymous_35)","decl":{"start":{"line":197,"column":26},"end":{"line":197,"column":27}},"loc":{"start":{"line":197,"column":35},"end":{"line":197,"column":51}},"line":197},"36":{"name":"(anonymous_36)","decl":{"start":{"line":198,"column":27},"end":{"line":198,"column":28}},"loc":{"start":{"line":198,"column":33},"end":{"line":198,"column":87}},"line":198},"37":{"name":"(anonymous_37)","decl":{"start":{"line":200,"column":17},"end":{"line":200,"column":18}},"loc":{"start":{"line":200,"column":23},"end":{"line":200,"column":83}},"line":200},"38":{"name":"updateProductQuantity","decl":{"start":{"line":204,"column":9},"end":{"line":204,"column":30}},"loc":{"start":{"line":204,"column":44},"end":{"line":225,"column":1}},"line":204},"39":{"name":"(anonymous_39)","decl":{"start":{"line":206,"column":23},"end":{"line":206,"column":24}},"loc":{"start":{"line":206,"column":44},"end":{"line":224,"column":5}},"line":206},"40":{"name":"(anonymous_40)","decl":{"start":{"line":213,"column":16},"end":{"line":213,"column":17}},"loc":{"start":{"line":213,"column":30},"end":{"line":223,"column":9}},"line":213},"41":{"name":"(anonymous_41)","decl":{"start":{"line":220,"column":26},"end":{"line":220,"column":27}},"loc":{"start":{"line":220,"column":35},"end":{"line":220,"column":51}},"line":220},"42":{"name":"(anonymous_42)","decl":{"start":{"line":221,"column":27},"end":{"line":221,"column":28}},"loc":{"start":{"line":221,"column":33},"end":{"line":221,"column":87}},"line":221},"43":{"name":"(anonymous_43)","decl":{"start":{"line":223,"column":17},"end":{"line":223,"column":18}},"loc":{"start":{"line":223,"column":23},"end":{"line":223,"column":83}},"line":223}},"branchMap":{"0":{"loc":{"start":{"line":11,"column":4},"end":{"line":15,"column":5}},"type":"if","locations":[{"start":{"line":11,"column":4},"end":{"line":15,"column":5}},{"start":{"line":11,"column":4},"end":{"line":15,"column":5}}],"line":11},"1":{"loc":{"start":{"line":23,"column":4},"end":{"line":27,"column":5}},"type":"if","locations":[{"start":{"line":23,"column":4},"end":{"line":27,"column":5}},{"start":{"line":23,"column":4},"end":{"line":27,"column":5}}],"line":23},"2":{"loc":{"start":{"line":40,"column":12},"end":{"line":47,"column":13}},"type":"if","locations":[{"start":{"line":40,"column":12},"end":{"line":47,"column":13}},{"start":{"line":40,"column":12},"end":{"line":47,"column":13}}],"line":40},"3":{"loc":{"start":{"line":56,"column":4},"end":{"line":60,"column":5}},"type":"if","locations":[{"start":{"line":56,"column":4},"end":{"line":60,"column":5}},{"start":{"line":56,"column":4},"end":{"line":60,"column":5}}],"line":56},"4":{"loc":{"start":{"line":69,"column":4},"end":{"line":71,"column":42}},"type":"if","locations":[{"start":{"line":69,"column":4},"end":{"line":71,"column":42}},{"start":{"line":69,"column":4},"end":{"line":71,"column":42}}],"line":69},"5":{"loc":{"start":{"line":82,"column":4},"end":{"line":88,"column":5}},"type":"if","locations":[{"start":{"line":82,"column":4},"end":{"line":88,"column":5}},{"start":{"line":82,"column":4},"end":{"line":88,"column":5}}],"line":82},"6":{"loc":{"start":{"line":98,"column":4},"end":{"line":102,"column":5}},"type":"if","locations":[{"start":{"line":98,"column":4},"end":{"line":102,"column":5}},{"start":{"line":98,"column":4},"end":{"line":102,"column":5}}],"line":98},"7":{"loc":{"start":{"line":109,"column":4},"end":{"line":113,"column":5}},"type":"if","locations":[{"start":{"line":109,"column":4},"end":{"line":113,"column":5}},{"start":{"line":109,"column":4},"end":{"line":113,"column":5}}],"line":109},"8":{"loc":{"start":{"line":127,"column":12},"end":{"line":134,"column":13}},"type":"if","locations":[{"start":{"line":127,"column":12},"end":{"line":134,"column":13}},{"start":{"line":127,"column":12},"end":{"line":134,"column":13}}],"line":127},"9":{"loc":{"start":{"line":149,"column":12},"end":{"line":156,"column":13}},"type":"if","locations":[{"start":{"line":149,"column":12},"end":{"line":156,"column":13}},{"start":{"line":149,"column":12},"end":{"line":156,"column":13}}],"line":149},"10":{"loc":{"start":{"line":170,"column":12},"end":{"line":177,"column":13}},"type":"if","locations":[{"start":{"line":170,"column":12},"end":{"line":177,"column":13}},{"start":{"line":170,"column":12},"end":{"line":177,"column":13}}],"line":170},"11":{"loc":{"start":{"line":192,"column":12},"end":{"line":199,"column":13}},"type":"if","locations":[{"start":{"line":192,"column":12},"end":{"line":199,"column":13}},{"start":{"line":192,"column":12},"end":{"line":199,"column":13}}],"line":192},"12":{"loc":{"start":{"line":214,"column":12},"end":{"line":222,"column":13}},"type":"if","locations":[{"start":{"line":214,"column":12},"end":{"line":222,"column":13}},{"start":{"line":214,"column":12},"end":{"line":222,"column":13}}],"line":214}},"s":{"0":3,"1":0,"2":0,"3":0,"4":0,"5":0,"6":0,"7":0,"8":0,"9":0,"10":0,"11":0,"12":0,"13":0,"14":0,"15":0,"16":0,"17":0,"18":0,"19":0,"20":0,"21":0,"22":0,"23":0,"24":0,"25":0,"26":0,"27":0,"28":0,"29":1,"30":1,"31":1,"32":0,"33":0,"34":0,"35":3,"36":3,"37":3,"38":1,"39":2,"40":0,"41":0,"42":0,"43":0,"44":0,"45":0,"46":0,"47":0,"48":0,"49":0,"50":0,"51":0,"52":0,"53":0,"54":0,"55":0,"56":0,"57":0,"58":0,"59":0,"60":0,"61":0,"62":0,"63":0,"64":0,"65":0,"66":0,"67":0,"68":0,"69":0,"70":0,"71":0,"72":0,"73":0,"74":0,"75":0,"76":0,"77":0,"78":0,"79":0,"80":0,"81":0,"82":0,"83":0,"84":0,"85":0,"86":3},"f":{"0":0,"1":0,"2":0,"3":0,"4":0,"5":0,"6":0,"7":0,"8":0,"9":0,"10":1,"11":0,"12":3,"13":0,"14":0,"15":0,"16":0,"17":0,"18":0,"19":0,"20":0,"21":0,"22":0,"23":0,"24":0,"25":0,"26":0,"27":0,"28":0,"29":0,"30":0,"31":0,"32":0,"33":0,"34":0,"35":0,"36":0,"37":0,"38":0,"39":0,"40":0,"41":0,"42":0,"43":0},"b":{"0":[0,0],"1":[0,0],"2":[0,0],"3":[0,0],"4":[0,0],"5":[1,0],"6":[1,2],"7":[0,0],"8":[0,0],"9":[0,0],"10":[0,0],"11":[0,0],"12":[0,0]},"_coverageSchema":"1a1c01bbd47fc00a2c39e90264f33305004495a9","hash":"a4bf2c540944901fe60fdafcffae4c7b77aaadf1"}
,"C:\\Users\\giova\\Documents\\GitHub\\SolidarityPurchasingGroup\\client\\src\\App.js": {"path":"C:\\Users\\giova\\Documents\\GitHub\\SolidarityPurchasingGroup\\client\\src\\App.js","statementMap":{"0":{"start":{"line":18,"column":19},"end":{"line":26,"column":1}},"1":{"start":{"line":29,"column":34},"end":{"line":29,"column":49}},"2":{"start":{"line":30,"column":32},"end":{"line":30,"column":44}},"3":{"start":{"line":31,"column":26},"end":{"line":31,"column":45}},"4":{"start":{"line":87,"column":2},"end":{"line":98,"column":9}},"5":{"start":{"line":88,"column":22},"end":{"line":96,"column":5}},"6":{"start":{"line":89,"column":6},"end":{"line":95,"column":7}},"7":{"start":{"line":90,"column":25},"end":{"line":90,"column":48}},"8":{"start":{"line":91,"column":8},"end":{"line":91,"column":26}},"9":{"start":{"line":92,"column":8},"end":{"line":92,"column":26}},"10":{"start":{"line":94,"column":8},"end":{"line":94,"column":33}},"11":{"start":{"line":97,"column":4},"end":{"line":97,"column":16}},"12":{"start":{"line":100,"column":28},"end":{"line":110,"column":3}},"13":{"start":{"line":102,"column":4},"end":{"line":109,"column":5}},"14":{"start":{"line":103,"column":23},"end":{"line":103,"column":79}},"15":{"start":{"line":104,"column":6},"end":{"line":104,"column":24}},"16":{"start":{"line":105,"column":6},"end":{"line":105,"column":60}},"17":{"start":{"line":106,"column":6},"end":{"line":106,"column":24}},"18":{"start":{"line":108,"column":6},"end":{"line":108,"column":74}},"19":{"start":{"line":112,"column":29},"end":{"line":118,"column":3}},"20":{"start":{"line":113,"column":4},"end":{"line":117,"column":7}},"21":{"start":{"line":114,"column":6},"end":{"line":114,"column":25}},"22":{"start":{"line":115,"column":6},"end":{"line":115,"column":21}},"23":{"start":{"line":116,"column":6},"end":{"line":116,"column":25}},"24":{"start":{"line":120,"column":20},"end":{"line":122,"column":3}},"25":{"start":{"line":121,"column":4},"end":{"line":121,"column":69}},"26":{"start":{"line":127,"column":2},"end":{"line":169,"column":4}},"27":{"start":{"line":132,"column":52},"end":{"line":133,"column":90}},"28":{"start":{"line":135,"column":12},"end":{"line":135,"column":38}},"29":{"start":{"line":138,"column":12},"end":{"line":139,"column":66}},"30":{"start":{"line":142,"column":12},"end":{"line":142,"column":59}},"31":{"start":{"line":145,"column":12},"end":{"line":145,"column":56}},"32":{"start":{"line":148,"column":12},"end":{"line":148,"column":72}},"33":{"start":{"line":151,"column":12},"end":{"line":151,"column":28}},"34":{"start":{"line":154,"column":12},"end":{"line":154,"column":84}},"35":{"start":{"line":157,"column":12},"end":{"line":157,"column":37}},"36":{"start":{"line":160,"column":12},"end":{"line":160,"column":43}},"37":{"start":{"line":163,"column":12},"end":{"line":163,"column":31}}},"fnMap":{"0":{"name":"App","decl":{"start":{"line":28,"column":9},"end":{"line":28,"column":12}},"loc":{"start":{"line":28,"column":15},"end":{"line":170,"column":1}},"line":28},"1":{"name":"(anonymous_1)","decl":{"start":{"line":87,"column":12},"end":{"line":87,"column":13}},"loc":{"start":{"line":87,"column":18},"end":{"line":98,"column":3}},"line":87},"2":{"name":"(anonymous_2)","decl":{"start":{"line":88,"column":22},"end":{"line":88,"column":23}},"loc":{"start":{"line":88,"column":34},"end":{"line":96,"column":5}},"line":88},"3":{"name":"(anonymous_3)","decl":{"start":{"line":100,"column":28},"end":{"line":100,"column":29}},"loc":{"start":{"line":100,"column":55},"end":{"line":110,"column":3}},"line":100},"4":{"name":"(anonymous_4)","decl":{"start":{"line":112,"column":29},"end":{"line":112,"column":30}},"loc":{"start":{"line":112,"column":35},"end":{"line":118,"column":3}},"line":112},"5":{"name":"(anonymous_5)","decl":{"start":{"line":113,"column":22},"end":{"line":113,"column":23}},"loc":{"start":{"line":113,"column":28},"end":{"line":117,"column":5}},"line":113},"6":{"name":"(anonymous_6)","decl":{"start":{"line":120,"column":20},"end":{"line":120,"column":21}},"loc":{"start":{"line":120,"column":35},"end":{"line":122,"column":3}},"line":120},"7":{"name":"(anonymous_7)","decl":{"start":{"line":132,"column":45},"end":{"line":132,"column":46}},"loc":{"start":{"line":132,"column":52},"end":{"line":133,"column":90}},"line":132},"8":{"name":"(anonymous_8)","decl":{"start":{"line":134,"column":41},"end":{"line":134,"column":42}},"loc":{"start":{"line":135,"column":12},"end":{"line":135,"column":38}},"line":135},"9":{"name":"(anonymous_9)","decl":{"start":{"line":137,"column":43},"end":{"line":137,"column":44}},"loc":{"start":{"line":138,"column":12},"end":{"line":139,"column":66}},"line":138},"10":{"name":"(anonymous_10)","decl":{"start":{"line":141,"column":42},"end":{"line":141,"column":43}},"loc":{"start":{"line":142,"column":12},"end":{"line":142,"column":59}},"line":142},"11":{"name":"(anonymous_11)","decl":{"start":{"line":144,"column":40},"end":{"line":144,"column":41}},"loc":{"start":{"line":145,"column":12},"end":{"line":145,"column":56}},"line":145},"12":{"name":"(anonymous_12)","decl":{"start":{"line":147,"column":42},"end":{"line":147,"column":43}},"loc":{"start":{"line":148,"column":12},"end":{"line":148,"column":72}},"line":148},"13":{"name":"(anonymous_13)","decl":{"start":{"line":150,"column":41},"end":{"line":150,"column":42}},"loc":{"start":{"line":151,"column":12},"end":{"line":151,"column":28}},"line":151},"14":{"name":"(anonymous_14)","decl":{"start":{"line":153,"column":40},"end":{"line":153,"column":41}},"loc":{"start":{"line":154,"column":12},"end":{"line":154,"column":84}},"line":154},"15":{"name":"(anonymous_15)","decl":{"start":{"line":156,"column":44},"end":{"line":156,"column":45}},"loc":{"start":{"line":157,"column":12},"end":{"line":157,"column":37}},"line":157},"16":{"name":"(anonymous_16)","decl":{"start":{"line":159,"column":48},"end":{"line":159,"column":49}},"loc":{"start":{"line":160,"column":12},"end":{"line":160,"column":43}},"line":160},"17":{"name":"(anonymous_17)","decl":{"start":{"line":162,"column":25},"end":{"line":162,"column":26}},"loc":{"start":{"line":163,"column":12},"end":{"line":163,"column":31}},"line":163}},"branchMap":{"0":{"loc":{"start":{"line":132,"column":55},"end":{"line":133,"column":86}},"type":"cond-expr","locations":[{"start":{"line":132,"column":66},"end":{"line":132,"column":85}},{"start":{"line":133,"column":12},"end":{"line":133,"column":86}}],"line":132}},"s":{"0":3,"1":19,"2":16,"3":16,"4":16,"5":3,"6":3,"7":3,"8":1,"9":1,"10":2,"11":3,"12":16,"13":1,"14":1,"15":1,"16":1,"17":1,"18":0,"19":16,"20":0,"21":0,"22":0,"23":0,"24":16,"25":0,"26":16,"27":4,"28":0,"29":0,"30":1,"31":0,"32":0,"33":0,"34":5,"35":0,"36":0,"37":0},"f":{"0":19,"1":3,"2":3,"3":1,"4":0,"5":0,"6":0,"7":4,"8":0,"9":0,"10":1,"11":0,"12":0,"13":0,"14":5,"15":0,"16":0,"17":0},"b":{"0":[1,3]},"_coverageSchema":"1a1c01bbd47fc00a2c39e90264f33305004495a9","hash":"625efc36fbaaee42e220189e3a7ffa1626196585"}
,"C:\\Users\\giova\\Documents\\GitHub\\SolidarityPurchasingGroup\\client\\src\\index.js": {"path":"C:\\Users\\giova\\Documents\\GitHub\\SolidarityPurchasingGroup\\client\\src\\index.js","statementMap":{"0":{"start":{"line":7,"column":0},"end":{"line":12,"column":2}},"1":{"start":{"line":17,"column":0},"end":{"line":17,"column":18}}},"fnMap":{},"branchMap":{},"s":{"0":3,"1":3},"f":{},"b":{},"_coverageSchema":"1a1c01bbd47fc00a2c39e90264f33305004495a9","hash":"4d41443e51e49f7735ca49188c3c5b6e992fbeff"}
,"C:\\Users\\giova\\Documents\\GitHub\\SolidarityPurchasingGroup\\client\\src\\reportWebVitals.js": {"path":"C:\\Users\\giova\\Documents\\GitHub\\SolidarityPurchasingGroup\\client\\src\\reportWebVitals.js","statementMap":{"0":{"start":{"line":1,"column":24},"end":{"line":11,"column":1}},"1":{"start":{"line":2,"column":2},"end":{"line":10,"column":3}},"2":{"start":{"line":3,"column":4},"end":{"line":9,"column":7}},"3":{"start":{"line":4,"column":6},"end":{"line":4,"column":26}},"4":{"start":{"line":5,"column":6},"end":{"line":5,"column":26}},"5":{"start":{"line":6,"column":6},"end":{"line":6,"column":26}},"6":{"start":{"line":7,"column":6},"end":{"line":7,"column":26}},"7":{"start":{"line":8,"column":6},"end":{"line":8,"column":27}}},"fnMap":{"0":{"name":"(anonymous_0)","decl":{"start":{"line":1,"column":24},"end":{"line":1,"column":25}},"loc":{"start":{"line":1,"column":39},"end":{"line":11,"column":1}},"line":1},"1":{"name":"(anonymous_1)","decl":{"start":{"line":3,"column":30},"end":{"line":3,"column":31}},"loc":{"start":{"line":3,"column":79},"end":{"line":9,"column":5}},"line":3}},"branchMap":{"0":{"loc":{"start":{"line":2,"column":2},"end":{"line":10,"column":3}},"type":"if","locations":[{"start":{"line":2,"column":2},"end":{"line":10,"column":3}},{"start":{"line":2,"column":2},"end":{"line":10,"column":3}}],"line":2},"1":{"loc":{"start":{"line":2,"column":6},"end":{"line":2,"column":52}},"type":"binary-expr","locations":[{"start":{"line":2,"column":6},"end":{"line":2,"column":17}},{"start":{"line":2,"column":21},"end":{"line":2,"column":52}}],"line":2}},"s":{"0":3,"1":3,"2":0,"3":0,"4":0,"5":0,"6":0,"7":0},"f":{"0":3,"1":0},"b":{"0":[0,3],"1":[3,0]},"_coverageSchema":"1a1c01bbd47fc00a2c39e90264f33305004495a9","hash":"ad58b657c0c7b907df34deb08f9aa0d15e042ff1"}
,"C:\\Users\\giova\\Documents\\GitHub\\SolidarityPurchasingGroup\\client\\src\\Components\\Client.js": {"path":"C:\\Users\\giova\\Documents\\GitHub\\SolidarityPurchasingGroup\\client\\src\\Components\\Client.js","statementMap":{"0":{"start":{"line":2,"column":4},"end":{"line":2,"column":27}},"1":{"start":{"line":3,"column":4},"end":{"line":3,"column":47}},"2":{"start":{"line":3,"column":24},"end":{"line":3,"column":44}},"3":{"start":{"line":7,"column":4},"end":{"line":7,"column":21}},"4":{"start":{"line":8,"column":4},"end":{"line":8,"column":27}},"5":{"start":{"line":9,"column":4},"end":{"line":9,"column":23}},"6":{"start":{"line":10,"column":4},"end":{"line":10,"column":29}},"7":{"start":{"line":11,"column":4},"end":{"line":11,"column":35}},"8":{"start":{"line":12,"column":4},"end":{"line":12,"column":27}},"9":{"start":{"line":13,"column":4},"end":{"line":13,"column":17}},"10":{"start":{"line":14,"column":4},"end":{"line":14,"column":23}},"11":{"start":{"line":15,"column":4},"end":{"line":15,"column":24}}},"fnMap":{"0":{"name":"ClientList","decl":{"start":{"line":1,"column":9},"end":{"line":1,"column":19}},"loc":{"start":{"line":1,"column":34},"end":{"line":4,"column":1}},"line":1},"1":{"name":"(anonymous_1)","decl":{"start":{"line":3,"column":15},"end":{"line":3,"column":16}},"loc":{"start":{"line":3,"column":22},"end":{"line":3,"column":46}},"line":3},"2":{"name":"Client","decl":{"start":{"line":6,"column":9},"end":{"line":6,"column":15}},"loc":{"start":{"line":6,"column":81},"end":{"line":16,"column":1}},"line":6}},"branchMap":{"0":{"loc":{"start":{"line":1,"column":20},"end":{"line":1,"column":32}},"type":"default-arg","locations":[{"start":{"line":1,"column":30},"end":{"line":1,"column":32}}],"line":1}},"s":{"0":0,"1":0,"2":0,"3":0,"4":0,"5":0,"6":0,"7":0,"8":0,"9":0,"10":0,"11":0},"f":{"0":0,"1":0,"2":0},"b":{"0":[0]},"_coverageSchema":"1a1c01bbd47fc00a2c39e90264f33305004495a9","hash":"dcf8a4e26d33fed736df99950ef3d5e85fd988cd"}
,"C:\\Users\\giova\\Documents\\GitHub\\SolidarityPurchasingGroup\\client\\src\\Components\\Cart\\Cart.js": {"path":"C:\\Users\\giova\\Documents\\GitHub\\SolidarityPurchasingGroup\\client\\src\\Components\\Cart\\Cart.js","statementMap":{"0":{"start":{"line":16,"column":28},"end":{"line":16,"column":43}},"1":{"start":{"line":17,"column":30},"end":{"line":17,"column":75}},"2":{"start":{"line":18,"column":34},"end":{"line":18,"column":46}},"3":{"start":{"line":19,"column":34},"end":{"line":19,"column":46}},"4":{"start":{"line":20,"column":22},"end":{"line":20,"column":57}},"5":{"start":{"line":21,"column":44},"end":{"line":21,"column":57}},"6":{"start":{"line":23,"column":18},"end":{"line":23,"column":38}},"7":{"start":{"line":23,"column":24},"end":{"line":23,"column":38}},"8":{"start":{"line":24,"column":17},"end":{"line":24,"column":36}},"9":{"start":{"line":24,"column":23},"end":{"line":24,"column":36}},"10":{"start":{"line":26,"column":4},"end":{"line":51,"column":11}},"11":{"start":{"line":27,"column":16},"end":{"line":27,"column":61}},"12":{"start":{"line":29,"column":8},"end":{"line":49,"column":9}},"13":{"start":{"line":31,"column":26},"end":{"line":31,"column":71}},"14":{"start":{"line":32,"column":26},"end":{"line":32,"column":71}},"15":{"start":{"line":34,"column":12},"end":{"line":40,"column":13}},"16":{"start":{"line":35,"column":16},"end":{"line":35,"column":49}},"17":{"start":{"line":36,"column":16},"end":{"line":36,"column":49}},"18":{"start":{"line":38,"column":16},"end":{"line":38,"column":49}},"19":{"start":{"line":39,"column":16},"end":{"line":39,"column":49}},"20":{"start":{"line":42,"column":12},"end":{"line":42,"column":32}},"21":{"start":{"line":43,"column":12},"end":{"line":43,"column":33}},"22":{"start":{"line":46,"column":12},"end":{"line":46,"column":32}},"23":{"start":{"line":47,"column":12},"end":{"line":47,"column":32}},"24":{"start":{"line":53,"column":25},"end":{"line":56,"column":5}},"25":{"start":{"line":54,"column":8},"end":{"line":54,"column":32}},"26":{"start":{"line":55,"column":8},"end":{"line":55,"column":29}},"27":{"start":{"line":58,"column":4},"end":{"line":133,"column":9}},"28":{"start":{"line":80,"column":107},"end":{"line":80,"column":135}},"29":{"start":{"line":92,"column":61},"end":{"line":92,"column":86}},"30":{"start":{"line":96,"column":40},"end":{"line":96,"column":59}},"31":{"start":{"line":113,"column":43},"end":{"line":113,"column":108}},"32":{"start":{"line":129,"column":24},"end":{"line":130,"column":130}},"33":{"start":{"line":137,"column":4},"end":{"line":171,"column":6}},"34":{"start":{"line":139,"column":83},"end":{"line":139,"column":128}},"35":{"start":{"line":153,"column":91},"end":{"line":153,"column":141}},"36":{"start":{"line":156,"column":95},"end":{"line":156,"column":179}},"37":{"start":{"line":163,"column":43},"end":{"line":163,"column":93}}},"fnMap":{"0":{"name":"Cart","decl":{"start":{"line":15,"column":9},"end":{"line":15,"column":13}},"loc":{"start":{"line":15,"column":21},"end":{"line":134,"column":1}},"line":15},"1":{"name":"(anonymous_1)","decl":{"start":{"line":23,"column":18},"end":{"line":23,"column":19}},"loc":{"start":{"line":23,"column":24},"end":{"line":23,"column":38}},"line":23},"2":{"name":"(anonymous_2)","decl":{"start":{"line":24,"column":17},"end":{"line":24,"column":18}},"loc":{"start":{"line":24,"column":23},"end":{"line":24,"column":36}},"line":24},"3":{"name":"(anonymous_3)","decl":{"start":{"line":26,"column":14},"end":{"line":26,"column":15}},"loc":{"start":{"line":26,"column":20},"end":{"line":51,"column":5}},"line":26},"4":{"name":"(anonymous_4)","decl":{"start":{"line":53,"column":25},"end":{"line":53,"column":26}},"loc":{"start":{"line":53,"column":37},"end":{"line":56,"column":5}},"line":53},"5":{"name":"(anonymous_5)","decl":{"start":{"line":80,"column":102},"end":{"line":80,"column":103}},"loc":{"start":{"line":80,"column":107},"end":{"line":80,"column":135}},"line":80},"6":{"name":"(anonymous_6)","decl":{"start":{"line":92,"column":49},"end":{"line":92,"column":50}},"loc":{"start":{"line":92,"column":61},"end":{"line":92,"column":86}},"line":92},"7":{"name":"(anonymous_7)","decl":{"start":{"line":95,"column":46},"end":{"line":95,"column":47}},"loc":{"start":{"line":95,"column":60},"end":{"line":97,"column":37}},"line":95},"8":{"name":"(anonymous_8)","decl":{"start":{"line":113,"column":37},"end":{"line":113,"column":38}},"loc":{"start":{"line":113,"column":43},"end":{"line":113,"column":108}},"line":113},"9":{"name":"(anonymous_9)","decl":{"start":{"line":128,"column":37},"end":{"line":128,"column":38}},"loc":{"start":{"line":129,"column":24},"end":{"line":130,"column":130}},"line":129},"10":{"name":"CartProduct","decl":{"start":{"line":136,"column":9},"end":{"line":136,"column":20}},"loc":{"start":{"line":136,"column":28},"end":{"line":172,"column":1}},"line":136},"11":{"name":"(anonymous_11)","decl":{"start":{"line":139,"column":77},"end":{"line":139,"column":78}},"loc":{"start":{"line":139,"column":83},"end":{"line":139,"column":128}},"line":139},"12":{"name":"(anonymous_12)","decl":{"start":{"line":153,"column":85},"end":{"line":153,"column":86}},"loc":{"start":{"line":153,"column":91},"end":{"line":153,"column":141}},"line":153},"13":{"name":"(anonymous_13)","decl":{"start":{"line":156,"column":90},"end":{"line":156,"column":91}},"loc":{"start":{"line":156,"column":95},"end":{"line":156,"column":179}},"line":156},"14":{"name":"(anonymous_14)","decl":{"start":{"line":163,"column":37},"end":{"line":163,"column":38}},"loc":{"start":{"line":163,"column":43},"end":{"line":163,"column":93}},"line":163}},"branchMap":{"0":{"loc":{"start":{"line":29,"column":8},"end":{"line":49,"column":9}},"type":"if","locations":[{"start":{"line":29,"column":8},"end":{"line":49,"column":9}},{"start":{"line":29,"column":8},"end":{"line":49,"column":9}}],"line":29},"1":{"loc":{"start":{"line":29,"column":12},"end":{"line":29,"column":48}},"type":"binary-expr","locations":[{"start":{"line":29,"column":12},"end":{"line":29,"column":28}},{"start":{"line":29,"column":32},"end":{"line":29,"column":48}}],"line":29},"2":{"loc":{"start":{"line":34,"column":12},"end":{"line":40,"column":13}},"type":"if","locations":[{"start":{"line":34,"column":12},"end":{"line":40,"column":13}},{"start":{"line":34,"column":12},"end":{"line":40,"column":13}}],"line":34},"3":{"loc":{"start":{"line":70,"column":79},"end":{"line":70,"column":124}},"type":"cond-expr","locations":[{"start":{"line":70,"column":96},"end":{"line":70,"column":119}},{"start":{"line":70,"column":122},"end":{"line":70,"column":124}}],"line":70},"4":{"loc":{"start":{"line":73,"column":29},"end":{"line":73,"column":81}},"type":"binary-expr","locations":[{"start":{"line":73,"column":29},"end":{"line":73,"column":53}},{"start":{"line":73,"column":57},"end":{"line":73,"column":81}}],"line":73},"5":{"loc":{"start":{"line":80,"column":43},"end":{"line":80,"column":90}},"type":"binary-expr","locations":[{"start":{"line":80,"column":43},"end":{"line":80,"column":66}},{"start":{"line":80,"column":70},"end":{"line":80,"column":90}}],"line":80},"6":{"loc":{"start":{"line":87,"column":21},"end":{"line":109,"column":29}},"type":"cond-expr","locations":[{"start":{"line":88,"column":24},"end":{"line":107,"column":47}},{"start":{"line":109,"column":24},"end":{"line":109,"column":29}}],"line":87},"7":{"loc":{"start":{"line":112,"column":60},"end":{"line":112,"column":131}},"type":"binary-expr","locations":[{"start":{"line":112,"column":60},"end":{"line":112,"column":83}},{"start":{"line":112,"column":87},"end":{"line":112,"column":107}},{"start":{"line":112,"column":111},"end":{"line":112,"column":131}}],"line":112},"8":{"loc":{"start":{"line":114,"column":29},"end":{"line":114,"column":132}},"type":"cond-expr","locations":[{"start":{"line":114,"column":52},"end":{"line":114,"column":114}},{"start":{"line":114,"column":117},"end":{"line":114,"column":132}}],"line":114},"9":{"loc":{"start":{"line":119,"column":21},"end":{"line":123,"column":28}},"type":"cond-expr","locations":[{"start":{"line":120,"column":24},"end":{"line":122,"column":32}},{"start":{"line":123,"column":26},"end":{"line":123,"column":28}}],"line":119},"10":{"loc":{"start":{"line":127,"column":17},"end":{"line":130,"column":131}},"type":"cond-expr","locations":[{"start":{"line":127,"column":43},"end":{"line":127,"column":97}},{"start":{"line":128,"column":22},"end":{"line":130,"column":131}}],"line":127},"11":{"loc":{"start":{"line":156,"column":139},"end":{"line":156,"column":175}},"type":"cond-expr","locations":[{"start":{"line":156,"column":157},"end":{"line":156,"column":158}},{"start":{"line":156,"column":161},"end":{"line":156,"column":175}}],"line":156},"12":{"loc":{"start":{"line":166,"column":17},"end":{"line":166,"column":138}},"type":"binary-expr","locations":[{"start":{"line":166,"column":17},"end":{"line":166,"column":74}},{"start":{"line":166,"column":78},"end":{"line":166,"column":138}}],"line":166}},"s":{"0":25,"1":24,"2":24,"3":24,"4":24,"5":24,"6":24,"7":0,"8":24,"9":1,"10":24,"11":1,"12":1,"13":1,"14":1,"15":1,"16":1,"17":1,"18":0,"19":0,"20":1,"21":1,"22":1,"23":1,"24":24,"25":1,"26":1,"27":24,"28":1,"29":14,"30":1,"31":1,"32":14,"33":10,"34":0,"35":0,"36":0,"37":0},"f":{"0":25,"1":0,"2":1,"3":1,"4":1,"5":1,"6":14,"7":1,"8":1,"9":14,"10":10,"11":0,"12":0,"13":0,"14":0},"b":{"0":[1,0],"1":[1,0],"2":[1,0],"3":[0,24],"4":[24,0],"5":[24,14],"6":[8,16],"7":[24,14,12],"8":[2,22],"9":[0,24],"10":[10,14],"11":[0,0],"12":[10,0]},"_coverageSchema":"1a1c01bbd47fc00a2c39e90264f33305004495a9","hash":"c1adff7e0a6a410eea2bb182f66bbec8ab9c5be1"}
,"C:\\Users\\giova\\Documents\\GitHub\\SolidarityPurchasingGroup\\client\\src\\Components\\ClientList\\AddClient.js": {"path":"C:\\Users\\giova\\Documents\\GitHub\\SolidarityPurchasingGroup\\client\\src\\Components\\ClientList\\AddClient.js","statementMap":{"0":{"start":{"line":8,"column":4},"end":{"line":23,"column":6}},"1":{"start":{"line":27,"column":28},"end":{"line":27,"column":42}},"2":{"start":{"line":29,"column":24},"end":{"line":31,"column":5}},"3":{"start":{"line":30,"column":8},"end":{"line":30,"column":23}},"4":{"start":{"line":33,"column":4},"end":{"line":48,"column":5}},"5":{"start":{"line":34,"column":8},"end":{"line":43,"column":10}},"6":{"start":{"line":45,"column":8},"end":{"line":47,"column":10}},"7":{"start":{"line":53,"column":28},"end":{"line":53,"column":40}},"8":{"start":{"line":54,"column":34},"end":{"line":54,"column":46}},"9":{"start":{"line":55,"column":30},"end":{"line":55,"column":42}},"10":{"start":{"line":56,"column":36},"end":{"line":56,"column":48}},"11":{"start":{"line":57,"column":42},"end":{"line":57,"column":54}},"12":{"start":{"line":58,"column":34},"end":{"line":58,"column":46}},"13":{"start":{"line":60,"column":44},"end":{"line":60,"column":56}},"14":{"start":{"line":61,"column":38},"end":{"line":61,"column":53}},"15":{"start":{"line":63,"column":16},"end":{"line":63,"column":18}},"16":{"start":{"line":65,"column":22},"end":{"line":109,"column":5}},"17":{"start":{"line":66,"column":8},"end":{"line":66,"column":31}},"18":{"start":{"line":68,"column":20},"end":{"line":68,"column":24}},"19":{"start":{"line":69,"column":8},"end":{"line":73,"column":9}},"20":{"start":{"line":70,"column":12},"end":{"line":70,"column":51}},"21":{"start":{"line":71,"column":12},"end":{"line":71,"column":35}},"22":{"start":{"line":72,"column":12},"end":{"line":72,"column":26}},"23":{"start":{"line":74,"column":8},"end":{"line":78,"column":9}},"24":{"start":{"line":75,"column":12},"end":{"line":75,"column":53}},"25":{"start":{"line":76,"column":12},"end":{"line":76,"column":35}},"26":{"start":{"line":77,"column":12},"end":{"line":77,"column":26}},"27":{"start":{"line":79,"column":8},"end":{"line":83,"column":9}},"28":{"start":{"line":80,"column":12},"end":{"line":80,"column":54}},"29":{"start":{"line":81,"column":12},"end":{"line":81,"column":35}},"30":{"start":{"line":82,"column":12},"end":{"line":82,"column":26}},"31":{"start":{"line":84,"column":8},"end":{"line":88,"column":9}},"32":{"start":{"line":85,"column":12},"end":{"line":85,"column":51}},"33":{"start":{"line":86,"column":12},"end":{"line":86,"column":35}},"34":{"start":{"line":87,"column":12},"end":{"line":87,"column":26}},"35":{"start":{"line":89,"column":8},"end":{"line":93,"column":9}},"36":{"start":{"line":90,"column":12},"end":{"line":90,"column":53}},"37":{"start":{"line":91,"column":12},"end":{"line":91,"column":35}},"38":{"start":{"line":92,"column":12},"end":{"line":92,"column":26}},"39":{"start":{"line":94,"column":8},"end":{"line":98,"column":9}},"40":{"start":{"line":95,"column":12},"end":{"line":95,"column":51}},"41":{"start":{"line":96,"column":12},"end":{"line":96,"column":35}},"42":{"start":{"line":97,"column":12},"end":{"line":97,"column":26}},"43":{"start":{"line":99,"column":8},"end":{"line":103,"column":9}},"44":{"start":{"line":100,"column":12},"end":{"line":100,"column":80}},"45":{"start":{"line":101,"column":12},"end":{"line":101,"column":35}},"46":{"start":{"line":102,"column":12},"end":{"line":102,"column":26}},"47":{"start":{"line":104,"column":8},"end":{"line":108,"column":9}},"48":{"start":{"line":105,"column":12},"end":{"line":105,"column":94}},"49":{"start":{"line":106,"column":12},"end":{"line":106,"column":24}},"50":{"start":{"line":107,"column":12},"end":{"line":107,"column":31}},"51":{"start":{"line":111,"column":22},"end":{"line":118,"column":5}},"52":{"start":{"line":112,"column":8},"end":{"line":112,"column":19}},"53":{"start":{"line":113,"column":8},"end":{"line":113,"column":23}},"54":{"start":{"line":114,"column":8},"end":{"line":114,"column":21}},"55":{"start":{"line":115,"column":8},"end":{"line":115,"column":24}},"56":{"start":{"line":116,"column":8},"end":{"line":116,"column":27}},"57":{"start":{"line":117,"column":8},"end":{"line":117,"column":23}},"58":{"start":{"line":120,"column":4},"end":{"line":173,"column":5}},"59":{"start":{"line":121,"column":8},"end":{"line":128,"column":10}},"60":{"start":{"line":130,"column":8},"end":{"line":172,"column":10}},"61":{"start":{"line":135,"column":84},"end":{"line":135,"column":108}},"62":{"start":{"line":140,"column":87},"end":{"line":140,"column":114}},"63":{"start":{"line":146,"column":85},"end":{"line":146,"column":110}},"64":{"start":{"line":153,"column":92},"end":{"line":153,"column":120}},"65":{"start":{"line":160,"column":91},"end":{"line":160,"column":122}},"66":{"start":{"line":166,"column":87},"end":{"line":166,"column":114}}},"fnMap":{"0":{"name":"AddClientBtn","decl":{"start":{"line":7,"column":9},"end":{"line":7,"column":21}},"loc":{"start":{"line":7,"column":29},"end":{"line":24,"column":1}},"line":7},"1":{"name":"ClientModal","decl":{"start":{"line":26,"column":9},"end":{"line":26,"column":20}},"loc":{"start":{"line":26,"column":28},"end":{"line":50,"column":1}},"line":26},"2":{"name":"(anonymous_2)","decl":{"start":{"line":29,"column":24},"end":{"line":29,"column":25}},"loc":{"start":{"line":29,"column":30},"end":{"line":31,"column":5}},"line":29},"3":{"name":"AddClientForm","decl":{"start":{"line":52,"column":9},"end":{"line":52,"column":22}},"loc":{"start":{"line":52,"column":30},"end":{"line":175,"column":1}},"line":52},"4":{"name":"(anonymous_4)","decl":{"start":{"line":65,"column":22},"end":{"line":65,"column":23}},"loc":{"start":{"line":65,"column":33},"end":{"line":109,"column":5}},"line":65},"5":{"name":"(anonymous_5)","decl":{"start":{"line":111,"column":22},"end":{"line":111,"column":23}},"loc":{"start":{"line":111,"column":28},"end":{"line":118,"column":5}},"line":111},"6":{"name":"(anonymous_6)","decl":{"start":{"line":135,"column":78},"end":{"line":135,"column":79}},"loc":{"start":{"line":135,"column":84},"end":{"line":135,"column":108}},"line":135},"7":{"name":"(anonymous_7)","decl":{"start":{"line":140,"column":81},"end":{"line":140,"column":82}},"loc":{"start":{"line":140,"column":87},"end":{"line":140,"column":114}},"line":140},"8":{"name":"(anonymous_8)","decl":{"start":{"line":146,"column":79},"end":{"line":146,"column":80}},"loc":{"start":{"line":146,"column":85},"end":{"line":146,"column":110}},"line":146},"9":{"name":"(anonymous_9)","decl":{"start":{"line":153,"column":86},"end":{"line":153,"column":87}},"loc":{"start":{"line":153,"column":92},"end":{"line":153,"column":120}},"line":153},"10":{"name":"(anonymous_10)","decl":{"start":{"line":160,"column":85},"end":{"line":160,"column":86}},"loc":{"start":{"line":160,"column":91},"end":{"line":160,"column":122}},"line":160},"11":{"name":"(anonymous_11)","decl":{"start":{"line":166,"column":81},"end":{"line":166,"column":82}},"loc":{"start":{"line":166,"column":87},"end":{"line":166,"column":114}},"line":166}},"branchMap":{"0":{"loc":{"start":{"line":33,"column":4},"end":{"line":48,"column":5}},"type":"if","locations":[{"start":{"line":33,"column":4},"end":{"line":48,"column":5}},{"start":{"line":33,"column":4},"end":{"line":48,"column":5}}],"line":33},"1":{"loc":{"start":{"line":69,"column":8},"end":{"line":73,"column":9}},"type":"if","locations":[{"start":{"line":69,"column":8},"end":{"line":73,"column":9}},{"start":{"line":69,"column":8},"end":{"line":73,"column":9}}],"line":69},"2":{"loc":{"start":{"line":74,"column":8},"end":{"line":78,"column":9}},"type":"if","locations":[{"start":{"line":74,"column":8},"end":{"line":78,"column":9}},{"start":{"line":74,"column":8},"end":{"line":78,"column":9}}],"line":74},"3":{"loc":{"start":{"line":79,"column":8},"end":{"line":83,"column":9}},"type":"if","locations":[{"start":{"line":79,"column":8},"end":{"line":83,"column":9}},{"start":{"line":79,"column":8},"end":{"line":83,"column":9}}],"line":79},"4":{"loc":{"start":{"line":84,"column":8},"end":{"line":88,"column":9}},"type":"if","locations":[{"start":{"line":84,"column":8},"end":{"line":88,"column":9}},{"start":{"line":84,"column":8},"end":{"line":88,"column":9}}],"line":84},"5":{"loc":{"start":{"line":89,"column":8},"end":{"line":93,"column":9}},"type":"if","locations":[{"start":{"line":89,"column":8},"end":{"line":93,"column":9}},{"start":{"line":89,"column":8},"end":{"line":93,"column":9}}],"line":89},"6":{"loc":{"start":{"line":94,"column":8},"end":{"line":98,"column":9}},"type":"if","locations":[{"start":{"line":94,"column":8},"end":{"line":98,"column":9}},{"start":{"line":94,"column":8},"end":{"line":98,"column":9}}],"line":94},"7":{"loc":{"start":{"line":99,"column":8},"end":{"line":103,"column":9}},"type":"if","locations":[{"start":{"line":99,"column":8},"end":{"line":103,"column":9}},{"start":{"line":99,"column":8},"end":{"line":103,"column":9}}],"line":99},"8":{"loc":{"start":{"line":99,"column":12},"end":{"line":99,"column":51}},"type":"binary-expr","locations":[{"start":{"line":99,"column":12},"end":{"line":99,"column":30}},{"start":{"line":99,"column":34},"end":{"line":99,"column":51}}],"line":99},"9":{"loc":{"start":{"line":104,"column":8},"end":{"line":108,"column":9}},"type":"if","locations":[{"start":{"line":104,"column":8},"end":{"line":108,"column":9}},{"start":{"line":104,"column":8},"end":{"line":108,"column":9}}],"line":104},"10":{"loc":{"start":{"line":120,"column":4},"end":{"line":173,"column":5}},"type":"if","locations":[{"start":{"line":120,"column":4},"end":{"line":173,"column":5}},{"start":{"line":120,"column":4},"end":{"line":173,"column":5}}],"line":120}},"s":{"0":0,"1":0,"2":0,"3":0,"4":0,"5":0,"6":0,"7":0,"8":0,"9":0,"10":0,"11":0,"12":0,"13":0,"14":0,"15":0,"16":0,"17":0,"18":0,"19":0,"20":0,"21":0,"22":0,"23":0,"24":0,"25":0,"26":0,"27":0,"28":0,"29":0,"30":0,"31":0,"32":0,"33":0,"34":0,"35":0,"36":0,"37":0,"38":0,"39":0,"40":0,"41":0,"42":0,"43":0,"44":0,"45":0,"46":0,"47":0,"48":0,"49":0,"50":0,"51":0,"52":0,"53":0,"54":0,"55":0,"56":0,"57":0,"58":0,"59":0,"60":0,"61":0,"62":0,"63":0,"64":0,"65":0,"66":0},"f":{"0":0,"1":0,"2":0,"3":0,"4":0,"5":0,"6":0,"7":0,"8":0,"9":0,"10":0,"11":0},"b":{"0":[0,0],"1":[0,0],"2":[0,0],"3":[0,0],"4":[0,0],"5":[0,0],"6":[0,0],"7":[0,0],"8":[0,0],"9":[0,0],"10":[0,0]},"_coverageSchema":"1a1c01bbd47fc00a2c39e90264f33305004495a9","hash":"67e76eb540bade6185e22db085e1688d5f083903"}
,"C:\\Users\\giova\\Documents\\GitHub\\SolidarityPurchasingGroup\\client\\src\\Components\\ClientList\\ClientList.js": {"path":"C:\\Users\\giova\\Documents\\GitHub\\SolidarityPurchasingGroup\\client\\src\\Components\\ClientList\\ClientList.js","statementMap":{"0":{"start":{"line":13,"column":4},"end":{"line":35,"column":6}},"1":{"start":{"line":41,"column":18},"end":{"line":41,"column":20}},"2":{"start":{"line":42,"column":34},"end":{"line":42,"column":46}},"3":{"start":{"line":43,"column":46},"end":{"line":43,"column":58}},"4":{"start":{"line":44,"column":58},"end":{"line":44,"column":70}},"5":{"start":{"line":47,"column":4},"end":{"line":65,"column":11}},"6":{"start":{"line":48,"column":22},"end":{"line":48,"column":26}},"7":{"start":{"line":50,"column":30},"end":{"line":52,"column":9}},"8":{"start":{"line":51,"column":12},"end":{"line":51,"column":48}},"9":{"start":{"line":53,"column":8},"end":{"line":63,"column":15}},"10":{"start":{"line":54,"column":12},"end":{"line":59,"column":13}},"11":{"start":{"line":55,"column":16},"end":{"line":55,"column":36}},"12":{"start":{"line":56,"column":16},"end":{"line":56,"column":42}},"13":{"start":{"line":57,"column":16},"end":{"line":57,"column":37}},"14":{"start":{"line":62,"column":16},"end":{"line":62,"column":35}},"15":{"start":{"line":64,"column":8},"end":{"line":64,"column":41}},"16":{"start":{"line":64,"column":23},"end":{"line":64,"column":38}},"17":{"start":{"line":70,"column":16},"end":{"line":70,"column":18}},"18":{"start":{"line":71,"column":8},"end":{"line":73,"column":10}},"19":{"start":{"line":72,"column":12},"end":{"line":72,"column":78}},"20":{"start":{"line":72,"column":68},"end":{"line":72,"column":78}},"21":{"start":{"line":75,"column":8},"end":{"line":75,"column":28}},"22":{"start":{"line":81,"column":4},"end":{"line":111,"column":6}},"23":{"start":{"line":89,"column":101},"end":{"line":89,"column":133}},"24":{"start":{"line":102,"column":24},"end":{"line":104,"column":26}},"25":{"start":{"line":115,"column":42},"end":{"line":115,"column":53}},"26":{"start":{"line":116,"column":28},"end":{"line":116,"column":43}},"27":{"start":{"line":118,"column":24},"end":{"line":118,"column":44}},"28":{"start":{"line":118,"column":30},"end":{"line":118,"column":44}},"29":{"start":{"line":119,"column":23},"end":{"line":119,"column":42}},"30":{"start":{"line":119,"column":29},"end":{"line":119,"column":42}},"31":{"start":{"line":121,"column":25},"end":{"line":129,"column":5}},"32":{"start":{"line":122,"column":24},"end":{"line":122,"column":67}},"33":{"start":{"line":123,"column":8},"end":{"line":128,"column":11}},"34":{"start":{"line":124,"column":12},"end":{"line":124,"column":71}},"35":{"start":{"line":126,"column":12},"end":{"line":126,"column":75}},"36":{"start":{"line":127,"column":12},"end":{"line":127,"column":31}},"37":{"start":{"line":132,"column":4},"end":{"line":165,"column":5}},"38":{"start":{"line":151,"column":101},"end":{"line":151,"column":132}}},"fnMap":{"0":{"name":"Client","decl":{"start":{"line":12,"column":9},"end":{"line":12,"column":15}},"loc":{"start":{"line":12,"column":23},"end":{"line":36,"column":1}},"line":12},"1":{"name":"ClientList","decl":{"start":{"line":40,"column":9},"end":{"line":40,"column":19}},"loc":{"start":{"line":40,"column":27},"end":{"line":112,"column":1}},"line":40},"2":{"name":"(anonymous_2)","decl":{"start":{"line":47,"column":14},"end":{"line":47,"column":15}},"loc":{"start":{"line":47,"column":20},"end":{"line":65,"column":5}},"line":47},"3":{"name":"(anonymous_3)","decl":{"start":{"line":50,"column":30},"end":{"line":50,"column":31}},"loc":{"start":{"line":50,"column":42},"end":{"line":52,"column":9}},"line":50},"4":{"name":"(anonymous_4)","decl":{"start":{"line":53,"column":29},"end":{"line":53,"column":30}},"loc":{"start":{"line":53,"column":37},"end":{"line":60,"column":9}},"line":53},"5":{"name":"(anonymous_5)","decl":{"start":{"line":61,"column":19},"end":{"line":61,"column":20}},"loc":{"start":{"line":61,"column":26},"end":{"line":63,"column":13}},"line":61},"6":{"name":"(anonymous_6)","decl":{"start":{"line":64,"column":15},"end":{"line":64,"column":16}},"loc":{"start":{"line":64,"column":21},"end":{"line":64,"column":40}},"line":64},"7":{"name":"changeSearchText","decl":{"start":{"line":69,"column":13},"end":{"line":69,"column":29}},"loc":{"start":{"line":69,"column":36},"end":{"line":77,"column":5}},"line":69},"8":{"name":"(anonymous_8)","decl":{"start":{"line":71,"column":24},"end":{"line":71,"column":25}},"loc":{"start":{"line":71,"column":29},"end":{"line":73,"column":9}},"line":71},"9":{"name":"(anonymous_9)","decl":{"start":{"line":89,"column":96},"end":{"line":89,"column":97}},"loc":{"start":{"line":89,"column":101},"end":{"line":89,"column":133}},"line":89},"10":{"name":"(anonymous_10)","decl":{"start":{"line":101,"column":38},"end":{"line":101,"column":39}},"loc":{"start":{"line":102,"column":24},"end":{"line":104,"column":26}},"line":102},"11":{"name":"WalletTopUpModal","decl":{"start":{"line":114,"column":9},"end":{"line":114,"column":25}},"loc":{"start":{"line":114,"column":33},"end":{"line":166,"column":1}},"line":114},"12":{"name":"(anonymous_12)","decl":{"start":{"line":118,"column":24},"end":{"line":118,"column":25}},"loc":{"start":{"line":118,"column":30},"end":{"line":118,"column":44}},"line":118},"13":{"name":"(anonymous_13)","decl":{"start":{"line":119,"column":23},"end":{"line":119,"column":24}},"loc":{"start":{"line":119,"column":29},"end":{"line":119,"column":42}},"line":119},"14":{"name":"(anonymous_14)","decl":{"start":{"line":121,"column":25},"end":{"line":121,"column":26}},"loc":{"start":{"line":121,"column":31},"end":{"line":129,"column":5}},"line":121},"15":{"name":"(anonymous_15)","decl":{"start":{"line":123,"column":63},"end":{"line":123,"column":64}},"loc":{"start":{"line":123,"column":76},"end":{"line":125,"column":9}},"line":123},"16":{"name":"(anonymous_16)","decl":{"start":{"line":125,"column":17},"end":{"line":125,"column":18}},"loc":{"start":{"line":125,"column":24},"end":{"line":128,"column":9}},"line":125},"17":{"name":"(anonymous_17)","decl":{"start":{"line":151,"column":93},"end":{"line":151,"column":94}},"loc":{"start":{"line":151,"column":101},"end":{"line":151,"column":132}},"line":151}},"branchMap":{"0":{"loc":{"start":{"line":54,"column":12},"end":{"line":59,"column":13}},"type":"if","locations":[{"start":{"line":54,"column":12},"end":{"line":59,"column":13}},{"start":{"line":54,"column":12},"end":{"line":59,"column":13}}],"line":54},"1":{"loc":{"start":{"line":72,"column":12},"end":{"line":72,"column":78}},"type":"if","locations":[{"start":{"line":72,"column":12},"end":{"line":72,"column":78}},{"start":{"line":72,"column":12},"end":{"line":72,"column":78}}],"line":72},"2":{"loc":{"start":{"line":83,"column":13},"end":{"line":86,"column":29}},"type":"cond-expr","locations":[{"start":{"line":84,"column":16},"end":{"line":86,"column":24}},{"start":{"line":86,"column":27},"end":{"line":86,"column":29}}],"line":83}},"s":{"0":0,"1":0,"2":0,"3":0,"4":0,"5":0,"6":0,"7":0,"8":0,"9":0,"10":0,"11":0,"12":0,"13":0,"14":0,"15":0,"16":0,"17":0,"18":0,"19":0,"20":0,"21":0,"22":0,"23":0,"24":0,"25":0,"26":0,"27":0,"28":0,"29":0,"30":0,"31":0,"32":0,"33":0,"34":0,"35":0,"36":0,"37":0,"38":0},"f":{"0":0,"1":0,"2":0,"3":0,"4":0,"5":0,"6":0,"7":0,"8":0,"9":0,"10":0,"11":0,"12":0,"13":0,"14":0,"15":0,"16":0,"17":0},"b":{"0":[0,0],"1":[0,0],"2":[0,0]},"_coverageSchema":"1a1c01bbd47fc00a2c39e90264f33305004495a9","hash":"ca57155d526cdfa5eff5fe73e513a9f6cc4ef746"}
,"C:\\Users\\giova\\Documents\\GitHub\\SolidarityPurchasingGroup\\client\\src\\Components\\ClientList\\ModalClientOrders.js": {"path":"C:\\Users\\giova\\Documents\\GitHub\\SolidarityPurchasingGroup\\client\\src\\Components\\ClientList\\ModalClientOrders.js","statementMap":{"0":{"start":{"line":7,"column":24},"end":{"line":7,"column":39}},"1":{"start":{"line":8,"column":22},"end":{"line":8,"column":42}},"2":{"start":{"line":8,"column":28},"end":{"line":8,"column":42}},"3":{"start":{"line":9,"column":21},"end":{"line":9,"column":40}},"4":{"start":{"line":9,"column":27},"end":{"line":9,"column":40}},"5":{"start":{"line":10,"column":30},"end":{"line":10,"column":42}},"6":{"start":{"line":11,"column":48},"end":{"line":11,"column":62}},"7":{"start":{"line":12,"column":42},"end":{"line":12,"column":54}},"8":{"start":{"line":14,"column":2},"end":{"line":26,"column":15}},"9":{"start":{"line":16,"column":4},"end":{"line":25,"column":15}},"10":{"start":{"line":17,"column":14},"end":{"line":17,"column":37}},"11":{"start":{"line":18,"column":14},"end":{"line":18,"column":34}},"12":{"start":{"line":19,"column":14},"end":{"line":19,"column":43}},"13":{"start":{"line":20,"column":16},"end":{"line":20,"column":62}},"14":{"start":{"line":20,"column":47},"end":{"line":20,"column":58}},"15":{"start":{"line":21,"column":16},"end":{"line":21,"column":42}},"16":{"start":{"line":23,"column":16},"end":{"line":23,"column":73}},"17":{"start":{"line":24,"column":16},"end":{"line":24,"column":35}},"18":{"start":{"line":27,"column":2},"end":{"line":76,"column":4}},"19":{"start":{"line":61,"column":24},"end":{"line":63,"column":26}}},"fnMap":{"0":{"name":"ModalClientOrders","decl":{"start":{"line":6,"column":9},"end":{"line":6,"column":26}},"loc":{"start":{"line":6,"column":34},"end":{"line":77,"column":1}},"line":6},"1":{"name":"(anonymous_1)","decl":{"start":{"line":8,"column":22},"end":{"line":8,"column":23}},"loc":{"start":{"line":8,"column":28},"end":{"line":8,"column":42}},"line":8},"2":{"name":"(anonymous_2)","decl":{"start":{"line":9,"column":21},"end":{"line":9,"column":22}},"loc":{"start":{"line":9,"column":27},"end":{"line":9,"column":40}},"line":9},"3":{"name":"(anonymous_3)","decl":{"start":{"line":14,"column":12},"end":{"line":14,"column":13}},"loc":{"start":{"line":14,"column":18},"end":{"line":26,"column":9}},"line":14},"4":{"name":"(anonymous_4)","decl":{"start":{"line":16,"column":55},"end":{"line":16,"column":56}},"loc":{"start":{"line":16,"column":67},"end":{"line":22,"column":13}},"line":16},"5":{"name":"(anonymous_5)","decl":{"start":{"line":20,"column":37},"end":{"line":20,"column":38}},"loc":{"start":{"line":20,"column":47},"end":{"line":20,"column":58}},"line":20},"6":{"name":"(anonymous_6)","decl":{"start":{"line":22,"column":21},"end":{"line":22,"column":22}},"loc":{"start":{"line":22,"column":28},"end":{"line":25,"column":13}},"line":22},"7":{"name":"(anonymous_7)","decl":{"start":{"line":60,"column":31},"end":{"line":60,"column":32}},"loc":{"start":{"line":61,"column":24},"end":{"line":63,"column":26}},"line":61}},"branchMap":{},"s":{"0":0,"1":0,"2":0,"3":0,"4":0,"5":0,"6":0,"7":0,"8":0,"9":0,"10":0,"11":0,"12":0,"13":0,"14":0,"15":0,"16":0,"17":0,"18":0,"19":0},"f":{"0":0,"1":0,"2":0,"3":0,"4":0,"5":0,"6":0,"7":0},"b":{},"_coverageSchema":"1a1c01bbd47fc00a2c39e90264f33305004495a9","hash":"8fbb847d2ede6363a7edec7bfb8725b08d0a4768"}
,"C:\\Users\\giova\\Documents\\GitHub\\SolidarityPurchasingGroup\\client\\src\\Components\\FarmerHome\\FarmerHome.js": {"path":"C:\\Users\\giova\\Documents\\GitHub\\SolidarityPurchasingGroup\\client\\src\\Components\\FarmerHome\\FarmerHome.js","statementMap":{"0":{"start":{"line":23,"column":28},"end":{"line":23,"column":43}},"1":{"start":{"line":24,"column":36},"end":{"line":24,"column":51}},"2":{"start":{"line":25,"column":28},"end":{"line":25,"column":43}},"3":{"start":{"line":26,"column":34},"end":{"line":26,"column":49}},"4":{"start":{"line":27,"column":30},"end":{"line":27,"column":45}},"5":{"start":{"line":29,"column":46},"end":{"line":29,"column":56}},"6":{"start":{"line":30,"column":15},"end":{"line":30,"column":17}},"7":{"start":{"line":31,"column":19},"end":{"line":31,"column":21}},"8":{"start":{"line":32,"column":36},"end":{"line":32,"column":48}},"9":{"start":{"line":33,"column":44},"end":{"line":33,"column":56}},"10":{"start":{"line":35,"column":32},"end":{"line":35,"column":44}},"11":{"start":{"line":36,"column":44},"end":{"line":36,"column":97}},"12":{"start":{"line":37,"column":42},"end":{"line":37,"column":57}},"13":{"start":{"line":38,"column":42},"end":{"line":38,"column":57}},"14":{"start":{"line":41,"column":4},"end":{"line":63,"column":25}},"15":{"start":{"line":42,"column":22},"end":{"line":42,"column":26}},"16":{"start":{"line":44,"column":30},"end":{"line":49,"column":9}},"17":{"start":{"line":45,"column":12},"end":{"line":45,"column":43}},"18":{"start":{"line":46,"column":12},"end":{"line":46,"column":28}},"19":{"start":{"line":47,"column":12},"end":{"line":47,"column":55}},"20":{"start":{"line":48,"column":12},"end":{"line":48,"column":59}},"21":{"start":{"line":50,"column":8},"end":{"line":59,"column":15}},"22":{"start":{"line":51,"column":12},"end":{"line":55,"column":13}},"23":{"start":{"line":52,"column":16},"end":{"line":52,"column":34}},"24":{"start":{"line":53,"column":16},"end":{"line":53,"column":42}},"25":{"start":{"line":54,"column":16},"end":{"line":54,"column":33}},"26":{"start":{"line":58,"column":16},"end":{"line":58,"column":35}},"27":{"start":{"line":60,"column":8},"end":{"line":62,"column":10}},"28":{"start":{"line":61,"column":12},"end":{"line":61,"column":27}},"29":{"start":{"line":67,"column":24},"end":{"line":69,"column":5}},"30":{"start":{"line":68,"column":8},"end":{"line":68,"column":23}},"31":{"start":{"line":71,"column":28},"end":{"line":73,"column":5}},"32":{"start":{"line":72,"column":8},"end":{"line":72,"column":23}},"33":{"start":{"line":75,"column":22},"end":{"line":94,"column":5}},"34":{"start":{"line":76,"column":19},"end":{"line":76,"column":64}},"35":{"start":{"line":77,"column":8},"end":{"line":77,"column":69}},"36":{"start":{"line":78,"column":20},"end":{"line":78,"column":33}},"37":{"start":{"line":79,"column":21},"end":{"line":79,"column":36}},"38":{"start":{"line":80,"column":8},"end":{"line":85,"column":9}},"39":{"start":{"line":81,"column":12},"end":{"line":81,"column":33}},"40":{"start":{"line":84,"column":12},"end":{"line":84,"column":34}},"41":{"start":{"line":86,"column":8},"end":{"line":93,"column":9}},"42":{"start":{"line":87,"column":12},"end":{"line":87,"column":33}},"43":{"start":{"line":91,"column":12},"end":{"line":91,"column":34}},"44":{"start":{"line":96,"column":4},"end":{"line":100,"column":10}},"45":{"start":{"line":97,"column":19},"end":{"line":97,"column":47}},"46":{"start":{"line":98,"column":8},"end":{"line":98,"column":20}},"47":{"start":{"line":99,"column":8},"end":{"line":99,"column":39}},"48":{"start":{"line":99,"column":21},"end":{"line":99,"column":38}},"49":{"start":{"line":103,"column":4},"end":{"line":183,"column":5}},"50":{"start":{"line":136,"column":20},"end":{"line":136,"column":181}},"51":{"start":{"line":147,"column":28},"end":{"line":157,"column":34}},"52":{"start":{"line":162,"column":69},"end":{"line":162,"column":87}},"53":{"start":{"line":172,"column":66},"end":{"line":172,"column":83}},"54":{"start":{"line":180,"column":85},"end":{"line":180,"column":98}},"55":{"start":{"line":189,"column":54},"end":{"line":189,"column":66}},"56":{"start":{"line":191,"column":4},"end":{"line":237,"column":5}},"57":{"start":{"line":204,"column":28},"end":{"line":204,"column":48}},"58":{"start":{"line":205,"column":28},"end":{"line":205,"column":66}},"59":{"start":{"line":221,"column":36},"end":{"line":221,"column":73}},"60":{"start":{"line":222,"column":36},"end":{"line":222,"column":64}},"61":{"start":{"line":225,"column":36},"end":{"line":227,"column":128}},"62":{"start":{"line":226,"column":97},"end":{"line":226,"column":113}},"63":{"start":{"line":227,"column":108},"end":{"line":227,"column":124}},"64":{"start":{"line":228,"column":36},"end":{"line":228,"column":60}},"65":{"start":{"line":243,"column":28},"end":{"line":243,"column":40}},"66":{"start":{"line":244,"column":42},"end":{"line":244,"column":54}},"67":{"start":{"line":245,"column":36},"end":{"line":245,"column":48}},"68":{"start":{"line":246,"column":28},"end":{"line":246,"column":40}},"69":{"start":{"line":247,"column":44},"end":{"line":247,"column":56}},"70":{"start":{"line":248,"column":44},"end":{"line":248,"column":56}},"71":{"start":{"line":249,"column":36},"end":{"line":249,"column":67}},"72":{"start":{"line":250,"column":24},"end":{"line":250,"column":126}},"73":{"start":{"line":251,"column":34},"end":{"line":251,"column":45}},"74":{"start":{"line":252,"column":28},"end":{"line":252,"column":40}},"75":{"start":{"line":253,"column":36},"end":{"line":253,"column":59}},"76":{"start":{"line":254,"column":44},"end":{"line":254,"column":56}},"77":{"start":{"line":255,"column":34},"end":{"line":255,"column":46}},"78":{"start":{"line":256,"column":52},"end":{"line":256,"column":63}},"79":{"start":{"line":257,"column":44},"end":{"line":257,"column":97}},"80":{"start":{"line":258,"column":34},"end":{"line":258,"column":95}},"81":{"start":{"line":261,"column":4},"end":{"line":280,"column":18}},"82":{"start":{"line":262,"column":22},"end":{"line":262,"column":26}},"83":{"start":{"line":263,"column":26},"end":{"line":263,"column":28}},"84":{"start":{"line":265,"column":30},"end":{"line":268,"column":9}},"85":{"start":{"line":266,"column":12},"end":{"line":266,"column":53}},"86":{"start":{"line":269,"column":8},"end":{"line":276,"column":15}},"87":{"start":{"line":270,"column":12},"end":{"line":272,"column":13}},"88":{"start":{"line":271,"column":16},"end":{"line":271,"column":47}},"89":{"start":{"line":275,"column":16},"end":{"line":275,"column":35}},"90":{"start":{"line":277,"column":8},"end":{"line":279,"column":10}},"91":{"start":{"line":278,"column":12},"end":{"line":278,"column":27}},"92":{"start":{"line":284,"column":25},"end":{"line":286,"column":5}},"93":{"start":{"line":285,"column":8},"end":{"line":285,"column":29}},"94":{"start":{"line":289,"column":8},"end":{"line":289,"column":27}},"95":{"start":{"line":292,"column":21},"end":{"line":295,"column":5}},"96":{"start":{"line":293,"column":8},"end":{"line":293,"column":35}},"97":{"start":{"line":294,"column":8},"end":{"line":294,"column":44}},"98":{"start":{"line":297,"column":21},"end":{"line":408,"column":5}},"99":{"start":{"line":299,"column":8},"end":{"line":299,"column":27}},"100":{"start":{"line":301,"column":8},"end":{"line":301,"column":28}},"101":{"start":{"line":303,"column":20},"end":{"line":303,"column":24}},"102":{"start":{"line":304,"column":8},"end":{"line":307,"column":9}},"103":{"start":{"line":305,"column":12},"end":{"line":305,"column":45}},"104":{"start":{"line":306,"column":12},"end":{"line":306,"column":26}},"105":{"start":{"line":308,"column":8},"end":{"line":311,"column":9}},"106":{"start":{"line":309,"column":12},"end":{"line":309,"column":52}},"107":{"start":{"line":310,"column":12},"end":{"line":310,"column":26}},"108":{"start":{"line":312,"column":8},"end":{"line":315,"column":9}},"109":{"start":{"line":313,"column":12},"end":{"line":313,"column":49}},"110":{"start":{"line":314,"column":12},"end":{"line":314,"column":26}},"111":{"start":{"line":316,"column":8},"end":{"line":319,"column":9}},"112":{"start":{"line":317,"column":12},"end":{"line":317,"column":55}},"113":{"start":{"line":318,"column":12},"end":{"line":318,"column":26}},"114":{"start":{"line":320,"column":8},"end":{"line":323,"column":9}},"115":{"start":{"line":321,"column":12},"end":{"line":321,"column":45}},"116":{"start":{"line":322,"column":12},"end":{"line":322,"column":26}},"117":{"start":{"line":325,"column":8},"end":{"line":328,"column":9}},"118":{"start":{"line":326,"column":12},"end":{"line":326,"column":50}},"119":{"start":{"line":327,"column":12},"end":{"line":327,"column":26}},"120":{"start":{"line":330,"column":8},"end":{"line":333,"column":9}},"121":{"start":{"line":331,"column":12},"end":{"line":331,"column":76}},"122":{"start":{"line":332,"column":12},"end":{"line":332,"column":26}},"123":{"start":{"line":335,"column":8},"end":{"line":338,"column":9}},"124":{"start":{"line":336,"column":12},"end":{"line":336,"column":73}},"125":{"start":{"line":337,"column":12},"end":{"line":337,"column":26}},"126":{"start":{"line":343,"column":8},"end":{"line":407,"column":9}},"127":{"start":{"line":346,"column":25},"end":{"line":346,"column":36}},"128":{"start":{"line":347,"column":26},"end":{"line":347,"column":60}},"129":{"start":{"line":349,"column":12},"end":{"line":349,"column":42}},"130":{"start":{"line":351,"column":12},"end":{"line":351,"column":31}},"131":{"start":{"line":352,"column":29},"end":{"line":352,"column":43}},"132":{"start":{"line":353,"column":12},"end":{"line":356,"column":46}},"133":{"start":{"line":354,"column":16},"end":{"line":354,"column":55}},"134":{"start":{"line":356,"column":16},"end":{"line":356,"column":46}},"135":{"start":{"line":358,"column":12},"end":{"line":405,"column":13}},"136":{"start":{"line":359,"column":28},"end":{"line":374,"column":18}},"137":{"start":{"line":364,"column":24},"end":{"line":368,"column":26}},"138":{"start":{"line":377,"column":16},"end":{"line":377,"column":64}},"139":{"start":{"line":377,"column":33},"end":{"line":377,"column":55}},"140":{"start":{"line":379,"column":47},"end":{"line":379,"column":55}},"141":{"start":{"line":381,"column":16},"end":{"line":381,"column":56}},"142":{"start":{"line":383,"column":16},"end":{"line":383,"column":44}},"143":{"start":{"line":385,"column":29},"end":{"line":385,"column":117}},"144":{"start":{"line":387,"column":16},"end":{"line":388,"column":28}},"145":{"start":{"line":389,"column":16},"end":{"line":389,"column":36}},"146":{"start":{"line":391,"column":16},"end":{"line":392,"column":42}},"147":{"start":{"line":391,"column":33},"end":{"line":391,"column":55}},"148":{"start":{"line":392,"column":21},"end":{"line":392,"column":42}},"149":{"start":{"line":397,"column":16},"end":{"line":403,"column":17}},"150":{"start":{"line":399,"column":23},"end":{"line":403,"column":17}},"151":{"start":{"line":400,"column":20},"end":{"line":400,"column":70}},"152":{"start":{"line":402,"column":20},"end":{"line":402,"column":54}},"153":{"start":{"line":404,"column":16},"end":{"line":404,"column":38}},"154":{"start":{"line":415,"column":4},"end":{"line":518,"column":6}},"155":{"start":{"line":450,"column":80},"end":{"line":450,"column":104}},"156":{"start":{"line":454,"column":87},"end":{"line":454,"column":118}},"157":{"start":{"line":466,"column":61},"end":{"line":466,"column":86}},"158":{"start":{"line":470,"column":40},"end":{"line":470,"column":61}},"159":{"start":{"line":481,"column":86},"end":{"line":481,"column":114}},"160":{"start":{"line":487,"column":20},"end":{"line":487,"column":72}},"161":{"start":{"line":489,"column":20},"end":{"line":489,"column":49}},"162":{"start":{"line":503,"column":90},"end":{"line":503,"column":122}},"163":{"start":{"line":524,"column":28},"end":{"line":524,"column":62}},"164":{"start":{"line":525,"column":42},"end":{"line":525,"column":83}},"165":{"start":{"line":526,"column":36},"end":{"line":526,"column":74}},"166":{"start":{"line":527,"column":28},"end":{"line":527,"column":64}},"167":{"start":{"line":528,"column":44},"end":{"line":528,"column":86}},"168":{"start":{"line":530,"column":44},"end":{"line":530,"column":56}},"169":{"start":{"line":531,"column":38},"end":{"line":531,"column":53}},"170":{"start":{"line":532,"column":36},"end":{"line":532,"column":67}},"171":{"start":{"line":533,"column":24},"end":{"line":533,"column":126}},"172":{"start":{"line":536,"column":8},"end":{"line":536,"column":27}},"173":{"start":{"line":539,"column":23},"end":{"line":583,"column":5}},"174":{"start":{"line":540,"column":8},"end":{"line":540,"column":31}},"175":{"start":{"line":542,"column":20},"end":{"line":542,"column":24}},"176":{"start":{"line":543,"column":8},"end":{"line":546,"column":9}},"177":{"start":{"line":544,"column":12},"end":{"line":544,"column":45}},"178":{"start":{"line":545,"column":12},"end":{"line":545,"column":26}},"179":{"start":{"line":547,"column":8},"end":{"line":550,"column":9}},"180":{"start":{"line":548,"column":12},"end":{"line":548,"column":52}},"181":{"start":{"line":549,"column":12},"end":{"line":549,"column":26}},"182":{"start":{"line":551,"column":8},"end":{"line":554,"column":9}},"183":{"start":{"line":552,"column":12},"end":{"line":552,"column":49}},"184":{"start":{"line":553,"column":12},"end":{"line":553,"column":26}},"185":{"start":{"line":555,"column":8},"end":{"line":558,"column":9}},"186":{"start":{"line":556,"column":12},"end":{"line":556,"column":55}},"187":{"start":{"line":557,"column":12},"end":{"line":557,"column":26}},"188":{"start":{"line":560,"column":8},"end":{"line":563,"column":9}},"189":{"start":{"line":561,"column":12},"end":{"line":561,"column":50}},"190":{"start":{"line":562,"column":12},"end":{"line":562,"column":26}},"191":{"start":{"line":565,"column":8},"end":{"line":568,"column":9}},"192":{"start":{"line":566,"column":12},"end":{"line":566,"column":76}},"193":{"start":{"line":567,"column":12},"end":{"line":567,"column":26}},"194":{"start":{"line":570,"column":8},"end":{"line":573,"column":9}},"195":{"start":{"line":571,"column":12},"end":{"line":571,"column":73}},"196":{"start":{"line":572,"column":12},"end":{"line":572,"column":26}},"197":{"start":{"line":576,"column":8},"end":{"line":582,"column":9}},"198":{"start":{"line":577,"column":12},"end":{"line":577,"column":138}},"199":{"start":{"line":577,"column":120},"end":{"line":577,"column":136}},"200":{"start":{"line":578,"column":12},"end":{"line":578,"column":36}},"201":{"start":{"line":579,"column":12},"end":{"line":580,"column":38}},"202":{"start":{"line":579,"column":29},"end":{"line":579,"column":51}},"203":{"start":{"line":580,"column":17},"end":{"line":580,"column":38}},"204":{"start":{"line":581,"column":12},"end":{"line":581,"column":31}},"205":{"start":{"line":586,"column":4},"end":{"line":634,"column":5}},"206":{"start":{"line":587,"column":8},"end":{"line":589,"column":10}},"207":{"start":{"line":591,"column":8},"end":{"line":633,"column":10}},"208":{"start":{"line":596,"column":111},"end":{"line":596,"column":135}},"209":{"start":{"line":600,"column":118},"end":{"line":600,"column":149}},"210":{"start":{"line":604,"column":117},"end":{"line":604,"column":145}},"211":{"start":{"line":609,"column":24},"end":{"line":609,"column":76}},"212":{"start":{"line":611,"column":24},"end":{"line":611,"column":53}},"213":{"start":{"line":625,"column":121},"end":{"line":625,"column":153}}},"fnMap":{"0":{"name":"FarmerHome","decl":{"start":{"line":21,"column":9},"end":{"line":21,"column":19}},"loc":{"start":{"line":21,"column":22},"end":{"line":186,"column":1}},"line":21},"1":{"name":"(anonymous_1)","decl":{"start":{"line":41,"column":14},"end":{"line":41,"column":15}},"loc":{"start":{"line":41,"column":20},"end":{"line":63,"column":5}},"line":41},"2":{"name":"(anonymous_2)","decl":{"start":{"line":44,"column":30},"end":{"line":44,"column":31}},"loc":{"start":{"line":44,"column":42},"end":{"line":49,"column":9}},"line":44},"3":{"name":"(anonymous_3)","decl":{"start":{"line":50,"column":29},"end":{"line":50,"column":30}},"loc":{"start":{"line":50,"column":37},"end":{"line":56,"column":9}},"line":50},"4":{"name":"(anonymous_4)","decl":{"start":{"line":57,"column":19},"end":{"line":57,"column":20}},"loc":{"start":{"line":57,"column":26},"end":{"line":59,"column":13}},"line":57},"5":{"name":"(anonymous_5)","decl":{"start":{"line":60,"column":15},"end":{"line":60,"column":16}},"loc":{"start":{"line":60,"column":21},"end":{"line":62,"column":9}},"line":60},"6":{"name":"(anonymous_6)","decl":{"start":{"line":67,"column":24},"end":{"line":67,"column":25}},"loc":{"start":{"line":67,"column":30},"end":{"line":69,"column":5}},"line":67},"7":{"name":"(anonymous_7)","decl":{"start":{"line":71,"column":28},"end":{"line":71,"column":29}},"loc":{"start":{"line":71,"column":34},"end":{"line":73,"column":5}},"line":71},"8":{"name":"(anonymous_8)","decl":{"start":{"line":75,"column":22},"end":{"line":75,"column":23}},"loc":{"start":{"line":75,"column":28},"end":{"line":94,"column":5}},"line":75},"9":{"name":"(anonymous_9)","decl":{"start":{"line":96,"column":14},"end":{"line":96,"column":15}},"loc":{"start":{"line":96,"column":20},"end":{"line":100,"column":5}},"line":96},"10":{"name":"(anonymous_10)","decl":{"start":{"line":99,"column":15},"end":{"line":99,"column":16}},"loc":{"start":{"line":99,"column":21},"end":{"line":99,"column":38}},"line":99},"11":{"name":"(anonymous_11)","decl":{"start":{"line":134,"column":30},"end":{"line":134,"column":31}},"loc":{"start":{"line":136,"column":20},"end":{"line":136,"column":181}},"line":136},"12":{"name":"(anonymous_12)","decl":{"start":{"line":146,"column":42},"end":{"line":146,"column":43}},"loc":{"start":{"line":147,"column":28},"end":{"line":157,"column":34}},"line":147},"13":{"name":"(anonymous_13)","decl":{"start":{"line":162,"column":63},"end":{"line":162,"column":64}},"loc":{"start":{"line":162,"column":69},"end":{"line":162,"column":87}},"line":162},"14":{"name":"(anonymous_14)","decl":{"start":{"line":172,"column":60},"end":{"line":172,"column":61}},"loc":{"start":{"line":172,"column":66},"end":{"line":172,"column":83}},"line":172},"15":{"name":"(anonymous_15)","decl":{"start":{"line":180,"column":79},"end":{"line":180,"column":80}},"loc":{"start":{"line":180,"column":85},"end":{"line":180,"column":98}},"line":180},"16":{"name":"ProductListItem","decl":{"start":{"line":188,"column":9},"end":{"line":188,"column":24}},"loc":{"start":{"line":188,"column":32},"end":{"line":238,"column":1}},"line":188},"17":{"name":"(anonymous_17)","decl":{"start":{"line":203,"column":84},"end":{"line":203,"column":85}},"loc":{"start":{"line":203,"column":90},"end":{"line":206,"column":25}},"line":203},"18":{"name":"(anonymous_18)","decl":{"start":{"line":220,"column":101},"end":{"line":220,"column":102}},"loc":{"start":{"line":220,"column":109},"end":{"line":223,"column":33}},"line":220},"19":{"name":"(anonymous_19)","decl":{"start":{"line":224,"column":81},"end":{"line":224,"column":82}},"loc":{"start":{"line":224,"column":87},"end":{"line":229,"column":33}},"line":224},"20":{"name":"(anonymous_20
[...]
,"C:\\Users\\giova\\Documents\\GitHub\\SolidarityPurchasingGroup\\client\\src\\api\\booking-api.js": {"path":"C:\\Users\\giova\\Documents\\GitHub\\SolidarityPurchasingGroup\\client\\src\\api\\booking-api.js","statementMap":{"0":{"start":{"line":5,"column":16},"end":{"line":5,"column":22}},"1":{"start":{"line":9,"column":19},"end":{"line":9,"column":53}},"2":{"start":{"line":10,"column":21},"end":{"line":10,"column":42}},"3":{"start":{"line":11,"column":2},"end":{"line":15,"column":3}},"4":{"start":{"line":12,"column":4},"end":{"line":12,"column":22}},"5":{"start":{"line":14,"column":4},"end":{"line":14,"column":21}},"6":{"start":{"line":19,"column":2},"end":{"line":46,"column":4}},"7":{"start":{"line":20,"column":16},"end":{"line":28,"column":5}},"8":{"start":{"line":29,"column":4},"end":{"line":29,"column":39}},"9":{"start":{"line":30,"column":4},"end":{"line":45,"column":97}},"10":{"start":{"line":37,"column":6},"end":{"line":44,"column":7}},"11":{"start":{"line":38,"column":8},"end":{"line":38,"column":34}},"12":{"start":{"line":41,"column":8},"end":{"line":43,"column":116}},"13":{"start":{"line":42,"column":27},"end":{"line":42,"column":39}},"14":{"start":{"line":43,"column":28},"end":{"line":43,"column":112}},"15":{"start":{"line":45,"column":24},"end":{"line":45,"column":93}},"16":{"start":{"line":50,"column":2},"end":{"line":67,"column":5}},"17":{"start":{"line":51,"column":4},"end":{"line":66,"column":96}},"18":{"start":{"line":58,"column":6},"end":{"line":65,"column":7}},"19":{"start":{"line":59,"column":8},"end":{"line":59,"column":22}},"20":{"start":{"line":62,"column":8},"end":{"line":64,"column":115}},"21":{"start":{"line":63,"column":27},"end":{"line":63,"column":39}},"22":{"start":{"line":64,"column":28},"end":{"line":64,"column":111}},"23":{"start":{"line":66,"column":24},"end":{"line":66,"column":92}},"24":{"start":{"line":71,"column":2},"end":{"line":71,"column":34}},"25":{"start":{"line":73,"column":19},"end":{"line":73,"column":62}},"26":{"start":{"line":74,"column":24},"end":{"line":74,"column":45}},"27":{"start":{"line":75,"column":2},"end":{"line":79,"column":3}},"28":{"start":{"line":76,"column":4},"end":{"line":76,"column":25}},"29":{"start":{"line":78,"column":4},"end":{"line":78,"column":24}},"30":{"start":{"line":85,"column":19},"end":{"line":85,"column":78}},"31":{"start":{"line":86,"column":21},"end":{"line":86,"column":42}},"32":{"start":{"line":87,"column":2},"end":{"line":91,"column":3}},"33":{"start":{"line":88,"column":4},"end":{"line":88,"column":22}},"34":{"start":{"line":90,"column":4},"end":{"line":90,"column":21}},"35":{"start":{"line":96,"column":19},"end":{"line":96,"column":70}},"36":{"start":{"line":97,"column":21},"end":{"line":97,"column":42}},"37":{"start":{"line":98,"column":2},"end":{"line":102,"column":3}},"38":{"start":{"line":99,"column":4},"end":{"line":99,"column":22}},"39":{"start":{"line":101,"column":4},"end":{"line":101,"column":21}},"40":{"start":{"line":108,"column":19},"end":{"line":108,"column":76}},"41":{"start":{"line":109,"column":21},"end":{"line":109,"column":42}},"42":{"start":{"line":110,"column":2},"end":{"line":114,"column":3}},"43":{"start":{"line":111,"column":4},"end":{"line":111,"column":22}},"44":{"start":{"line":113,"column":4},"end":{"line":113,"column":21}},"45":{"start":{"line":118,"column":21},"end":{"line":120,"column":6}},"46":{"start":{"line":121,"column":4},"end":{"line":123,"column":44}},"47":{"start":{"line":122,"column":8},"end":{"line":122,"column":20}},"48":{"start":{"line":123,"column":11},"end":{"line":123,"column":44}},"49":{"start":{"line":127,"column":19},"end":{"line":133,"column":6}},"50":{"start":{"line":138,"column":19},"end":{"line":138,"column":175}}},"fnMap":{"0":{"name":"getOrders","decl":{"start":{"line":7,"column":15},"end":{"line":7,"column":24}},"loc":{"start":{"line":7,"column":27},"end":{"line":16,"column":1}},"line":7},"1":{"name":"addBooking","decl":{"start":{"line":18,"column":9},"end":{"line":18,"column":19}},"loc":{"start":{"line":18,"column":29},"end":{"line":47,"column":1}},"line":18},"2":{"name":"(anonymous_2)","decl":{"start":{"line":19,"column":21},"end":{"line":19,"column":22}},"loc":{"start":{"line":19,"column":42},"end":{"line":46,"column":3}},"line":19},"3":{"name":"(anonymous_3)","decl":{"start":{"line":36,"column":12},"end":{"line":36,"column":13}},"loc":{"start":{"line":36,"column":26},"end":{"line":45,"column":5}},"line":36},"4":{"name":"(anonymous_4)","decl":{"start":{"line":42,"column":16},"end":{"line":42,"column":17}},"loc":{"start":{"line":42,"column":25},"end":{"line":42,"column":41}},"line":42},"5":{"name":"(anonymous_5)","decl":{"start":{"line":43,"column":17},"end":{"line":43,"column":18}},"loc":{"start":{"line":43,"column":26},"end":{"line":43,"column":114}},"line":43},"6":{"name":"(anonymous_6)","decl":{"start":{"line":45,"column":13},"end":{"line":45,"column":14}},"loc":{"start":{"line":45,"column":22},"end":{"line":45,"column":95}},"line":45},"7":{"name":"updateBookingState","decl":{"start":{"line":49,"column":9},"end":{"line":49,"column":27}},"loc":{"start":{"line":49,"column":39},"end":{"line":68,"column":1}},"line":49},"8":{"name":"(anonymous_8)","decl":{"start":{"line":50,"column":21},"end":{"line":50,"column":22}},"loc":{"start":{"line":50,"column":42},"end":{"line":67,"column":3}},"line":50},"9":{"name":"(anonymous_9)","decl":{"start":{"line":57,"column":12},"end":{"line":57,"column":13}},"loc":{"start":{"line":57,"column":26},"end":{"line":66,"column":5}},"line":57},"10":{"name":"(anonymous_10)","decl":{"start":{"line":63,"column":16},"end":{"line":63,"column":17}},"loc":{"start":{"line":63,"column":25},"end":{"line":63,"column":41}},"line":63},"11":{"name":"(anonymous_11)","decl":{"start":{"line":64,"column":17},"end":{"line":64,"column":18}},"loc":{"start":{"line":64,"column":26},"end":{"line":64,"column":113}},"line":64},"12":{"name":"(anonymous_12)","decl":{"start":{"line":66,"column":13},"end":{"line":66,"column":14}},"loc":{"start":{"line":66,"column":22},"end":{"line":66,"column":94}},"line":66},"13":{"name":"getWalletBalance","decl":{"start":{"line":70,"column":15},"end":{"line":70,"column":31}},"loc":{"start":{"line":70,"column":34},"end":{"line":81,"column":1}},"line":70},"14":{"name":"confirmBookingProduct","decl":{"start":{"line":83,"column":15},"end":{"line":83,"column":36}},"loc":{"start":{"line":83,"column":48},"end":{"line":92,"column":1}},"line":83},"15":{"name":"getOrdersByUserId","decl":{"start":{"line":94,"column":15},"end":{"line":94,"column":32}},"loc":{"start":{"line":94,"column":41},"end":{"line":103,"column":1}},"line":94},"16":{"name":"getProductsFromBooking","decl":{"start":{"line":106,"column":15},"end":{"line":106,"column":37}},"loc":{"start":{"line":106,"column":49},"end":{"line":115,"column":1}},"line":106},"17":{"name":"deleteBooking","decl":{"start":{"line":117,"column":15},"end":{"line":117,"column":28}},"loc":{"start":{"line":117,"column":33},"end":{"line":124,"column":1}},"line":117},"18":{"name":"updateBooking","decl":{"start":{"line":126,"column":15},"end":{"line":126,"column":28}},"loc":{"start":{"line":126,"column":38},"end":{"line":135,"column":1}},"line":126}},"branchMap":{"0":{"loc":{"start":{"line":11,"column":2},"end":{"line":15,"column":3}},"type":"if","locations":[{"start":{"line":11,"column":2},"end":{"line":15,"column":3}},{"start":{"line":11,"column":2},"end":{"line":15,"column":3}}],"line":11},"1":{"loc":{"start":{"line":37,"column":6},"end":{"line":44,"column":7}},"type":"if","locations":[{"start":{"line":37,"column":6},"end":{"line":44,"column":7}},{"start":{"line":37,"column":6},"end":{"line":44,"column":7}}],"line":37},"2":{"loc":{"start":{"line":58,"column":6},"end":{"line":65,"column":7}},"type":"if","locations":[{"start":{"line":58,"column":6},"end":{"line":65,"column":7}},{"start":{"line":58,"column":6},"end":{"line":65,"column":7}}],"line":58},"3":{"loc":{"start":{"line":75,"column":2},"end":{"line":79,"column":3}},"type":"if","locations":[{"start":{"line":75,"column":2},"end":{"line":79,"column":3}},{"start":{"line":75,"column":2},"end":{"line":79,"column":3}}],"line":75},"4":{"loc":{"start":{"line":87,"column":2},"end":{"line":91,"column":3}},"type":"if","locations":[{"start":{"line":87,"column":2},"end":{"line":91,"column":3}},{"start":{"line":87,"column":2},"end":{"line":91,"column":3}}],"line":87},"5":{"loc":{"start":{"line":98,"column":2},"end":{"line":102,"column":3}},"type":"if","locations":[{"start":{"line":98,"column":2},"end":{"line":102,"column":3}},{"start":{"line":98,"column":2},"end":{"line":102,"column":3}}],"line":98},"6":{"loc":{"start":{"line":110,"column":2},"end":{"line":114,"column":3}},"type":"if","locations":[{"start":{"line":110,"column":2},"end":{"line":114,"column":3}},{"start":{"line":110,"column":2},"end":{"line":114,"column":3}}],"line":110},"7":{"loc":{"start":{"line":121,"column":4},"end":{"line":123,"column":44}},"type":"if","locations":[{"start":{"line":121,"column":4},"end":{"line":123,"column":44}},{"start":{"line":121,"column":4},"end":{"line":123,"column":44}}],"line":121}},"s":{"0":3,"1":0,"2":0,"3":0,"4":0,"5":0,"6":1,"7":1,"8":1,"9":1,"10":0,"11":0,"12":0,"13":0,"14":0,"15":0,"16":0,"17":0,"18":0,"19":0,"20":0,"21":0,"22":0,"23":0,"24":1,"25":1,"26":1,"27":1,"28":1,"29":0,"30":0,"31":0,"32":0,"33":0,"34":0,"35":0,"36":0,"37":0,"38":0,"39":0,"40":0,"41":0,"42":0,"43":0,"44":0,"45":0,"46":0,"47":0,"48":0,"49":0,"50":3},"f":{"0":0,"1":1,"2":1,"3":0,"4":0,"5":0,"6":0,"7":0,"8":0,"9":0,"10":0,"11":0,"12":0,"13":1,"14":0,"15":0,"16":0,"17":0,"18":0},"b":{"0":[0,0],"1":[0,0],"2":[0,0],"3":[1,0],"4":[0,0],"5":[0,0],"6":[0,0],"7":[0,0]},"_coverageSchema":"1a1c01bbd47fc00a2c39e90264f33305004495a9","hash":"70f616739da1b551bddb5e5cb7b5d25b3df5d5cc"}
,"C:\\Users\\giova\\Documents\\GitHub\\SolidarityPurchasingGroup\\client\\src\\api\\product-api.js": {"path":"C:\\Users\\giova\\Documents\\GitHub\\SolidarityPurchasingGroup\\client\\src\\api\\product-api.js","statementMap":{"0":{"start":{"line":5,"column":16},"end":{"line":5,"column":22}},"1":{"start":{"line":10,"column":4},"end":{"line":15,"column":5}},"2":{"start":{"line":11,"column":8},"end":{"line":11,"column":84}},"3":{"start":{"line":14,"column":8},"end":{"line":14,"column":62}},"4":{"start":{"line":16,"column":25},"end":{"line":16,"column":46}},"5":{"start":{"line":17,"column":4},"end":{"line":21,"column":5}},"6":{"start":{"line":18,"column":8},"end":{"line":18,"column":28}},"7":{"start":{"line":20,"column":8},"end":{"line":20,"column":27}},"8":{"start":{"line":27,"column":21},"end":{"line":27,"column":65}},"9":{"start":{"line":28,"column":25},"end":{"line":28,"column":46}},"10":{"start":{"line":29,"column":4},"end":{"line":33,"column":5}},"11":{"start":{"line":30,"column":8},"end":{"line":30,"column":28}},"12":{"start":{"line":32,"column":8},"end":{"line":32,"column":27}},"13":{"start":{"line":38,"column":21},"end":{"line":38,"column":52}},"14":{"start":{"line":39,"column":22},"end":{"line":39,"column":43}},"15":{"start":{"line":40,"column":4},"end":{"line":44,"column":5}},"16":{"start":{"line":41,"column":8},"end":{"line":41,"column":25}},"17":{"start":{"line":43,"column":8},"end":{"line":43,"column":24}},"18":{"start":{"line":47,"column":12},"end":{"line":47,"column":63}}},"fnMap":{"0":{"name":"getProductsByType","decl":{"start":{"line":7,"column":15},"end":{"line":7,"column":32}},"loc":{"start":{"line":7,"column":49},"end":{"line":22,"column":1}},"line":7},"1":{"name":"getProducts","decl":{"start":{"line":25,"column":15},"end":{"line":25,"column":26}},"loc":{"start":{"line":25,"column":32},"end":{"line":34,"column":1}},"line":25},"2":{"name":"getProductTypes","decl":{"start":{"line":36,"column":15},"end":{"line":36,"column":30}},"loc":{"start":{"line":36,"column":33},"end":{"line":45,"column":1}},"line":36}},"branchMap":{"0":{"loc":{"start":{"line":10,"column":4},"end":{"line":15,"column":5}},"type":"if","locations":[{"start":{"line":10,"column":4},"end":{"line":15,"column":5}},{"start":{"line":10,"column":4},"end":{"line":15,"column":5}}],"line":10},"1":{"loc":{"start":{"line":17,"column":4},"end":{"line":21,"column":5}},"type":"if","locations":[{"start":{"line":17,"column":4},"end":{"line":21,"column":5}},{"start":{"line":17,"column":4},"end":{"line":21,"column":5}}],"line":17},"2":{"loc":{"start":{"line":29,"column":4},"end":{"line":33,"column":5}},"type":"if","locations":[{"start":{"line":29,"column":4},"end":{"line":33,"column":5}},{"start":{"line":29,"column":4},"end":{"line":33,"column":5}}],"line":29},"3":{"loc":{"start":{"line":40,"column":4},"end":{"line":44,"column":5}},"type":"if","locations":[{"start":{"line":40,"column":4},"end":{"line":44,"column":5}},{"start":{"line":40,"column":4},"end":{"line":44,"column":5}}],"line":40}},"s":{"0":3,"1":3,"2":0,"3":3,"4":3,"5":3,"6":3,"7":0,"8":0,"9":0,"10":0,"11":0,"12":0,"13":1,"14":1,"15":1,"16":1,"17":0,"18":3},"f":{"0":3,"1":0,"2":1},"b":{"0":[0,3],"1":[3,0],"2":[0,0],"3":[1,0]},"_coverageSchema":"1a1c01bbd47fc00a2c39e90264f33305004495a9","hash":"6736faf0b9469875e33140928f7817f47b98f48d"}
,"C:\\Users\\giova\\Documents\\GitHub\\SolidarityPurchasingGroup\\client\\src\\api\\user-api.js": {"path":"C:\\Users\\giova\\Documents\\GitHub\\SolidarityPurchasingGroup\\client\\src\\api\\user-api.js","statementMap":{"0":{"start":{"line":2,"column":16},"end":{"line":2,"column":22}},"1":{"start":{"line":6,"column":19},"end":{"line":6,"column":66}},"2":{"start":{"line":7,"column":19},"end":{"line":7,"column":40}},"3":{"start":{"line":8,"column":2},"end":{"line":12,"column":3}},"4":{"start":{"line":9,"column":4},"end":{"line":9,"column":20}},"5":{"start":{"line":11,"column":4},"end":{"line":11,"column":19}},"6":{"start":{"line":18,"column":19},"end":{"line":18,"column":72}},"7":{"start":{"line":19,"column":24},"end":{"line":19,"column":45}},"8":{"start":{"line":20,"column":2},"end":{"line":24,"column":3}},"9":{"start":{"line":21,"column":4},"end":{"line":21,"column":25}},"10":{"start":{"line":23,"column":4},"end":{"line":23,"column":24}},"11":{"start":{"line":29,"column":19},"end":{"line":29,"column":61}},"12":{"start":{"line":30,"column":24},"end":{"line":30,"column":45}},"13":{"start":{"line":31,"column":2},"end":{"line":35,"column":3}},"14":{"start":{"line":32,"column":4},"end":{"line":32,"column":25}},"15":{"start":{"line":34,"column":4},"end":{"line":34,"column":24}},"16":{"start":{"line":40,"column":19},"end":{"line":40,"column":103}},"17":{"start":{"line":41,"column":24},"end":{"line":41,"column":45}},"18":{"start":{"line":42,"column":2},"end":{"line":48,"column":3}},"19":{"start":{"line":43,"column":4},"end":{"line":43,"column":32}},"20":{"start":{"line":44,"column":4},"end":{"line":44,"column":25}},"21":{"start":{"line":45,"column":4},"end":{"line":45,"column":25}},"22":{"start":{"line":47,"column":4},"end":{"line":47,"column":24}},"23":{"start":{"line":52,"column":2},"end":{"line":65,"column":5}},"24":{"start":{"line":53,"column":4},"end":{"line":64,"column":96}},"25":{"start":{"line":56,"column":6},"end":{"line":63,"column":7}},"26":{"start":{"line":57,"column":8},"end":{"line":57,"column":22}},"27":{"start":{"line":60,"column":8},"end":{"line":62,"column":115}},"28":{"start":{"line":61,"column":27},"end":{"line":61,"column":39}},"29":{"start":{"line":62,"column":28},"end":{"line":62,"column":111}},"30":{"start":{"line":64,"column":24},"end":{"line":64,"column":92}},"31":{"start":{"line":69,"column":19},"end":{"line":69,"column":58}},"32":{"start":{"line":70,"column":24},"end":{"line":70,"column":45}},"33":{"start":{"line":71,"column":2},"end":{"line":77,"column":3}},"34":{"start":{"line":72,"column":4},"end":{"line":72,"column":31}},"35":{"start":{"line":73,"column":4},"end":{"line":73,"column":25}},"36":{"start":{"line":76,"column":4},"end":{"line":76,"column":24}},"37":{"start":{"line":81,"column":16},"end":{"line":81,"column":130}}},"fnMap":{"0":{"name":"getRequiredCharge","decl":{"start":{"line":4,"column":15},"end":{"line":4,"column":32}},"loc":{"start":{"line":4,"column":35},"end":{"line":13,"column":1}},"line":4},"1":{"name":"getWalletBalance","decl":{"start":{"line":16,"column":15},"end":{"line":16,"column":31}},"loc":{"start":{"line":16,"column":40},"end":{"line":25,"column":1}},"line":16},"2":{"name":"getUserById","decl":{"start":{"line":27,"column":15},"end":{"line":27,"column":26}},"loc":{"start":{"line":27,"column":35},"end":{"line":36,"column":1}},"line":27},"3":{"name":"getRequiredChargeByBookingId","decl":{"start":{"line":38,"column":15},"end":{"line":38,"column":43}},"loc":{"start":{"line":38,"column":54},"end":{"line":49,"column":1}},"line":38},"4":{"name":"chargeWallet","decl":{"start":{"line":51,"column":15},"end":{"line":51,"column":27}},"loc":{"start":{"line":51,"column":44},"end":{"line":66,"column":1}},"line":51},"5":{"name":"(anonymous_5)","decl":{"start":{"line":52,"column":21},"end":{"line":52,"column":22}},"loc":{"start":{"line":52,"column":42},"end":{"line":65,"column":3}},"line":52},"6":{"name":"(anonymous_6)","decl":{"start":{"line":55,"column":12},"end":{"line":55,"column":13}},"loc":{"start":{"line":55,"column":26},"end":{"line":64,"column":5}},"line":55},"7":{"name":"(anonymous_7)","decl":{"start":{"line":61,"column":16},"end":{"line":61,"column":17}},"loc":{"start":{"line":61,"column":25},"end":{"line":61,"column":41}},"line":61},"8":{"name":"(anonymous_8)","decl":{"start":{"line":62,"column":17},"end":{"line":62,"column":18}},"loc":{"start":{"line":62,"column":26},"end":{"line":62,"column":113}},"line":62},"9":{"name":"(anonymous_9)","decl":{"start":{"line":64,"column":13},"end":{"line":64,"column":14}},"loc":{"start":{"line":64,"column":22},"end":{"line":64,"column":94}},"line":64},"10":{"name":"getNotifications","decl":{"start":{"line":68,"column":15},"end":{"line":68,"column":31}},"loc":{"start":{"line":68,"column":34},"end":{"line":78,"column":1}},"line":68}},"branchMap":{"0":{"loc":{"start":{"line":8,"column":2},"end":{"line":12,"column":3}},"type":"if","locations":[{"start":{"line":8,"column":2},"end":{"line":12,"column":3}},{"start":{"line":8,"column":2},"end":{"line":12,"column":3}}],"line":8},"1":{"loc":{"start":{"line":20,"column":2},"end":{"line":24,"column":3}},"type":"if","locations":[{"start":{"line":20,"column":2},"end":{"line":24,"column":3}},{"start":{"line":20,"column":2},"end":{"line":24,"column":3}}],"line":20},"2":{"loc":{"start":{"line":31,"column":2},"end":{"line":35,"column":3}},"type":"if","locations":[{"start":{"line":31,"column":2},"end":{"line":35,"column":3}},{"start":{"line":31,"column":2},"end":{"line":35,"column":3}}],"line":31},"3":{"loc":{"start":{"line":42,"column":2},"end":{"line":48,"column":3}},"type":"if","locations":[{"start":{"line":42,"column":2},"end":{"line":48,"column":3}},{"start":{"line":42,"column":2},"end":{"line":48,"column":3}}],"line":42},"4":{"loc":{"start":{"line":56,"column":6},"end":{"line":63,"column":7}},"type":"if","locations":[{"start":{"line":56,"column":6},"end":{"line":63,"column":7}},{"start":{"line":56,"column":6},"end":{"line":63,"column":7}}],"line":56},"5":{"loc":{"start":{"line":71,"column":2},"end":{"line":77,"column":3}},"type":"if","locations":[{"start":{"line":71,"column":2},"end":{"line":77,"column":3}},{"start":{"line":71,"column":2},"end":{"line":77,"column":3}}],"line":71}},"s":{"0":3,"1":1,"2":0,"3":0,"4":0,"5":0,"6":0,"7":0,"8":0,"9":0,"10":0,"11":0,"12":0,"13":0,"14":0,"15":0,"16":0,"17":0,"18":0,"19":0,"20":0,"21":0,"22":0,"23":0,"24":0,"25":0,"26":0,"27":0,"28":0,"29":0,"30":0,"31":2,"32":1,"33":1,"34":1,"35":1,"36":0,"37":3},"f":{"0":1,"1":0,"2":0,"3":0,"4":0,"5":0,"6":0,"7":0,"8":0,"9":0,"10":2},"b":{"0":[0,0],"1":[0,0],"2":[0,0],"3":[0,0],"4":[0,0],"5":[1,0]},"_coverageSchema":"1a1c01bbd47fc00a2c39e90264f33305004495a9","hash":"7390920c01e9ebdba0990c3272ff42461e935fc5"}
}
