TN:
SF:src\API.js
FN:7,getAllProducts
FN:18,getProductsByDate
FN:30,addImage
FN:32,(anonymous_3)
FN:39,(anonymous_4)
FN:45,(anonymous_5)
FN:46,(anonymous_6)
FN:48,(anonymous_7)
FN:52,getProdFarmer
FN:63,addNewClient
FN:74,logIn
FN:91,logOut
FN:95,getUserInfo
FN:105,getAllClients
FN:116,addProduct
FN:118,(anonymous_15)
FN:128,(anonymous_16)
FN:134,(anonymous_17)
FN:135,(anonymous_18)
FN:137,(anonymous_19)
FN:141,updateProductState
FN:143,(anonymous_21)
FN:150,(anonymous_22)
FN:156,(anonymous_23)
FN:157,(anonymous_24)
FN:159,(anonymous_25)
FN:162,updateNotificationVisibility
FN:164,(anonymous_27)
FN:171,(anonymous_28)
FN:177,(anonymous_29)
FN:178,(anonymous_30)
FN:180,(anonymous_31)
FN:184,updateProductInfo
FN:186,(anonymous_33)
FN:193,(anonymous_34)
FN:199,(anonymous_35)
FN:200,(anonymous_36)
FN:202,(anonymous_37)
FN:206,updateProductQuantity
FN:208,(anonymous_39)
FN:215,(anonymous_40)
FN:222,(anonymous_41)
FN:223,(anonymous_42)
FN:225,(anonymous_43)
FN:229,confirmAllBookings
FN:238,confirmAllBookingsPendingCancelation
FN:247,sendMailNotifications
FN:256,sendAvailableProductsTGNotification
FNF:48
FNH:9
FNDA:6,getAllProducts
FNDA:0,getProductsByDate
FNDA:0,addImage
FNDA:0,(anonymous_3)
FNDA:0,(anonymous_4)
FNDA:0,(anonymous_5)
FNDA:0,(anonymous_6)
FNDA:0,(anonymous_7)
FNDA:4,getProdFarmer
FNDA:5,addNewClient
FNDA:20,logIn
FNDA:0,logOut
FNDA:68,getUserInfo
FNDA:5,getAllClients
FNDA:0,addProduct
FNDA:0,(anonymous_15)
FNDA:0,(anonymous_16)
FNDA:0,(anonymous_17)
FNDA:0,(anonymous_18)
FNDA:0,(anonymous_19)
FNDA:1,updateProductState
FNDA:1,(anonymous_21)
FNDA:1,(anonymous_22)
FNDA:0,(anonymous_23)
FNDA:0,(anonymous_24)
FNDA:0,(anonymous_25)
FNDA:0,updateNotificationVisibility
FNDA:0,(anonymous_27)
FNDA:0,(anonymous_28)
FNDA:0,(anonymous_29)
FNDA:0,(anonymous_30)
FNDA:0,(anonymous_31)
FNDA:0,updateProductInfo
FNDA:0,(anonymous_33)
FNDA:0,(anonymous_34)
FNDA:0,(anonymous_35)
FNDA:0,(anonymous_36)
FNDA:0,(anonymous_37)
FNDA:0,updateProductQuantity
FNDA:0,(anonymous_39)
FNDA:0,(anonymous_40)
FNDA:0,(anonymous_41)
FNDA:0,(anonymous_42)
FNDA:0,(anonymous_43)
FNDA:0,confirmAllBookings
FNDA:0,confirmAllBookingsPendingCancelation
FNDA:0,sendMailNotifications
FNDA:0,sendAvailableProductsTGNotification
DA:4,66
DA:9,6
DA:10,4
DA:11,4
DA:12,4
DA:14,0
DA:20,0
DA:21,0
DA:22,0
DA:23,0
DA:24,0
DA:26,0
DA:32,0
DA:33,0
DA:40,0
DA:41,0
DA:44,0
DA:45,0
DA:46,0
DA:48,0
DA:54,4
DA:55,4
DA:56,4
DA:57,4
DA:59,0
DA:64,5
DA:69,2
DA:70,2
DA:71,0
DA:75,20
DA:82,16
DA:83,16
DA:86,0
DA:87,0
DA:92,0
DA:96,68
DA:97,64
DA:98,64
DA:99,20
DA:101,44
DA:107,5
DA:108,4
DA:109,4
DA:110,4
DA:112,0
DA:118,0
DA:119,0
DA:129,0
DA:130,0
DA:133,0
DA:134,0
DA:135,0
DA:137,0
DA:143,1
DA:144,1
DA:151,1
DA:152,1
DA:155,0
DA:156,0
DA:157,0
DA:159,0
DA:164,0
DA:165,0
DA:172,0
DA:173,0
DA:176,0
DA:177,0
DA:178,0
DA:180,0
DA:186,0
DA:187,0
DA:194,0
DA:195,0
DA:198,0
DA:199,0
DA:200,0
DA:202,0
DA:208,0
DA:209,0
DA:216,0
DA:217,0
DA:218,0
DA:221,0
DA:222,0
DA:223,0
DA:225,0
DA:230,0
DA:231,0
DA:232,0
DA:234,0
DA:239,0
DA:240,0
DA:241,0
DA:243,0
DA:248,0
DA:249,0
DA:250,0
DA:252,0
DA:257,0
DA:258,0
DA:259,0
DA:261,0
DA:265,66
LF:103
LH:29
BRDA:11,0,0,4
BRDA:11,0,1,0
BRDA:23,1,0,0
BRDA:23,1,1,0
BRDA:40,2,0,0
BRDA:40,2,1,0
BRDA:56,3,0,4
BRDA:56,3,1,0
BRDA:69,4,0,2
BRDA:69,4,1,0
BRDA:82,5,0,16
BRDA:82,5,1,0
BRDA:98,6,0,20
BRDA:98,6,1,44
BRDA:109,7,0,4
BRDA:109,7,1,0
BRDA:129,8,0,0
BRDA:129,8,1,0
BRDA:151,9,0,1
BRDA:151,9,1,0
BRDA:172,10,0,0
BRDA:172,10,1,0
BRDA:194,11,0,0
BRDA:194,11,1,0
BRDA:216,12,0,0
BRDA:216,12,1,0
BRDA:231,13,0,0
BRDA:231,13,1,0
BRDA:240,14,0,0
BRDA:240,14,1,0
BRDA:249,15,0,0
BRDA:249,15,1,0
BRDA:258,16,0,0
BRDA:258,16,1,0
BRF:34
BRH:8
end_of_record
TN:
SF:src\App.js
FN:20,App
FN:25,(anonymous_1)
FN:26,(anonymous_2)
FN:38,(anonymous_3)
FN:51,(anonymous_4)
FN:52,(anonymous_5)
FN:59,(anonymous_6)
FN:63,(anonymous_7)
FN:66,(anonymous_8)
FN:69,(anonymous_9)
FN:78,(anonymous_10)
FN:83,(anonymous_11)
FN:88,(anonymous_12)
FN:93,(anonymous_13)
FN:98,(anonymous_14)
FN:103,(anonymous_15)
FN:108,(anonymous_16)
FN:113,(anonymous_17)
FN:118,(anonymous_18)
FN:123,(anonymous_19)
FN:133,(anonymous_20)
FN:135,(anonymous_21)
FN:138,(anonymous_22)
FN:142,(anonymous_23)
FN:145,(anonymous_24)
FN:148,(anonymous_25)
FN:151,(anonymous_26)
FN:154,(anonymous_27)
FN:157,(anonymous_28)
FN:160,(anonymous_29)
FN:163,(anonymous_30)
FN:166,(anonymous_31)
FNF:32
FNH:23
FNDA:335,App
FNDA:66,(anonymous_1)
FNDA:66,(anonymous_2)
FNDA:20,(anonymous_3)
FNDA:0,(anonymous_4)
FNDA:0,(anonymous_5)
FNDA:5,(anonymous_6)
FNDA:66,(anonymous_7)
FNDA:2,(anonymous_8)
FNDA:138,(anonymous_9)
FNDA:138,(anonymous_10)
FNDA:0,(anonymous_11)
FNDA:138,(anonymous_12)
FNDA:0,(anonymous_13)
FNDA:138,(anonymous_14)
FNDA:0,(anonymous_15)
FNDA:138,(anonymous_16)
FNDA:0,(anonymous_17)
FNDA:138,(anonymous_18)
FNDA:0,(anonymous_19)
FNDA:68,(anonymous_20)
FNDA:11,(anonymous_21)
FNDA:7,(anonymous_22)
FNDA:18,(anonymous_23)
FNDA:1,(anonymous_24)
FNDA:15,(anonymous_25)
FNDA:0,(anonymous_26)
FNDA:55,(anonymous_27)
FNDA:6,(anonymous_28)
FNDA:3,(anonymous_29)
FNDA:1,(anonymous_30)
FNDA:0,(anonymous_31)
DA:21,335
DA:22,308
DA:23,308
DA:25,308
DA:26,66
DA:27,66
DA:28,66
DA:29,18
DA:30,18
DA:32,44
DA:35,66
DA:38,308
DA:40,20
DA:41,20
DA:42,20
DA:43,16
DA:44,16
DA:45,16
DA:47,4
DA:51,308
DA:52,0
DA:53,0
DA:54,0
DA:55,0
DA:59,308
DA:60,5
DA:63,308
DA:64,66
DA:65,66
DA:66,66
DA:69,308
DA:70,138
DA:71,138
DA:72,138
DA:73,138
DA:74,138
DA:75,138
DA:78,308
DA:80,138
DA:81,0
DA:82,0
DA:83,0
DA:84,0
DA:88,308
DA:90,138
DA:91,0
DA:92,0
DA:93,0
DA:94,0
DA:98,308
DA:100,138
DA:101,0
DA:102,0
DA:103,0
DA:104,0
DA:108,308
DA:110,138
DA:111,0
DA:112,0
DA:113,0
DA:114,0
DA:118,308
DA:120,138
DA:121,0
DA:122,0
DA:123,0
DA:124,0
DA:128,308
DA:133,68
DA:136,11
DA:139,7
DA:143,18
DA:146,1
DA:149,15
DA:152,0
DA:155,55
DA:158,6
DA:161,3
DA:164,1
DA:167,0
LF:80
LH:54
BRDA:80,0,0,0
BRDA:80,0,1,138
BRDA:80,1,0,138
BRDA:80,1,1,5
BRDA:80,1,2,0
BRDA:80,1,3,0
BRDA:90,2,0,0
BRDA:90,2,1,138
BRDA:90,3,0,138
BRDA:90,3,1,5
BRDA:90,3,2,0
BRDA:90,3,3,0
BRDA:100,4,0,0
BRDA:100,4,1,138
BRDA:100,5,0,138
BRDA:100,5,1,5
BRDA:100,5,2,0
BRDA:100,5,3,0
BRDA:110,6,0,0
BRDA:110,6,1,138
BRDA:110,7,0,138
BRDA:110,7,1,0
BRDA:110,7,2,0
BRDA:110,7,3,0
BRDA:120,8,0,0
BRDA:120,8,1,138
BRDA:120,9,0,138
BRDA:120,9,1,0
BRDA:120,9,2,0
BRDA:120,9,3,0
BRDA:133,10,0,16
BRDA:133,10,1,52
BRF:32
BRH:15
end_of_record
TN:
SF:src\index.js
FNF:0
FNH:0
DA:7,66
DA:17,66
LF:2
LH:2
BRF:0
BRH:0
end_of_record
TN:
SF:src\reportWebVitals.js
FN:1,(anonymous_0)
FN:3,(anonymous_1)
FNF:2
FNH:1
FNDA:66,(anonymous_0)
FNDA:0,(anonymous_1)
DA:1,66
DA:2,66
DA:3,0
DA:4,0
DA:5,0
DA:6,0
DA:7,0
DA:8,0
LF:8
LH:2
BRDA:2,0,0,0
BRDA:2,0,1,66
BRDA:2,1,0,66
BRDA:2,1,1,0
BRF:4
BRH:2
end_of_record
TN:
SF:src\Components\Client.js
FN:1,ClientList
FN:3,(anonymous_1)
FN:6,Client
FNF:3
FNH:1
FNDA:0,ClientList
FNDA:0,(anonymous_1)
FNDA:5,Client
DA:2,0
DA:3,0
DA:7,5
DA:8,5
DA:9,5
DA:10,5
DA:11,5
DA:12,5
DA:13,5
DA:14,5
DA:15,5
LF:11
LH:9
BRDA:1,0,0,0
BRF:1
BRH:0
end_of_record
TN:
SF:src\Components\Cart\Cart.js
FN:15,Cart
FN:23,(anonymous_1)
FN:29,(anonymous_2)
FN:36,(anonymous_3)
FN:59,(anonymous_4)
FN:86,(anonymous_5)
FN:98,(anonymous_6)
FN:101,(anonymous_7)
FN:130,(anonymous_8)
FN:137,(anonymous_9)
FN:156,(anonymous_10)
FN:164,CartProduct
FN:167,(anonymous_12)
FN:181,(anonymous_13)
FN:184,(anonymous_14)
FN:191,(anonymous_15)
FNF:16
FNH:10
FNDA:268,Cart
FNDA:0,(anonymous_1)
FNDA:6,(anonymous_2)
FNDA:6,(anonymous_3)
FNDA:12,(anonymous_4)
FNDA:6,(anonymous_5)
FNDA:382,(anonymous_6)
FNDA:61,(anonymous_7)
FNDA:6,(anonymous_8)
FNDA:0,(anonymous_9)
FNDA:206,(anonymous_10)
FNDA:180,CartProduct
FNDA:0,(anonymous_12)
FNDA:0,(anonymous_13)
FNDA:0,(anonymous_14)
FNDA:0,(anonymous_15)
DA:16,268
DA:17,262
DA:18,262
DA:19,262
DA:20,262
DA:21,262
DA:23,262
DA:24,0
DA:25,0
DA:26,0
DA:27,0
DA:29,262
DA:30,6
DA:31,6
DA:32,6
DA:33,6
DA:36,262
DA:37,6
DA:39,6
DA:41,6
DA:42,6
DA:44,6
DA:45,6
DA:46,6
DA:48,0
DA:49,0
DA:52,6
DA:53,6
DA:59,262
DA:60,12
DA:61,12
DA:64,262
DA:86,6
DA:98,382
DA:102,61
DA:103,61
DA:104,0
DA:105,0
DA:108,61
DA:110,61
DA:111,61
DA:130,6
DA:137,0
DA:157,206
DA:165,180
DA:167,0
DA:181,0
DA:184,0
DA:191,0
LF:49
LH:36
BRDA:39,0,0,6
BRDA:39,0,1,0
BRDA:39,1,0,6
BRDA:39,1,1,0
BRDA:44,2,0,6
BRDA:44,2,1,0
BRDA:76,3,0,94
BRDA:76,3,1,168
BRDA:79,4,0,262
BRDA:79,4,1,30
BRDA:86,5,0,262
BRDA:86,5,1,206
BRDA:93,6,0,156
BRDA:93,6,1,106
BRDA:103,7,0,0
BRDA:103,7,1,61
BRDA:127,8,0,132
BRDA:127,8,1,130
BRDA:129,9,0,132
BRDA:129,9,1,132
BRDA:129,9,2,122
BRDA:131,10,0,10
BRDA:131,10,1,122
BRDA:138,11,0,0
BRDA:138,11,1,130
BRDA:147,12,0,0
BRDA:147,12,1,262
BRDA:155,13,0,56
BRDA:155,13,1,206
BRDA:184,14,0,0
BRDA:184,14,1,0
BRDA:194,15,0,180
BRDA:194,15,1,0
BRF:33
BRH:24
end_of_record
TN:
SF:src\Components\ClientList\AddClient.js
FN:7,AddClientBtn
FN:26,ClientModal
FN:29,(anonymous_2)
FN:52,AddClientForm
FN:65,(anonymous_4)
FN:107,(anonymous_5)
FN:113,(anonymous_6)
FN:137,(anonymous_7)
FN:142,(anonymous_8)
FN:148,(anonymous_9)
FN:155,(anonymous_10)
FN:162,(anonymous_11)
FN:168,(anonymous_12)
FNF:13
FNH:12
FNDA:36,AddClientBtn
FNDA:19,ClientModal
FNDA:0,(anonymous_2)
FNDA:729,AddClientForm
FNDA:5,(anonymous_4)
FNDA:2,(anonymous_5)
FNDA:5,(anonymous_6)
FNDA:25,(anonymous_7)
FNDA:25,(anonymous_8)
FNDA:65,(anonymous_9)
FNDA:45,(anonymous_10)
FNDA:50,(anonymous_11)
FNDA:140,(anonymous_12)
DA:8,36
DA:27,19
DA:29,14
DA:30,0
DA:33,14
DA:34,14
DA:45,0
DA:53,729
DA:54,724
DA:55,724
DA:56,724
DA:57,724
DA:58,724
DA:60,724
DA:61,724
DA:63,724
DA:65,724
DA:66,5
DA:68,5
DA:69,5
DA:70,0
DA:71,0
DA:72,0
DA:74,5
DA:75,0
DA:76,0
DA:77,0
DA:79,5
DA:80,0
DA:81,0
DA:82,0
DA:84,5
DA:85,0
DA:86,0
DA:87,0
DA:89,5
DA:90,0
DA:91,0
DA:92,0
DA:94,5
DA:95,0
DA:96,0
DA:97,0
DA:99,5
DA:100,0
DA:101,0
DA:102,0
DA:104,5
DA:105,5
DA:106,5
DA:107,4
DA:108,5
DA:109,5
DA:113,724
DA:114,5
DA:115,5
DA:116,5
DA:117,5
DA:118,5
DA:119,5
DA:122,724
DA:123,10
DA:132,714
DA:137,25
DA:142,25
DA:148,65
DA:155,45
DA:162,50
DA:168,140
LF:69
LH:46
BRDA:33,0,0,14
BRDA:33,0,1,0
BRDA:69,1,0,0
BRDA:69,1,1,5
BRDA:74,2,0,0
BRDA:74,2,1,5
BRDA:79,3,0,0
BRDA:79,3,1,5
BRDA:84,4,0,0
BRDA:84,4,1,5
BRDA:89,5,0,0
BRDA:89,5,1,5
BRDA:94,6,0,0
BRDA:94,6,1,5
BRDA:99,7,0,0
BRDA:99,7,1,5
BRDA:99,8,0,5
BRDA:99,8,1,5
BRDA:104,9,0,5
BRDA:104,9,1,0
BRDA:106,10,0,4
BRDA:106,10,1,1
BRDA:122,11,0,10
BRDA:122,11,1,714
BRF:24
BRH:15
end_of_record
TN:
SF:src\Components\ClientList\ClientList.js
FN:12,Client
FN:37,ClientList
FN:44,(anonymous_2)
FN:47,(anonymous_3)
FN:50,(anonymous_4)
FN:57,(anonymous_5)
FN:60,(anonymous_6)
FN:65,changeSearchText
FN:67,(anonymous_8)
FN:85,(anonymous_9)
FN:96,(anonymous_10)
FN:107,WalletTopUpModal
FN:111,(anonymous_12)
FN:112,(anonymous_13)
FN:114,(anonymous_14)
FN:116,(anonymous_15)
FN:118,(anonymous_16)
FN:144,(anonymous_17)
FNF:18
FNH:12
FNDA:158,Client
FNDA:38,ClientList
FNDA:5,(anonymous_2)
FNDA:5,(anonymous_3)
FNDA:4,(anonymous_4)
FNDA:0,(anonymous_5)
FNDA:3,(anonymous_6)
FNDA:0,changeSearchText
FNDA:0,(anonymous_8)
FNDA:0,(anonymous_9)
FNDA:156,(anonymous_10)
FNDA:162,WalletTopUpModal
FNDA:0,(anonymous_12)
FNDA:1,(anonymous_13)
FNDA:1,(anonymous_14)
FNDA:1,(anonymous_15)
FNDA:0,(anonymous_16)
FNDA:2,(anonymous_17)
DA:13,158
DA:38,38
DA:39,38
DA:40,36
DA:41,36
DA:44,36
DA:45,5
DA:47,5
DA:48,5
DA:50,5
DA:51,4
DA:52,3
DA:53,3
DA:58,0
DA:60,5
DA:66,0
DA:67,0
DA:68,0
DA:71,0
DA:77,36
DA:85,0
DA:97,156
DA:108,162
DA:109,162
DA:111,162
DA:112,162
DA:114,162
DA:115,1
DA:116,1
DA:117,1
DA:119,0
DA:120,0
DA:125,162
DA:144,2
LF:34
LH:26
BRDA:51,0,0,3
BRDA:51,0,1,1
BRDA:68,1,0,0
BRDA:68,1,1,0
BRDA:79,2,0,2
BRDA:79,2,1,34
BRF:6
BRH:4
end_of_record
TN:
SF:src\Components\ClientList\ModalClientOrders.js
FN:6,ModalClientOrders
FN:8,(anonymous_1)
FN:9,(anonymous_2)
FN:12,(anonymous_3)
FN:14,(anonymous_4)
FN:15,(anonymous_5)
FN:33,(anonymous_6)
FN:36,(anonymous_7)
FN:74,(anonymous_8)
FNF:9
FNH:6
FNDA:170,ModalClientOrders
FNDA:0,(anonymous_1)
FNDA:0,(anonymous_2)
FNDA:23,(anonymous_3)
FNDA:23,(anonymous_4)
FNDA:12,(anonymous_5)
FNDA:54,(anonymous_6)
FNDA:0,(anonymous_7)
FNDA:84,(anonymous_8)
DA:7,170
DA:8,168
DA:9,168
DA:10,168
DA:12,168
DA:14,23
DA:15,23
DA:17,12
DA:18,2
DA:19,2
DA:20,0
DA:21,0
DA:22,6
DA:23,6
DA:24,0
DA:25,0
DA:26,4
DA:27,4
DA:28,0
DA:29,0
DA:30,0
DA:33,54
DA:37,0
DA:40,168
DA:76,84
LF:25
LH:17
BRDA:17,0,0,2
BRDA:17,0,1,0
BRDA:17,0,2,6
BRDA:17,0,3,0
BRDA:17,0,4,4
BRDA:17,0,5,0
BRDA:17,0,6,0
BRF:7
BRH:3
end_of_record
TN:
SF:src\Components\FarmerHome\FarmerHome.js
FN:18,FarmerHome
FN:37,(anonymous_1)
FN:40,(anonymous_2)
FN:46,(anonymous_3)
FN:53,(anonymous_4)
FN:56,(anonymous_5)
FN:63,(anonymous_6)
FN:67,(anonymous_7)
FN:71,(anonymous_8)
FN:91,(anonymous_9)
FN:94,(anonymous_10)
FN:126,(anonymous_11)
FN:138,(anonymous_12)
FN:164,(anonymous_13)
FN:169,(anonymous_14)
FN:176,(anonymous_15)
FN:183,ProductListItem
FN:197,(anonymous_17)
FN:213,(anonymous_18)
FN:217,(anonymous_19)
FN:219,(anonymous_20)
FN:220,(anonymous_21)
FN:233,AddProductForm
FN:251,(anonymous_23)
FN:255,(anonymous_24)
FN:259,(anonymous_25)
FN:264,(anonymous_26)
FN:267,(anonymous_27)
FN:272,isInt
FN:276,(anonymous_29)
FN:281,(anonymous_30)
FN:347,(anonymous_31)
FN:357,(anonymous_32)
FN:430,(anonymous_33)
FN:434,(anonymous_34)
FN:446,(anonymous_35)
FN:449,(anonymous_36)
FN:461,(anonymous_37)
FN:466,(anonymous_38)
FN:483,(anonymous_39)
FN:503,EditProductForm
FN:515,isInt
FN:519,(anonymous_42)
FN:557,(anonymous_43)
FN:576,(anonymous_44)
FN:580,(anonymous_45)
FN:584,(anonymous_46)
FN:588,(anonymous_47)
FN:605,(anonymous_48)
FNF:49
FNH:19
FNDA:28,FarmerHome
FNDA:2,(anonymous_1)
FNDA:2,(anonymous_2)
FNDA:2,(anonymous_3)
FNDA:2,(anonymous_4)
FNDA:2,(anonymous_5)
FNDA:0,(anonymous_6)
FNDA:0,(anonymous_7)
FNDA:2,(anonymous_8)
FNDA:2,(anonymous_9)
FNDA:2,(anonymous_10)
FNDA:40,(anonymous_11)
FNDA:0,(anonymous_12)
FNDA:0,(anonymous_13)
FNDA:0,(anonymous_14)
FNDA:1,(anonymous_15)
FNDA:42,ProductListItem
FNDA:0,(anonymous_17)
FNDA:0,(anonymous_18)
FNDA:0,(anonymous_19)
FNDA:0,(anonymous_20)
FNDA:0,(anonymous_21)
FNDA:12,AddProductForm
FNDA:2,(anonymous_23)
FNDA:2,(anonymous_24)
FNDA:2,(anonymous_25)
FNDA:0,(anonymous_26)
FNDA:2,(anonymous_27)
FNDA:0,isInt
FNDA:1,(anonymous_29)
FNDA:0,(anonymous_30)
FNDA:0,(anonymous_31)
FNDA:0,(anonymous_32)
FNDA:0,(anonymous_33)
FNDA:0,(anonymous_34)
FNDA:12,(anonymous_35)
FNDA:0,(anonymous_36)
FNDA:0,(anonymous_37)
FNDA:0,(anonymous_38)
FNDA:0,(anonymous_39)
FNDA:0,EditProductForm
FNDA:0,isInt
FNDA:0,(anonymous_42)
FNDA:0,(anonymous_43)
FNDA:0,(anonymous_44)
FNDA:0,(anonymous_45)
FNDA:0,(anonymous_46)
FNDA:0,(anonymous_47)
FNDA:0,(anonymous_48)
DA:20,28
DA:21,26
DA:22,26
DA:23,26
DA:24,26
DA:26,26
DA:27,26
DA:28,26
DA:29,26
DA:30,26
DA:32,26
DA:33,26
DA:34,26
DA:37,26
DA:38,2
DA:40,2
DA:41,2
DA:42,2
DA:43,2
DA:44,2
DA:46,2
DA:47,2
DA:48,2
DA:49,0
DA:50,0
DA:54,2
DA:56,2
DA:57,2
DA:63,26
DA:64,0
DA:67,26
DA:68,0
DA:71,26
DA:72,2
DA:73,2
DA:74,2
DA:75,2
DA:76,1
DA:79,1
DA:81,2
DA:82,1
DA:86,1
DA:91,26
DA:92,2
DA:93,2
DA:94,2
DA:98,26
DA:128,40
DA:139,0
DA:164,0
DA:169,0
DA:176,1
DA:184,42
DA:186,40
DA:198,0
DA:199,0
DA:214,0
DA:215,0
DA:218,0
DA:219,0
DA:220,0
DA:221,0
DA:234,12
DA:235,12
DA:236,12
DA:237,12
DA:238,12
DA:239,12
DA:240,12
DA:241,12
DA:242,12
DA:243,12
DA:244,12
DA:245,12
DA:246,12
DA:247,12
DA:248,12
DA:251,12
DA:252,2
DA:253,2
DA:255,2
DA:256,2
DA:259,2
DA:260,2
DA:261,1
DA:265,0
DA:267,2
DA:268,2
DA:273,0
DA:276,12
DA:277,1
DA:278,1
DA:281,12
DA:283,0
DA:285,0
DA:287,0
DA:288,0
DA:289,0
DA:290,0
DA:292,0
DA:293,0
DA:294,0
DA:296,0
DA:297,0
DA:298,0
DA:300,0
DA:301,0
DA:302,0
DA:304,0
DA:305,0
DA:306,0
DA:309,0
DA:310,0
DA:311,0
DA:314,0
DA:315,0
DA:316,0
DA:319,0
DA:320,0
DA:321,0
DA:327,0
DA:330,0
DA:331,0
DA:333,0
DA:335,0
DA:336,0
DA:337,0
DA:338,0
DA:340,0
DA:342,0
DA:343,0
DA:348,0
DA:357,0
DA:359,0
DA:361,0
DA:363,0
DA:365,0
DA:367,0
DA:369,0
DA:371,0
DA:372,0
DA:377,0
DA:379,0
DA:380,0
DA:382,0
DA:384,0
DA:395,12
DA:430,0
DA:434,0
DA:446,12
DA:450,0
DA:461,0
DA:467,0
DA:469,0
DA:483,0
DA:504,0
DA:505,0
DA:506,0
DA:507,0
DA:508,0
DA:510,0
DA:511,0
DA:512,0
DA:513,0
DA:516,0
DA:519,0
DA:520,0
DA:522,0
DA:523,0
DA:524,0
DA:525,0
DA:527,0
DA:528,0
DA:529,0
DA:531,0
DA:532,0
DA:533,0
DA:535,0
DA:536,0
DA:537,0
DA:540,0
DA:541,0
DA:542,0
DA:545,0
DA:546,0
DA:547,0
DA:550,0
DA:551,0
DA:552,0
DA:556,0
DA:557,0
DA:558,0
DA:559,0
DA:560,0
DA:561,0
DA:566,0
DA:567,0
DA:571,0
DA:576,0
DA:580,0
DA:584,0
DA:589,0
DA:591,0
DA:605,0
LF:204
LH:78
BRDA:47,0,0,2
BRDA:47,0,1,0
BRDA:75,1,0,1
BRDA:75,1,1,1
BRDA:75,2,0,2
BRDA:75,2,1,0
BRDA:75,2,2,2
BRDA:75,2,3,1
BRDA:75,2,4,1
BRDA:75,2,5,0
BRDA:81,3,0,1
BRDA:81,3,1,1
BRDA:81,4,0,2
BRDA:81,4,1,0
BRDA:81,4,2,2
BRDA:81,4,3,1
BRDA:81,4,4,0
BRDA:135,5,0,0
BRDA:135,5,1,26
BRDA:150,6,0,0
BRDA:150,6,1,0
BRDA:176,7,0,12
BRDA:176,7,1,14
BRDA:196,8,0,16
BRDA:196,8,1,16
BRDA:210,9,0,16
BRDA:210,9,1,16
BRDA:260,10,0,1
BRDA:260,10,1,1
BRDA:288,11,0,0
BRDA:288,11,1,0
BRDA:292,12,0,0
BRDA:292,12,1,0
BRDA:296,13,0,0
BRDA:296,13,1,0
BRDA:300,14,0,0
BRDA:300,14,1,0
BRDA:304,15,0,0
BRDA:304,15,1,0
BRDA:309,16,0,0
BRDA:309,16,1,0
BRDA:314,17,0,0
BRDA:314,17,1,0
BRDA:314,18,0,0
BRDA:314,18,1,0
BRDA:319,19,0,0
BRDA:319,19,1,0
BRDA:319,20,0,0
BRDA:319,20,1,0
BRDA:327,21,0,0
BRDA:327,21,1,0
BRDA:337,22,0,0
BRDA:337,22,1,0
BRDA:371,23,0,0
BRDA:371,23,1,0
BRDA:377,24,0,0
BRDA:377,24,1,0
BRDA:379,25,0,0
BRDA:379,25,1,0
BRDA:400,26,0,0
BRDA:400,26,1,12
BRDA:402,27,0,12
BRDA:402,27,1,0
BRDA:523,28,0,0
BRDA:523,28,1,0
BRDA:527,29,0,0
BRDA:527,29,1,0
BRDA:531,30,0,0
BRDA:531,30,1,0
BRDA:535,31,0,0
BRDA:535,31,1,0
BRDA:540,32,0,0
BRDA:540,32,1,0
BRDA:545,33,0,0
BRDA:545,33,1,0
BRDA:545,34,0,0
BRDA:545,34,1,0
BRDA:550,35,0,0
BRDA:550,35,1,0
BRDA:550,36,0,0
BRDA:550,36,1,0
BRDA:556,37,0,0
BRDA:556,37,1,0
BRDA:559,38,0,0
BRDA:559,38,1,0
BRDA:566,39,0,0
BRDA:566,39,1,0
BRF:87
BRH:23
end_of_record
TN:
SF:src\Components\FileUpload\Message.js
FN:4,(anonymous_0)
FNF:1
FNH:0
FNDA:0,(anonymous_0)
DA:4,66
DA:5,0
DA:14,66
LF:3
LH:2
BRF:0
BRH:0
end_of_record
TN:
SF:src\Components\FileUpload\Progress.js
FN:4,(anonymous_0)
FNF:1
FNH:1
FNDA:12,(anonymous_0)
DA:4,66
DA:5,12
DA:18,66
LF:3
LH:3
BRF:0
BRH:0
end_of_record
TN:
SF:src\Components\HomePage\HomePage.js
FN:9,HomePage
FN:15,(anonymous_1)
FN:19,(anonymous_2)
FN:23,(anonymous_3)
FN:26,(anonymous_4)
FN:35,(anonymous_5)
FN:44,(anonymous_6)
FN:151,SelectionBar
FN:165,LogIn
FN:173,LogOut
FNF:10
FNH:7
FNDA:124,HomePage
FNDA:0,(anonymous_1)
FNDA:45,(anonymous_2)
FNDA:14,(anonymous_3)
FNDA:10,(anonymous_4)
FNDA:0,(anonymous_5)
FNDA:0,(anonymous_6)
FNDA:124,SelectionBar
FNDA:86,LogIn
FNDA:38,LogOut
DA:11,124
DA:12,124
DA:13,124
DA:14,124
DA:15,124
DA:16,0
DA:19,124
DA:20,45
DA:21,45
DA:22,16
DA:24,14
DA:25,14
DA:31,10
DA:32,0
DA:36,0
DA:44,124
DA:45,0
DA:46,0
DA:48,124
DA:153,124
DA:166,86
DA:174,38
LF:22
LH:17
BRDA:21,0,0,16
BRDA:21,0,1,29
BRDA:31,1,0,0
BRDA:31,1,1,10
BRDA:50,2,0,14
BRDA:50,2,1,110
BRDA:50,3,0,124
BRDA:50,3,1,14
BRDA:67,4,0,38
BRDA:67,4,1,86
BRDA:75,5,0,38
BRDA:75,5,1,86
BRF:12
BRH:11
end_of_record
TN:
SF:src\Components\HomePage\modalWallet.js
FN:3,ModalError
FNF:1
FNH:1
FNDA:124,ModalError
DA:4,124
LF:1
LH:1
BRF:0
BRH:0
end_of_record
TN:
SF:src\Components\LoginComponents\LoginComponent.js
FN:5,LoginComponent
FN:11,(anonymous_1)
FN:37,(anonymous_2)
FN:47,(anonymous_3)
FNF:4
FNH:4
FNDA:1244,LoginComponent
FNDA:18,(anonymous_1)
FNDA:396,(anonymous_2)
FNDA:156,(anonymous_3)
DA:6,1244
DA:7,1244
DA:8,1244
DA:11,1244
DA:12,18
DA:13,18
DA:14,0
DA:15,0
DA:17,18
DA:18,18
DA:20,18
DA:23,1244
DA:37,396
DA:47,156
LF:14
LH:12
BRDA:13,0,0,0
BRDA:13,0,1,18
BRF:2
BRH:1
end_of_record
TN:
SF:src\Components\NavBar\NavBar.js
FN:15,NavBar
FN:17,(anonymous_1)
FN:59,(anonymous_2)
FN:69,ClientNavbar
FN:80,EmployeeNavbar
FN:91,ManagerNavbar
FN:105,FarmerNavbar
FN:119,DelivererNavbar
FN:132,ShowClock
FN:134,(anonymous_9)
FN:143,(anonymous_10)
FN:153,(anonymous_11)
FN:163,(anonymous_12)
FN:173,(anonymous_13)
FN:183,(anonymous_14)
FN:194,(anonymous_15)
FN:202,(anonymous_16)
FN:214,(anonymous_17)
FN:226,(anonymous_18)
FN:237,(anonymous_19)
FN:248,(anonymous_20)
FN:271,(anonymous_21)
FN:271,(anonymous_22)
FN:273,(anonymous_23)
FN:273,(anonymous_24)
FN:275,(anonymous_25)
FN:275,(anonymous_26)
FN:278,(anonymous_27)
FN:278,(anonymous_28)
FN:280,(anonymous_29)
FN:280,(anonymous_30)
FNF:31
FNH:17
FNDA:326,NavBar
FNDA:68,(anonymous_1)
FNDA:0,(anonymous_2)
FNDA:38,ClientNavbar
FNDA:16,EmployeeNavbar
FNDA:6,ManagerNavbar
FNDA:8,FarmerNavbar
FNDA:0,DelivererNavbar
FNDA:308,ShowClock
FNDA:0,(anonymous_9)
FNDA:0,(anonymous_10)
FNDA:0,(anonymous_11)
FNDA:0,(anonymous_12)
FNDA:0,(anonymous_13)
FNDA:0,(anonymous_14)
FNDA:15,(anonymous_15)
FNDA:0,(anonymous_16)
FNDA:0,(anonymous_17)
FNDA:30,(anonymous_18)
FNDA:30,(anonymous_19)
FNDA:60,(anonymous_20)
FNDA:15,(anonymous_21)
FNDA:30,(anonymous_22)
FNDA:15,(anonymous_23)
FNDA:30,(anonymous_24)
FNDA:15,(anonymous_25)
FNDA:60,(anonymous_26)
FNDA:0,(anonymous_27)
FNDA:0,(anonymous_28)
FNDA:0,(anonymous_29)
FNDA:0,(anonymous_30)
DA:9,66
DA:10,66
DA:11,66
DA:12,66
DA:13,66
DA:14,66
DA:17,326
DA:18,68
DA:19,6
DA:21,62
DA:22,16
DA:24,46
DA:25,38
DA:27,8
DA:28,8
DA:30,0
DA:31,0
DA:33,0
DA:36,326
DA:59,0
DA:70,38
DA:81,16
DA:92,6
DA:106,8
DA:120,0
DA:134,308
DA:135,0
DA:136,0
DA:138,0
DA:139,0
DA:140,0
DA:141,0
DA:143,308
DA:144,0
DA:145,0
DA:147,0
DA:148,0
DA:150,0
DA:151,0
DA:153,308
DA:154,0
DA:155,0
DA:157,0
DA:158,0
DA:160,0
DA:161,0
DA:163,308
DA:164,0
DA:165,0
DA:167,0
DA:168,0
DA:170,0
DA:171,0
DA:173,308
DA:174,0
DA:175,0
DA:177,0
DA:178,0
DA:180,0
DA:181,0
DA:183,308
DA:184,0
DA:185,0
DA:187,0
DA:188,0
DA:190,0
DA:191,0
DA:194,308
DA:195,15
DA:196,15
DA:197,15
DA:198,15
DA:199,15
DA:202,308
DA:203,0
DA:204,0
DA:205,0
DA:207,0
DA:208,0
DA:209,0
DA:210,0
DA:214,308
DA:215,0
DA:216,0
DA:217,0
DA:219,0
DA:220,0
DA:221,0
DA:222,0
DA:226,308
DA:227,30
DA:228,30
DA:229,0
DA:231,30
DA:232,30
DA:233,30
DA:237,308
DA:238,30
DA:239,30
DA:240,0
DA:242,30
DA:243,30
DA:244,30
DA:248,308
DA:249,60
DA:250,60
DA:251,0
DA:253,60
DA:254,60
DA:255,60
DA:256,60
DA:261,308
DA:271,30
DA:273,30
DA:275,60
DA:278,0
DA:280,0
LF:117
LH:57
BRDA:18,0,0,6
BRDA:18,0,1,62
BRDA:21,1,0,16
BRDA:21,1,1,46
BRDA:24,2,0,38
BRDA:24,2,1,8
BRDA:27,3,0,8
BRDA:27,3,1,0
BRDA:30,4,0,0
BRDA:30,4,1,0
BRDA:44,5,0,140
BRDA:44,5,1,168
BRDA:45,6,0,24
BRDA:45,6,1,284
BRDA:45,7,0,308
BRDA:45,7,1,68
BRDA:45,7,2,68
BRDA:45,7,3,60
BRDA:45,7,4,44
BRDA:48,8,0,140
BRDA:48,8,1,168
BRDA:49,9,0,38
BRDA:49,9,1,270
BRDA:49,10,0,308
BRDA:49,10,1,68
BRDA:49,10,2,68
BRDA:56,11,0,308
BRDA:56,11,1,68
BRDA:56,11,2,68
BRDA:58,12,0,68
BRDA:58,12,1,240
BRDA:135,13,0,0
BRDA:135,13,1,0
BRDA:144,14,0,0
BRDA:144,14,1,0
BRDA:154,15,0,0
BRDA:154,15,1,0
BRDA:164,16,0,0
BRDA:164,16,1,0
BRDA:174,17,0,0
BRDA:174,17,1,0
BRDA:184,18,0,0
BRDA:184,18,1,0
BRDA:204,19,0,0
BRDA:204,19,1,0
BRDA:216,20,0,0
BRDA:216,20,1,0
BRDA:228,21,0,0
BRDA:228,21,1,30
BRDA:239,22,0,0
BRDA:239,22,1,30
BRDA:250,23,0,0
BRDA:250,23,1,60
BRF:53
BRH:31
end_of_record
TN:
SF:src\Components\NavBar\clock.js
FN:1,showTime
FN:31,datePadding
FN:36,formatDateWithTime
FN:43,formatDateWithoutSeconds
FN:50,formatDate
FN:56,dayOfWeek
FN:62,formatDateEuropean
FN:72,isValidDate
FNF:8
FNH:7
FNDA:76,showTime
FNDA:1125,datePadding
FNDA:73,formatDateWithTime
FNDA:6,formatDateWithoutSeconds
FNDA:73,formatDate
FNDA:76,dayOfWeek
FNDA:0,formatDateEuropean
FNDA:76,isValidDate
DA:3,76
DA:4,6
DA:5,6
DA:6,6
DA:7,6
DA:8,6
DA:11,76
DA:12,76
DA:13,76
DA:14,76
DA:15,76
DA:16,76
DA:18,76
DA:19,73
DA:20,73
DA:21,73
DA:22,73
DA:23,73
DA:24,73
DA:26,73
DA:27,73
DA:28,73
DA:32,1125
DA:33,1125
DA:37,73
DA:38,73
DA:40,73
DA:44,6
DA:45,6
DA:47,6
DA:51,73
DA:53,73
DA:57,76
DA:58,76
DA:63,0
DA:64,0
DA:65,0
DA:66,0
DA:67,0
DA:68,0
DA:69,0
DA:73,76
LF:42
LH:35
BRDA:3,0,0,6
BRDA:3,0,1,70
BRDA:33,1,0,106
BRDA:33,1,1,1019
BRDA:73,2,0,76
BRDA:73,2,1,76
BRF:6
BRH:6
end_of_record
TN:
SF:src\Components\Notifications\Notifications.js
FN:24,Notifications
FN:31,(anonymous_1)
FN:32,(anonymous_2)
FN:34,(anonymous_3)
FN:35,(anonymous_4)
FN:39,(anonymous_5)
FN:44,(anonymous_6)
FN:53,(anonymous_7)
FN:56,(anonymous_8)
FN:60,notificationsLabel
FN:70,(anonymous_10)
FN:72,(anonymous_11)
FN:73,(anonymous_12)
FN:76,(anonymous_13)
FN:77,(anonymous_14)
FN:79,(anonymous_15)
FN:113,(anonymous_16)
FN:120,(anonymous_17)
FN:130,(anonymous_18)
FNF:19
FNH:7
FNDA:228,Notifications
FNDA:0,(anonymous_1)
FNDA:0,(anonymous_2)
FNDA:38,(anonymous_3)
FNDA:38,(anonymous_4)
FNDA:0,(anonymous_5)
FNDA:38,(anonymous_6)
FNDA:19,(anonymous_7)
FNDA:0,(anonymous_8)
FNDA:108,notificationsLabel
FNDA:0,(anonymous_10)
FNDA:0,(anonymous_11)
FNDA:0,(anonymous_12)
FNDA:0,(anonymous_13)
FNDA:0,(anonymous_14)
FNDA:0,(anonymous_15)
FNDA:0,(anonymous_16)
FNDA:216,(anonymous_17)
FNDA:0,(anonymous_18)
DA:13,66
DA:26,228
DA:27,228
DA:28,228
DA:29,228
DA:31,228
DA:32,228
DA:34,228
DA:35,38
DA:36,38
DA:37,38
DA:40,0
DA:44,228
DA:46,38
DA:47,19
DA:48,19
DA:53,228
DA:54,19
DA:55,19
DA:56,19
DA:61,108
DA:62,0
DA:64,108
DA:65,0
DA:67,108
DA:70,228
DA:71,0
DA:72,0
DA:73,0
DA:76,228
DA:77,0
DA:78,0
DA:79,0
DA:81,0
DA:84,228
DA:113,0
DA:122,216
DA:130,0
LF:38
LH:26
BRDA:46,0,0,19
BRDA:46,0,1,19
BRDA:61,1,0,0
BRDA:61,1,1,108
BRDA:64,2,0,0
BRDA:64,2,1,108
BRDA:86,3,0,108
BRDA:86,3,1,120
BRDA:111,4,0,108
BRDA:111,4,1,120
BRDA:118,5,0,108
BRDA:118,5,1,120
BRF:12
BRH:10
end_of_record
TN:
SF:src\Components\OrderList\MyOrderList.js
FN:16,MyOrderList
FN:25,updateBooking
FN:37,(anonymous_2)
FN:54,(anonymous_3)
FN:58,(anonymous_4)
FN:65,deleteBooking
FN:67,(anonymous_6)
FN:71,(anonymous_7)
FN:77,(anonymous_8)
FN:90,(anonymous_9)
FN:93,(anonymous_10)
FN:97,(anonymous_11)
FN:100,(anonymous_12)
FN:108,(anonymous_13)
FN:114,(anonymous_14)
FN:137,(anonymous_15)
FN:180,MyOrder
FN:194,(anonymous_17)
FN:206,UpdateBooking
FN:219,(anonymous_19)
FN:220,(anonymous_20)
FN:222,(anonymous_21)
FN:227,(anonymous_22)
FN:230,(anonymous_23)
FN:237,(anonymous_24)
FN:243,(anonymous_25)
FN:250,(anonymous_26)
FN:261,(anonymous_27)
FN:262,(anonymous_28)
FN:262,(anonymous_29)
FN:266,(anonymous_30)
FN:268,(anonymous_31)
FN:271,(anonymous_32)
FN:277,(anonymous_33)
FN:277,(anonymous_34)
FN:287,(anonymous_35)
FN:287,(anonymous_36)
FN:295,(anonymous_37)
FN:317,(anonymous_38)
FN:366,(anonymous_39)
FN:377,(anonymous_40)
FN:380,(anonymous_41)
FN:409,(anonymous_42)
FN:419,(anonymous_43)
FN:427,ProductUpdate
FN:430,(anonymous_45)
FN:443,(anonymous_46)
FN:446,(anonymous_47)
FN:453,(anonymous_48)
FNF:49
FNH:18
FNDA:60,MyOrderList
FNDA:0,updateBooking
FNDA:0,(anonymous_2)
FNDA:0,(anonymous_3)
FNDA:0,(anonymous_4)
FNDA:1,deleteBooking
FNDA:1,(anonymous_6)
FNDA:0,(anonymous_7)
FNDA:9,(anonymous_8)
FNDA:5,(anonymous_9)
FNDA:0,(anonymous_10)
FNDA:16,(anonymous_11)
FNDA:16,(anonymous_12)
FNDA:15,(anonymous_13)
FNDA:0,(anonymous_14)
FNDA:180,(anonymous_15)
FNDA:180,MyOrder
FNDA:1,(anonymous_17)
FNDA:96,UpdateBooking
FNDA:0,(anonymous_19)
FNDA:0,(anonymous_20)
FNDA:0,(anonymous_21)
FNDA:24,(anonymous_22)
FNDA:24,(anonymous_23)
FNDA:24,(anonymous_24)
FNDA:0,(anonymous_25)
FNDA:0,(anonymous_26)
FNDA:0,(anonymous_27)
FNDA:0,(anonymous_28)
FNDA:0,(anonymous_29)
FNDA:0,(anonymous_30)
FNDA:0,(anonymous_31)
FNDA:0,(anonymous_32)
FNDA:0,(anonymous_33)
FNDA:0,(anonymous_34)
FNDA:0,(anonymous_35)
FNDA:0,(anonymous_36)
FNDA:12,(anonymous_37)
FNDA:12,(anonymous_38)
FNDA:0,(anonymous_39)
FNDA:0,(anonymous_40)
FNDA:0,(anonymous_41)
FNDA:0,(anonymous_42)
FNDA:48,(anonymous_43)
FNDA:0,ProductUpdate
FNDA:0,(anonymous_45)
FNDA:0,(anonymous_46)
FNDA:0,(anonymous_47)
FNDA:0,(anonymous_48)
DA:18,60
DA:19,60
DA:20,60
DA:22,60
DA:27,0
DA:30,0
DA:37,0
DA:44,0
DA:46,0
DA:47,0
DA:50,0
DA:53,0
DA:55,0
DA:60,0
DA:66,1
DA:68,1
DA:73,0
DA:77,60
DA:78,9
DA:79,9
DA:80,9
DA:81,9
DA:82,4
DA:85,5
DA:90,60
DA:91,5
DA:92,5
DA:93,5
DA:97,60
DA:100,16
DA:101,16
DA:102,6
DA:103,5
DA:104,5
DA:108,16
DA:109,15
DA:110,5
DA:115,0
DA:122,60
DA:138,180
DA:140,90
DA:141,90
DA:143,0
DA:144,0
DA:146,60
DA:147,60
DA:149,0
DA:150,0
DA:152,30
DA:153,30
DA:155,0
DA:156,0
DA:158,0
DA:159,0
DA:161,180
DA:184,180
DA:194,1
DA:207,96
DA:208,96
DA:209,96
DA:210,96
DA:211,96
DA:212,96
DA:213,96
DA:214,96
DA:216,96
DA:218,96
DA:219,96
DA:220,96
DA:222,96
DA:223,0
DA:224,0
DA:227,96
DA:230,24
DA:231,24
DA:232,12
DA:233,12
DA:237,24
DA:238,24
DA:239,12
DA:244,0
DA:250,96
DA:251,0
DA:252,0
DA:255,0
DA:257,0
DA:261,96
DA:262,0
DA:263,0
DA:266,96
DA:267,0
DA:268,0
DA:270,0
DA:271,0
DA:272,0
DA:273,0
DA:276,0
DA:277,0
DA:278,0
DA:282,0
DA:283,0
DA:284,0
DA:287,0
DA:291,0
DA:295,96
DA:296,12
DA:297,0
DA:299,0
DA:300,0
DA:301,0
DA:302,0
DA:307,0
DA:309,0
DA:311,0
DA:317,96
DA:318,12
DA:320,12
DA:322,12
DA:323,12
DA:325,12
DA:326,12
DA:327,12
DA:329,0
DA:330,0
DA:333,12
DA:334,12
DA:337,12
DA:338,12
DA:345,96
DA:366,0
DA:377,0
DA:381,0
DA:382,0
DA:383,0
DA:386,0
DA:388,0
DA:389,0
DA:409,0
DA:420,48
DA:428,0
DA:430,0
DA:443,0
DA:446,0
DA:453,0
LF:144
LH:77
BRDA:46,0,0,0
BRDA:46,0,1,0
BRDA:81,1,0,4
BRDA:81,1,1,5
BRDA:81,2,0,9
BRDA:81,2,1,0
BRDA:81,2,2,9
BRDA:81,2,3,4
BRDA:101,3,0,6
BRDA:101,3,1,10
BRDA:101,4,0,16
BRDA:101,4,1,11
BRDA:109,5,0,5
BRDA:109,5,1,10
BRDA:109,6,0,15
BRDA:109,6,1,10
BRDA:138,7,0,90
BRDA:138,7,1,0
BRDA:138,7,2,60
BRDA:138,7,3,0
BRDA:138,7,4,30
BRDA:138,7,5,0
BRDA:138,7,6,0
BRDA:191,8,0,150
BRDA:191,8,1,30
BRDA:193,9,0,90
BRDA:193,9,1,90
BRDA:196,10,0,24
BRDA:196,10,1,156
BRDA:196,11,0,180
BRDA:196,11,1,48
BRDA:207,12,0,64
BRDA:207,12,1,32
BRDA:210,13,0,64
BRDA:210,13,1,32
BRDA:218,14,0,64
BRDA:218,14,1,32
BRDA:219,15,0,0
BRDA:219,15,1,0
BRDA:220,16,0,0
BRDA:220,16,1,0
BRDA:231,17,0,12
BRDA:231,17,1,12
BRDA:238,18,0,12
BRDA:238,18,1,12
BRDA:251,19,0,0
BRDA:251,19,1,0
BRDA:267,20,0,0
BRDA:267,20,1,0
BRDA:272,21,0,0
BRDA:272,21,1,0
BRDA:277,22,0,0
BRDA:277,22,1,0
BRDA:283,23,0,0
BRDA:283,23,1,0
BRDA:287,24,0,0
BRDA:287,24,1,0
BRDA:288,25,0,0
BRDA:288,25,1,0
BRDA:296,26,0,0
BRDA:296,26,1,12
BRDA:299,27,0,0
BRDA:299,27,1,0
BRDA:320,28,0,12
BRDA:320,28,1,0
BRDA:320,29,0,12
BRDA:320,29,1,0
BRDA:325,30,0,12
BRDA:325,30,1,0
BRDA:359,31,0,96
BRDA:359,31,1,32
BRDA:372,32,0,96
BRDA:372,32,1,0
BRDA:381,33,0,0
BRDA:381,33,1,0
BRDA:408,34,0,96
BRDA:408,34,1,96
BRDA:418,35,0,0
BRDA:418,35,1,96
BRDA:429,36,0,0
BRDA:429,36,1,0
BRDA:446,37,0,0
BRDA:446,37,1,0
BRDA:456,38,0,0
BRDA:456,38,1,0
BRF:85
BRH:44
end_of_record
TN:
SF:src\Components\OrderList\Order.js
FN:6,Order
FN:11,(anonymous_1)
FN:22,(anonymous_2)
FN:25,(anonymous_3)
FN:44,(anonymous_4)
FNF:5
FNH:0
FNDA:0,Order
FNDA:0,(anonymous_1)
FNDA:0,(anonymous_2)
FNDA:0,(anonymous_3)
FNDA:0,(anonymous_4)
DA:8,0
DA:9,0
DA:11,0
DA:12,0
DA:13,0
DA:14,0
DA:15,0
DA:16,0
DA:17,0
DA:19,0
DA:22,0
DA:23,0
DA:24,0
DA:25,0
DA:28,0
DA:44,0
LF:16
LH:0
BRDA:16,0,0,0
BRDA:16,0,1,0
BRDA:16,1,0,0
BRDA:16,1,1,0
BRDA:16,1,2,0
BRDA:16,1,3,0
BRDA:36,2,0,0
BRDA:36,2,1,0
BRDA:40,3,0,0
BRDA:40,3,1,0
BRDA:44,4,0,0
BRDA:44,4,1,0
BRF:12
BRH:0
end_of_record
TN:
SF:src\Components\OrderList\OrderList.js
FN:11,Order
FN:18,(anonymous_1)
FN:28,(anonymous_2)
FN:42,(anonymous_3)
FN:45,(anonymous_4)
FN:48,(anonymous_5)
FN:51,(anonymous_6)
FN:68,(anonymous_7)
FN:86,OrderList
FN:94,(anonymous_9)
FN:96,(anonymous_10)
FN:98,(anonymous_11)
FN:116,(anonymous_12)
FN:117,(anonymous_13)
FN:120,(anonymous_14)
FN:126,changeSearchText
FN:128,(anonymous_16)
FN:139,(anonymous_17)
FN:140,(anonymous_18)
FN:156,(anonymous_19)
FN:167,ContactUser
FN:170,(anonymous_21)
FN:171,(anonymous_22)
FN:201,DeleteOrder
FN:204,(anonymous_24)
FN:205,(anonymous_25)
FN:207,(anonymous_26)
FN:208,(anonymous_27)
FN:211,(anonymous_28)
FN:234,(anonymous_29)
FNF:30
FNH:2
FNDA:0,Order
FNDA:0,(anonymous_1)
FNDA:0,(anonymous_2)
FNDA:0,(anonymous_3)
FNDA:0,(anonymous_4)
FNDA:0,(anonymous_5)
FNDA:0,(anonymous_6)
FNDA:0,(anonymous_7)
FNDA:2,OrderList
FNDA:1,(anonymous_9)
FNDA:0,(anonymous_10)
FNDA:0,(anonymous_11)
FNDA:0,(anonymous_12)
FNDA:0,(anonymous_13)
FNDA:0,(anonymous_14)
FNDA:0,changeSearchText
FNDA:0,(anonymous_16)
FNDA:0,(anonymous_17)
FNDA:0,(anonymous_18)
FNDA:0,(anonymous_19)
FNDA:0,ContactUser
FNDA:0,(anonymous_21)
FNDA:0,(anonymous_22)
FNDA:0,DeleteOrder
FNDA:0,(anonymous_24)
FNDA:0,(anonymous_25)
FNDA:0,(anonymous_26)
FNDA:0,(anonymous_27)
FNDA:0,(anonymous_28)
FNDA:0,(anonymous_29)
DA:13,0
DA:14,0
DA:15,0
DA:16,0
DA:18,0
DA:19,0
DA:20,0
DA:21,0
DA:22,0
DA:23,0
DA:25,0
DA:28,0
DA:29,0
DA:31,0
DA:33,0
DA:34,0
DA:35,0
DA:37,0
DA:38,0
DA:39,0
DA:40,0
DA:42,0
DA:43,0
DA:45,0
DA:48,0
DA:49,0
DA:50,0
DA:51,0
DA:54,0
DA:68,0
DA:88,2
DA:89,2
DA:90,2
DA:92,2
DA:94,2
DA:96,1
DA:98,0
DA:100,0
DA:101,0
DA:102,0
DA:103,0
DA:104,0
DA:105,0
DA:106,0
DA:107,0
DA:108,0
DA:109,0
DA:110,0
DA:111,0
DA:112,0
DA:113,0
DA:116,0
DA:117,0
DA:121,0
DA:127,0
DA:128,0
DA:129,0
DA:130,0
DA:131,0
DA:134,0
DA:137,2
DA:139,0
DA:140,0
DA:157,0
DA:168,0
DA:170,0
DA:171,0
DA:173,0
DA:202,0
DA:204,0
DA:205,0
DA:207,0
DA:208,0
DA:209,0
DA:210,0
DA:212,0
DA:216,0
DA:234,0
LF:78
LH:7
BRDA:22,0,0,0
BRDA:22,0,1,0
BRDA:22,1,0,0
BRDA:22,1,1,0
BRDA:22,1,2,0
BRDA:22,1,3,0
BRDA:31,2,0,0
BRDA:31,2,1,0
BRDA:31,2,2,0
BRDA:61,3,0,0
BRDA:61,3,1,0
BRDA:64,4,0,0
BRDA:64,4,1,0
BRDA:69,5,0,0
BRDA:69,5,1,0
BRDA:77,6,0,0
BRDA:77,6,1,0
BRDA:100,7,0,0
BRDA:100,7,1,0
BRDA:100,7,2,0
BRDA:100,7,3,0
BRDA:100,7,4,0
BRDA:100,7,5,0
BRDA:100,7,6,0
BRDA:131,8,0,0
BRDA:131,8,1,0
BRDA:131,9,0,0
BRDA:131,9,1,0
BRDA:139,10,0,0
BRDA:139,10,1,2
BRF:30
BRH:1
end_of_record
TN:
SF:src\Components\ProductList\ProductList.js
FN:13,ProductList
FN:33,changeSearchText
FN:35,(anonymous_2)
FN:42,(anonymous_3)
FN:60,(anonymous_4)
FN:74,(anonymous_5)
FN:77,(anonymous_6)
FN:80,setProductsLoaded
FN:81,(anonymous_8)
FN:82,(anonymous_9)
FN:87,(anonymous_10)
FN:93,(anonymous_11)
FN:96,(anonymous_12)
FN:100,(anonymous_13)
FN:106,(anonymous_14)
FN:113,(anonymous_15)
FN:130,(anonymous_16)
FN:140,(anonymous_17)
FN:154,(anonymous_18)
FN:163,(anonymous_19)
FN:171,ConfirmForSucessPage
FN:174,(anonymous_21)
FN:184,(anonymous_22)
FN:190,(anonymous_23)
FN:196,addProductToCart
FN:197,(anonymous_25)
FN:200,(anonymous_26)
FN:200,(anonymous_27)
FN:208,(anonymous_28)
FN:214,(anonymous_29)
FN:215,(anonymous_30)
FN:215,(anonymous_31)
FN:219,(anonymous_32)
FN:221,(anonymous_33)
FN:226,(anonymous_34)
FN:226,(anonymous_35)
FN:235,(anonymous_36)
FN:235,(anonymous_37)
FN:242,(anonymous_38)
FN:247,(anonymous_39)
FN:247,(anonymous_40)
FN:252,(anonymous_41)
FN:256,(anonymous_42)
FN:270,(anonymous_43)
FN:280,(anonymous_44)
FN:284,(anonymous_45)
FN:285,(anonymous_46)
FN:302,Product
FN:308,(anonymous_48)
FN:312,(anonymous_49)
FN:332,(anonymous_50)
FN:362,(anonymous_51)
FN:363,(anonymous_52)
FN:367,(anonymous_53)
FN:379,(anonymous_54)
FNF:55
FNH:27
FNDA:312,ProductList
FNDA:0,changeSearchText
FNDA:0,(anonymous_2)
FNDA:28,(anonymous_3)
FNDA:18,(anonymous_4)
FNDA:10,(anonymous_5)
FNDA:0,(anonymous_6)
FNDA:12,setProductsLoaded
FNDA:259,(anonymous_8)
FNDA:259,(anonymous_9)
FNDA:15,(anonymous_10)
FNDA:12,(anonymous_11)
FNDA:7,(anonymous_12)
FNDA:0,(anonymous_13)
FNDA:2,(anonymous_14)
FNDA:46,(anonymous_15)
FNDA:6,(anonymous_16)
FNDA:6,(anonymous_17)
FNDA:5,(anonymous_18)
FNDA:0,(anonymous_19)
FNDA:5,ConfirmForSucessPage
FNDA:0,(anonymous_21)
FNDA:0,(anonymous_22)
FNDA:0,(anonymous_23)
FNDA:6,addProductToCart
FNDA:0,(anonymous_25)
FNDA:0,(anonymous_26)
FNDA:0,(anonymous_27)
FNDA:6,(anonymous_28)
FNDA:0,(anonymous_29)
FNDA:0,(anonymous_30)
FNDA:0,(anonymous_31)
FNDA:0,(anonymous_32)
FNDA:0,(anonymous_33)
FNDA:0,(anonymous_34)
FNDA:0,(anonymous_35)
FNDA:0,(anonymous_36)
FNDA:0,(anonymous_37)
FNDA:0,(anonymous_38)
FNDA:0,(anonymous_39)
FNDA:0,(anonymous_40)
FNDA:0,(anonymous_41)
FNDA:12,(anonymous_42)
FNDA:0,(anonymous_43)
FNDA:4736,(anonymous_44)
FNDA:3256,(anonymous_45)
FNDA:88,(anonymous_46)
FNDA:4014,Product
FNDA:9,(anonymous_48)
FNDA:0,(anonymous_49)
FNDA:6,(anonymous_50)
FNDA:0,(anonymous_51)
FNDA:0,(anonymous_52)
FNDA:9,(anonymous_53)
FNDA:6,(anonymous_54)
DA:14,312
DA:15,306
DA:17,306
DA:18,306
DA:19,306
DA:20,306
DA:21,306
DA:22,306
DA:23,306
DA:24,306
DA:25,306
DA:26,306
DA:27,306
DA:28,306
DA:29,306
DA:30,306
DA:31,306
DA:34,0
DA:35,0
DA:36,0
DA:39,0
DA:42,306
DA:43,28
DA:44,28
DA:45,28
DA:46,28
DA:47,28
DA:48,22
DA:51,6
DA:52,6
DA:53,6
DA:54,6
DA:60,306
DA:61,18
DA:62,6
DA:63,2
DA:66,4
DA:70,12
DA:74,306
DA:75,10
DA:76,10
DA:77,10
DA:81,259
DA:82,259
DA:83,12
DA:84,12
DA:87,306
DA:92,15
DA:93,15
DA:94,12
DA:95,12
DA:96,7
DA:97,7
DA:98,7
DA:99,7
DA:101,0
DA:102,0
DA:107,2
DA:108,2
DA:113,306
DA:114,46
DA:115,18
DA:116,18
DA:118,18
DA:119,18
DA:120,18
DA:121,18
DA:125,18
DA:126,18
DA:130,306
DA:132,6
DA:140,6
DA:147,6
DA:148,5
DA:150,1
DA:153,6
DA:155,5
DA:156,0
DA:157,0
DA:158,0
DA:161,5
DA:164,0
DA:172,5
DA:173,5
DA:175,0
DA:176,0
DA:182,0
DA:183,0
DA:184,0
DA:186,0
DA:187,0
DA:188,0
DA:189,0
DA:191,0
DA:192,0
DA:197,6
DA:199,6
DA:200,0
DA:208,6
DA:211,6
DA:214,306
DA:215,0
DA:216,0
DA:219,306
DA:220,0
DA:221,0
DA:222,0
DA:223,0
DA:226,0
DA:230,0
DA:231,0
DA:232,0
DA:235,0
DA:239,0
DA:242,306
DA:243,0
DA:244,0
DA:247,0
DA:252,306
DA:253,0
DA:256,306
DA:257,12
DA:258,1
DA:261,11
DA:263,12
DA:266,306
DA:270,0
DA:282,4736
DA:284,3256
DA:285,88
DA:304,4014
DA:306,4014
DA:308,4014
DA:309,9
DA:312,4014
DA:313,0
DA:314,0
DA:315,0
DA:316,0
DA:319,0
DA:322,0
DA:323,0
DA:326,0
DA:332,4014
DA:333,6
DA:334,6
DA:339,4014
DA:362,0
DA:363,0
DA:367,9
DA:379,6
LF:151
LH:102
BRDA:36,0,0,0
BRDA:36,0,1,0
BRDA:47,1,0,22
BRDA:47,1,1,6
BRDA:47,2,0,28
BRDA:47,2,1,0
BRDA:47,2,2,28
BRDA:47,2,3,22
BRDA:52,3,0,6
BRDA:52,3,1,0
BRDA:61,4,0,6
BRDA:61,4,1,12
BRDA:61,5,0,18
BRDA:61,5,1,6
BRDA:62,6,0,2
BRDA:62,6,1,4
BRDA:62,7,0,6
BRDA:62,7,1,2
BRDA:95,8,0,7
BRDA:95,8,1,5
BRDA:114,9,0,18
BRDA:114,9,1,28
BRDA:118,10,0,18
BRDA:118,10,1,0
BRDA:133,11,0,2
BRDA:133,11,1,4
BRDA:133,12,0,6
BRDA:133,12,1,2
BRDA:134,13,0,2
BRDA:134,13,1,4
BRDA:134,14,0,6
BRDA:134,14,1,2
BRDA:147,15,0,5
BRDA:147,15,1,1
BRDA:153,16,0,2
BRDA:153,16,1,4
BRDA:155,17,0,0
BRDA:155,17,1,5
BRDA:156,18,0,0
BRDA:156,18,1,0
BRDA:175,19,0,0
BRDA:175,19,1,0
BRDA:177,20,0,0
BRDA:177,20,1,0
BRDA:197,21,0,0
BRDA:197,21,1,6
BRDA:199,22,0,0
BRDA:199,22,1,6
BRDA:200,23,0,0
BRDA:200,23,1,0
BRDA:202,24,0,0
BRDA:202,24,1,0
BRDA:220,25,0,0
BRDA:220,25,1,0
BRDA:222,26,0,0
BRDA:222,26,1,0
BRDA:226,27,0,0
BRDA:226,27,1,0
BRDA:231,28,0,0
BRDA:231,28,1,0
BRDA:235,29,0,0
BRDA:235,29,1,0
BRDA:236,30,0,0
BRDA:236,30,1,0
BRDA:243,31,0,0
BRDA:243,31,1,0
BRDA:247,32,0,0
BRDA:247,32,1,0
BRDA:257,33,0,1
BRDA:257,33,1,11
BRDA:268,34,0,306
BRDA:268,34,1,0
BRDA:277,35,0,106
BRDA:277,35,1,200
BRDA:282,36,0,4736
BRDA:282,36,1,4736
BRDA:284,37,0,4648
BRDA:284,37,1,88
BRDA:293,38,0,144
BRDA:293,38,1,162
BRDA:293,39,0,306
BRDA:293,39,1,182
BRDA:296,40,0,144
BRDA:296,40,1,46
BRDA:314,41,0,0
BRDA:314,41,1,0
BRDA:314,42,0,0
BRDA:314,42,1,0
BRDA:315,43,0,0
BRDA:315,43,1,0
BRDA:322,44,0,0
BRDA:322,44,1,0
BRDA:354,45,0,0
BRDA:354,45,1,4014
BRDA:354,46,0,4014
BRDA:354,46,1,4014
BRDA:359,47,0,3718
BRDA:359,47,1,296
BRDA:363,48,0,0
BRDA:363,48,1,0
BRDA:366,49,0,0
BRDA:366,49,1,3718
BRDA:366,50,0,3718
BRDA:366,50,1,3718
BRDA:370,51,0,0
BRDA:370,51,1,3718
BRDA:370,52,0,3718
BRDA:370,52,1,3718
BRDA:371,53,0,0
BRDA:371,53,1,0
BRDA:374,54,0,100
BRDA:374,54,1,3618
BRF:112
BRH:62
end_of_record
TN:
SF:src\Components\SideBar\SideBar.js
FN:5,SideBar
FN:18,(anonymous_1)
FN:21,(anonymous_2)
FN:22,(anonymous_3)
FNF:4
FNH:2
FNDA:266,SideBar
FNDA:0,(anonymous_1)
FNDA:852,(anonymous_2)
FNDA:0,(anonymous_3)
DA:7,266
DA:18,0
DA:22,852
LF:3
LH:2
BRDA:14,0,0,124
BRDA:14,0,1,142
BRF:2
BRH:2
end_of_record
TN:
SF:src\Components\SuccessPage\OrderSuccess.js
FN:9,OrderSuccess
FN:47,(anonymous_1)
FN:69,Product
FNF:3
FNH:0
FNDA:0,OrderSuccess
FNDA:0,(anonymous_1)
FNDA:0,Product
DA:10,0
DA:11,0
DA:12,0
DA:14,0
DA:48,0
DA:70,0
LF:6
LH:0
BRDA:12,0,0,0
BRDA:12,0,1,0
BRDA:12,0,2,0
BRDA:12,0,3,0
BRDA:16,1,0,0
BRDA:16,1,1,0
BRDA:19,2,0,0
BRDA:19,2,1,0
BRDA:19,3,0,0
BRDA:19,3,1,0
BRDA:19,4,0,0
BRDA:19,4,1,0
BRDA:21,5,0,0
BRDA:21,5,1,0
BRDA:29,6,0,0
BRDA:29,6,1,0
BRDA:29,6,2,0
BRDA:30,7,0,0
BRDA:30,7,1,0
BRDA:30,7,2,0
BRDA:42,8,0,0
BRDA:42,8,1,0
BRDA:47,9,0,0
BRDA:47,9,1,0
BRDA:51,10,0,0
BRDA:51,10,1,0
BRDA:51,10,2,0
BRDA:60,11,0,0
BRDA:60,11,1,0
BRF:29
BRH:0
end_of_record
TN:
SF:src\Components\UnretrievedFood\UnretrievedFood.js
FN:69,UnretrievedFood
FN:93,getNextSaturday
FN:103,getMonthDays
FN:135,(anonymous_3)
FN:144,(anonymous_4)
FN:165,(anonymous_5)
FN:177,(anonymous_6)
FN:216,(anonymous_7)
FN:222,(anonymous_8)
FN:223,(anonymous_9)
FN:232,(anonymous_10)
FN:235,(anonymous_11)
FN:369,(anonymous_12)
FN:371,(anonymous_13)
FNF:14
FNH:6
FNDA:4,UnretrievedFood
FNDA:1,getNextSaturday
FNDA:1,getMonthDays
FNDA:1,(anonymous_3)
FNDA:1,(anonymous_4)
FNDA:1,(anonymous_5)
FNDA:0,(anonymous_6)
FNDA:0,(anonymous_7)
FNDA:0,(anonymous_8)
FNDA:0,(anonymous_9)
FNDA:0,(anonymous_10)
FNDA:0,(anonymous_11)
FNDA:0,(anonymous_12)
FNDA:0,(anonymous_13)
DA:22,66
DA:35,66
DA:71,4
DA:73,4
DA:74,4
DA:75,4
DA:76,4
DA:77,4
DA:78,4
DA:79,4
DA:80,4
DA:82,4
DA:84,4
DA:85,4
DA:86,4
DA:87,4
DA:88,4
DA:89,4
DA:90,4
DA:96,1
DA:98,1
DA:100,1
DA:105,1
DA:106,1
DA:107,1
DA:108,1
DA:110,1
DA:111,1
DA:113,1
DA:115,1
DA:117,1
DA:119,4
DA:120,4
DA:121,4
DA:123,4
DA:125,4
DA:129,1
DA:131,1
DA:135,4
DA:137,1
DA:144,4
DA:145,1
DA:148,1
DA:149,1
DA:153,1
DA:154,1
DA:156,1
DA:157,1
DA:158,1
DA:160,1
DA:165,1
DA:168,1
DA:169,0
DA:171,0
DA:173,0
DA:174,0
DA:175,0
DA:176,0
DA:177,0
DA:178,0
DA:179,0
DA:182,0
DA:183,0
DA:188,0
DA:191,0
DA:192,0
DA:194,0
DA:197,0
DA:201,0
DA:202,0
DA:204,0
DA:208,0
DA:209,0
DA:210,0
DA:216,1
DA:217,0
DA:220,0
DA:221,0
DA:222,0
DA:223,0
DA:224,0
DA:225,0
DA:226,0
DA:227,0
DA:228,0
DA:229,0
DA:233,0
DA:235,1
DA:236,0
DA:244,4
DA:257,4
DA:269,4
DA:283,4
DA:296,4
DA:369,0
DA:371,0
LF:96
LH:59
BRDA:119,0,0,4
BRDA:119,0,1,0
BRDA:174,1,0,0
BRDA:174,1,1,0
BRDA:217,2,0,0
BRDA:217,2,1,0
BRDA:299,3,0,4
BRDA:299,3,1,0
BRDA:358,4,0,0
BRDA:358,4,1,0
BRDA:368,5,0,0
BRDA:368,5,1,0
BRDA:375,6,0,0
BRDA:375,6,1,0
BRF:14
BRH:2
end_of_record
TN:
SF:src\Components\WareHouseHome\WareHouseHome.js
FN:7,WareHouseHome
FN:16,(anonymous_1)
FN:19,(anonymous_2)
FN:25,(anonymous_3)
FN:33,(anonymous_4)
FN:40,changeSearchText
FN:42,(anonymous_6)
FN:50,updateProductState
FN:53,(anonymous_8)
FN:57,(anonymous_9)
FN:67,(anonymous_10)
FN:77,(anonymous_11)
FN:93,RowData
FN:105,(anonymous_13)
FNF:14
FNH:9
FNDA:18,WareHouseHome
FNDA:3,(anonymous_1)
FNDA:3,(anonymous_2)
FNDA:2,(anonymous_3)
FNDA:0,(anonymous_4)
FNDA:0,changeSearchText
FNDA:0,(anonymous_6)
FNDA:1,updateProductState
FNDA:1,(anonymous_8)
FNDA:0,(anonymous_9)
FNDA:0,(anonymous_10)
FNDA:714,(anonymous_11)
FNDA:714,RowData
FNDA:1,(anonymous_13)
DA:10,18
DA:11,18
DA:12,18
DA:16,18
DA:19,3
DA:20,3
DA:22,2
DA:23,2
DA:25,3
DA:26,2
DA:28,1
DA:34,0
DA:41,0
DA:42,0
DA:43,0
DA:46,0
DA:52,1
DA:54,1
DA:59,0
DA:65,18
DA:67,0
DA:78,714
DA:94,714
DA:105,1
LF:24
LH:17
BRDA:26,0,0,1
BRDA:26,0,1,1
BRDA:43,1,0,0
BRDA:43,1,1,0
BRF:4
BRH:2
end_of_record
TN:
SF:src\api\booking-api.js
FN:6,getOrders
FN:17,addBooking
FN:18,(anonymous_2)
FN:35,(anonymous_3)
FN:41,(anonymous_4)
FN:42,(anonymous_5)
FN:44,(anonymous_6)
FN:48,updateBookingState
FN:49,(anonymous_8)
FN:56,(anonymous_9)
FN:62,(anonymous_10)
FN:63,(anonymous_11)
FN:65,(anonymous_12)
FN:69,getWalletBalance
FN:82,confirmBookingProduct
FN:93,getOrdersByUserId
FN:105,getProductsFromBooking
FN:117,deleteBooking
FN:118,(anonymous_18)
FN:121,(anonymous_19)
FN:127,(anonymous_20)
FN:128,(anonymous_21)
FN:130,(anonymous_22)
FN:136,updateBooking
FN:137,(anonymous_24)
FN:144,(anonymous_25)
FN:150,(anonymous_26)
FN:151,(anonymous_27)
FN:153,(anonymous_28)
FN:157,addUnretrievedFood
FN:158,(anonymous_30)
FN:166,(anonymous_31)
FN:172,(anonymous_32)
FN:173,(anonymous_33)
FN:175,(anonymous_34)
FN:184,getUnretrievedOfWeek
FN:206,getUnretrievedOfMonth
FN:227,getUnretrievedByProductId
FN:248,getUnretrievedByProductType
FNF:39
FNH:10
FNDA:1,getOrders
FNDA:5,addBooking
FNDA:5,(anonymous_2)
FNDA:2,(anonymous_3)
FNDA:0,(anonymous_4)
FNDA:0,(anonymous_5)
FNDA:0,(anonymous_6)
FNDA:0,updateBookingState
FNDA:0,(anonymous_8)
FNDA:0,(anonymous_9)
FNDA:0,(anonymous_10)
FNDA:0,(anonymous_11)
FNDA:0,(anonymous_12)
FNDA:6,getWalletBalance
FNDA:0,confirmBookingProduct
FNDA:29,getOrdersByUserId
FNDA:12,getProductsFromBooking
FNDA:1,deleteBooking
FNDA:1,(anonymous_18)
FNDA:1,(anonymous_19)
FNDA:0,(anonymous_20)
FNDA:0,(anonymous_21)
FNDA:0,(anonymous_22)
FNDA:0,updateBooking
FNDA:0,(anonymous_24)
FNDA:0,(anonymous_25)
FNDA:0,(anonymous_26)
FNDA:0,(anonymous_27)
FNDA:0,(anonymous_28)
FNDA:0,addUnretrievedFood
FNDA:0,(anonymous_30)
FNDA:0,(anonymous_31)
FNDA:0,(anonymous_32)
FNDA:0,(anonymous_33)
FNDA:0,(anonymous_34)
FNDA:0,getUnretrievedOfWeek
FNDA:0,getUnretrievedOfMonth
FNDA:0,getUnretrievedByProductId
FNDA:0,getUnretrievedByProductType
DA:4,66
DA:8,1
DA:9,0
DA:10,0
DA:11,0
DA:13,0
DA:18,5
DA:19,5
DA:28,5
DA:29,5
DA:36,2
DA:37,1
DA:40,1
DA:41,0
DA:42,0
DA:44,0
DA:49,0
DA:50,0
DA:57,0
DA:58,0
DA:61,0
DA:62,0
DA:63,0
DA:65,0
DA:70,6
DA:72,6
DA:73,5
DA:74,5
DA:75,5
DA:77,0
DA:84,0
DA:85,0
DA:86,0
DA:87,0
DA:89,0
DA:95,29
DA:96,28
DA:97,28
DA:98,28
DA:100,0
DA:107,12
DA:108,12
DA:109,12
DA:110,12
DA:112,0
DA:118,1
DA:119,1
DA:122,1
DA:123,1
DA:126,0
DA:127,0
DA:128,0
DA:130,0
DA:137,0
DA:138,0
DA:145,0
DA:146,0
DA:149,0
DA:150,0
DA:151,0
DA:153,0
DA:158,0
DA:159,0
DA:160,0
DA:167,0
DA:168,0
DA:171,0
DA:172,0
DA:173,0
DA:175,0
DA:186,0
DA:192,0
DA:193,0
DA:194,0
DA:196,0
DA:208,0
DA:214,0
DA:215,0
DA:216,0
DA:218,0
DA:229,0
DA:235,0
DA:236,0
DA:237,0
DA:239,0
DA:250,0
DA:256,0
DA:257,0
DA:258,0
DA:260,0
DA:265,66
LF:91
LH:27
BRDA:10,0,0,0
BRDA:10,0,1,0
BRDA:36,1,0,1
BRDA:36,1,1,1
BRDA:57,2,0,0
BRDA:57,2,1,0
BRDA:74,3,0,5
BRDA:74,3,1,0
BRDA:86,4,0,0
BRDA:86,4,1,0
BRDA:97,5,0,28
BRDA:97,5,1,0
BRDA:109,6,0,12
BRDA:109,6,1,0
BRDA:122,7,0,1
BRDA:122,7,1,0
BRDA:145,8,0,0
BRDA:145,8,1,0
BRDA:167,9,0,0
BRDA:167,9,1,0
BRDA:193,10,0,0
BRDA:193,10,1,0
BRDA:215,11,0,0
BRDA:215,11,1,0
BRDA:236,12,0,0
BRDA:236,12,1,0
BRDA:257,13,0,0
BRDA:257,13,1,0
BRF:28
BRH:6
end_of_record
TN:
SF:src\api\product-api.js
FN:6,getProductsByType
FN:24,getProducts
FN:35,getProductTypes
FNF:3
FNH:2
FNDA:15,getProductsByType
FNDA:0,getProducts
FNDA:7,getProductTypes
DA:4,66
DA:9,15
DA:10,0
DA:13,15
DA:15,14
DA:16,12
DA:17,12
DA:19,0
DA:26,0
DA:27,0
DA:28,0
DA:29,0
DA:31,0
DA:37,7
DA:38,7
DA:39,7
DA:40,7
DA:42,0
DA:46,66
LF:19
LH:11
BRDA:9,0,0,0
BRDA:9,0,1,15
BRDA:16,1,0,12
BRDA:16,1,1,0
BRDA:28,2,0,0
BRDA:28,2,1,0
BRDA:39,3,0,7
BRDA:39,3,1,0
BRF:8
BRH:3
end_of_record
TN:
SF:src\api\user-api.js
FN:4,getRequiredCharge
FN:16,getWalletBalance
FN:27,getUserById
FN:38,getRequiredChargeByBookingId
FN:51,chargeWallet
FN:52,(anonymous_5)
FN:55,(anonymous_6)
FN:61,(anonymous_7)
FN:62,(anonymous_8)
FN:64,(anonymous_9)
FN:68,getNotifications
FN:79,addNotification
FN:80,(anonymous_12)
FN:87,(anonymous_13)
FN:93,(anonymous_14)
FN:94,(anonymous_15)
FN:96,(anonymous_16)
FNF:17
FNH:6
FNDA:16,getRequiredCharge
FNDA:14,getWalletBalance
FNDA:0,getUserById
FNDA:0,getRequiredChargeByBookingId
FNDA:1,chargeWallet
FNDA:1,(anonymous_5)
FNDA:1,(anonymous_6)
FNDA:0,(anonymous_7)
FNDA:0,(anonymous_8)
FNDA:0,(anonymous_9)
FNDA:38,getNotifications
FNDA:0,addNotification
FNDA:0,(anonymous_12)
FNDA:0,(anonymous_13)
FNDA:0,(anonymous_14)
FNDA:0,(anonymous_15)
FNDA:0,(anonymous_16)
DA:2,66
DA:6,16
DA:7,16
DA:8,14
DA:9,14
DA:11,0
DA:18,14
DA:19,10
DA:20,10
DA:21,10
DA:23,0
DA:29,0
DA:30,0
DA:31,0
DA:32,0
DA:34,0
DA:40,0
DA:41,0
DA:42,0
DA:43,0
DA:44,0
DA:45,0
DA:47,0
DA:52,1
DA:53,1
DA:56,1
DA:57,1
DA:60,0
DA:61,0
DA:62,0
DA:64,0
DA:69,38
DA:70,38
DA:71,38
DA:72,38
DA:75,0
DA:80,0
DA:81,0
DA:88,0
DA:89,0
DA:92,0
DA:93,0
DA:94,0
DA:96,0
DA:101,66
LF:45
LH:18
BRDA:8,0,0,14
BRDA:8,0,1,0
BRDA:20,1,0,10
BRDA:20,1,1,0
BRDA:31,2,0,0
BRDA:31,2,1,0
BRDA:42,3,0,0
BRDA:42,3,1,0
BRDA:56,4,0,1
BRDA:56,4,1,0
BRDA:71,5,0,38
BRDA:71,5,1,0
BRDA:88,6,0,0
BRDA:88,6,1,0
BRF:14
BRH:4
end_of_record
