TN:
SF:src\API.js
FN:7,getAllProducts
FN:18,getProductsByDate
FN:30,addImage
FN:32,(anonymous_3)
FN:39,(anonymous_4)
FN:45,(anonymous_5)
FN:46,(anonymous_6)
FN:48,(anonymous_7)
FN:52,getProdFarmer
FN:63,addNewClient
FN:74,logIn
FN:91,logOut
FN:95,getUserInfo
FN:105,getAllClients
FN:116,addProduct
FN:118,(anonymous_15)
FN:126,(anonymous_16)
FN:132,(anonymous_17)
FN:133,(anonymous_18)
FN:135,(anonymous_19)
FN:139,updateProductState
FN:141,(anonymous_21)
FN:148,(anonymous_22)
FN:154,(anonymous_23)
FN:155,(anonymous_24)
FN:157,(anonymous_25)
FN:160,updateNotificationVisibility
FN:162,(anonymous_27)
FN:169,(anonymous_28)
FN:175,(anonymous_29)
FN:176,(anonymous_30)
FN:178,(anonymous_31)
FN:182,updateProductInfo
FN:184,(anonymous_33)
FN:191,(anonymous_34)
FN:197,(anonymous_35)
FN:198,(anonymous_36)
FN:200,(anonymous_37)
FN:204,updateProductQuantity
FN:206,(anonymous_39)
FN:213,(anonymous_40)
FN:220,(anonymous_41)
FN:221,(anonymous_42)
FN:223,(anonymous_43)
FNF:44
FNH:2
FNDA:0,getAllProducts
FNDA:0,getProductsByDate
FNDA:0,addImage
FNDA:0,(anonymous_3)
FNDA:0,(anonymous_4)
FNDA:0,(anonymous_5)
FNDA:0,(anonymous_6)
FNDA:0,(anonymous_7)
FNDA:0,getProdFarmer
FNDA:0,addNewClient
FNDA:1,logIn
FNDA:0,logOut
FNDA:3,getUserInfo
FNDA:0,getAllClients
FNDA:0,addProduct
FNDA:0,(anonymous_15)
FNDA:0,(anonymous_16)
FNDA:0,(anonymous_17)
FNDA:0,(anonymous_18)
FNDA:0,(anonymous_19)
FNDA:0,updateProductState
FNDA:0,(anonymous_21)
FNDA:0,(anonymous_22)
FNDA:0,(anonymous_23)
FNDA:0,(anonymous_24)
FNDA:0,(anonymous_25)
FNDA:0,updateNotificationVisibility
FNDA:0,(anonymous_27)
FNDA:0,(anonymous_28)
FNDA:0,(anonymous_29)
FNDA:0,(anonymous_30)
FNDA:0,(anonymous_31)
FNDA:0,updateProductInfo
FNDA:0,(anonymous_33)
FNDA:0,(anonymous_34)
FNDA:0,(anonymous_35)
FNDA:0,(anonymous_36)
FNDA:0,(anonymous_37)
FNDA:0,updateProductQuantity
FNDA:0,(anonymous_39)
FNDA:0,(anonymous_40)
FNDA:0,(anonymous_41)
FNDA:0,(anonymous_42)
FNDA:0,(anonymous_43)
DA:4,3
DA:9,0
DA:10,0
DA:11,0
DA:12,0
DA:14,0
DA:20,0
DA:21,0
DA:22,0
DA:23,0
DA:24,0
DA:26,0
DA:32,0
DA:33,0
DA:40,0
DA:41,0
DA:44,0
DA:45,0
DA:46,0
DA:48,0
DA:54,0
DA:55,0
DA:56,0
DA:57,0
DA:59,0
DA:64,0
DA:69,0
DA:70,0
DA:71,0
DA:75,1
DA:82,1
DA:83,1
DA:86,0
DA:87,0
DA:92,0
DA:96,3
DA:97,3
DA:98,3
DA:99,1
DA:101,2
DA:107,0
DA:108,0
DA:109,0
DA:110,0
DA:112,0
DA:118,0
DA:119,0
DA:127,0
DA:128,0
DA:131,0
DA:132,0
DA:133,0
DA:135,0
DA:141,0
DA:142,0
DA:149,0
DA:150,0
DA:153,0
DA:154,0
DA:155,0
DA:157,0
DA:162,0
DA:163,0
DA:170,0
DA:171,0
DA:174,0
DA:175,0
DA:176,0
DA:178,0
DA:184,0
DA:185,0
DA:192,0
DA:193,0
DA:196,0
DA:197,0
DA:198,0
DA:200,0
DA:206,0
DA:207,0
DA:214,0
DA:215,0
DA:216,0
DA:219,0
DA:220,0
DA:221,0
DA:223,0
DA:227,3
LF:87
LH:10
BRDA:11,0,0,0
BRDA:11,0,1,0
BRDA:23,1,0,0
BRDA:23,1,1,0
BRDA:40,2,0,0
BRDA:40,2,1,0
BRDA:56,3,0,0
BRDA:56,3,1,0
BRDA:69,4,0,0
BRDA:69,4,1,0
BRDA:82,5,0,1
BRDA:82,5,1,0
BRDA:98,6,0,1
BRDA:98,6,1,2
BRDA:109,7,0,0
BRDA:109,7,1,0
BRDA:127,8,0,0
BRDA:127,8,1,0
BRDA:149,9,0,0
BRDA:149,9,1,0
BRDA:170,10,0,0
BRDA:170,10,1,0
BRDA:192,11,0,0
BRDA:192,11,1,0
BRDA:214,12,0,0
BRDA:214,12,1,0
BRF:26
BRH:3
end_of_record
TN:
SF:src\App.js
FN:28,App
FN:87,(anonymous_1)
FN:88,(anonymous_2)
FN:100,(anonymous_3)
FN:112,(anonymous_4)
FN:113,(anonymous_5)
FN:120,(anonymous_6)
FN:132,(anonymous_7)
FN:134,(anonymous_8)
FN:137,(anonymous_9)
FN:141,(anonymous_10)
FN:144,(anonymous_11)
FN:147,(anonymous_12)
FN:150,(anonymous_13)
FN:153,(anonymous_14)
FN:156,(anonymous_15)
FN:159,(anonymous_16)
FN:162,(anonymous_17)
FNF:18
FNH:7
FNDA:19,App
FNDA:3,(anonymous_1)
FNDA:3,(anonymous_2)
FNDA:1,(anonymous_3)
FNDA:0,(anonymous_4)
FNDA:0,(anonymous_5)
FNDA:0,(anonymous_6)
FNDA:4,(anonymous_7)
FNDA:0,(anonymous_8)
FNDA:0,(anonymous_9)
FNDA:1,(anonymous_10)
FNDA:0,(anonymous_11)
FNDA:0,(anonymous_12)
FNDA:0,(anonymous_13)
FNDA:5,(anonymous_14)
FNDA:0,(anonymous_15)
FNDA:0,(anonymous_16)
FNDA:0,(anonymous_17)
DA:18,3
DA:29,19
DA:30,16
DA:31,16
DA:87,16
DA:88,3
DA:89,3
DA:90,3
DA:91,1
DA:92,1
DA:94,2
DA:97,3
DA:100,16
DA:102,1
DA:103,1
DA:104,1
DA:105,1
DA:106,1
DA:108,0
DA:112,16
DA:113,0
DA:114,0
DA:115,0
DA:116,0
DA:120,16
DA:121,0
DA:127,16
DA:132,4
DA:135,0
DA:138,0
DA:142,1
DA:145,0
DA:148,0
DA:151,0
DA:154,5
DA:157,0
DA:160,0
DA:163,0
LF:38
LH:24
BRDA:132,0,0,1
BRDA:132,0,1,3
BRF:2
BRH:2
end_of_record
TN:
SF:src\index.js
FNF:0
FNH:0
DA:7,3
DA:17,3
LF:2
LH:2
BRF:0
BRH:0
end_of_record
TN:
SF:src\reportWebVitals.js
FN:1,(anonymous_0)
FN:3,(anonymous_1)
FNF:2
FNH:1
FNDA:3,(anonymous_0)
FNDA:0,(anonymous_1)
DA:1,3
DA:2,3
DA:3,0
DA:4,0
DA:5,0
DA:6,0
DA:7,0
DA:8,0
LF:8
LH:2
BRDA:2,0,0,0
BRDA:2,0,1,3
BRDA:2,1,0,3
BRDA:2,1,1,0
BRF:4
BRH:2
end_of_record
TN:
SF:src\Components\Client.js
FN:1,ClientList
FN:3,(anonymous_1)
FN:6,Client
FNF:3
FNH:0
FNDA:0,ClientList
FNDA:0,(anonymous_1)
FNDA:0,Client
DA:2,0
DA:3,0
DA:7,0
DA:8,0
DA:9,0
DA:10,0
DA:11,0
DA:12,0
DA:13,0
DA:14,0
DA:15,0
LF:11
LH:0
BRDA:1,0,0,0
BRF:1
BRH:0
end_of_record
TN:
SF:src\Components\Cart\Cart.js
FN:15,Cart
FN:23,(anonymous_1)
FN:24,(anonymous_2)
FN:26,(anonymous_3)
FN:53,(anonymous_4)
FN:80,(anonymous_5)
FN:92,(anonymous_6)
FN:95,(anonymous_7)
FN:113,(anonymous_8)
FN:128,(anonymous_9)
FN:136,CartProduct
FN:139,(anonymous_11)
FN:153,(anonymous_12)
FN:156,(anonymous_13)
FN:163,(anonymous_14)
FNF:15
FNH:10
FNDA:25,Cart
FNDA:0,(anonymous_1)
FNDA:1,(anonymous_2)
FNDA:1,(anonymous_3)
FNDA:1,(anonymous_4)
FNDA:1,(anonymous_5)
FNDA:14,(anonymous_6)
FNDA:1,(anonymous_7)
FNDA:1,(anonymous_8)
FNDA:14,(anonymous_9)
FNDA:10,CartProduct
FNDA:0,(anonymous_11)
FNDA:0,(anonymous_12)
FNDA:0,(anonymous_13)
FNDA:0,(anonymous_14)
DA:16,25
DA:17,24
DA:18,24
DA:19,24
DA:20,24
DA:21,24
DA:23,24
DA:24,24
DA:26,24
DA:27,1
DA:29,1
DA:31,1
DA:32,1
DA:34,1
DA:35,1
DA:36,1
DA:38,0
DA:39,0
DA:42,1
DA:43,1
DA:46,1
DA:47,1
DA:53,24
DA:54,1
DA:55,1
DA:58,24
DA:80,1
DA:92,14
DA:96,1
DA:113,1
DA:129,14
DA:137,10
DA:139,0
DA:153,0
DA:156,0
DA:163,0
LF:36
LH:30
BRDA:29,0,0,1
BRDA:29,0,1,0
BRDA:29,1,0,1
BRDA:29,1,1,0
BRDA:34,2,0,1
BRDA:34,2,1,0
BRDA:70,3,0,0
BRDA:70,3,1,24
BRDA:73,4,0,24
BRDA:73,4,1,0
BRDA:80,5,0,24
BRDA:80,5,1,14
BRDA:87,6,0,8
BRDA:87,6,1,16
BRDA:112,7,0,24
BRDA:112,7,1,14
BRDA:112,7,2,12
BRDA:114,8,0,2
BRDA:114,8,1,22
BRDA:119,9,0,0
BRDA:119,9,1,24
BRDA:127,10,0,10
BRDA:127,10,1,14
BRDA:156,11,0,0
BRDA:156,11,1,0
BRDA:166,12,0,10
BRDA:166,12,1,0
BRF:27
BRH:18
end_of_record
TN:
SF:src\Components\ClientList\AddClient.js
FN:7,AddClientBtn
FN:26,ClientModal
FN:29,(anonymous_2)
FN:52,AddClientForm
FN:65,(anonymous_4)
FN:111,(anonymous_5)
FN:135,(anonymous_6)
FN:140,(anonymous_7)
FN:146,(anonymous_8)
FN:153,(anonymous_9)
FN:160,(anonymous_10)
FN:166,(anonymous_11)
FNF:12
FNH:0
FNDA:0,AddClientBtn
FNDA:0,ClientModal
FNDA:0,(anonymous_2)
FNDA:0,AddClientForm
FNDA:0,(anonymous_4)
FNDA:0,(anonymous_5)
FNDA:0,(anonymous_6)
FNDA:0,(anonymous_7)
FNDA:0,(anonymous_8)
FNDA:0,(anonymous_9)
FNDA:0,(anonymous_10)
FNDA:0,(anonymous_11)
DA:8,0
DA:27,0
DA:29,0
DA:30,0
DA:33,0
DA:34,0
DA:45,0
DA:53,0
DA:54,0
DA:55,0
DA:56,0
DA:57,0
DA:58,0
DA:60,0
DA:61,0
DA:63,0
DA:65,0
DA:66,0
DA:68,0
DA:69,0
DA:70,0
DA:71,0
DA:72,0
DA:74,0
DA:75,0
DA:76,0
DA:77,0
DA:79,0
DA:80,0
DA:81,0
DA:82,0
DA:84,0
DA:85,0
DA:86,0
DA:87,0
DA:89,0
DA:90,0
DA:91,0
DA:92,0
DA:94,0
DA:95,0
DA:96,0
DA:97,0
DA:99,0
DA:100,0
DA:101,0
DA:102,0
DA:104,0
DA:105,0
DA:106,0
DA:107,0
DA:111,0
DA:112,0
DA:113,0
DA:114,0
DA:115,0
DA:116,0
DA:117,0
DA:120,0
DA:121,0
DA:130,0
DA:135,0
DA:140,0
DA:146,0
DA:153,0
DA:160,0
DA:166,0
LF:67
LH:0
BRDA:33,0,0,0
BRDA:33,0,1,0
BRDA:69,1,0,0
BRDA:69,1,1,0
BRDA:74,2,0,0
BRDA:74,2,1,0
BRDA:79,3,0,0
BRDA:79,3,1,0
BRDA:84,4,0,0
BRDA:84,4,1,0
BRDA:89,5,0,0
BRDA:89,5,1,0
BRDA:94,6,0,0
BRDA:94,6,1,0
BRDA:99,7,0,0
BRDA:99,7,1,0
BRDA:99,8,0,0
BRDA:99,8,1,0
BRDA:104,9,0,0
BRDA:104,9,1,0
BRDA:120,10,0,0
BRDA:120,10,1,0
BRF:22
BRH:0
end_of_record
TN:
SF:src\Components\ClientList\ClientList.js
FN:12,Client
FN:40,ClientList
FN:47,(anonymous_2)
FN:50,(anonymous_3)
FN:53,(anonymous_4)
FN:61,(anonymous_5)
FN:64,(anonymous_6)
FN:69,changeSearchText
FN:71,(anonymous_8)
FN:89,(anonymous_9)
FN:101,(anonymous_10)
FN:114,WalletTopUpModal
FN:118,(anonymous_12)
FN:119,(anonymous_13)
FN:121,(anonymous_14)
FN:123,(anonymous_15)
FN:125,(anonymous_16)
FN:151,(anonymous_17)
FNF:18
FNH:0
FNDA:0,Client
FNDA:0,ClientList
FNDA:0,(anonymous_2)
FNDA:0,(anonymous_3)
FNDA:0,(anonymous_4)
FNDA:0,(anonymous_5)
FNDA:0,(anonymous_6)
FNDA:0,changeSearchText
FNDA:0,(anonymous_8)
FNDA:0,(anonymous_9)
FNDA:0,(anonymous_10)
FNDA:0,WalletTopUpModal
FNDA:0,(anonymous_12)
FNDA:0,(anonymous_13)
FNDA:0,(anonymous_14)
FNDA:0,(anonymous_15)
FNDA:0,(anonymous_16)
FNDA:0,(anonymous_17)
DA:13,0
DA:41,0
DA:42,0
DA:43,0
DA:44,0
DA:47,0
DA:48,0
DA:50,0
DA:51,0
DA:53,0
DA:54,0
DA:55,0
DA:56,0
DA:57,0
DA:62,0
DA:64,0
DA:70,0
DA:71,0
DA:72,0
DA:75,0
DA:81,0
DA:89,0
DA:102,0
DA:115,0
DA:116,0
DA:118,0
DA:119,0
DA:121,0
DA:122,0
DA:123,0
DA:124,0
DA:126,0
DA:127,0
DA:132,0
DA:151,0
LF:35
LH:0
BRDA:54,0,0,0
BRDA:54,0,1,0
BRDA:72,1,0,0
BRDA:72,1,1,0
BRDA:83,2,0,0
BRDA:83,2,1,0
BRF:6
BRH:0
end_of_record
TN:
SF:src\Components\ClientList\ModalClientOrders.js
FN:6,ModalClientOrders
FN:8,(anonymous_1)
FN:9,(anonymous_2)
FN:14,(anonymous_3)
FN:16,(anonymous_4)
FN:20,(anonymous_5)
FN:22,(anonymous_6)
FN:60,(anonymous_7)
FNF:8
FNH:0
FNDA:0,ModalClientOrders
FNDA:0,(anonymous_1)
FNDA:0,(anonymous_2)
FNDA:0,(anonymous_3)
FNDA:0,(anonymous_4)
FNDA:0,(anonymous_5)
FNDA:0,(anonymous_6)
FNDA:0,(anonymous_7)
DA:7,0
DA:8,0
DA:9,0
DA:10,0
DA:11,0
DA:12,0
DA:14,0
DA:16,0
DA:17,0
DA:18,0
DA:19,0
DA:20,0
DA:21,0
DA:23,0
DA:24,0
DA:27,0
DA:61,0
LF:17
LH:0
BRF:0
BRH:0
end_of_record
TN:
SF:src\Components\FarmerHome\FarmerHome.js
FN:21,FarmerHome
FN:41,(anonymous_1)
FN:44,(anonymous_2)
FN:50,(anonymous_3)
FN:57,(anonymous_4)
FN:60,(anonymous_5)
FN:67,(anonymous_6)
FN:71,(anonymous_7)
FN:75,(anonymous_8)
FN:96,(anonymous_9)
FN:99,(anonymous_10)
FN:134,(anonymous_11)
FN:146,(anonymous_12)
FN:162,(anonymous_13)
FN:172,(anonymous_14)
FN:180,(anonymous_15)
FN:188,ProductListItem
FN:203,(anonymous_17)
FN:220,(anonymous_18)
FN:224,(anonymous_19)
FN:226,(anonymous_20)
FN:227,(anonymous_21)
FN:242,AddProductForm
FN:261,(anonymous_23)
FN:265,(anonymous_24)
FN:269,(anonymous_25)
FN:274,(anonymous_26)
FN:277,(anonymous_27)
FN:284,(anonymous_28)
FN:288,isInt
FN:292,(anonymous_30)
FN:297,(anonymous_31)
FN:363,(anonymous_32)
FN:377,(anonymous_33)
FN:450,(anonymous_34)
FN:454,(anonymous_35)
FN:466,(anonymous_36)
FN:469,(anonymous_37)
FN:481,(anonymous_38)
FN:486,(anonymous_39)
FN:503,(anonymous_40)
FN:523,EditProductForm
FN:535,isInt
FN:539,(anonymous_43)
FN:577,(anonymous_44)
FN:596,(anonymous_45)
FN:600,(anonymous_46)
FN:604,(anonymous_47)
FN:608,(anonymous_48)
FN:625,(anonymous_49)
FNF:50
FNH:0
FNDA:0,FarmerHome
FNDA:0,(anonymous_1)
FNDA:0,(anonymous_2)
FNDA:0,(anonymous_3)
FNDA:0,(anonymous_4)
FNDA:0,(anonymous_5)
FNDA:0,(anonymous_6)
FNDA:0,(anonymous_7)
FNDA:0,(anonymous_8)
FNDA:0,(anonymous_9)
FNDA:0,(anonymous_10)
FNDA:0,(anonymous_11)
FNDA:0,(anonymous_12)
FNDA:0,(anonymous_13)
FNDA:0,(anonymous_14)
FNDA:0,(anonymous_15)
FNDA:0,ProductListItem
FNDA:0,(anonymous_17)
FNDA:0,(anonymous_18)
FNDA:0,(anonymous_19)
FNDA:0,(anonymous_20)
FNDA:0,(anonymous_21)
FNDA:0,AddProductForm
FNDA:0,(anonymous_23)
FNDA:0,(anonymous_24)
FNDA:0,(anonymous_25)
FNDA:0,(anonymous_26)
FNDA:0,(anonymous_27)
FNDA:0,(anonymous_28)
FNDA:0,isInt
FNDA:0,(anonymous_30)
FNDA:0,(anonymous_31)
FNDA:0,(anonymous_32)
FNDA:0,(anonymous_33)
FNDA:0,(anonymous_34)
FNDA:0,(anonymous_35)
FNDA:0,(anonymous_36)
FNDA:0,(anonymous_37)
FNDA:0,(anonymous_38)
FNDA:0,(anonymous_39)
FNDA:0,(anonymous_40)
FNDA:0,EditProductForm
FNDA:0,isInt
FNDA:0,(anonymous_43)
FNDA:0,(anonymous_44)
FNDA:0,(anonymous_45)
FNDA:0,(anonymous_46)
FNDA:0,(anonymous_47)
FNDA:0,(anonymous_48)
FNDA:0,(anonymous_49)
DA:23,0
DA:24,0
DA:25,0
DA:26,0
DA:27,0
DA:29,0
DA:30,0
DA:31,0
DA:32,0
DA:33,0
DA:35,0
DA:36,0
DA:37,0
DA:38,0
DA:41,0
DA:42,0
DA:44,0
DA:45,0
DA:46,0
DA:47,0
DA:48,0
DA:50,0
DA:51,0
DA:52,0
DA:53,0
DA:54,0
DA:58,0
DA:60,0
DA:61,0
DA:67,0
DA:68,0
DA:71,0
DA:72,0
DA:75,0
DA:76,0
DA:77,0
DA:78,0
DA:79,0
DA:80,0
DA:81,0
DA:84,0
DA:86,0
DA:87,0
DA:91,0
DA:96,0
DA:97,0
DA:98,0
DA:99,0
DA:103,0
DA:136,0
DA:147,0
DA:162,0
DA:172,0
DA:180,0
DA:189,0
DA:191,0
DA:204,0
DA:205,0
DA:221,0
DA:222,0
DA:225,0
DA:226,0
DA:227,0
DA:228,0
DA:243,0
DA:244,0
DA:245,0
DA:246,0
DA:247,0
DA:248,0
DA:249,0
DA:250,0
DA:251,0
DA:252,0
DA:253,0
DA:254,0
DA:255,0
DA:256,0
DA:257,0
DA:258,0
DA:261,0
DA:262,0
DA:263,0
DA:265,0
DA:266,0
DA:269,0
DA:270,0
DA:271,0
DA:275,0
DA:277,0
DA:278,0
DA:284,0
DA:285,0
DA:289,0
DA:292,0
DA:293,0
DA:294,0
DA:297,0
DA:299,0
DA:301,0
DA:303,0
DA:304,0
DA:305,0
DA:306,0
DA:308,0
DA:309,0
DA:310,0
DA:312,0
DA:313,0
DA:314,0
DA:316,0
DA:317,0
DA:318,0
DA:320,0
DA:321,0
DA:322,0
DA:325,0
DA:326,0
DA:327,0
DA:330,0
DA:331,0
DA:332,0
DA:335,0
DA:336,0
DA:337,0
DA:343,0
DA:346,0
DA:347,0
DA:349,0
DA:351,0
DA:352,0
DA:353,0
DA:354,0
DA:356,0
DA:358,0
DA:359,0
DA:364,0
DA:377,0
DA:379,0
DA:381,0
DA:383,0
DA:385,0
DA:387,0
DA:389,0
DA:391,0
DA:392,0
DA:397,0
DA:399,0
DA:400,0
DA:402,0
DA:404,0
DA:415,0
DA:450,0
DA:454,0
DA:466,0
DA:470,0
DA:481,0
DA:487,0
DA:489,0
DA:503,0
DA:524,0
DA:525,0
DA:526,0
DA:527,0
DA:528,0
DA:530,0
DA:531,0
DA:532,0
DA:533,0
DA:536,0
DA:539,0
DA:540,0
DA:542,0
DA:543,0
DA:544,0
DA:545,0
DA:547,0
DA:548,0
DA:549,0
DA:551,0
DA:552,0
DA:553,0
DA:555,0
DA:556,0
DA:557,0
DA:560,0
DA:561,0
DA:562,0
DA:565,0
DA:566,0
DA:567,0
DA:570,0
DA:571,0
DA:572,0
DA:576,0
DA:577,0
DA:578,0
DA:579,0
DA:580,0
DA:581,0
DA:586,0
DA:587,0
DA:591,0
DA:596,0
DA:600,0
DA:604,0
DA:609,0
DA:611,0
DA:625,0
LF:209
LH:0
BRDA:51,0,0,0
BRDA:51,0,1,0
BRDA:80,1,0,0
BRDA:80,1,1,0
BRDA:80,2,0,0
BRDA:80,2,1,0
BRDA:80,2,2,0
BRDA:80,2,3,0
BRDA:80,2,4,0
BRDA:80,2,5,0
BRDA:86,3,0,0
BRDA:86,3,1,0
BRDA:86,4,0,0
BRDA:86,4,1,0
BRDA:86,4,2,0
BRDA:86,4,3,0
BRDA:86,4,4,0
BRDA:143,5,0,0
BRDA:143,5,1,0
BRDA:180,6,0,0
BRDA:180,6,1,0
BRDA:201,7,0,0
BRDA:201,7,1,0
BRDA:215,8,0,0
BRDA:215,8,1,0
BRDA:270,9,0,0
BRDA:270,9,1,0
BRDA:304,10,0,0
BRDA:304,10,1,0
BRDA:308,11,0,0
BRDA:308,11,1,0
BRDA:312,12,0,0
BRDA:312,12,1,0
BRDA:316,13,0,0
BRDA:316,13,1,0
BRDA:320,14,0,0
BRDA:320,14,1,0
BRDA:325,15,0,0
BRDA:325,15,1,0
BRDA:330,16,0,0
BRDA:330,16,1,0
BRDA:330,17,0,0
BRDA:330,17,1,0
BRDA:335,18,0,0
BRDA:335,18,1,0
BRDA:335,19,0,0
BRDA:335,19,1,0
BRDA:343,20,0,0
BRDA:343,20,1,0
BRDA:353,21,0,0
BRDA:353,21,1,0
BRDA:391,22,0,0
BRDA:391,22,1,0
BRDA:397,23,0,0
BRDA:397,23,1,0
BRDA:399,24,0,0
BRDA:399,24,1,0
BRDA:420,25,0,0
BRDA:420,25,1,0
BRDA:422,26,0,0
BRDA:422,26,1,0
BRDA:543,27,0,0
BRDA:543,27,1,0
BRDA:547,28,0,0
BRDA:547,28,1,0
BRDA:551,29,0,0
BRDA:551,29,1,0
BRDA:555,30,0,0
BRDA:555,30,1,0
BRDA:560,31,0,0
BRDA:560,31,1,0
BRDA:565,32,0,0
BRDA:565,32,1,0
BRDA:565,33,0,0
BRDA:565,33,1,0
BRDA:570,34,0,0
BRDA:570,34,1,0
BRDA:570,35,0,0
BRDA:570,35,1,0
BRDA:576,36,0,0
BRDA:576,36,1,0
BRDA:579,37,0,0
BRDA:579,37,1,0
BRDA:586,38,0,0
BRDA:586,38,1,0
BRF:85
BRH:0
end_of_record
TN:
SF:src\Components\FileUpload\Message.js
FN:4,(anonymous_0)
FNF:1
FNH:0
FNDA:0,(anonymous_0)
DA:4,3
DA:5,0
DA:14,3
LF:3
LH:2
BRF:0
BRH:0
end_of_record
TN:
SF:src\Components\FileUpload\Progress.js
FN:4,(anonymous_0)
FNF:1
FNH:0
FNDA:0,(anonymous_0)
DA:4,3
DA:5,0
DA:18,3
LF:3
LH:2
BRF:0
BRH:0
end_of_record
TN:
SF:src\Components\HomePage\HomePage.js
FN:9,HomePage
FN:15,(anonymous_1)
FN:19,(anonymous_2)
FN:23,(anonymous_3)
FN:26,(anonymous_4)
FN:35,(anonymous_5)
FN:44,(anonymous_6)
FN:151,SelectionBar
FN:165,LogIn
FN:173,LogOut
FNF:10
FNH:6
FNDA:12,HomePage
FNDA:0,(anonymous_1)
FNDA:3,(anonymous_2)
FNDA:0,(anonymous_3)
FNDA:0,(anonymous_4)
FNDA:1,(anonymous_5)
FNDA:0,(anonymous_6)
FNDA:10,SelectionBar
FNDA:6,LogIn
FNDA:4,LogOut
DA:11,12
DA:12,10
DA:13,10
DA:14,10
DA:15,10
DA:16,0
DA:19,10
DA:20,3
DA:21,3
DA:22,1
DA:24,0
DA:25,0
DA:27,0
DA:28,0
DA:29,0
DA:31,0
DA:32,0
DA:36,1
DA:44,10
DA:45,0
DA:46,0
DA:48,10
DA:153,10
DA:166,6
DA:174,4
LF:25
LH:15
BRDA:21,0,0,1
BRDA:21,0,1,2
BRDA:31,1,0,0
BRDA:31,1,1,0
BRDA:50,2,0,0
BRDA:50,2,1,10
BRDA:50,3,0,10
BRDA:50,3,1,0
BRDA:67,4,0,4
BRDA:67,4,1,6
BRDA:75,5,0,4
BRDA:75,5,1,6
BRF:12
BRH:8
end_of_record
TN:
SF:src\Components\HomePage\modalWallet.js
FN:4,ModalError
FNF:1
FNH:1
FNDA:10,ModalError
DA:5,10
LF:1
LH:1
BRF:0
BRH:0
end_of_record
TN:
SF:src\Components\LoginComponents\LoginComponent.js
FN:5,LoginComponent
FN:11,(anonymous_1)
FN:37,(anonymous_2)
FN:47,(anonymous_3)
FNF:4
FNH:4
FNDA:57,LoginComponent
FNDA:1,(anonymous_1)
FNDA:16,(anonymous_2)
FNDA:8,(anonymous_3)
DA:6,57
DA:7,56
DA:8,56
DA:11,56
DA:12,1
DA:13,1
DA:14,0
DA:15,0
DA:17,1
DA:18,1
DA:20,1
DA:23,56
DA:37,16
DA:47,8
LF:14
LH:12
BRDA:13,0,0,0
BRDA:13,0,1,1
BRF:2
BRH:1
end_of_record
TN:
SF:src\Components\NavBar\NavBar.js
FN:13,NavBar
FN:15,(anonymous_1)
FN:64,(anonymous_2)
FN:77,ClientNavbar
FN:89,EmployeeNavbar
FN:100,ManagerNavbar
FN:113,FarmerNavbar
FN:124,DelivererNavbar
FN:133,ShowClock
FN:135,(anonymous_9)
FN:144,(anonymous_10)
FN:154,(anonymous_11)
FN:164,(anonymous_12)
FN:174,(anonymous_13)
FN:184,(anonymous_14)
FN:195,(anonymous_15)
FNF:16
FNH:6
FNDA:19,NavBar
FNDA:4,(anonymous_1)
FNDA:0,(anonymous_2)
FNDA:5,ClientNavbar
FNDA:0,EmployeeNavbar
FNDA:0,ManagerNavbar
FNDA:0,FarmerNavbar
FNDA:0,DelivererNavbar
FNDA:19,ShowClock
FNDA:0,(anonymous_9)
FNDA:0,(anonymous_10)
FNDA:0,(anonymous_11)
FNDA:7,(anonymous_12)
FNDA:0,(anonymous_13)
FNDA:0,(anonymous_14)
FNDA:1,(anonymous_15)
DA:9,3
DA:10,3
DA:11,3
DA:12,3
DA:15,19
DA:16,4
DA:17,0
DA:19,4
DA:20,0
DA:22,4
DA:23,4
DA:25,0
DA:26,0
DA:28,0
DA:29,0
DA:31,0
DA:34,19
DA:64,0
DA:78,5
DA:90,0
DA:101,0
DA:114,0
DA:125,0
DA:135,19
DA:136,0
DA:137,0
DA:139,0
DA:140,0
DA:141,0
DA:142,0
DA:144,19
DA:145,0
DA:146,0
DA:148,0
DA:149,0
DA:151,0
DA:152,0
DA:154,19
DA:155,0
DA:156,0
DA:158,0
DA:159,0
DA:161,0
DA:162,0
DA:164,19
DA:165,7
DA:166,0
DA:168,7
DA:169,7
DA:171,7
DA:172,7
DA:174,19
DA:175,0
DA:176,0
DA:178,0
DA:179,0
DA:181,0
DA:182,0
DA:184,19
DA:185,0
DA:186,0
DA:188,0
DA:189,0
DA:191,0
DA:192,0
DA:195,19
DA:196,1
DA:197,1
DA:198,1
DA:201,19
LF:70
LH:27
BRDA:16,0,0,0
BRDA:16,0,1,4
BRDA:19,1,0,0
BRDA:19,1,1,4
BRDA:22,2,0,4
BRDA:22,2,1,0
BRDA:25,3,0,0
BRDA:25,3,1,0
BRDA:28,4,0,0
BRDA:28,4,1,0
BRDA:61,5,0,19
BRDA:61,5,1,4
BRDA:61,5,2,4
BRDA:63,6,0,4
BRDA:63,6,1,12
BRDA:136,7,0,0
BRDA:136,7,1,0
BRDA:145,8,0,0
BRDA:145,8,1,0
BRDA:155,9,0,0
BRDA:155,9,1,0
BRDA:165,10,0,0
BRDA:165,10,1,7
BRDA:175,11,0,0
BRDA:175,11,1,0
BRDA:185,12,0,0
BRDA:185,12,1,0
BRF:27
BRH:9
end_of_record
TN:
SF:src\Components\NavBar\clock.js
FN:2,showTime
FN:22,datePadding
FN:27,formatDateWithTime
FN:34,formatDateWithoutSeconds
FN:41,formatDate
FN:47,dayOfWeek
FN:53,formatDateEuropean
FNF:7
FNH:6
FNDA:13,showTime
FNDA:200,datePadding
FNDA:13,formatDateWithTime
FNDA:1,formatDateWithoutSeconds
FNDA:13,formatDate
FNDA:13,dayOfWeek
FNDA:0,formatDateEuropean
DA:4,13
DA:5,13
DA:6,13
DA:7,13
DA:9,13
DA:10,13
DA:11,13
DA:12,13
DA:13,13
DA:14,13
DA:15,13
DA:17,13
DA:18,13
DA:19,13
DA:23,200
DA:24,200
DA:28,13
DA:29,13
DA:31,13
DA:35,1
DA:36,1
DA:38,1
DA:42,13
DA:44,13
DA:48,13
DA:49,13
DA:54,0
DA:55,0
DA:56,0
DA:57,0
DA:58,0
DA:59,0
DA:60,0
LF:33
LH:26
BRDA:24,0,0,29
BRDA:24,0,1,171
BRF:2
BRH:2
end_of_record
TN:
SF:src\Components\Notifications\Notifications.js
FN:24,Notifications
FN:31,(anonymous_1)
FN:32,(anonymous_2)
FN:34,(anonymous_3)
FN:37,(anonymous_4)
FN:42,(anonymous_5)
FN:50,notificationsLabel
FN:60,(anonymous_7)
FN:62,(anonymous_8)
FN:63,(anonymous_9)
FN:66,(anonymous_10)
FN:67,(anonymous_11)
FN:69,(anonymous_12)
FN:100,(anonymous_13)
FN:105,(anonymous_14)
FN:115,(anonymous_15)
FNF:16
FNH:6
FNDA:10,Notifications
FNDA:0,(anonymous_1)
FNDA:0,(anonymous_2)
FNDA:3,(anonymous_3)
FNDA:1,(anonymous_4)
FNDA:1,(anonymous_5)
FNDA:4,notificationsLabel
FNDA:0,(anonymous_7)
FNDA:0,(anonymous_8)
FNDA:0,(anonymous_9)
FNDA:0,(anonymous_10)
FNDA:0,(anonymous_11)
FNDA:0,(anonymous_12)
FNDA:0,(anonymous_13)
FNDA:20,(anonymous_14)
FNDA:0,(anonymous_15)
DA:13,3
DA:26,10
DA:27,10
DA:28,10
DA:29,10
DA:31,10
DA:32,10
DA:34,10
DA:36,3
DA:37,2
DA:38,1
DA:39,1
DA:40,1
DA:43,1
DA:51,4
DA:52,0
DA:54,4
DA:55,0
DA:57,4
DA:60,10
DA:61,0
DA:62,0
DA:63,0
DA:66,10
DA:67,0
DA:68,0
DA:69,0
DA:71,0
DA:74,10
DA:100,0
DA:107,20
DA:115,0
LF:32
LH:21
BRDA:36,0,0,2
BRDA:36,0,1,1
BRDA:51,1,0,0
BRDA:51,1,1,4
BRDA:54,2,0,0
BRDA:54,2,1,4
BRDA:76,3,0,4
BRDA:76,3,1,6
BRDA:103,4,0,4
BRDA:103,4,1,6
BRF:10
BRH:8
end_of_record
TN:
SF:src\Components\OrderList\MyOrderList.js
FN:8,MyOrderList
FN:17,updateBooking
FN:21,deleteBooking
FN:23,(anonymous_3)
FN:27,(anonymous_4)
FN:33,(anonymous_5)
FN:46,(anonymous_6)
FN:49,(anonymous_7)
FN:53,(anonymous_8)
FN:57,(anonymous_9)
FN:65,(anonymous_10)
FN:71,(anonymous_11)
FN:94,(anonymous_12)
FN:131,MyOrder
FN:144,(anonymous_14)
FN:146,(anonymous_15)
FNF:16
FNH:0
FNDA:0,MyOrderList
FNDA:0,updateBooking
FNDA:0,deleteBooking
FNDA:0,(anonymous_3)
FNDA:0,(anonymous_4)
FNDA:0,(anonymous_5)
FNDA:0,(anonymous_6)
FNDA:0,(anonymous_7)
FNDA:0,(anonymous_8)
FNDA:0,(anonymous_9)
FNDA:0,(anonymous_10)
FNDA:0,(anonymous_11)
FNDA:0,(anonymous_12)
FNDA:0,MyOrder
FNDA:0,(anonymous_14)
FNDA:0,(anonymous_15)
DA:10,0
DA:11,0
DA:12,0
DA:14,0
DA:22,0
DA:24,0
DA:29,0
DA:33,0
DA:34,0
DA:35,0
DA:36,0
DA:37,0
DA:38,0
DA:41,0
DA:46,0
DA:47,0
DA:48,0
DA:49,0
DA:53,0
DA:57,0
DA:58,0
DA:59,0
DA:60,0
DA:61,0
DA:65,0
DA:66,0
DA:67,0
DA:72,0
DA:79,0
DA:95,0
DA:97,0
DA:98,0
DA:100,0
DA:101,0
DA:103,0
DA:104,0
DA:106,0
DA:107,0
DA:109,0
DA:110,0
DA:112,0
DA:135,0
DA:144,0
DA:146,0
LF:44
LH:0
BRDA:37,0,0,0
BRDA:37,0,1,0
BRDA:37,1,0,0
BRDA:37,1,1,0
BRDA:37,1,2,0
BRDA:37,1,3,0
BRDA:58,2,0,0
BRDA:58,2,1,0
BRDA:58,3,0,0
BRDA:58,3,1,0
BRDA:66,4,0,0
BRDA:66,4,1,0
BRDA:66,5,0,0
BRDA:66,5,1,0
BRDA:95,6,0,0
BRDA:95,6,1,0
BRDA:95,6,2,0
BRDA:95,6,3,0
BRDA:95,6,4,0
BRDA:142,7,0,0
BRDA:142,7,1,0
BRDA:145,8,0,0
BRDA:145,8,1,0
BRF:23
BRH:0
end_of_record
TN:
SF:src\Components\OrderList\Order.js
FN:6,Order
FN:11,(anonymous_1)
FN:22,(anonymous_2)
FN:25,(anonymous_3)
FN:44,(anonymous_4)
FNF:5
FNH:0
FNDA:0,Order
FNDA:0,(anonymous_1)
FNDA:0,(anonymous_2)
FNDA:0,(anonymous_3)
FNDA:0,(anonymous_4)
DA:8,0
DA:9,0
DA:11,0
DA:12,0
DA:13,0
DA:14,0
DA:15,0
DA:16,0
DA:17,0
DA:19,0
DA:22,0
DA:23,0
DA:24,0
DA:25,0
DA:28,0
DA:44,0
LF:16
LH:0
BRDA:16,0,0,0
BRDA:16,0,1,0
BRDA:16,1,0,0
BRDA:16,1,1,0
BRDA:16,1,2,0
BRDA:16,1,3,0
BRDA:36,2,0,0
BRDA:36,2,1,0
BRDA:40,3,0,0
BRDA:40,3,1,0
BRDA:44,4,0,0
BRDA:44,4,1,0
BRF:12
BRH:0
end_of_record
TN:
SF:src\Components\OrderList\OrderList.js
FN:12,Order
FN:19,(anonymous_1)
FN:29,(anonymous_2)
FN:43,(anonymous_3)
FN:46,(anonymous_4)
FN:49,(anonymous_5)
FN:52,(anonymous_6)
FN:69,(anonymous_7)
FN:87,OrderList
FN:96,(anonymous_9)
FN:98,(anonymous_10)
FN:100,(anonymous_11)
FN:114,(anonymous_12)
FN:115,(anonymous_13)
FN:118,(anonymous_14)
FN:125,changeSearchText
FN:127,(anonymous_16)
FN:138,(anonymous_17)
FN:139,(anonymous_18)
FN:155,(anonymous_19)
FN:166,ContactUser
FN:169,(anonymous_21)
FN:170,(anonymous_22)
FN:200,DeleteOrder
FN:204,(anonymous_24)
FN:205,(anonymous_25)
FN:207,(anonymous_26)
FN:208,(anonymous_27)
FN:211,(anonymous_28)
FN:234,(anonymous_29)
FNF:30
FNH:0
FNDA:0,Order
FNDA:0,(anonymous_1)
FNDA:0,(anonymous_2)
FNDA:0,(anonymous_3)
FNDA:0,(anonymous_4)
FNDA:0,(anonymous_5)
FNDA:0,(anonymous_6)
FNDA:0,(anonymous_7)
FNDA:0,OrderList
FNDA:0,(anonymous_9)
FNDA:0,(anonymous_10)
FNDA:0,(anonymous_11)
FNDA:0,(anonymous_12)
FNDA:0,(anonymous_13)
FNDA:0,(anonymous_14)
FNDA:0,changeSearchText
FNDA:0,(anonymous_16)
FNDA:0,(anonymous_17)
FNDA:0,(anonymous_18)
FNDA:0,(anonymous_19)
FNDA:0,ContactUser
FNDA:0,(anonymous_21)
FNDA:0,(anonymous_22)
FNDA:0,DeleteOrder
FNDA:0,(anonymous_24)
FNDA:0,(anonymous_25)
FNDA:0,(anonymous_26)
FNDA:0,(anonymous_27)
FNDA:0,(anonymous_28)
FNDA:0,(anonymous_29)
DA:14,0
DA:15,0
DA:16,0
DA:17,0
DA:19,0
DA:20,0
DA:21,0
DA:22,0
DA:23,0
DA:24,0
DA:26,0
DA:29,0
DA:30,0
DA:32,0
DA:34,0
DA:35,0
DA:36,0
DA:38,0
DA:39,0
DA:40,0
DA:41,0
DA:43,0
DA:44,0
DA:46,0
DA:49,0
DA:50,0
DA:51,0
DA:52,0
DA:55,0
DA:69,0
DA:89,0
DA:90,0
DA:91,0
DA:93,0
DA:94,0
DA:96,0
DA:98,0
DA:100,0
DA:102,0
DA:103,0
DA:104,0
DA:105,0
DA:106,0
DA:107,0
DA:108,0
DA:109,0
DA:110,0
DA:111,0
DA:114,0
DA:115,0
DA:119,0
DA:120,0
DA:126,0
DA:127,0
DA:128,0
DA:129,0
DA:130,0
DA:133,0
DA:136,0
DA:138,0
DA:139,0
DA:156,0
DA:167,0
DA:169,0
DA:170,0
DA:172,0
DA:201,0
DA:202,0
DA:204,0
DA:205,0
DA:207,0
DA:208,0
DA:209,0
DA:210,0
DA:212,0
DA:216,0
DA:234,0
LF:77
LH:0
BRDA:23,0,0,0
BRDA:23,0,1,0
BRDA:23,1,0,0
BRDA:23,1,1,0
BRDA:23,1,2,0
BRDA:23,1,3,0
BRDA:32,2,0,0
BRDA:32,2,1,0
BRDA:32,2,2,0
BRDA:62,3,0,0
BRDA:62,3,1,0
BRDA:65,4,0,0
BRDA:65,4,1,0
BRDA:70,5,0,0
BRDA:70,5,1,0
BRDA:78,6,0,0
BRDA:78,6,1,0
BRDA:102,7,0,0
BRDA:102,7,1,0
BRDA:102,7,2,0
BRDA:102,7,3,0
BRDA:102,7,4,0
BRDA:130,8,0,0
BRDA:130,8,1,0
BRDA:130,9,0,0
BRDA:130,9,1,0
BRDA:138,10,0,0
BRDA:138,10,1,0
BRF:28
BRH:0
end_of_record
TN:
SF:src\Components\ProductList\ProductList.js
FN:12,ProductList
FN:32,changeSearchText
FN:34,(anonymous_2)
FN:41,(anonymous_3)
FN:59,(anonymous_4)
FN:73,(anonymous_5)
FN:76,(anonymous_6)
FN:79,setProductsLoaded
FN:80,(anonymous_8)
FN:81,(anonymous_9)
FN:86,(anonymous_10)
FN:92,(anonymous_11)
FN:95,(anonymous_12)
FN:99,(anonymous_13)
FN:105,(anonymous_14)
FN:112,(anonymous_15)
FN:129,(anonymous_16)
FN:138,(anonymous_17)
FN:152,(anonymous_18)
FN:160,(anonymous_19)
FN:168,ConfirmForSucessPage
FN:171,(anonymous_21)
FN:176,(anonymous_22)
FN:182,addProductToCart
FN:183,(anonymous_24)
FN:186,(anonymous_25)
FN:186,(anonymous_26)
FN:194,(anonymous_27)
FN:200,(anonymous_28)
FN:201,(anonymous_29)
FN:201,(anonymous_30)
FN:205,(anonymous_31)
FN:207,(anonymous_32)
FN:212,(anonymous_33)
FN:212,(anonymous_34)
FN:221,(anonymous_35)
FN:221,(anonymous_36)
FN:228,(anonymous_37)
FN:233,(anonymous_38)
FN:233,(anonymous_39)
FN:238,(anonymous_40)
FN:242,(anonymous_41)
FN:256,(anonymous_42)
FN:266,(anonymous_43)
FN:270,(anonymous_44)
FN:271,(anonymous_45)
FN:288,Product
FN:292,(anonymous_47)
FN:295,(anonymous_48)
FN:304,(anonymous_49)
FN:334,(anonymous_50)
FN:335,(anonymous_51)
FN:339,(anonymous_52)
FN:345,(anonymous_53)
FNF:54
FNH:26
FNDA:59,ProductList
FNDA:0,changeSearchText
FNDA:0,(anonymous_2)
FNDA:5,(anonymous_3)
FNDA:1,(anonymous_4)
FNDA:1,(anonymous_5)
FNDA:0,(anonymous_6)
FNDA:3,setProductsLoaded
FNDA:3,(anonymous_8)
FNDA:3,(anonymous_9)
FNDA:3,(anonymous_10)
FNDA:3,(anonymous_11)
FNDA:1,(anonymous_12)
FNDA:0,(anonymous_13)
FNDA:0,(anonymous_14)
FNDA:5,(anonymous_15)
FNDA:1,(anonymous_16)
FNDA:1,(anonymous_17)
FNDA:1,(anonymous_18)
FNDA:0,(anonymous_19)
FNDA:1,ConfirmForSucessPage
FNDA:0,(anonymous_21)
FNDA:0,(anonymous_22)
FNDA:1,addProductToCart
FNDA:0,(anonymous_24)
FNDA:0,(anonymous_25)
FNDA:0,(anonymous_26)
FNDA:1,(anonymous_27)
FNDA:0,(anonymous_28)
FNDA:0,(anonymous_29)
FNDA:0,(anonymous_30)
FNDA:0,(anonymous_31)
FNDA:0,(anonymous_32)
FNDA:0,(anonymous_33)
FNDA:0,(anonymous_34)
FNDA:0,(anonymous_35)
FNDA:0,(anonymous_36)
FNDA:0,(anonymous_37)
FNDA:0,(anonymous_38)
FNDA:0,(anonymous_39)
FNDA:0,(anonymous_40)
FNDA:1,(anonymous_41)
FNDA:0,(anonymous_42)
FNDA:48,(anonymous_43)
FNDA:36,(anonymous_44)
FNDA:12,(anonymous_45)
FNDA:38,Product
FNDA:1,(anonymous_47)
FNDA:0,(anonymous_48)
FNDA:1,(anonymous_49)
FNDA:0,(anonymous_50)
FNDA:0,(anonymous_51)
FNDA:1,(anonymous_52)
FNDA:1,(anonymous_53)
DA:13,59
DA:14,58
DA:16,58
DA:17,58
DA:18,58
DA:19,58
DA:20,58
DA:21,58
DA:22,58
DA:23,58
DA:24,58
DA:25,58
DA:26,58
DA:27,58
DA:28,58
DA:29,58
DA:30,58
DA:33,0
DA:34,0
DA:35,0
DA:38,0
DA:41,58
DA:42,5
DA:43,5
DA:44,5
DA:45,5
DA:46,5
DA:47,3
DA:50,2
DA:51,2
DA:52,2
DA:53,2
DA:59,58
DA:60,1
DA:61,1
DA:62,0
DA:65,1
DA:69,0
DA:73,58
DA:74,1
DA:75,1
DA:76,1
DA:80,3
DA:81,3
DA:82,3
DA:83,3
DA:86,58
DA:91,3
DA:92,3
DA:93,3
DA:94,3
DA:95,1
DA:96,1
DA:97,1
DA:98,1
DA:100,0
DA:101,0
DA:106,0
DA:107,0
DA:112,58
DA:113,5
DA:114,2
DA:115,2
DA:117,2
DA:118,2
DA:119,2
DA:120,2
DA:124,2
DA:125,2
DA:129,58
DA:131,1
DA:138,1
DA:145,1
DA:146,1
DA:148,0
DA:151,1
DA:153,1
DA:154,0
DA:155,0
DA:158,1
DA:161,0
DA:169,1
DA:170,1
DA:172,0
DA:173,0
DA:174,0
DA:175,0
DA:177,0
DA:178,0
DA:183,1
DA:185,1
DA:186,0
DA:194,1
DA:197,1
DA:200,58
DA:201,0
DA:202,0
DA:205,58
DA:206,0
DA:207,0
DA:208,0
DA:209,0
DA:212,0
DA:216,0
DA:217,0
DA:218,0
DA:221,0
DA:225,0
DA:228,58
DA:229,0
DA:230,0
DA:233,0
DA:238,58
DA:239,0
DA:242,58
DA:243,1
DA:244,0
DA:247,1
DA:249,1
DA:252,58
DA:256,0
DA:268,48
DA:270,36
DA:271,12
DA:290,38
DA:292,38
DA:293,1
DA:295,38
DA:296,0
DA:297,0
DA:298,0
DA:301,0
DA:304,38
DA:305,1
DA:306,1
DA:311,38
DA:334,0
DA:335,0
DA:339,1
DA:345,1
LF:140
LH:95
BRDA:35,0,0,0
BRDA:35,0,1,0
BRDA:46,1,0,3
BRDA:46,1,1,2
BRDA:46,2,0,5
BRDA:46,2,1,0
BRDA:46,2,2,5
BRDA:46,2,3,3
BRDA:51,3,0,2
BRDA:51,3,1,0
BRDA:60,4,0,1
BRDA:60,4,1,0
BRDA:60,5,0,1
BRDA:60,5,1,1
BRDA:61,6,0,0
BRDA:61,6,1,1
BRDA:61,7,0,1
BRDA:61,7,1,0
BRDA:94,8,0,1
BRDA:94,8,1,2
BRDA:113,9,0,2
BRDA:113,9,1,3
BRDA:117,10,0,2
BRDA:117,10,1,0
BRDA:132,11,0,0
BRDA:132,11,1,1
BRDA:132,12,0,1
BRDA:132,12,1,0
BRDA:145,13,0,1
BRDA:145,13,1,0
BRDA:153,14,0,0
BRDA:153,14,1,1
BRDA:183,15,0,0
BRDA:183,15,1,1
BRDA:185,16,0,0
BRDA:185,16,1,1
BRDA:186,17,0,0
BRDA:186,17,1,0
BRDA:188,18,0,0
BRDA:188,18,1,0
BRDA:206,19,0,0
BRDA:206,19,1,0
BRDA:208,20,0,0
BRDA:208,20,1,0
BRDA:212,21,0,0
BRDA:212,21,1,0
BRDA:217,22,0,0
BRDA:217,22,1,0
BRDA:221,23,0,0
BRDA:221,23,1,0
BRDA:222,24,0,0
BRDA:222,24,1,0
BRDA:229,25,0,0
BRDA:229,25,1,0
BRDA:233,26,0,0
BRDA:233,26,1,0
BRDA:243,27,0,0
BRDA:243,27,1,1
BRDA:254,28,0,58
BRDA:254,28,1,0
BRDA:263,29,0,24
BRDA:263,29,1,34
BRDA:268,30,0,48
BRDA:268,30,1,48
BRDA:270,31,0,36
BRDA:270,31,1,12
BRDA:279,32,0,22
BRDA:279,32,1,36
BRDA:279,33,0,58
BRDA:279,33,1,22
BRDA:282,34,0,22
BRDA:282,34,1,0
BRDA:297,35,0,0
BRDA:297,35,1,0
BRDA:331,36,0,38
BRDA:331,36,1,0
BRDA:335,37,0,0
BRDA:335,37,1,0
BRDA:341,38,0,0
BRDA:341,38,1,38
BRF:80
BRH:37
end_of_record
TN:
SF:src\Components\SideBar\SideBar.js
FN:5,SideBar
FN:18,(anonymous_1)
FN:21,(anonymous_2)
FN:22,(anonymous_3)
FNF:4
FNH:2
FNDA:48,SideBar
FNDA:0,(anonymous_1)
FNDA:216,(anonymous_2)
FNDA:0,(anonymous_3)
DA:7,48
DA:18,0
DA:22,216
LF:3
LH:2
BRDA:14,0,0,12
BRDA:14,0,1,36
BRF:2
BRH:2
end_of_record
TN:
SF:src\Components\SuccessPage\OrderSuccess.js
FN:9,OrderSuccess
FN:46,(anonymous_1)
FN:68,Product
FNF:3
FNH:0
FNDA:0,OrderSuccess
FNDA:0,(anonymous_1)
FNDA:0,Product
DA:10,0
DA:11,0
DA:12,0
DA:14,0
DA:47,0
DA:69,0
LF:6
LH:0
BRDA:12,0,0,0
BRDA:12,0,1,0
BRDA:12,0,2,0
BRDA:12,0,3,0
BRDA:16,1,0,0
BRDA:16,1,1,0
BRDA:19,2,0,0
BRDA:19,2,1,0
BRDA:20,3,0,0
BRDA:20,3,1,0
BRDA:28,4,0,0
BRDA:28,4,1,0
BRDA:29,5,0,0
BRDA:29,5,1,0
BRDA:41,6,0,0
BRDA:41,6,1,0
BRDA:46,7,0,0
BRDA:46,7,1,0
BRDA:50,8,0,0
BRDA:50,8,1,0
BRDA:50,8,2,0
BRDA:59,9,0,0
BRDA:59,9,1,0
BRF:23
BRH:0
end_of_record
TN:
SF:src\Components\WareHouseHome\WareHouseHome.js
FN:7,WareHouseHome
FN:16,(anonymous_1)
FN:19,(anonymous_2)
FN:25,(anonymous_3)
FN:33,(anonymous_4)
FN:40,changeSearchText
FN:42,(anonymous_6)
FN:50,updateProductState
FN:53,(anonymous_8)
FN:57,(anonymous_9)
FN:67,(anonymous_10)
FN:77,(anonymous_11)
FN:93,RowData
FN:106,(anonymous_13)
FNF:14
FNH:0
FNDA:0,WareHouseHome
FNDA:0,(anonymous_1)
FNDA:0,(anonymous_2)
FNDA:0,(anonymous_3)
FNDA:0,(anonymous_4)
FNDA:0,changeSearchText
FNDA:0,(anonymous_6)
FNDA:0,updateProductState
FNDA:0,(anonymous_8)
FNDA:0,(anonymous_9)
FNDA:0,(anonymous_10)
FNDA:0,(anonymous_11)
FNDA:0,RowData
FNDA:0,(anonymous_13)
DA:10,0
DA:11,0
DA:12,0
DA:16,0
DA:19,0
DA:20,0
DA:22,0
DA:23,0
DA:25,0
DA:26,0
DA:28,0
DA:34,0
DA:41,0
DA:42,0
DA:43,0
DA:46,0
DA:52,0
DA:54,0
DA:59,0
DA:65,0
DA:67,0
DA:78,0
DA:94,0
DA:95,0
DA:106,0
LF:25
LH:0
BRDA:26,0,0,0
BRDA:26,0,1,0
BRDA:43,1,0,0
BRDA:43,1,1,0
BRF:4
BRH:0
end_of_record
TN:
SF:src\api\booking-api.js
FN:7,getOrders
FN:18,addBooking
FN:19,(anonymous_2)
FN:36,(anonymous_3)
FN:42,(anonymous_4)
FN:43,(anonymous_5)
FN:45,(anonymous_6)
FN:49,updateBookingState
FN:50,(anonymous_8)
FN:57,(anonymous_9)
FN:63,(anonymous_10)
FN:64,(anonymous_11)
FN:66,(anonymous_12)
FN:70,getWalletBalance
FN:83,confirmBookingProduct
FN:94,getOrdersByUserId
FN:106,getProductsFromBooking
FN:117,deleteBooking
FN:126,updateBooking
FNF:19
FNH:3
FNDA:0,getOrders
FNDA:1,addBooking
FNDA:1,(anonymous_2)
FNDA:0,(anonymous_3)
FNDA:0,(anonymous_4)
FNDA:0,(anonymous_5)
FNDA:0,(anonymous_6)
FNDA:0,updateBookingState
FNDA:0,(anonymous_8)
FNDA:0,(anonymous_9)
FNDA:0,(anonymous_10)
FNDA:0,(anonymous_11)
FNDA:0,(anonymous_12)
FNDA:1,getWalletBalance
FNDA:0,confirmBookingProduct
FNDA:0,getOrdersByUserId
FNDA:0,getProductsFromBooking
FNDA:0,deleteBooking
FNDA:0,updateBooking
DA:5,3
DA:9,0
DA:10,0
DA:11,0
DA:12,0
DA:14,0
DA:19,1
DA:20,1
DA:29,1
DA:30,1
DA:37,0
DA:38,0
DA:41,0
DA:42,0
DA:43,0
DA:45,0
DA:50,0
DA:51,0
DA:58,0
DA:59,0
DA:62,0
DA:63,0
DA:64,0
DA:66,0
DA:71,1
DA:73,1
DA:74,1
DA:75,1
DA:76,1
DA:78,0
DA:85,0
DA:86,0
DA:87,0
DA:88,0
DA:90,0
DA:96,0
DA:97,0
DA:98,0
DA:99,0
DA:101,0
DA:108,0
DA:109,0
DA:110,0
DA:111,0
DA:113,0
DA:118,0
DA:121,0
DA:122,0
DA:123,0
DA:127,0
DA:138,3
LF:51
LH:11
BRDA:11,0,0,0
BRDA:11,0,1,0
BRDA:37,1,0,0
BRDA:37,1,1,0
BRDA:58,2,0,0
BRDA:58,2,1,0
BRDA:75,3,0,1
BRDA:75,3,1,0
BRDA:87,4,0,0
BRDA:87,4,1,0
BRDA:98,5,0,0
BRDA:98,5,1,0
BRDA:110,6,0,0
BRDA:110,6,1,0
BRDA:121,7,0,0
BRDA:121,7,1,0
BRF:16
BRH:1
end_of_record
TN:
SF:src\api\product-api.js
FN:7,getProductsByType
FN:25,getProducts
FN:36,getProductTypes
FNF:3
FNH:2
FNDA:3,getProductsByType
FNDA:0,getProducts
FNDA:1,getProductTypes
DA:5,3
DA:10,3
DA:11,0
DA:14,3
DA:16,3
DA:17,3
DA:18,3
DA:20,0
DA:27,0
DA:28,0
DA:29,0
DA:30,0
DA:32,0
DA:38,1
DA:39,1
DA:40,1
DA:41,1
DA:43,0
DA:47,3
LF:19
LH:11
BRDA:10,0,0,0
BRDA:10,0,1,3
BRDA:17,1,0,3
BRDA:17,1,1,0
BRDA:29,2,0,0
BRDA:29,2,1,0
BRDA:40,3,0,1
BRDA:40,3,1,0
BRF:8
BRH:3
end_of_record
TN:
SF:src\api\user-api.js
FN:4,getRequiredCharge
FN:16,getWalletBalance
FN:27,getUserById
FN:38,getRequiredChargeByBookingId
FN:51,chargeWallet
FN:52,(anonymous_5)
FN:55,(anonymous_6)
FN:61,(anonymous_7)
FN:62,(anonymous_8)
FN:64,(anonymous_9)
FN:68,getNotifications
FNF:11
FNH:2
FNDA:1,getRequiredCharge
FNDA:0,getWalletBalance
FNDA:0,getUserById
FNDA:0,getRequiredChargeByBookingId
FNDA:0,chargeWallet
FNDA:0,(anonymous_5)
FNDA:0,(anonymous_6)
FNDA:0,(anonymous_7)
FNDA:0,(anonymous_8)
FNDA:0,(anonymous_9)
FNDA:2,getNotifications
DA:2,3
DA:6,1
DA:7,0
DA:8,0
DA:9,0
DA:11,0
DA:18,0
DA:19,0
DA:20,0
DA:21,0
DA:23,0
DA:29,0
DA:30,0
DA:31,0
DA:32,0
DA:34,0
DA:40,0
DA:41,0
DA:42,0
DA:43,0
DA:44,0
DA:45,0
DA:47,0
DA:52,0
DA:53,0
DA:56,0
DA:57,0
DA:60,0
DA:61,0
DA:62,0
DA:64,0
DA:69,2
DA:70,1
DA:71,1
DA:72,1
DA:73,1
DA:76,0
DA:81,3
LF:38
LH:8
BRDA:8,0,0,0
BRDA:8,0,1,0
BRDA:20,1,0,0
BRDA:20,1,1,0
BRDA:31,2,0,0
BRDA:31,2,1,0
BRDA:42,3,0,0
BRDA:42,3,1,0
BRDA:56,4,0,0
BRDA:56,4,1,0
BRDA:71,5,0,1
BRDA:71,5,1,0
BRF:12
BRH:1
end_of_record
